#
# There is insufficient memory for the Java Runtime Environment to continue.
# Native memory allocation (malloc) failed to allocate 356064 bytes. Error detail: Chunk::new
# Possible reasons:
#   The system is out of physical RAM or swap space
#   This process is running with CompressedOops enabled, and the Java Heap may be blocking the growth of the native heap
# Possible solutions:
#   Reduce memory load on the system
#   Increase physical memory or swap space
#   Check if swap backing store is full
#   Decrease Java heap size (-Xmx/-Xms)
#   Decrease number of Java threads
#   Decrease Java thread stack sizes (-Xss)
#   Set larger code cache with -XX:ReservedCodeCacheSize=
#   JVM is running with Unscaled Compressed Oops mode in which the Java heap is
#     placed in the first 4GB address space. The Java Heap base address is the
#     maximum limit for the native heap growth. Please use -XX:HeapBaseMinAddress
#     to set the Java Heap base and to place the Java Heap above 4GB virtual address.
# This output file may be truncated or incomplete.
#
#  Out of Memory Error (arena.cpp:168), pid=5888, tid=17284
#
# JRE version: OpenJDK Runtime Environment Temurin-21.0.8+9 (21.0.8+9) (build 21.0.8+9-LTS)
# Java VM: OpenJDK 64-Bit Server VM Temurin-21.0.8+9 (21.0.8+9-LTS, mixed mode, sharing, tiered, compressed oops, compressed class ptrs, parallel gc, windows-amd64)
# No core dump will be written. Minidumps are not enabled by default on client versions of Windows
#

---------------  S U M M A R Y ------------

Command Line: --add-modules=ALL-SYSTEM --add-opens=java.base/java.util=ALL-UNNAMED --add-opens=java.base/java.lang=ALL-UNNAMED --add-opens=java.base/sun.nio.fs=ALL-UNNAMED -Declipse.application=org.eclipse.jdt.ls.core.id1 -Dosgi.bundles.defaultStartLevel=4 -Declipse.product=org.eclipse.jdt.ls.core.product -Djava.import.generatesMetadataFilesAtProjectRoot=false -DDetectVMInstallationsJob.disabled=true -Dfile.encoding=utf8 -XX:+UseParallelGC -XX:GCTimeRatio=4 -XX:AdaptiveSizePolicyWeight=90 -Dsun.zip.disableMemoryMapping=true -Xmx2G -Xms100m -Xlog:disable -javaagent:c:\Users\ADMIN\.vscode\extensions\redhat.java-1.45.0-win32-x64\lombok\lombok-1.18.39-4050.jar -XX:+HeapDumpOnOutOfMemoryError -XX:HeapDumpPath=c:\Users\ADMIN\AppData\Roaming\Code\User\workspaceStorage\5b60343a8681c96c8985cc75f6cf486d\redhat.java -Daether.dependencyCollector.impl=bf c:\Users\ADMIN\.vscode\extensions\redhat.java-1.45.0-win32-x64\server\plugins\org.eclipse.equinox.launcher_1.7.0.v20250519-0528.jar -configuration c:\Users\ADMIN\AppData\Roaming\Code\User\globalStorage\redhat.java\1.45.0\config_win -data c:\Users\ADMIN\AppData\Roaming\Code\User\workspaceStorage\5b60343a8681c96c8985cc75f6cf486d\redhat.java\jdt_ws --pipe=\\.\pipe\lsp-798d9d7623fe82e1bdfa86bcde073274-sock

Host: AMD Ryzen 5 5500U with Radeon Graphics         , 12 cores, 7G,  Windows 11 , 64 bit Build 22621 (10.0.22621.457)
Time: Mon Sep 29 14:38:52 2025 SE Asia Standard Time elapsed time: 2.749848 seconds (0d 0h 0m 2s)

---------------  T H R E A D  ---------------

Current thread (0x000001f26f41bb90):  JavaThread "C2 CompilerThread1" daemon [_thread_in_native, id=17284, stack(0x0000002196400000,0x0000002196500000) (1024K)]


Current CompileTask:
C2:2749 1799       4       java.io.WinNTFileSystem::normalize (143 bytes)

Stack: [0x0000002196400000,0x0000002196500000]
Native frames: (J=compiled Java code, j=interpreted, Vv=VM code, C=native code)
V  [jvm.dll+0x6d2449]
V  [jvm.dll+0x8ae341]
V  [jvm.dll+0x8b08be]
V  [jvm.dll+0x8b0fa3]
V  [jvm.dll+0x280c96]
V  [jvm.dll+0xc581d]
V  [jvm.dll+0xc5d53]
V  [jvm.dll+0x3b919c]
V  [jvm.dll+0x385315]
V  [jvm.dll+0x38477a]
V  [jvm.dll+0x248ed0]
V  [jvm.dll+0x2484af]
V  [jvm.dll+0x1c89ee]
V  [jvm.dll+0x257d4d]
V  [jvm.dll+0x2562ea]
V  [jvm.dll+0x3f2d16]
V  [jvm.dll+0x857e6b]
V  [jvm.dll+0x6d0b0d]
C  [ucrtbase.dll+0x29363]
C  [KERNEL32.DLL+0x1244d]
C  [ntdll.dll+0x5df78]


---------------  P R O C E S S  ---------------

Threads class SMR info:
_java_thread_list=0x000001f26f83ff90, length=13, elements={
0x000001f2111e9dd0, 0x000001f227c8cba0, 0x000001f227c8e1e0, 0x000001f26abb4420,
0x000001f26abb4f70, 0x000001f26abb8720, 0x000001f26abba9c0, 0x000001f26abc0430,
0x000001f26abc1e00, 0x000001f26acab640, 0x000001f26af506c0, 0x000001f26f41bb90,
0x000001f26f86abb0
}

Java Threads: ( => current thread )
  0x000001f2111e9dd0 JavaThread "main"                              [_thread_in_native, id=13252, stack(0x0000002195700000,0x0000002195800000) (1024K)]
  0x000001f227c8cba0 JavaThread "Reference Handler"          daemon [_thread_blocked, id=12376, stack(0x0000002195b00000,0x0000002195c00000) (1024K)]
  0x000001f227c8e1e0 JavaThread "Finalizer"                  daemon [_thread_blocked, id=1844, stack(0x0000002195c00000,0x0000002195d00000) (1024K)]
  0x000001f26abb4420 JavaThread "Signal Dispatcher"          daemon [_thread_blocked, id=16780, stack(0x0000002195d00000,0x0000002195e00000) (1024K)]
  0x000001f26abb4f70 JavaThread "Attach Listener"            daemon [_thread_blocked, id=2080, stack(0x0000002195e00000,0x0000002195f00000) (1024K)]
  0x000001f26abb8720 JavaThread "Service Thread"             daemon [_thread_blocked, id=7064, stack(0x0000002195f00000,0x0000002196000000) (1024K)]
  0x000001f26abba9c0 JavaThread "Monitor Deflation Thread"   daemon [_thread_blocked, id=18424, stack(0x0000002196000000,0x0000002196100000) (1024K)]
  0x000001f26abc0430 JavaThread "C2 CompilerThread0"         daemon [_thread_in_native, id=9348, stack(0x0000002196100000,0x0000002196200000) (1024K)]
  0x000001f26abc1e00 JavaThread "C1 CompilerThread0"         daemon [_thread_in_native, id=1952, stack(0x0000002196200000,0x0000002196300000) (1024K)]
  0x000001f26acab640 JavaThread "Common-Cleaner"             daemon [_thread_blocked, id=8256, stack(0x0000002196300000,0x0000002196400000) (1024K)]
  0x000001f26af506c0 JavaThread "Notification Thread"        daemon [_thread_blocked, id=12868, stack(0x0000002196500000,0x0000002196600000) (1024K)]
=>0x000001f26f41bb90 JavaThread "C2 CompilerThread1"         daemon [_thread_in_native, id=17284, stack(0x0000002196400000,0x0000002196500000) (1024K)]
  0x000001f26f86abb0 JavaThread "Active Thread: Equinox Container: 65581d4b-8a16-4a0a-8075-a0632c2ac81f"        [_thread_blocked, id=4392, stack(0x0000002196d00000,0x0000002196e00000) (1024K)]
Total: 13

Other Threads:
  0x000001f227c73860 VMThread "VM Thread"                           [id=2996, stack(0x0000002195a00000,0x0000002195b00000) (1024K)]
  0x000001f2112591e0 WatcherThread "VM Periodic Task Thread"        [id=16864, stack(0x0000002195900000,0x0000002195a00000) (1024K)]
  0x000001f21120ba10 WorkerThread "GC Thread#0"                     [id=12672, stack(0x0000002195800000,0x0000002195900000) (1024K)]
  0x000001f26f256980 WorkerThread "GC Thread#1"                     [id=6548, stack(0x0000002196700000,0x0000002196800000) (1024K)]
  0x000001f26f257130 WorkerThread "GC Thread#2"                     [id=12528, stack(0x0000002196800000,0x0000002196900000) (1024K)]
  0x000001f26f8d7bc0 WorkerThread "GC Thread#3"                     [id=3908, stack(0x0000002196900000,0x0000002196a00000) (1024K)]
  0x000001f26f8d7f60 WorkerThread "GC Thread#4"                     [id=13172, stack(0x0000002196a00000,0x0000002196b00000) (1024K)]
  0x000001f26f8d8300 WorkerThread "GC Thread#5"                     [id=15888, stack(0x0000002196b00000,0x0000002196c00000) (1024K)]
  0x000001f26f5eba80 WorkerThread "GC Thread#6"                     [id=12264, stack(0x0000002196c00000,0x0000002196d00000) (1024K)]
Total: 9

Threads with active compile tasks:
C2 CompilerThread0  2781 1824       4       java.io.WinNTFileSystem::normalize (224 bytes)
C1 CompilerThread0  2781 1827       3       sun.nio.fs.WindowsPathParser::normalize (233 bytes)
C2 CompilerThread1  2781 1799       4       java.io.WinNTFileSystem::normalize (143 bytes)
Total: 3

VM state: not at safepoint (normal execution)

VM Mutex/Monitor currently owned by a thread: None

Heap address: 0x0000000080000000, size: 2048 MB, Compressed Oops mode: 32-bit

CDS archive(s) mapped at: [0x000001f228000000-0x000001f228ba0000-0x000001f228ba0000), size 12189696, SharedBaseAddress: 0x000001f228000000, ArchiveRelocationMode: 1.
Compressed class space mapped at: 0x000001f229000000-0x000001f269000000, reserved size: 1073741824
Narrow klass base: 0x000001f228000000, Narrow klass shift: 0, Narrow klass range: 0x100000000

GC Precious Log:
 CardTable entry size: 512
 CPUs: 12 total, 12 available
 Memory: 7528M
 Large Page Support: Disabled
 NUMA Support: Disabled
 Compressed Oops: Enabled (32-bit)
 Alignments: Space 512K, Generation 512K, Heap 2M
 Heap Min Capacity: 100M
 Heap Initial Capacity: 100M
 Heap Max Capacity: 2G
 Pre-touch: Disabled
 Parallel Workers: 10

Heap:
 PSYoungGen      total 29696K, used 28653K [0x00000000d5580000, 0x00000000d7680000, 0x0000000100000000)
  eden space 25600K, 99% used [0x00000000d5580000,0x00000000d6e41638,0x00000000d6e80000)
  from space 4096K, 80% used [0x00000000d6e80000,0x00000000d71b9e18,0x00000000d7280000)
  to   space 4096K, 0% used [0x00000000d7280000,0x00000000d7280000,0x00000000d7680000)
 ParOldGen       total 68608K, used 16K [0x0000000080000000, 0x0000000084300000, 0x00000000d5580000)
  object space 68608K, 0% used [0x0000000080000000,0x0000000080004000,0x0000000084300000)
 Metaspace       used 7966K, committed 8256K, reserved 1114112K
  class space    used 829K, committed 960K, reserved 1048576K

Card table byte_map: [0x000001f210bb0000,0x000001f210fc0000] _byte_map_base: 0x000001f2107b0000

Marking Bits: (ParMarkBitMap*) 0x00007ffe3c30a340
 Begin Bits: [0x000001f223690000, 0x000001f225690000)
 End Bits:   [0x000001f225690000, 0x000001f227690000)

Polling page: 0x000001f20f1f0000

Metaspace:

Usage:
  Non-class:      6.97 MB used.
      Class:    829.39 KB used.
       Both:      7.78 MB used.

Virtual space:
  Non-class space:       64.00 MB reserved,       7.12 MB ( 11%) committed,  1 nodes.
      Class space:        1.00 GB reserved,     960.00 KB ( <1%) committed,  1 nodes.
             Both:        1.06 GB reserved,       8.06 MB ( <1%) committed. 

Chunk freelists:
   Non-Class:  8.84 MB
       Class:  14.91 MB
        Both:  23.75 MB

MaxMetaspaceSize: unlimited
CompressedClassSpaceSize: 1.00 GB
Initial GC threshold: 21.00 MB
Current GC threshold: 21.00 MB
CDS: on
 - commit_granule_bytes: 65536.
 - commit_granule_words: 8192.
 - virtual_space_node_default_size: 8388608.
 - enlarge_chunks_in_place: 1.
 - use_allocation_guard: 0.


Internal statistics:

num_allocs_failed_limit: 0.
num_arena_births: 228.
num_arena_deaths: 0.
num_vsnodes_births: 2.
num_vsnodes_deaths: 0.
num_space_committed: 129.
num_space_uncommitted: 0.
num_chunks_returned_to_freelist: 0.
num_chunks_taken_from_freelist: 419.
num_chunk_merges: 0.
num_chunk_splits: 266.
num_chunks_enlarged: 180.
num_inconsistent_stats: 0.

CodeHeap 'non-profiled nmethods': size=120000Kb used=778Kb max_used=778Kb free=119222Kb
 bounds [0x000001f21beb0000, 0x000001f21c120000, 0x000001f2233e0000]
CodeHeap 'profiled nmethods': size=120000Kb used=3284Kb max_used=3284Kb free=116715Kb
 bounds [0x000001f2143e0000, 0x000001f214720000, 0x000001f21b910000]
CodeHeap 'non-nmethods': size=5760Kb used=1216Kb max_used=1241Kb free=4543Kb
 bounds [0x000001f21b910000, 0x000001f21bb80000, 0x000001f21beb0000]
CodeCache: size=245760Kb, used=5278Kb, max_used=5303Kb, free=240480Kb
 total_blobs=2304, nmethods=1821, adapters=390, full_count=0
Compilation: enabled, stopped_count=0, restarted_count=0

Compilation events (20 events):
Event: 2.722 Thread 0x000001f26abc1e00 1802       3       java.io.File::isAbsolute (8 bytes)
Event: 2.723 Thread 0x000001f26abc1e00 nmethod 1802 0x000001f214705110 code [0x000001f2147052c0, 0x000001f214705410]
Event: 2.723 Thread 0x000001f26abc1e00 1803       3       java.io.WinNTFileSystem::isAbsolute (36 bytes)
Event: 2.724 Thread 0x000001f26abc1e00 nmethod 1803 0x000001f214705490 code [0x000001f2147056a0, 0x000001f214705d20]
Event: 2.725 Thread 0x000001f26abc1e00 1804       3       java.lang.ThreadLocal::get (35 bytes)
Event: 2.726 Thread 0x000001f26abc1e00 nmethod 1804 0x000001f214706010 code [0x000001f2147061e0, 0x000001f2147064e8]
Event: 2.730 Thread 0x000001f26abc1e00 1806       3       sun.net.util.IPAddressUtil::checkUserInfo (44 bytes)
Event: 2.732 Thread 0x000001f26abc1e00 nmethod 1806 0x000001f214706690 code [0x000001f214706920, 0x000001f214707368]
Event: 2.732 Thread 0x000001f26abc1e00 1807       3       sun.net.util.IPAddressUtil::scan (62 bytes)
Event: 2.734 Thread 0x000001f26abc1e00 nmethod 1807 0x000001f214707810 code [0x000001f214707a60, 0x000001f214708320]
Event: 2.734 Thread 0x000001f26abc1e00 1808       3       java.util.Collections::emptyIterator (4 bytes)
Event: 2.734 Thread 0x000001f26abc1e00 nmethod 1808 0x000001f214708710 code [0x000001f2147088a0, 0x000001f214708998]
Event: 2.734 Thread 0x000001f26abc1e00 1809       3       java.net.URL::<init> (438 bytes)
Event: 2.740 Thread 0x000001f26abc1e00 nmethod 1809 0x000001f214708a10 code [0x000001f2147090e0, 0x000001f21470c458]
Event: 2.740 Thread 0x000001f26abc1e00 1812       3       java.lang.Class::getComponentType (14 bytes)
Event: 2.740 Thread 0x000001f26abc1e00 nmethod 1812 0x000001f21470d890 code [0x000001f21470da40, 0x000001f21470dbf0]
Event: 2.740 Thread 0x000001f26abc1e00 1810       3       java.io.File::exists (34 bytes)
Event: 2.741 Thread 0x000001f26abc1e00 nmethod 1810 0x000001f21470dc90 code [0x000001f21470de80, 0x000001f21470e288]
Event: 2.741 Thread 0x000001f26abc1e00 1813       3       java.io.File::slashify (84 bytes)
Event: 2.743 Thread 0x000001f26abc1e00 nmethod 1813 0x000001f21470e410 code [0x000001f21470e720, 0x000001f21470f468]

GC Heap History (2 events):
Event: 1.357 GC heap before
{Heap before GC invocations=1 (full 0):
 PSYoungGen      total 29696K, used 25600K [0x00000000d5580000, 0x00000000d7680000, 0x0000000100000000)
  eden space 25600K, 100% used [0x00000000d5580000,0x00000000d6e80000,0x00000000d6e80000)
  from space 4096K, 0% used [0x00000000d7280000,0x00000000d7280000,0x00000000d7680000)
  to   space 4096K, 0% used [0x00000000d6e80000,0x00000000d6e80000,0x00000000d7280000)
 ParOldGen       total 68608K, used 0K [0x0000000080000000, 0x0000000084300000, 0x00000000d5580000)
  object space 68608K, 0% used [0x0000000080000000,0x0000000080000000,0x0000000084300000)
 Metaspace       used 4290K, committed 4544K, reserved 1114112K
  class space    used 469K, committed 576K, reserved 1048576K
}
Event: 1.372 GC heap after
{Heap after GC invocations=1 (full 0):
 PSYoungGen      total 29696K, used 3303K [0x00000000d5580000, 0x00000000d7680000, 0x0000000100000000)
  eden space 25600K, 0% used [0x00000000d5580000,0x00000000d5580000,0x00000000d6e80000)
  from space 4096K, 80% used [0x00000000d6e80000,0x00000000d71b9e18,0x00000000d7280000)
  to   space 4096K, 0% used [0x00000000d7280000,0x00000000d7280000,0x00000000d7680000)
 ParOldGen       total 68608K, used 16K [0x0000000080000000, 0x0000000084300000, 0x00000000d5580000)
  object space 68608K, 0% used [0x0000000080000000,0x0000000080004000,0x0000000084300000)
 Metaspace       used 4290K, committed 4544K, reserved 1114112K
  class space    used 469K, committed 576K, reserved 1048576K
}

Dll operation events (8 events):
Event: 0.017 Loaded shared library c:\Users\ADMIN\.vscode\extensions\redhat.java-1.45.0-win32-x64\jre\21.0.8-win32-x86_64\bin\java.dll
Event: 0.130 Loaded shared library c:\Users\ADMIN\.vscode\extensions\redhat.java-1.45.0-win32-x64\jre\21.0.8-win32-x86_64\bin\zip.dll
Event: 0.166 Loaded shared library C:\Users\ADMIN\.vscode\extensions\redhat.java-1.45.0-win32-x64\jre\21.0.8-win32-x86_64\bin\instrument.dll
Event: 0.172 Loaded shared library C:\Users\ADMIN\.vscode\extensions\redhat.java-1.45.0-win32-x64\jre\21.0.8-win32-x86_64\bin\net.dll
Event: 0.174 Loaded shared library C:\Users\ADMIN\.vscode\extensions\redhat.java-1.45.0-win32-x64\jre\21.0.8-win32-x86_64\bin\nio.dll
Event: 0.178 Loaded shared library C:\Users\ADMIN\.vscode\extensions\redhat.java-1.45.0-win32-x64\jre\21.0.8-win32-x86_64\bin\zip.dll
Event: 0.208 Loaded shared library C:\Users\ADMIN\.vscode\extensions\redhat.java-1.45.0-win32-x64\jre\21.0.8-win32-x86_64\bin\jimage.dll
Event: 0.331 Loaded shared library c:\Users\ADMIN\.vscode\extensions\redhat.java-1.45.0-win32-x64\jre\21.0.8-win32-x86_64\bin\verify.dll

Deoptimization events (20 events):
Event: 2.602 Thread 0x000001f2111e9dd0 DEOPT PACKING pc=0x000001f214564608 sp=0x00000021957fc5f0
Event: 2.602 Thread 0x000001f2111e9dd0 DEOPT UNPACKING pc=0x000001f21b964242 sp=0x00000021957fba70 mode 0
Event: 2.603 Thread 0x000001f2111e9dd0 DEOPT PACKING pc=0x000001f2144de206 sp=0x00000021957fc4b0
Event: 2.603 Thread 0x000001f2111e9dd0 DEOPT UNPACKING pc=0x000001f21b964242 sp=0x00000021957fb930 mode 0
Event: 2.604 Thread 0x000001f2111e9dd0 DEOPT PACKING pc=0x000001f214564608 sp=0x00000021957fc900
Event: 2.604 Thread 0x000001f2111e9dd0 DEOPT UNPACKING pc=0x000001f21b964242 sp=0x00000021957fbd80 mode 0
Event: 2.605 Thread 0x000001f2111e9dd0 Uncommon trap: trap_request=0xffffff45 fr.pc=0x000001f21bf6b978 relative=0x0000000000000998
Event: 2.605 Thread 0x000001f2111e9dd0 Uncommon trap: reason=unstable_if action=reinterpret pc=0x000001f21bf6b978 method=java.util.HashMap.putVal(ILjava/lang/Object;Ljava/lang/Object;ZZ)Ljava/lang/Object; @ 81 c2
Event: 2.605 Thread 0x000001f2111e9dd0 DEOPT PACKING pc=0x000001f21bf6b978 sp=0x00000021957fcfa0
Event: 2.606 Thread 0x000001f2111e9dd0 DEOPT UNPACKING pc=0x000001f21b963aa2 sp=0x00000021957fcf30 mode 2
Event: 2.606 Thread 0x000001f2111e9dd0 Uncommon trap: trap_request=0xffffff45 fr.pc=0x000001f21bf6a194 relative=0x00000000000009b4
Event: 2.606 Thread 0x000001f2111e9dd0 Uncommon trap: reason=unstable_if action=reinterpret pc=0x000001f21bf6a194 method=java.util.HashMap.putVal(ILjava/lang/Object;Ljava/lang/Object;ZZ)Ljava/lang/Object; @ 81 c2
Event: 2.606 Thread 0x000001f2111e9dd0 DEOPT PACKING pc=0x000001f21bf6a194 sp=0x00000021957fd160
Event: 2.606 Thread 0x000001f2111e9dd0 DEOPT UNPACKING pc=0x000001f21b963aa2 sp=0x00000021957fd088 mode 2
Event: 2.606 Thread 0x000001f2111e9dd0 DEOPT PACKING pc=0x000001f2144de206 sp=0x00000021957fc700
Event: 2.606 Thread 0x000001f2111e9dd0 DEOPT UNPACKING pc=0x000001f21b964242 sp=0x00000021957fbb80 mode 0
Event: 2.607 Thread 0x000001f2111e9dd0 DEOPT PACKING pc=0x000001f214564608 sp=0x00000021957fc850
Event: 2.607 Thread 0x000001f2111e9dd0 DEOPT UNPACKING pc=0x000001f21b964242 sp=0x00000021957fbcd0 mode 0
Event: 2.607 Thread 0x000001f2111e9dd0 DEOPT PACKING pc=0x000001f214564608 sp=0x00000021957fcb50
Event: 2.607 Thread 0x000001f2111e9dd0 DEOPT UNPACKING pc=0x000001f21b964242 sp=0x00000021957fbfd0 mode 0

Classes loaded (20 events):
Event: 2.584 Loading class java/security/KeyStoreException
Event: 2.584 Loading class java/security/KeyStoreException done
Event: 2.655 Loading class java/util/LinkedList$Node
Event: 2.657 Loading class java/util/LinkedList$Node done
Event: 2.657 Loading class java/util/LinkedList$ListItr
Event: 2.657 Loading class java/util/LinkedList$ListItr done
Event: 2.663 Loading class java/lang/Thread$Builder$OfPlatform
Event: 2.663 Loading class java/lang/Thread$Builder
Event: 2.663 Loading class java/lang/Thread$Builder done
Event: 2.663 Loading class java/lang/Thread$Builder$OfPlatform done
Event: 2.663 Loading class java/lang/Thread$Builder$OfVirtual
Event: 2.664 Loading class java/lang/Thread$Builder$OfVirtual done
Event: 2.685 Loading class sun/nio/fs/WindowsChannelFactory
Event: 2.685 Loading class sun/nio/fs/WindowsChannelFactory done
Event: 2.686 Loading class sun/nio/fs/WindowsChannelFactory$1
Event: 2.686 Loading class sun/nio/fs/WindowsChannelFactory$1 done
Event: 2.686 Loading class sun/nio/fs/WindowsChannelFactory$Flags
Event: 2.686 Loading class sun/nio/fs/WindowsChannelFactory$Flags done
Event: 2.687 Loading class sun/nio/ch/FileChannelImpl$Closer
Event: 2.687 Loading class sun/nio/ch/FileChannelImpl$Closer done

Classes unloaded (0 events):
No events

Classes redefined (0 events):
No events

Internal exceptions (20 events):
Event: 1.025 Thread 0x000001f2111e9dd0 Exception <a 'java/lang/NoSuchMethodError'{0x00000000d65ff728}: 'java.lang.Object java.lang.invoke.DirectMethodHandle$Holder.invokeInterface(java.lang.Object, java.lang.Object, int)'> (0x00000000d65ff728) 
thrown [s\src\hotspot\share\interpreter\linkResolver.cpp, line 773]
Event: 1.241 Thread 0x000001f2111e9dd0 Exception <a 'java/lang/NoSuchMethodError'{0x00000000d6a8c9b8}: 'java.lang.ClassLoader java.lang.ClassLoader.getPlatformClassLoader(java.lang.Class)'> (0x00000000d6a8c9b8) 
thrown [s\src\hotspot\share\interpreter\linkResolver.cpp, line 773]
Event: 1.383 Thread 0x000001f2111e9dd0 Exception <a 'java/lang/ClassNotFoundException'{0x00000000d55a6810}: sun/net/www/protocol/c/Handler> (0x00000000d55a6810) 
thrown [s\src\hotspot\share\classfile\systemDictionary.cpp, line 312]
Event: 1.384 Thread 0x000001f2111e9dd0 Exception <a 'java/lang/ClassNotFoundException'{0x00000000d55a7be0}: sun/net/www/protocol/d/Handler> (0x00000000d55a7be0) 
thrown [s\src\hotspot\share\classfile\systemDictionary.cpp, line 312]
Event: 1.385 Thread 0x000001f2111e9dd0 Exception <a 'java/lang/ClassNotFoundException'{0x00000000d55a8e18}: sun/net/www/protocol/c/Handler> (0x00000000d55a8e18) 
thrown [s\src\hotspot\share\classfile\systemDictionary.cpp, line 312]
Event: 1.397 Thread 0x000001f2111e9dd0 Exception <a 'java/io/FileNotFoundException'{0x00000000d55d1528}> (0x00000000d55d1528) 
thrown [s\src\hotspot\share\prims\jni.cpp, line 520]
Event: 1.498 Thread 0x000001f2111e9dd0 Implicit null exception at 0x000001f21bf0aba9 to 0x000001f21bf0b41c
Event: 1.498 Thread 0x000001f2111e9dd0 Implicit null exception at 0x000001f21bf0ff9a to 0x000001f21bf101a4
Event: 1.499 Thread 0x000001f2111e9dd0 Exception <a 'java/lang/NoSuchMethodError'{0x00000000d577d530}: 'void java.lang.invoke.DirectMethodHandle$Holder.invokeStatic(java.lang.Object, java.lang.Object, java.lang.Object, java.lang.Object)'> (0x00000000d577d530) 
thrown [s\src\hotspot\share\interpreter\linkResolver.cpp, line 773]
Event: 1.501 Thread 0x000001f2111e9dd0 Implicit null exception at 0x000001f21bf0d03c to 0x000001f21bf0d2cc
Event: 1.502 Thread 0x000001f2111e9dd0 Implicit null exception at 0x000001f21bf0bdbd to 0x000001f21bf0be41
Event: 1.662 Thread 0x000001f2111e9dd0 Exception <a 'java/lang/NoSuchMethodError'{0x00000000d5a17858}: 'void java.lang.invoke.DirectMethodHandle$Holder.invokeSpecial(java.lang.Object, java.lang.Object, java.lang.Object)'> (0x00000000d5a17858) 
thrown [s\src\hotspot\share\interpreter\linkResolver.cpp, line 773]
Event: 2.199 Thread 0x000001f2111e9dd0 Exception <a 'java/lang/NoSuchMethodError'{0x00000000d641c2f8}: 'int java.lang.invoke.DirectMethodHandle$Holder.invokeVirtual(java.lang.Object, java.lang.Object)'> (0x00000000d641c2f8) 
thrown [s\src\hotspot\share\interpreter\linkResolver.cpp, line 773]
Event: 2.290 Thread 0x000001f2111e9dd0 Exception <a 'java/lang/NoSuchMethodError'{0x00000000d6591478}: 'int java.lang.invoke.DirectMethodHandle$Holder.invokeStaticInit(java.lang.Object, java.lang.Object, java.lang.Object, java.lang.Object)'> (0x00000000d6591478) 
thrown [s\src\hotspot\share\interpreter\linkResolver.cpp, line 773]
Event: 2.291 Thread 0x000001f2111e9dd0 Exception <a 'java/lang/IncompatibleClassChangeError'{0x00000000d6599900}: Found class java.lang.Object, but interface was expected> (0x00000000d6599900) 
thrown [s\src\hotspot\share\interpreter\linkResolver.cpp, line 840]
Event: 2.291 Thread 0x000001f2111e9dd0 Exception <a 'java/lang/NoSuchMethodError'{0x00000000d659ff10}: 'void java.lang.invoke.DirectMethodHandle$Holder.invokeStaticInit(java.lang.Object, java.lang.Object)'> (0x00000000d659ff10) 
thrown [s\src\hotspot\share\interpreter\linkResolver.cpp, line 773]
Event: 2.293 Thread 0x000001f2111e9dd0 Exception <a 'java/lang/NoSuchMethodError'{0x00000000d65a9248}: 'int java.lang.invoke.DirectMethodHandle$Holder.invokeStaticInit(java.lang.Object, java.lang.Object)'> (0x00000000d65a9248) 
thrown [s\src\hotspot\share\interpreter\linkResolver.cpp, line 773]
Event: 2.392 Thread 0x000001f2111e9dd0 Exception <a 'java/lang/NoSuchMethodError'{0x00000000d67efdd8}: 'java.lang.Object java.lang.invoke.DirectMethodHandle$Holder.newInvokeSpecial(java.lang.Object, int, java.lang.Object)'> (0x00000000d67efdd8) 
thrown [s\src\hotspot\share\interpreter\linkResolver.cpp, line 773]
Event: 2.516 Thread 0x000001f2111e9dd0 Exception <a 'java/lang/ClassNotFoundException'{0x00000000d6a08670}: sun/net/www/protocol/plurl/Handler> (0x00000000d6a08670) 
thrown [s\src\hotspot\share\classfile\systemDictionary.cpp, line 312]
Event: 2.516 Thread 0x000001f2111e9dd0 Exception <a 'java/lang/ClassNotFoundException'{0x00000000d6a094f0}: sun/net/www/protocol/plurl/Handler> (0x00000000d6a094f0) 
thrown [s\src\hotspot\share\classfile\systemDictionary.cpp, line 312]

ZGC Phase Switch (0 events):
No events

VM Operations (20 events):
Event: 0.815 Executing VM operation: HandshakeAllThreads (Deoptimize)
Event: 0.815 Executing VM operation: HandshakeAllThreads (Deoptimize) done
Event: 0.860 Executing VM operation: HandshakeAllThreads (Deoptimize)
Event: 0.860 Executing VM operation: HandshakeAllThreads (Deoptimize) done
Event: 1.272 Executing VM operation: ICBufferFull
Event: 1.272 Executing VM operation: ICBufferFull done
Event: 1.324 Executing VM operation: HandshakeAllThreads (Deoptimize)
Event: 1.325 Executing VM operation: HandshakeAllThreads (Deoptimize) done
Event: 1.357 Executing VM operation: ParallelGCFailedAllocation (Allocation Failure)
Event: 1.373 Executing VM operation: ParallelGCFailedAllocation (Allocation Failure) done
Event: 2.333 Executing VM operation: HandshakeAllThreads (Deoptimize)
Event: 2.333 Executing VM operation: HandshakeAllThreads (Deoptimize) done
Event: 2.352 Executing VM operation: HandshakeAllThreads (Deoptimize)
Event: 2.352 Executing VM operation: HandshakeAllThreads (Deoptimize) done
Event: 2.469 Executing VM operation: HandshakeAllThreads (Deoptimize)
Event: 2.469 Executing VM operation: HandshakeAllThreads (Deoptimize) done
Event: 2.469 Executing VM operation: Cleanup
Event: 2.469 Executing VM operation: Cleanup done
Event: 2.502 Executing VM operation: HandshakeAllThreads (Deoptimize)
Event: 2.502 Executing VM operation: HandshakeAllThreads (Deoptimize) done

Memory protections (0 events):
No events

Nmethod flushes (0 events):
No events

Events (19 events):
Event: 0.056 Thread 0x000001f2111e9dd0 Thread added: 0x000001f2111e9dd0
Event: 0.083 Thread 0x000001f2111e9dd0 Thread added: 0x000001f227c8cba0
Event: 0.083 Thread 0x000001f2111e9dd0 Thread added: 0x000001f227c8e1e0
Event: 0.083 Thread 0x000001f2111e9dd0 Thread added: 0x000001f26abb4420
Event: 0.083 Thread 0x000001f2111e9dd0 Thread added: 0x000001f26abb4f70
Event: 0.083 Thread 0x000001f2111e9dd0 Thread added: 0x000001f26abb8720
Event: 0.084 Thread 0x000001f2111e9dd0 Thread added: 0x000001f26abba9c0
Event: 0.084 Thread 0x000001f2111e9dd0 Thread added: 0x000001f26abc0430
Event: 0.084 Thread 0x000001f2111e9dd0 Thread added: 0x000001f26abc1e00
Event: 0.116 Thread 0x000001f2111e9dd0 Thread added: 0x000001f26acab640
Event: 0.144 Thread 0x000001f26abc1e00 Thread added: 0x000001f26adfe6d0
Event: 0.548 Thread 0x000001f2111e9dd0 Thread added: 0x000001f26af506c0
Event: 0.801 Thread 0x000001f26abc1e00 Thread added: 0x000001f26afae780
Event: 1.519 Thread 0x000001f26afae780 Thread exited: 0x000001f26afae780
Event: 1.610 Thread 0x000001f26adfe6d0 Thread exited: 0x000001f26adfe6d0
Event: 1.658 Thread 0x000001f26abc1e00 Thread added: 0x000001f26f41bb90
Event: 1.777 Thread 0x000001f26abc1e00 Thread added: 0x000001f26f514760
Event: 2.308 Thread 0x000001f2111e9dd0 Thread added: 0x000001f26f86abb0
Event: 2.473 Thread 0x000001f26f514760 Thread exited: 0x000001f26f514760


Dynamic libraries:
0x00007ff7a8d80000 - 0x00007ff7a8d8e000 	c:\Users\ADMIN\.vscode\extensions\redhat.java-1.45.0-win32-x64\jre\21.0.8-win32-x86_64\bin\java.exe
0x00007ffe8e990000 - 0x00007ffe8eba4000 	C:\Windows\SYSTEM32\ntdll.dll
0x00007ffe8e010000 - 0x00007ffe8e0d2000 	C:\Windows\System32\KERNEL32.DLL
0x00007ffe8bdd0000 - 0x00007ffe8c16c000 	C:\Windows\System32\KERNELBASE.dll
0x00007ffe8c240000 - 0x00007ffe8c351000 	C:\Windows\System32\ucrtbase.dll
0x00007ffe5c360000 - 0x00007ffe5c37e000 	c:\Users\ADMIN\.vscode\extensions\redhat.java-1.45.0-win32-x64\jre\21.0.8-win32-x86_64\bin\VCRUNTIME140.dll
0x00007ffe5bd50000 - 0x00007ffe5bd68000 	c:\Users\ADMIN\.vscode\extensions\redhat.java-1.45.0-win32-x64\jre\21.0.8-win32-x86_64\bin\jli.dll
0x00007ffe8c800000 - 0x00007ffe8c9ab000 	C:\Windows\System32\USER32.dll
0x00007ffe8c170000 - 0x00007ffe8c196000 	C:\Windows\System32\win32u.dll
0x00007ffe73900000 - 0x00007ffe73b8e000 	C:\Windows\WinSxS\amd64_microsoft.windows.common-controls_6595b64144ccf1df_6.0.22621.317_none_a9434687c10c9fa2\COMCTL32.dll
0x00007ffe8dfe0000 - 0x00007ffe8e009000 	C:\Windows\System32\GDI32.dll
0x00007ffe8de80000 - 0x00007ffe8df27000 	C:\Windows\System32\msvcrt.dll
0x00007ffe8c3d0000 - 0x00007ffe8c4e2000 	C:\Windows\System32\gdi32full.dll
0x00007ffe8c1a0000 - 0x00007ffe8c23a000 	C:\Windows\System32\msvcp_win.dll
0x00007ffe8e0e0000 - 0x00007ffe8e111000 	C:\Windows\System32\IMM32.DLL
0x00007ffe62160000 - 0x00007ffe6216c000 	c:\Users\ADMIN\.vscode\extensions\redhat.java-1.45.0-win32-x64\jre\21.0.8-win32-x86_64\bin\vcruntime140_1.dll
0x00007ffe496d0000 - 0x00007ffe4975d000 	c:\Users\ADMIN\.vscode\extensions\redhat.java-1.45.0-win32-x64\jre\21.0.8-win32-x86_64\bin\msvcp140.dll
0x00007ffe3b650000 - 0x00007ffe3c3e7000 	c:\Users\ADMIN\.vscode\extensions\redhat.java-1.45.0-win32-x64\jre\21.0.8-win32-x86_64\bin\server\jvm.dll
0x00007ffe8ccd0000 - 0x00007ffe8cd7e000 	C:\Windows\System32\ADVAPI32.dll
0x00007ffe8df30000 - 0x00007ffe8dfd4000 	C:\Windows\System32\sechost.dll
0x00007ffe8d720000 - 0x00007ffe8d835000 	C:\Windows\System32\RPCRT4.dll
0x00007ffe8e2e0000 - 0x00007ffe8e351000 	C:\Windows\System32\WS2_32.dll
0x00007ffe845e0000 - 0x00007ffe84614000 	C:\Windows\SYSTEM32\WINMM.dll
0x00007ffe8b870000 - 0x00007ffe8b8bd000 	C:\Windows\SYSTEM32\POWRPROF.dll
0x00007ffe842f0000 - 0x00007ffe842fa000 	C:\Windows\SYSTEM32\VERSION.dll
0x00007ffe8b730000 - 0x00007ffe8b743000 	C:\Windows\SYSTEM32\UMPDC.dll
0x00007ffe8ae10000 - 0x00007ffe8ae28000 	C:\Windows\SYSTEM32\kernel.appcore.dll
0x00007ffe620f0000 - 0x00007ffe620fa000 	c:\Users\ADMIN\.vscode\extensions\redhat.java-1.45.0-win32-x64\jre\21.0.8-win32-x86_64\bin\jimage.dll
0x00007ffe7df60000 - 0x00007ffe7e18e000 	C:\Windows\SYSTEM32\DBGHELP.DLL
0x00007ffe8e390000 - 0x00007ffe8e719000 	C:\Windows\System32\combase.dll
0x00007ffe8ca60000 - 0x00007ffe8cb37000 	C:\Windows\System32\OLEAUT32.dll
0x00007ffe7a6c0000 - 0x00007ffe7a6f2000 	C:\Windows\SYSTEM32\dbgcore.DLL
0x00007ffe8c5b0000 - 0x00007ffe8c62b000 	C:\Windows\System32\bcryptPrimitives.dll
0x00007ffe52460000 - 0x00007ffe5246f000 	c:\Users\ADMIN\.vscode\extensions\redhat.java-1.45.0-win32-x64\jre\21.0.8-win32-x86_64\bin\instrument.dll
0x00007ffe52630000 - 0x00007ffe5264f000 	c:\Users\ADMIN\.vscode\extensions\redhat.java-1.45.0-win32-x64\jre\21.0.8-win32-x86_64\bin\java.dll
0x00007ffe8cd80000 - 0x00007ffe8d55b000 	C:\Windows\System32\SHELL32.dll
0x00007ffe89de0000 - 0x00007ffe8a695000 	C:\Windows\SYSTEM32\windows.storage.dll
0x00007ffe89ca0000 - 0x00007ffe89ddd000 	C:\Windows\SYSTEM32\wintypes.dll
0x00007ffe8d560000 - 0x00007ffe8d651000 	C:\Windows\System32\SHCORE.dll
0x00007ffe8e270000 - 0x00007ffe8e2ce000 	C:\Windows\System32\shlwapi.dll
0x00007ffe8bd00000 - 0x00007ffe8bd21000 	C:\Windows\SYSTEM32\profapi.dll
0x00007ffe87590000 - 0x00007ffe875a8000 	c:\Users\ADMIN\.vscode\extensions\redhat.java-1.45.0-win32-x64\jre\21.0.8-win32-x86_64\bin\zip.dll
0x00007ffe61f00000 - 0x00007ffe61f10000 	C:\Users\ADMIN\.vscode\extensions\redhat.java-1.45.0-win32-x64\jre\21.0.8-win32-x86_64\bin\net.dll
0x00007ffe867f0000 - 0x00007ffe8691f000 	C:\Windows\SYSTEM32\WINHTTP.dll
0x00007ffe8b260000 - 0x00007ffe8b2c9000 	C:\Windows\system32\mswsock.dll
0x00007ffe5c320000 - 0x00007ffe5c336000 	C:\Users\ADMIN\.vscode\extensions\redhat.java-1.45.0-win32-x64\jre\21.0.8-win32-x86_64\bin\nio.dll
0x00007ffe52240000 - 0x00007ffe52250000 	c:\Users\ADMIN\.vscode\extensions\redhat.java-1.45.0-win32-x64\jre\21.0.8-win32-x86_64\bin\verify.dll

JVMTI agents:
c:\Users\ADMIN\.vscode\extensions\redhat.java-1.45.0-win32-x64\lombok\lombok-1.18.39-4050.jar path:c:\Users\ADMIN\.vscode\extensions\redhat.java-1.45.0-win32-x64\jre\21.0.8-win32-x86_64\bin\instrument.dll, loaded, initialized, instrumentlib options:none

dbghelp: loaded successfully - version: 4.0.5 - missing functions: none
symbol engine: initialized successfully - sym options: 0x614 - pdb path: .;c:\Users\ADMIN\.vscode\extensions\redhat.java-1.45.0-win32-x64\jre\21.0.8-win32-x86_64\bin;C:\Windows\SYSTEM32;C:\Windows\WinSxS\amd64_microsoft.windows.common-controls_6595b64144ccf1df_6.0.22621.317_none_a9434687c10c9fa2;c:\Users\ADMIN\.vscode\extensions\redhat.java-1.45.0-win32-x64\jre\21.0.8-win32-x86_64\bin\server

VM Arguments:
jvm_args: --add-modules=ALL-SYSTEM --add-opens=java.base/java.util=ALL-UNNAMED --add-opens=java.base/java.lang=ALL-UNNAMED --add-opens=java.base/sun.nio.fs=ALL-UNNAMED -Declipse.application=org.eclipse.jdt.ls.core.id1 -Dosgi.bundles.defaultStartLevel=4 -Declipse.product=org.eclipse.jdt.ls.core.product -Djava.import.generatesMetadataFilesAtProjectRoot=false -DDetectVMInstallationsJob.disabled=true -Dfile.encoding=utf8 -XX:+UseParallelGC -XX:GCTimeRatio=4 -XX:AdaptiveSizePolicyWeight=90 -Dsun.zip.disableMemoryMapping=true -Xmx2G -Xms100m -Xlog:disable -javaagent:c:\Users\ADMIN\.vscode\extensions\redhat.java-1.45.0-win32-x64\lombok\lombok-1.18.39-4050.jar -XX:+HeapDumpOnOutOfMemoryError -XX:HeapDumpPath=c:\Users\ADMIN\AppData\Roaming\Code\User\workspaceStorage\5b60343a8681c96c8985cc75f6cf486d\redhat.java -Daether.dependencyCollector.impl=bf 
java_command: c:\Users\ADMIN\.vscode\extensions\redhat.java-1.45.0-win32-x64\server\plugins\org.eclipse.equinox.launcher_1.7.0.v20250519-0528.jar -configuration c:\Users\ADMIN\AppData\Roaming\Code\User\globalStorage\redhat.java\1.45.0\config_win -data c:\Users\ADMIN\AppData\Roaming\Code\User\workspaceStorage\5b60343a8681c96c8985cc75f6cf486d\redhat.java\jdt_ws --pipe=\\.\pipe\lsp-798d9d7623fe82e1bdfa86bcde073274-sock
java_class_path (initial): c:\Users\ADMIN\.vscode\extensions\redhat.java-1.45.0-win32-x64\server\plugins\org.eclipse.equinox.launcher_1.7.0.v20250519-0528.jar
Launcher Type: SUN_STANDARD

[Global flags]
    uintx AdaptiveSizePolicyWeight                 = 90                                        {product} {command line}
     intx CICompilerCount                          = 4                                         {product} {ergonomic}
    uintx GCTimeRatio                              = 4                                         {product} {command line}
     bool HeapDumpOnOutOfMemoryError               = true                                   {manageable} {command line}
    ccstr HeapDumpPath                             = c:\Users\ADMIN\AppData\Roaming\Code\User\workspaceStorage\5b60343a8681c96c8985cc75f6cf486d\redhat.java         {manageable} {command line}
   size_t InitialHeapSize                          = 104857600                                 {product} {command line}
   size_t MaxHeapSize                              = 2147483648                                {product} {command line}
   size_t MaxNewSize                               = 715653120                                 {product} {ergonomic}
   size_t MinHeapDeltaBytes                        = 524288                                    {product} {ergonomic}
   size_t MinHeapSize                              = 104857600                                 {product} {command line}
   size_t NewSize                                  = 34603008                                  {product} {ergonomic}
    uintx NonNMethodCodeHeapSize                   = 5839372                                {pd product} {ergonomic}
    uintx NonProfiledCodeHeapSize                  = 122909434                              {pd product} {ergonomic}
   size_t OldSize                                  = 70254592                                  {product} {ergonomic}
    uintx ProfiledCodeHeapSize                     = 122909434                              {pd product} {ergonomic}
    uintx ReservedCodeCacheSize                    = 251658240                              {pd product} {ergonomic}
     bool SegmentedCodeCache                       = true                                      {product} {ergonomic}
   size_t SoftMaxHeapSize                          = 2147483648                             {manageable} {ergonomic}
     bool UseCompressedOops                        = true                           {product lp64_product} {ergonomic}
     bool UseLargePagesIndividualAllocation        = false                                  {pd product} {ergonomic}
     bool UseParallelGC                            = true                                      {product} {command line}

Logging:
Log output configuration:
 #0: stdout all=off uptime,level,tags foldmultilines=false
 #1: stderr all=off uptime,level,tags foldmultilines=false

Environment Variables:
JAVA_HOME=C:\Program Files\Java\jdk-21
PATH=C:\Program Files\Common Files\Oracle\Java\javapath;C:\Program Files (x86)\Common Files\Oracle\Java\javapath;C:\Program Files\Java\jdk-21\bin;C:\Windows\system32;C:\Windows;C:\Windows\System32\Wbem;C:\Windows\System32\WindowsPowerShell\v1.0\;C:\Windows\System32\OpenSSH\;C:\Program Files\Git\cmd;C:\Program Files\Docker\Docker\resources\bin;C:\Users\ADMIN\AppData\Roaming\nvm;C:\Program Files\nodejs;C:\Program Files\Java\jdk1.8.0_211\bin;C:\Program Files\k6\;C:\Program Files\PowerShell\7\;C:\Users\ADMIN\AppData\Local\Programs\Python\Python313\Scripts\;C:\Users\ADMIN\AppData\Local\Programs\Python\Python313\;C:\Users\ADMIN\AppData\Local\Programs\Python\Launcher\;C:\Program Files\MySQL\MySQL Shell 8.0\bin\;C:\Users\ADMIN\AppData\Local\Microsoft\WindowsApps;C:\Users\ADMIN\AppData\Roaming\npm;C:\Users\ADMIN\AppData\Roaming\nvm;C:\Program Files\nodejs;C:\Program Files\Java\jdk1.8.0_211\bin;C:\Users\ADMIN\AppData\Local\Coursier\data\bin;C:\hadoop-2.6.0\bin;C:\hadoop-2.6.0\sbin;C:\Users\ADMIN\AppData\Local\Programs\cursor\resources\app\bin;C:\Users\ADMIN\AppData\Local\Programs\Microsoft VS Code\bin
USERNAME=ADMIN
OS=Windows_NT
PROCESSOR_IDENTIFIER=AMD64 Family 23 Model 104 Stepping 1, AuthenticAMD
TMP=C:\Users\ADMIN\AppData\Local\Temp
TEMP=C:\Users\ADMIN\AppData\Local\Temp




Periodic native trim disabled

---------------  S Y S T E M  ---------------

OS:
 Windows 11 , 64 bit Build 22621 (10.0.22621.457)
OS uptime: 0 days 3:55 hours
Hyper-V role detected

CPU: total 12 (initial active 12) (12 cores per cpu, 2 threads per core) family 23 model 104 stepping 1 microcode 0x0, cx8, cmov, fxsr, ht, mmx, 3dnowpref, sse, sse2, sse3, ssse3, sse4a, sse4.1, sse4.2, popcnt, lzcnt, tsc, tscinvbit, avx, avx2, aes, clmul, bmi1, bmi2, adx, sha, fma, vzeroupper, clflush, clflushopt, hv, rdtscp, rdpid, f16c
Processor Information for the first 12 processors :
  Max Mhz: 2100, Current Mhz: 2100, Mhz Limit: 2100

Memory: 4k page, system-wide physical 7528M (494M free)
TotalPageFile size 25146M (AvailPageFile size 8M)
current process WorkingSet (physical memory assigned to process): 90M, peak: 90M
current process commit charge ("private bytes"): 250M, peak: 250M

vm_info: OpenJDK 64-Bit Server VM (21.0.8+9-LTS) for windows-amd64 JRE (21.0.8+9-LTS), built on 2025-07-15T00:00:00Z by "admin" with MS VC++ 17.7 (VS2022)

END.
