#
# There is insufficient memory for the Java Runtime Environment to continue.
# Native memory allocation (malloc) failed to allocate 499856 bytes for Chunk::new
# Possible reasons:
#   The system is out of physical RAM or swap space
#   The process is running with CompressedOops enabled, and the Java Heap may be blocking the growth of the native heap
# Possible solutions:
#   Reduce memory load on the system
#   Increase physical memory or swap space
#   Check if swap backing store is full
#   Decrease Java heap size (-Xmx/-Xms)
#   Decrease number of Java threads
#   Decrease Java thread stack sizes (-Xss)
#   Set larger code cache with -XX:ReservedCodeCacheSize=
#   JVM is running with Unscaled Compressed Oops mode in which the Java heap is
#     placed in the first 4GB address space. The Java Heap base address is the
#     maximum limit for the native heap growth. Please use -XX:HeapBaseMinAddress
#     to set the Java Heap base and to place the Java Heap above 4GB virtual address.
# This output file may be truncated or incomplete.
#
#  Out of Memory Error (arena.cpp:168), pid=9344, tid=18532
#
# JRE version: Java(TM) SE Runtime Environment (21.0.8+12) (build 21.0.8+12-LTS-250)
# Java VM: Java HotSpot(TM) 64-Bit Server VM (21.0.8+12-LTS-250, mixed mode, sharing, tiered, compressed oops, compressed class ptrs, g1 gc, windows-amd64)
# No core dump will be written. Minidumps are not enabled by default on client versions of Windows
#

---------------  S U M M A R Y ------------

Command Line: -Dfile.encoding=UTF-8 -Duser.country=US -Duser.language=en -Duser.variant com.example.WorkWite_Repo_BE.WorkWiteRepoBeApplication

Host: 11th Gen Intel(R) Core(TM) i5-11300H @ 3.10GHz, 8 cores, 7G,  Windows 11 , 64 bit Build 22621 (10.0.22621.5415)
Time: Fri Aug 29 10:23:31 2025 SE Asia Standard Time elapsed time: 99.151561 seconds (0d 0h 1m 39s)

---------------  T H R E A D  ---------------

Current thread (0x000001e84795f8b0):  JavaThread "C2 CompilerThread0" daemon [_thread_in_native, id=18532, stack(0x0000006c5c900000,0x0000006c5ca00000) (1024K)]


Current CompileTask:
C2:  99152 9207       4       org.springframework.boot.devtools.filewatch.DirectorySnapshot::collectFiles (99 bytes)

Stack: [0x0000006c5c900000,0x0000006c5ca00000]
Native frames: (J=compiled Java code, j=interpreted, Vv=VM code, C=native code)
V  [jvm.dll+0x6cc179]
V  [jvm.dll+0x8584c1]
V  [jvm.dll+0x85a9ee]
V  [jvm.dll+0x85b0c3]
V  [jvm.dll+0x27ebf6]
V  [jvm.dll+0xc4f4d]
V  [jvm.dll+0xc5483]
V  [jvm.dll+0x3b6a82]
V  [jvm.dll+0x1e0363]
V  [jvm.dll+0x2477c2]
V  [jvm.dll+0x246c4f]
V  [jvm.dll+0x1c7a3e]
V  [jvm.dll+0x256359]
V  [jvm.dll+0x2548ea]
V  [jvm.dll+0x3efef6]
V  [jvm.dll+0x80279b]
V  [jvm.dll+0x6ca85d]
C  [ucrtbase.dll+0x29333]
C  [KERNEL32.DLL+0x1259d]
C  [ntdll.dll+0x5af78]


---------------  P R O C E S S  ---------------

Threads class SMR info:
_java_thread_list=0x000001e88d51eb00, length=30, elements={
0x000001e8479587d0, 0x000001e84795a490, 0x000001e84795d5e0, 0x000001e847961410,
0x000001e847964340, 0x000001e84795e570, 0x000001e84795f8b0, 0x000001e847962530,
0x000001e847c195a0, 0x000001e847c25810, 0x000001e88e37cc20, 0x000001e88e37d2b0,
0x000001e88e37f380, 0x000001e8917491d0, 0x000001e89174c650, 0x000001e891749860,
0x000001e891747790, 0x000001e89174bfc0, 0x000001e89174b2a0, 0x000001e89174a580,
0x000001e891749ef0, 0x000001e891747e20, 0x000001e891746a70, 0x000001e8917484b0,
0x000001e89174cce0, 0x000001e891748b40, 0x000001e89174b930, 0x000001e89174d370,
0x000001e8917463e0, 0x000001e89174da00
}

Java Threads: ( => current thread )
  0x000001e8479587d0 JavaThread "Reference Handler"          daemon [_thread_blocked, id=18672, stack(0x0000006c5c300000,0x0000006c5c400000) (1024K)]
  0x000001e84795a490 JavaThread "Finalizer"                  daemon [_thread_blocked, id=8932, stack(0x0000006c5c400000,0x0000006c5c500000) (1024K)]
  0x000001e84795d5e0 JavaThread "Signal Dispatcher"          daemon [_thread_blocked, id=6452, stack(0x0000006c5c500000,0x0000006c5c600000) (1024K)]
  0x000001e847961410 JavaThread "Attach Listener"            daemon [_thread_blocked, id=10216, stack(0x0000006c5c600000,0x0000006c5c700000) (1024K)]
  0x000001e847964340 JavaThread "Service Thread"             daemon [_thread_blocked, id=7436, stack(0x0000006c5c700000,0x0000006c5c800000) (1024K)]
  0x000001e84795e570 JavaThread "Monitor Deflation Thread"   daemon [_thread_blocked, id=9432, stack(0x0000006c5c800000,0x0000006c5c900000) (1024K)]
=>0x000001e84795f8b0 JavaThread "C2 CompilerThread0"         daemon [_thread_in_native, id=18532, stack(0x0000006c5c900000,0x0000006c5ca00000) (1024K)]
  0x000001e847962530 JavaThread "C1 CompilerThread0"         daemon [_thread_blocked, id=6104, stack(0x0000006c5ca00000,0x0000006c5cb00000) (1024K)]
  0x000001e847c195a0 JavaThread "Notification Thread"        daemon [_thread_blocked, id=17536, stack(0x0000006c5cb00000,0x0000006c5cc00000) (1024K)]
  0x000001e847c25810 JavaThread "Common-Cleaner"             daemon [_thread_blocked, id=10616, stack(0x0000006c5cc00000,0x0000006c5cd00000) (1024K)]
  0x000001e88e37cc20 JavaThread "mysql-cj-abandoned-connection-cleanup" daemon [_thread_blocked, id=16044, stack(0x0000006c5d500000,0x0000006c5d600000) (1024K)]
  0x000001e88e37d2b0 JavaThread "HikariPool-1:housekeeper"   daemon [_thread_blocked, id=12212, stack(0x0000006c5da00000,0x0000006c5db00000) (1024K)]
  0x000001e88e37f380 JavaThread "Catalina-utility-1"                [_thread_blocked, id=19228, stack(0x0000006c5cd00000,0x0000006c5ce00000) (1024K)]
  0x000001e8917491d0 JavaThread "Catalina-utility-2"                [_thread_blocked, id=14372, stack(0x0000006c5dc00000,0x0000006c5dd00000) (1024K)]
  0x000001e89174c650 JavaThread "container-0"                       [_thread_blocked, id=15168, stack(0x0000006c5dd00000,0x0000006c5de00000) (1024K)]
  0x000001e891749860 JavaThread "File Watcher"               daemon [_thread_blocked, id=10596, stack(0x0000006c5db00000,0x0000006c5dc00000) (1024K)]
  0x000001e891747790 JavaThread "Live Reload Server"         daemon [_thread_in_native, id=2876, stack(0x0000006c5de00000,0x0000006c5df00000) (1024K)]
  0x000001e89174bfc0 JavaThread "http-nio-8080-exec-1"       daemon [_thread_blocked, id=2744, stack(0x0000006c5df00000,0x0000006c5e000000) (1024K)]
  0x000001e89174b2a0 JavaThread "http-nio-8080-exec-2"       daemon [_thread_blocked, id=7092, stack(0x0000006c5e000000,0x0000006c5e100000) (1024K)]
  0x000001e89174a580 JavaThread "http-nio-8080-exec-3"       daemon [_thread_blocked, id=13080, stack(0x0000006c5e100000,0x0000006c5e200000) (1024K)]
  0x000001e891749ef0 JavaThread "http-nio-8080-exec-4"       daemon [_thread_blocked, id=14692, stack(0x0000006c5e200000,0x0000006c5e300000) (1024K)]
  0x000001e891747e20 JavaThread "http-nio-8080-exec-5"       daemon [_thread_blocked, id=19012, stack(0x0000006c5e300000,0x0000006c5e400000) (1024K)]
  0x000001e891746a70 JavaThread "http-nio-8080-exec-6"       daemon [_thread_blocked, id=18624, stack(0x0000006c5e400000,0x0000006c5e500000) (1024K)]
  0x000001e8917484b0 JavaThread "http-nio-8080-exec-7"       daemon [_thread_blocked, id=13684, stack(0x0000006c5e500000,0x0000006c5e600000) (1024K)]
  0x000001e89174cce0 JavaThread "http-nio-8080-exec-8"       daemon [_thread_blocked, id=17860, stack(0x0000006c5e600000,0x0000006c5e700000) (1024K)]
  0x000001e891748b40 JavaThread "http-nio-8080-exec-9"       daemon [_thread_blocked, id=5664, stack(0x0000006c5e700000,0x0000006c5e800000) (1024K)]
  0x000001e89174b930 JavaThread "http-nio-8080-exec-10"      daemon [_thread_blocked, id=5344, stack(0x0000006c5e800000,0x0000006c5e900000) (1024K)]
  0x000001e89174d370 JavaThread "http-nio-8080-Poller"       daemon [_thread_in_native, id=10188, stack(0x0000006c5e900000,0x0000006c5ea00000) (1024K)]
  0x000001e8917463e0 JavaThread "http-nio-8080-Acceptor"     daemon [_thread_in_native, id=13364, stack(0x0000006c5ea00000,0x0000006c5eb00000) (1024K)]
  0x000001e89174da00 JavaThread "DestroyJavaVM"                     [_thread_blocked, id=19268, stack(0x0000006c5bb00000,0x0000006c5bc00000) (1024K)]
Total: 30

Other Threads:
  0x000001e84793f8a0 VMThread "VM Thread"                           [id=15628, stack(0x0000006c5c200000,0x0000006c5c300000) (1024K)]
  0x000001e84792b460 WatcherThread "VM Periodic Task Thread"        [id=17580, stack(0x0000006c5c100000,0x0000006c5c200000) (1024K)]
  0x000001e82b0efde0 WorkerThread "GC Thread#0"                     [id=16296, stack(0x0000006c5bc00000,0x0000006c5bd00000) (1024K)]
  0x000001e88d3253e0 WorkerThread "GC Thread#1"                     [id=19156, stack(0x0000006c5d000000,0x0000006c5d100000) (1024K)]
  0x000001e88d84fbd0 WorkerThread "GC Thread#2"                     [id=19316, stack(0x0000006c5d100000,0x0000006c5d200000) (1024K)]
  0x000001e88d84ff70 WorkerThread "GC Thread#3"                     [id=18312, stack(0x0000006c5d200000,0x0000006c5d300000) (1024K)]
  0x000001e88d88edc0 WorkerThread "GC Thread#4"                     [id=15784, stack(0x0000006c5d300000,0x0000006c5d400000) (1024K)]
  0x000001e88d88e680 WorkerThread "GC Thread#5"                     [id=18856, stack(0x0000006c5d400000,0x0000006c5d500000) (1024K)]
  0x000001e88d88f500 WorkerThread "GC Thread#6"                     [id=7944, stack(0x0000006c5d600000,0x0000006c5d700000) (1024K)]
  0x000001e88d88f160 WorkerThread "GC Thread#7"                     [id=16816, stack(0x0000006c5d700000,0x0000006c5d800000) (1024K)]
  0x000001e82b100f80 ConcurrentGCThread "G1 Main Marker"            [id=16740, stack(0x0000006c5bd00000,0x0000006c5be00000) (1024K)]
  0x000001e82b101a80 WorkerThread "G1 Conc#0"                       [id=6224, stack(0x0000006c5be00000,0x0000006c5bf00000) (1024K)]
  0x000001e88e2e5bb0 WorkerThread "G1 Conc#1"                       [id=15204, stack(0x0000006c5d900000,0x0000006c5da00000) (1024K)]
  0x000001e8477fb540 ConcurrentGCThread "G1 Refine#0"               [id=14708, stack(0x0000006c5bf00000,0x0000006c5c000000) (1024K)]
  0x000001e8477fbfc0 ConcurrentGCThread "G1 Service"                [id=14552, stack(0x0000006c5c000000,0x0000006c5c100000) (1024K)]
Total: 15

Threads with active compile tasks:
C2 CompilerThread0    99227 9207       4       org.springframework.boot.devtools.filewatch.DirectorySnapshot::collectFiles (99 bytes)
Total: 1

VM state: not at safepoint (normal execution)

VM Mutex/Monitor currently owned by a thread: None

Heap address: 0x0000000084000000, size: 1984 MB, Compressed Oops mode: 32-bit

CDS archive(s) mapped at: [0x000001e848000000-0x000001e848c90000-0x000001e848c90000), size 13172736, SharedBaseAddress: 0x000001e848000000, ArchiveRelocationMode: 1.
Compressed class space mapped at: 0x000001e849000000-0x000001e889000000, reserved size: 1073741824
Narrow klass base: 0x000001e848000000, Narrow klass shift: 0, Narrow klass range: 0x100000000

GC Precious Log:
 CardTable entry size: 512
 Card Set container configuration: InlinePtr #cards 5 size 8 Array Of Cards #cards 12 size 40 Howl #buckets 4 coarsen threshold 1843 Howl Bitmap #cards 512 size 80 coarsen threshold 460 Card regions per heap region 1 cards per card region 2048
 CPUs: 8 total, 8 available
 Memory: 7930M
 Large Page Support: Disabled
 NUMA Support: Disabled
 Compressed Oops: Enabled (32-bit)
 Heap Region Size: 1M
 Heap Min Capacity: 8M
 Heap Initial Capacity: 124M
 Heap Max Capacity: 1984M
 Pre-touch: Disabled
 Parallel Workers: 8
 Concurrent Workers: 2
 Concurrent Refinement Workers: 8
 Periodic GC: Disabled

Heap:
 garbage-first heap   total 84992K, used 70815K [0x0000000084000000, 0x0000000100000000)
  region size 1024K, 31 young (31744K), 3 survivors (3072K)
 Metaspace       used 89009K, committed 89792K, reserved 1179648K
  class space    used 12127K, committed 12480K, reserved 1048576K

Heap Regions: E=young(eden), S=young(survivor), O=old, HS=humongous(starts), HC=humongous(continues), CS=collection set, F=free, TAMS=top-at-mark-start, PB=parsable bottom
|   0|0x0000000084000000, 0x0000000084100000, 0x0000000084100000|100%|HS|  |TAMS 0x0000000084000000| PB 0x0000000084000000| Complete 
|   1|0x0000000084100000, 0x0000000084200000, 0x0000000084200000|100%|HS|  |TAMS 0x0000000084100000| PB 0x0000000084100000| Complete 
|   2|0x0000000084200000, 0x0000000084300000, 0x0000000084300000|100%| O|  |TAMS 0x0000000084200000| PB 0x0000000084200000| Untracked 
|   3|0x0000000084300000, 0x0000000084400000, 0x0000000084400000|100%| O|  |TAMS 0x0000000084300000| PB 0x0000000084300000| Untracked 
|   4|0x0000000084400000, 0x0000000084500000, 0x0000000084500000|100%| O|  |TAMS 0x0000000084400000| PB 0x0000000084400000| Untracked 
|   5|0x0000000084500000, 0x0000000084600000, 0x0000000084600000|100%| O|  |TAMS 0x0000000084500000| PB 0x0000000084500000| Untracked 
|   6|0x0000000084600000, 0x0000000084700000, 0x0000000084700000|100%| O|  |TAMS 0x0000000084600000| PB 0x0000000084600000| Untracked 
|   7|0x0000000084700000, 0x0000000084800000, 0x0000000084800000|100%| O|  |TAMS 0x0000000084700000| PB 0x0000000084700000| Untracked 
|   8|0x0000000084800000, 0x0000000084900000, 0x0000000084900000|100%| O|  |TAMS 0x0000000084800000| PB 0x0000000084800000| Untracked 
|   9|0x0000000084900000, 0x0000000084a00000, 0x0000000084a00000|100%| O|  |TAMS 0x0000000084900000| PB 0x0000000084900000| Untracked 
|  10|0x0000000084a00000, 0x0000000084b00000, 0x0000000084b00000|100%| O|  |TAMS 0x0000000084a00000| PB 0x0000000084a00000| Untracked 
|  11|0x0000000084b00000, 0x0000000084c00000, 0x0000000084c00000|100%| O|  |TAMS 0x0000000084b00000| PB 0x0000000084b00000| Untracked 
|  12|0x0000000084c00000, 0x0000000084d00000, 0x0000000084d00000|100%| O|  |TAMS 0x0000000084c00000| PB 0x0000000084c00000| Untracked 
|  13|0x0000000084d00000, 0x0000000084e00000, 0x0000000084e00000|100%| O|  |TAMS 0x0000000084d00000| PB 0x0000000084d00000| Untracked 
|  14|0x0000000084e00000, 0x0000000084f00000, 0x0000000084f00000|100%| O|  |TAMS 0x0000000084e00000| PB 0x0000000084e00000| Untracked 
|  15|0x0000000084f00000, 0x0000000085000000, 0x0000000085000000|100%| O|  |TAMS 0x0000000084f00000| PB 0x0000000084f00000| Untracked 
|  16|0x0000000085000000, 0x0000000085100000, 0x0000000085100000|100%| O|  |TAMS 0x0000000085000000| PB 0x0000000085000000| Untracked 
|  17|0x0000000085100000, 0x0000000085200000, 0x0000000085200000|100%| O|  |TAMS 0x0000000085100000| PB 0x0000000085100000| Untracked 
|  18|0x0000000085200000, 0x0000000085300000, 0x0000000085300000|100%| O|  |TAMS 0x0000000085200000| PB 0x0000000085200000| Untracked 
|  19|0x0000000085300000, 0x0000000085400000, 0x0000000085400000|100%| O|  |TAMS 0x0000000085300000| PB 0x0000000085300000| Untracked 
|  20|0x0000000085400000, 0x0000000085500000, 0x0000000085500000|100%| O|  |TAMS 0x0000000085400000| PB 0x0000000085400000| Untracked 
|  21|0x0000000085500000, 0x0000000085600000, 0x0000000085600000|100%| O|  |TAMS 0x0000000085500000| PB 0x0000000085500000| Untracked 
|  22|0x0000000085600000, 0x0000000085700000, 0x0000000085700000|100%| O|  |TAMS 0x0000000085600000| PB 0x0000000085600000| Untracked 
|  23|0x0000000085700000, 0x0000000085800000, 0x0000000085800000|100%| O|  |TAMS 0x0000000085700000| PB 0x0000000085700000| Untracked 
|  24|0x0000000085800000, 0x0000000085900000, 0x0000000085900000|100%| O|  |TAMS 0x0000000085800000| PB 0x0000000085800000| Untracked 
|  25|0x0000000085900000, 0x0000000085a00000, 0x0000000085a00000|100%| O|  |TAMS 0x0000000085900000| PB 0x0000000085900000| Untracked 
|  26|0x0000000085a00000, 0x0000000085b00000, 0x0000000085b00000|100%| O|  |TAMS 0x0000000085a00000| PB 0x0000000085a00000| Untracked 
|  27|0x0000000085b00000, 0x0000000085b00000, 0x0000000085c00000|  0%| F|  |TAMS 0x0000000085b00000| PB 0x0000000085b00000| Untracked 
|  28|0x0000000085c00000, 0x0000000085d00000, 0x0000000085d00000|100%| O|  |TAMS 0x0000000085c00000| PB 0x0000000085c00000| Untracked 
|  29|0x0000000085d00000, 0x0000000085e00000, 0x0000000085e00000|100%| O|  |TAMS 0x0000000085d00000| PB 0x0000000085d00000| Untracked 
|  30|0x0000000085e00000, 0x0000000085f00000, 0x0000000085f00000|100%| O|  |TAMS 0x0000000085e00000| PB 0x0000000085e00000| Untracked 
|  31|0x0000000085f00000, 0x0000000086000000, 0x0000000086000000|100%| O|  |TAMS 0x0000000085f00000| PB 0x0000000085f00000| Untracked 
|  32|0x0000000086000000, 0x0000000086100000, 0x0000000086100000|100%| O|  |TAMS 0x0000000086000000| PB 0x0000000086000000| Untracked 
|  33|0x0000000086100000, 0x0000000086200000, 0x0000000086200000|100%| O|  |TAMS 0x0000000086100000| PB 0x0000000086100000| Untracked 
|  34|0x0000000086200000, 0x0000000086300000, 0x0000000086300000|100%| O|  |TAMS 0x0000000086200000| PB 0x0000000086200000| Untracked 
|  35|0x0000000086300000, 0x0000000086400000, 0x0000000086400000|100%| O|  |TAMS 0x0000000086300000| PB 0x0000000086300000| Untracked 
|  36|0x0000000086400000, 0x0000000086500000, 0x0000000086500000|100%| O|  |TAMS 0x0000000086400000| PB 0x0000000086400000| Untracked 
|  37|0x0000000086500000, 0x0000000086600000, 0x0000000086600000|100%| O|  |TAMS 0x0000000086500000| PB 0x0000000086500000| Untracked 
|  38|0x0000000086600000, 0x0000000086700000, 0x0000000086700000|100%| O|  |TAMS 0x0000000086600000| PB 0x0000000086600000| Untracked 
|  39|0x0000000086700000, 0x0000000086800000, 0x0000000086800000|100%| O|  |TAMS 0x0000000086700000| PB 0x0000000086700000| Untracked 
|  40|0x0000000086800000, 0x0000000086800000, 0x0000000086900000|  0%| F|  |TAMS 0x0000000086800000| PB 0x0000000086800000| Untracked 
|  41|0x0000000086900000, 0x0000000086900000, 0x0000000086a00000|  0%| F|  |TAMS 0x0000000086900000| PB 0x0000000086900000| Untracked 
|  42|0x0000000086a00000, 0x0000000086a00000, 0x0000000086b00000|  0%| F|  |TAMS 0x0000000086a00000| PB 0x0000000086a00000| Untracked 
|  43|0x0000000086b00000, 0x0000000086b791c0, 0x0000000086c00000| 47%| O|  |TAMS 0x0000000086b00000| PB 0x0000000086b00000| Untracked 
|  44|0x0000000086c00000, 0x0000000086c00000, 0x0000000086d00000|  0%| F|  |TAMS 0x0000000086c00000| PB 0x0000000086c00000| Untracked 
|  45|0x0000000086d00000, 0x0000000086d00000, 0x0000000086e00000|  0%| F|  |TAMS 0x0000000086d00000| PB 0x0000000086d00000| Untracked 
|  46|0x0000000086e00000, 0x0000000086e00000, 0x0000000086f00000|  0%| F|  |TAMS 0x0000000086e00000| PB 0x0000000086e00000| Untracked 
|  47|0x0000000086f00000, 0x0000000086f00000, 0x0000000087000000|  0%| F|  |TAMS 0x0000000086f00000| PB 0x0000000086f00000| Untracked 
|  48|0x0000000087000000, 0x00000000870aea48, 0x0000000087100000| 68%| S|CS|TAMS 0x0000000087000000| PB 0x0000000087000000| Complete 
|  49|0x0000000087100000, 0x0000000087200000, 0x0000000087200000|100%| S|CS|TAMS 0x0000000087100000| PB 0x0000000087100000| Complete 
|  50|0x0000000087200000, 0x0000000087300000, 0x0000000087300000|100%| S|CS|TAMS 0x0000000087200000| PB 0x0000000087200000| Complete 
|  51|0x0000000087300000, 0x0000000087300000, 0x0000000087400000|  0%| F|  |TAMS 0x0000000087300000| PB 0x0000000087300000| Untracked 
|  52|0x0000000087400000, 0x0000000087400000, 0x0000000087500000|  0%| F|  |TAMS 0x0000000087400000| PB 0x0000000087400000| Untracked 
|  53|0x0000000087500000, 0x0000000087500000, 0x0000000087600000|  0%| F|  |TAMS 0x0000000087500000| PB 0x0000000087500000| Untracked 
|  54|0x0000000087600000, 0x0000000087600000, 0x0000000087700000|  0%| F|  |TAMS 0x0000000087600000| PB 0x0000000087600000| Untracked 
|  55|0x0000000087700000, 0x0000000087741888, 0x0000000087800000| 25%| E|  |TAMS 0x0000000087700000| PB 0x0000000087700000| Complete 
|  56|0x0000000087800000, 0x0000000087900000, 0x0000000087900000|100%| E|CS|TAMS 0x0000000087800000| PB 0x0000000087800000| Complete 
|  57|0x0000000087900000, 0x0000000087a00000, 0x0000000087a00000|100%| E|CS|TAMS 0x0000000087900000| PB 0x0000000087900000| Complete 
|  58|0x0000000087a00000, 0x0000000087b00000, 0x0000000087b00000|100%| E|CS|TAMS 0x0000000087a00000| PB 0x0000000087a00000| Complete 
|  59|0x0000000087b00000, 0x0000000087c00000, 0x0000000087c00000|100%| E|CS|TAMS 0x0000000087b00000| PB 0x0000000087b00000| Complete 
|  60|0x0000000087c00000, 0x0000000087d00000, 0x0000000087d00000|100%| E|CS|TAMS 0x0000000087c00000| PB 0x0000000087c00000| Complete 
|  61|0x0000000087d00000, 0x0000000087e00000, 0x0000000087e00000|100%| E|CS|TAMS 0x0000000087d00000| PB 0x0000000087d00000| Complete 
|  62|0x0000000087e00000, 0x0000000087f00000, 0x0000000087f00000|100%| E|CS|TAMS 0x0000000087e00000| PB 0x0000000087e00000| Complete 
|  63|0x0000000087f00000, 0x0000000088000000, 0x0000000088000000|100%| E|CS|TAMS 0x0000000087f00000| PB 0x0000000087f00000| Complete 
|  64|0x0000000088000000, 0x0000000088100000, 0x0000000088100000|100%| E|CS|TAMS 0x0000000088000000| PB 0x0000000088000000| Complete 
|  65|0x0000000088100000, 0x0000000088200000, 0x0000000088200000|100%| E|CS|TAMS 0x0000000088100000| PB 0x0000000088100000| Complete 
|  66|0x0000000088200000, 0x0000000088300000, 0x0000000088300000|100%| E|CS|TAMS 0x0000000088200000| PB 0x0000000088200000| Complete 
|  67|0x0000000088300000, 0x0000000088400000, 0x0000000088400000|100%| E|CS|TAMS 0x0000000088300000| PB 0x0000000088300000| Complete 
|  68|0x0000000088400000, 0x0000000088500000, 0x0000000088500000|100%| E|CS|TAMS 0x0000000088400000| PB 0x0000000088400000| Complete 
|  69|0x0000000088500000, 0x0000000088600000, 0x0000000088600000|100%| E|CS|TAMS 0x0000000088500000| PB 0x0000000088500000| Complete 
|  70|0x0000000088600000, 0x0000000088700000, 0x0000000088700000|100%| E|CS|TAMS 0x0000000088600000| PB 0x0000000088600000| Complete 
|  71|0x0000000088700000, 0x0000000088800000, 0x0000000088800000|100%| E|CS|TAMS 0x0000000088700000| PB 0x0000000088700000| Complete 
|  72|0x0000000088800000, 0x0000000088900000, 0x0000000088900000|100%| E|CS|TAMS 0x0000000088800000| PB 0x0000000088800000| Complete 
|  73|0x0000000088900000, 0x0000000088a00000, 0x0000000088a00000|100%| E|CS|TAMS 0x0000000088900000| PB 0x0000000088900000| Complete 
|  74|0x0000000088a00000, 0x0000000088b00000, 0x0000000088b00000|100%| E|CS|TAMS 0x0000000088a00000| PB 0x0000000088a00000| Complete 
|  75|0x0000000088b00000, 0x0000000088c00000, 0x0000000088c00000|100%| E|CS|TAMS 0x0000000088b00000| PB 0x0000000088b00000| Complete 
|  76|0x0000000088c00000, 0x0000000088d00000, 0x0000000088d00000|100%| E|CS|TAMS 0x0000000088c00000| PB 0x0000000088c00000| Complete 
|  77|0x0000000088d00000, 0x0000000088e00000, 0x0000000088e00000|100%| E|CS|TAMS 0x0000000088d00000| PB 0x0000000088d00000| Complete 
|  78|0x0000000088e00000, 0x0000000088f00000, 0x0000000088f00000|100%| E|CS|TAMS 0x0000000088e00000| PB 0x0000000088e00000| Complete 
|  79|0x0000000088f00000, 0x0000000089000000, 0x0000000089000000|100%| E|CS|TAMS 0x0000000088f00000| PB 0x0000000088f00000| Complete 
|  80|0x0000000089000000, 0x0000000089100000, 0x0000000089100000|100%| E|CS|TAMS 0x0000000089000000| PB 0x0000000089000000| Complete 
| 122|0x000000008ba00000, 0x000000008bb00000, 0x000000008bb00000|100%| E|CS|TAMS 0x000000008ba00000| PB 0x000000008ba00000| Complete 
| 123|0x000000008bb00000, 0x000000008bc00000, 0x000000008bc00000|100%| E|CS|TAMS 0x000000008bb00000| PB 0x000000008bb00000| Complete 

Card table byte_map: [0x000001e842c40000,0x000001e843020000] _byte_map_base: 0x000001e842820000

Marking Bits: (CMBitMap*) 0x000001e82b0f0cf0
 Bits: [0x000001e843020000, 0x000001e844f20000)

Polling page: 0x000001e82a850000

Metaspace:

Usage:
  Non-class:     75.08 MB used.
      Class:     11.84 MB used.
       Both:     86.92 MB used.

Virtual space:
  Non-class space:      128.00 MB reserved,      75.50 MB ( 59%) committed,  2 nodes.
      Class space:        1.00 GB reserved,      12.19 MB (  1%) committed,  1 nodes.
             Both:        1.12 GB reserved,      87.69 MB (  8%) committed. 

Chunk freelists:
   Non-Class:  4.42 MB
       Class:  3.78 MB
        Both:  8.20 MB

MaxMetaspaceSize: unlimited
CompressedClassSpaceSize: 1.00 GB
Initial GC threshold: 21.00 MB
Current GC threshold: 126.69 MB
CDS: on
 - commit_granule_bytes: 65536.
 - commit_granule_words: 8192.
 - virtual_space_node_default_size: 8388608.
 - enlarge_chunks_in_place: 1.
 - use_allocation_guard: 0.


Internal statistics:

num_allocs_failed_limit: 9.
num_arena_births: 1156.
num_arena_deaths: 0.
num_vsnodes_births: 3.
num_vsnodes_deaths: 0.
num_space_committed: 1402.
num_space_uncommitted: 0.
num_chunks_returned_to_freelist: 9.
num_chunks_taken_from_freelist: 4413.
num_chunk_merges: 9.
num_chunk_splits: 3139.
num_chunks_enlarged: 2412.
num_inconsistent_stats: 0.

CodeHeap 'non-profiled nmethods': size=120000Kb used=5134Kb max_used=5134Kb free=114865Kb
 bounds [0x000001e83aff0000, 0x000001e83b500000, 0x000001e842520000]
CodeHeap 'profiled nmethods': size=120000Kb used=14474Kb max_used=14474Kb free=105525Kb
 bounds [0x000001e833520000, 0x000001e834350000, 0x000001e83aa50000]
CodeHeap 'non-nmethods': size=5760Kb used=1997Kb max_used=2021Kb free=3762Kb
 bounds [0x000001e83aa50000, 0x000001e83acc0000, 0x000001e83aff0000]
 total_blobs=8747 nmethods=7966 adapters=683
 compilation: enabled
              stopped_count=0, restarted_count=0
 full_count=0

Compilation events (20 events):
Event: 78.951 Thread 0x000001e847962530 nmethod 9197 0x000001e83433c110 code [0x000001e83433c380, 0x000001e83433cb78]
Event: 78.951 Thread 0x000001e847962530 9198   !   3       java.util.concurrent.locks.AbstractQueuedSynchronizer::tryInitializeHead (66 bytes)
Event: 78.951 Thread 0x000001e847962530 nmethod 9198 0x000001e83433ce10 code [0x000001e83433d000, 0x000001e83433d5b8]
Event: 78.951 Thread 0x000001e847962530 9199       3       java.util.concurrent.locks.AbstractQueuedSynchronizer$ConditionNode::<init> (5 bytes)
Event: 78.951 Thread 0x000001e847962530 nmethod 9199 0x000001e83433d790 code [0x000001e83433d940, 0x000001e83433db08]
Event: 82.759 Thread 0x000001e847962530 9200       3       java.util.concurrent.ScheduledThreadPoolExecutor$ScheduledFutureTask::getDelay (16 bytes)
Event: 82.760 Thread 0x000001e847962530 nmethod 9200 0x000001e83433dc10 code [0x000001e83433ddc0, 0x000001e83433df58]
Event: 85.776 Thread 0x000001e847962530 9201       3       java.util.concurrent.ThreadPoolExecutor::workerCountOf (5 bytes)
Event: 85.776 Thread 0x000001e847962530 nmethod 9201 0x000001e83433e010 code [0x000001e83433e1a0, 0x000001e83433e298]
Event: 85.776 Thread 0x000001e847962530 9202   !   3       java.util.concurrent.locks.AbstractQueuedSynchronizer::acquire (424 bytes)
Event: 85.786 Thread 0x000001e847962530 nmethod 9202 0x000001e83433e310 code [0x000001e83433e6c0, 0x000001e83433ffd8]
Event: 89.025 Thread 0x000001e847962530 9203   !   3       jdk.internal.loader.BuiltinClassLoader::findResource (154 bytes)
Event: 89.041 Thread 0x000001e847962530 nmethod 9203 0x000001e834340810 code [0x000001e834340ba0, 0x000001e834342080]
Event: 90.300 Thread 0x000001e847962530 9204       1       java.util.concurrent.ThreadPoolExecutor::getQueue (5 bytes)
Event: 90.302 Thread 0x000001e847962530 nmethod 9204 0x000001e83b4f3010 code [0x000001e83b4f31a0, 0x000001e83b4f3268]
Event: 90.302 Thread 0x000001e847962530 9206       1       org.apache.catalina.LifecycleEvent::getType (5 bytes)
Event: 90.304 Thread 0x000001e847962530 nmethod 9206 0x000001e83b4f3310 code [0x000001e83b4f34a0, 0x000001e83b4f3568]
Event: 90.304 Thread 0x000001e847962530 9205       1       org.apache.catalina.webresources.CachedResource::getNextCheck (5 bytes)
Event: 90.304 Thread 0x000001e847962530 nmethod 9205 0x000001e83b4f3610 code [0x000001e83b4f37a0, 0x000001e83b4f3870]
Event: 98.975 Thread 0x000001e84795f8b0 9207       4       org.springframework.boot.devtools.filewatch.DirectorySnapshot::collectFiles (99 bytes)

GC Heap History (20 events):
Event: 7.045 GC heap before
{Heap before GC invocations=12 (full 0):
 garbage-first heap   total 58368K, used 39133K [0x0000000084000000, 0x0000000100000000)
  region size 1024K, 16 young (16384K), 3 survivors (3072K)
 Metaspace       used 59678K, committed 60288K, reserved 1114112K
  class space    used 7830K, committed 8128K, reserved 1048576K
}
Event: 7.049 GC heap after
{Heap after GC invocations=13 (full 0):
 garbage-first heap   total 58368K, used 28586K [0x0000000084000000, 0x0000000100000000)
  region size 1024K, 3 young (3072K), 3 survivors (3072K)
 Metaspace       used 59678K, committed 60288K, reserved 1114112K
  class space    used 7830K, committed 8128K, reserved 1048576K
}
Event: 7.395 GC heap before
{Heap before GC invocations=14 (full 0):
 garbage-first heap   total 58368K, used 50090K [0x0000000084000000, 0x0000000100000000)
  region size 1024K, 24 young (24576K), 3 survivors (3072K)
 Metaspace       used 61296K, committed 61888K, reserved 1114112K
  class space    used 8089K, committed 8384K, reserved 1048576K
}
Event: 7.398 GC heap after
{Heap after GC invocations=15 (full 0):
 garbage-first heap   total 70656K, used 29042K [0x0000000084000000, 0x0000000100000000)
  region size 1024K, 1 young (1024K), 1 survivors (1024K)
 Metaspace       used 61296K, committed 61888K, reserved 1114112K
  class space    used 8089K, committed 8384K, reserved 1048576K
}
Event: 8.909 GC heap before
{Heap before GC invocations=15 (full 0):
 garbage-first heap   total 70656K, used 61810K [0x0000000084000000, 0x0000000100000000)
  region size 1024K, 34 young (34816K), 1 survivors (1024K)
 Metaspace       used 68543K, committed 69248K, reserved 1114112K
  class space    used 9069K, committed 9408K, reserved 1048576K
}
Event: 8.914 GC heap after
{Heap after GC invocations=16 (full 0):
 garbage-first heap   total 70656K, used 31523K [0x0000000084000000, 0x0000000100000000)
  region size 1024K, 4 young (4096K), 4 survivors (4096K)
 Metaspace       used 68543K, committed 69248K, reserved 1114112K
  class space    used 9069K, committed 9408K, reserved 1048576K
}
Event: 9.426 GC heap before
{Heap before GC invocations=16 (full 0):
 garbage-first heap   total 70656K, used 61219K [0x0000000084000000, 0x0000000100000000)
  region size 1024K, 33 young (33792K), 4 survivors (4096K)
 Metaspace       used 72256K, committed 72960K, reserved 1114112K
  class space    used 9818K, committed 10112K, reserved 1048576K
}
Event: 9.433 GC heap after
{Heap after GC invocations=17 (full 0):
 garbage-first heap   total 70656K, used 33352K [0x0000000084000000, 0x0000000100000000)
  region size 1024K, 5 young (5120K), 5 survivors (5120K)
 Metaspace       used 72256K, committed 72960K, reserved 1114112K
  class space    used 9818K, committed 10112K, reserved 1048576K
}
Event: 9.576 GC heap before
{Heap before GC invocations=17 (full 0):
 garbage-first heap   total 70656K, used 59976K [0x0000000084000000, 0x0000000100000000)
  region size 1024K, 31 young (31744K), 5 survivors (5120K)
 Metaspace       used 72449K, committed 73152K, reserved 1114112K
  class space    used 9859K, committed 10176K, reserved 1048576K
}
Event: 9.582 GC heap after
{Heap after GC invocations=18 (full 0):
 garbage-first heap   total 70656K, used 34722K [0x0000000084000000, 0x0000000100000000)
  region size 1024K, 4 young (4096K), 4 survivors (4096K)
 Metaspace       used 72449K, committed 73152K, reserved 1114112K
  class space    used 9859K, committed 10176K, reserved 1048576K
}
Event: 9.964 GC heap before
{Heap before GC invocations=19 (full 0):
 garbage-first heap   total 70656K, used 61346K [0x0000000084000000, 0x0000000100000000)
  region size 1024K, 30 young (30720K), 4 survivors (4096K)
 Metaspace       used 75363K, committed 76032K, reserved 1179648K
  class space    used 10267K, committed 10560K, reserved 1048576K
}
Event: 9.969 GC heap after
{Heap after GC invocations=20 (full 0):
 garbage-first heap   total 70656K, used 36374K [0x0000000084000000, 0x0000000100000000)
  region size 1024K, 3 young (3072K), 3 survivors (3072K)
 Metaspace       used 75363K, committed 76032K, reserved 1179648K
  class space    used 10267K, committed 10560K, reserved 1048576K
}
Event: 10.153 GC heap before
{Heap before GC invocations=20 (full 0):
 garbage-first heap   total 70656K, used 62998K [0x0000000084000000, 0x0000000100000000)
  region size 1024K, 29 young (29696K), 3 survivors (3072K)
 Metaspace       used 75516K, committed 76224K, reserved 1179648K
  class space    used 10285K, committed 10624K, reserved 1048576K
}
Event: 10.158 GC heap after
{Heap after GC invocations=21 (full 0):
 garbage-first heap   total 70656K, used 36757K [0x0000000084000000, 0x0000000100000000)
  region size 1024K, 3 young (3072K), 3 survivors (3072K)
 Metaspace       used 75516K, committed 76224K, reserved 1179648K
  class space    used 10285K, committed 10624K, reserved 1048576K
}
Event: 10.472 GC heap before
{Heap before GC invocations=21 (full 0):
 garbage-first heap   total 70656K, used 62357K [0x0000000084000000, 0x0000000100000000)
  region size 1024K, 28 young (28672K), 3 survivors (3072K)
 Metaspace       used 77049K, committed 77760K, reserved 1179648K
  class space    used 10426K, committed 10752K, reserved 1048576K
}
Event: 10.476 GC heap after
{Heap after GC invocations=22 (full 0):
 garbage-first heap   total 84992K, used 37890K [0x0000000084000000, 0x0000000100000000)
  region size 1024K, 2 young (2048K), 2 survivors (2048K)
 Metaspace       used 77049K, committed 77760K, reserved 1179648K
  class space    used 10426K, committed 10752K, reserved 1048576K
}
Event: 11.177 GC heap before
{Heap before GC invocations=23 (full 0):
 garbage-first heap   total 84992K, used 75778K [0x0000000084000000, 0x0000000100000000)
  region size 1024K, 39 young (39936K), 2 survivors (2048K)
 Metaspace       used 80576K, committed 81280K, reserved 1179648K
  class space    used 10933K, committed 11264K, reserved 1048576K
}
Event: 11.183 GC heap after
{Heap after GC invocations=24 (full 0):
 garbage-first heap   total 84992K, used 40991K [0x0000000084000000, 0x0000000100000000)
  region size 1024K, 5 young (5120K), 5 survivors (5120K)
 Metaspace       used 80576K, committed 81280K, reserved 1179648K
  class space    used 10933K, committed 11264K, reserved 1048576K
}
Event: 20.027 GC heap before
{Heap before GC invocations=24 (full 0):
 garbage-first heap   total 84992K, used 73759K [0x0000000084000000, 0x0000000100000000)
  region size 1024K, 37 young (37888K), 5 survivors (5120K)
 Metaspace       used 85809K, committed 86656K, reserved 1179648K
  class space    used 11670K, committed 12032K, reserved 1048576K
}
Event: 20.038 GC heap after
{Heap after GC invocations=25 (full 0):
 garbage-first heap   total 84992K, used 43167K [0x0000000084000000, 0x0000000100000000)
  region size 1024K, 3 young (3072K), 3 survivors (3072K)
 Metaspace       used 85809K, committed 86656K, reserved 1179648K
  class space    used 11670K, committed 12032K, reserved 1048576K
}

Dll operation events (11 events):
Event: 0.007 Loaded shared library C:\Program Files\Java\jdk-21\bin\java.dll
Event: 0.037 Loaded shared library C:\Program Files\Java\jdk-21\bin\jsvml.dll
Event: 0.097 Loaded shared library C:\Program Files\Java\jdk-21\bin\net.dll
Event: 0.099 Loaded shared library C:\Program Files\Java\jdk-21\bin\nio.dll
Event: 0.103 Loaded shared library C:\Program Files\Java\jdk-21\bin\zip.dll
Event: 0.248 Loaded shared library C:\Program Files\Java\jdk-21\bin\jimage.dll
Event: 0.555 Loaded shared library C:\Program Files\Java\jdk-21\bin\management.dll
Event: 0.560 Loaded shared library C:\Program Files\Java\jdk-21\bin\management_ext.dll
Event: 1.763 Loaded shared library C:\Program Files\Java\jdk-21\bin\sunmscapi.dll
Event: 4.152 Loaded shared library C:\Program Files\Java\jdk-21\bin\extnet.dll
Event: 5.528 Loaded shared library C:\Program Files\Java\jdk-21\bin\verify.dll

Deoptimization events (20 events):
Event: 25.477 Thread 0x000001e891749ef0 DEOPT PACKING pc=0x000001e83b0b19ac sp=0x0000006c5e2f9c40
Event: 25.477 Thread 0x000001e891749ef0 DEOPT UNPACKING pc=0x000001e83aaa7da2 sp=0x0000006c5e2f9b50 mode 2
Event: 25.477 Thread 0x000001e891749ef0 Uncommon trap: trap_request=0xffffff45 fr.pc=0x000001e83b0bdf40 relative=0x0000000000000640
Event: 25.477 Thread 0x000001e891749ef0 Uncommon trap: reason=unstable_if action=reinterpret pc=0x000001e83b0bdf40 method=java.lang.AbstractStringBuilder.appendChars(Ljava/lang/String;II)V @ 11 c2
Event: 25.477 Thread 0x000001e891749ef0 DEOPT PACKING pc=0x000001e83b0bdf40 sp=0x0000006c5e2f9b90
Event: 25.477 Thread 0x000001e891749ef0 DEOPT UNPACKING pc=0x000001e83aaa7da2 sp=0x0000006c5e2f9ad0 mode 2
Event: 25.477 Thread 0x000001e891749ef0 Uncommon trap: trap_request=0xffffff45 fr.pc=0x000001e83aff84e8 relative=0x0000000000000048
Event: 25.477 Thread 0x000001e891749ef0 Uncommon trap: reason=unstable_if action=reinterpret pc=0x000001e83aff84e8 method=java.lang.StringLatin1.canEncode(I)Z @ 4 c2
Event: 25.477 Thread 0x000001e891749ef0 DEOPT PACKING pc=0x000001e83aff84e8 sp=0x0000006c5e2f9ae0
Event: 25.477 Thread 0x000001e891749ef0 DEOPT UNPACKING pc=0x000001e83aaa7da2 sp=0x0000006c5e2f9a70 mode 2
Event: 25.477 Thread 0x000001e891749ef0 Uncommon trap: trap_request=0xffffff45 fr.pc=0x000001e83b2b9364 relative=0x0000000000000304
Event: 25.477 Thread 0x000001e891749ef0 Uncommon trap: reason=unstable_if action=reinterpret pc=0x000001e83b2b9364 method=java.lang.String.getBytes([BIB)V @ 5 c2
Event: 25.477 Thread 0x000001e891749ef0 DEOPT PACKING pc=0x000001e83b2b9364 sp=0x0000006c5e2f9b30
Event: 25.477 Thread 0x000001e891749ef0 DEOPT UNPACKING pc=0x000001e83aaa7da2 sp=0x0000006c5e2f99b0 mode 2
Event: 25.477 Thread 0x000001e891749ef0 Uncommon trap: trap_request=0xffffff45 fr.pc=0x000001e83b0b219c relative=0x00000000000002dc
Event: 25.477 Thread 0x000001e891749ef0 Uncommon trap: reason=unstable_if action=reinterpret pc=0x000001e83b0b219c method=java.lang.String.indexOf([BBILjava/lang/String;I)I @ 50 c2
Event: 25.477 Thread 0x000001e891749ef0 DEOPT PACKING pc=0x000001e83b0b219c sp=0x0000006c5e2f9bc0
Event: 25.477 Thread 0x000001e891749ef0 DEOPT UNPACKING pc=0x000001e83aaa7da2 sp=0x0000006c5e2f9b50 mode 2
Event: 67.667 Thread 0x000001e891749860 DEOPT PACKING pc=0x000001e834175c9a sp=0x0000006c5dbff0a0
Event: 67.667 Thread 0x000001e891749860 DEOPT UNPACKING pc=0x000001e83aaa88e2 sp=0x0000006c5dbfe538 mode 0

Classes loaded (20 events):
Event: 25.407 Loading class java/util/stream/ReferencePipeline$5
Event: 25.408 Loading class java/util/stream/LongPipeline$StatelessOp
Event: 25.408 Loading class java/util/stream/LongPipeline
Event: 25.409 Loading class java/util/stream/LongPipeline done
Event: 25.409 Loading class java/util/stream/LongPipeline$StatelessOp done
Event: 25.409 Loading class java/util/stream/ReferencePipeline$5 done
Event: 25.410 Loading class java/util/function/LongBinaryOperator
Event: 25.410 Loading class java/util/function/LongBinaryOperator done
Event: 25.410 Loading class java/util/stream/ReduceOps$10
Event: 25.410 Loading class java/util/stream/ReduceOps$10 done
Event: 25.411 Loading class java/util/stream/ReduceOps$8ReducingSink
Event: 25.411 Loading class java/util/stream/Sink$OfLong
Event: 25.412 Loading class java/util/stream/Sink$OfLong done
Event: 25.412 Loading class java/util/stream/ReduceOps$8ReducingSink done
Event: 25.412 Loading class java/util/stream/ReferencePipeline$5$1
Event: 25.412 Loading class java/util/stream/ReferencePipeline$5$1 done
Event: 25.501 Loading class org/w3c/dom/Node
Event: 25.502 Loading class org/w3c/dom/Node done
Event: 25.502 Loading class org/w3c/dom/Document
Event: 25.502 Loading class org/w3c/dom/Document done

Classes unloaded (0 events):
No events

Classes redefined (0 events):
No events

Internal exceptions (20 events):
Event: 10.399 Thread 0x000001e88d5886c0 Exception <a 'java/lang/NoSuchMethodError'{0x0000000086f1e7c8}: 'java.lang.Object java.lang.invoke.DirectMethodHandle$Holder.invokeStatic(java.lang.Object, java.lang.Object, java.lang.Object, java.lang.Object, java.lang.Object, java.lang.Object, java.lang.Object, java.lang.Object, java.lang.Object, java.lang.Object, java.lang.Object, java.lang.Object, java.lang.Object)'> (0x0000000086f1e7c8) 
thrown [s\open\src\hotspot\share\interpreter\linkResolver.cpp, line 773]
Event: 10.400 Thread 0x000001e88d5886c0 Exception <a 'java/lang/NoSuchMethodError'{0x0000000086f3c6e0}: 'java.lang.Object java.lang.invoke.DirectMethodHandle$Holder.invokeStatic(java.lang.Object, java.lang.Object, java.lang.Object, java.lang.Object, java.lang.Object, java.lang.Object, java.lang.Object, java.lang.Object, java.lang.Object, java.lang.Object, java.lang.Object, java.lang.Object, java.lang.Object, java.lang.Object)'> (0x0000000086f3c6e0) 
thrown [s\open\src\hotspot\share\interpreter\linkResolver.cpp, line 773]
Event: 10.503 Thread 0x000001e88d5886c0 Exception <a 'java/lang/NoSuchMethodError'{0x000000008bbf5330}: 'java.lang.Object java.lang.invoke.DirectMethodHandle$Holder.newInvokeSpecial(java.lang.Object, java.lang.Object, java.lang.Object, java.lang.Object, java.lang.Object, java.lang.Object, java.lang.Object, java.lang.Object)'> (0x000000008bbf5330) 
thrown [s\open\src\hotspot\share\interpreter\linkResolver.cpp, line 773]
Event: 10.818 Thread 0x000001e88d5886c0 Exception <a 'java/lang/IncompatibleClassChangeError'{0x00000000881f7270}: Found class java.lang.Object, but interface was expected> (0x00000000881f7270) 
thrown [s\open\src\hotspot\share\interpreter\linkResolver.cpp, line 840]
Event: 11.074 Thread 0x000001e88d5886c0 Exception <a 'java/lang/NoSuchMethodError'{0x000000008738b838}: 'java.lang.Object java.lang.invoke.DirectMethodHandle$Holder.invokeInterface(java.lang.Object, java.lang.Object, java.lang.Object, java.lang.Object)'> (0x000000008738b838) 
thrown [s\open\src\hotspot\share\interpreter\linkResolver.cpp, line 773]
Event: 11.170 Thread 0x000001e88d5886c0 Exception <a 'java/lang/NoSuchMethodError'{0x0000000086e487d8}: 'int java.lang.invoke.DirectMethodHandle$Holder.invokeStaticInit(java.lang.Object, java.lang.Object, java.lang.Object, java.lang.Object)'> (0x0000000086e487d8) 
thrown [s\open\src\hotspot\share\interpreter\linkResolver.cpp, line 773]
Event: 11.175 Thread 0x000001e88d5886c0 Implicit null exception at 0x000001e83b20e313 to 0x000001e83b20e828
Event: 11.222 Thread 0x000001e88d5886c0 Exception <a 'java/lang/IncompatibleClassChangeError'{0x000000008904e9e8}: Found class java.lang.Object, but interface was expected> (0x000000008904e9e8) 
thrown [s\open\src\hotspot\share\interpreter\linkResolver.cpp, line 840]
Event: 11.261 Thread 0x000001e88d5886c0 Exception <a 'java/lang/NoSuchMethodError'{0x0000000088e9d3f8}: 'java.lang.Object java.lang.invoke.Invokers$Holder.invoke_MT(java.lang.Object, java.lang.Object, java.lang.Object, java.lang.Object, java.lang.Object, java.lang.Object, java.lang.Object, java.lang.Object, java.lang.Object, java.lang.Object, java.lang.Object)'> (0x0000000088e9d3f8) 
thrown [s\open\src\hotspot\share\interpreter\linkResolver.cpp, line 773]
Event: 11.351 Thread 0x000001e88d5886c0 Exception <a 'java/lang/NoSuchMethodError'{0x000000008884db70}: 'java.lang.Object java.lang.invoke.DirectMethodHandle$Holder.newInvokeSpecial(java.lang.Object, java.lang.Object, int, java.lang.Object, java.lang.Object)'> (0x000000008884db70) 
thrown [s\open\src\hotspot\share\interpreter\linkResolver.cpp, line 773]
Event: 19.319 Thread 0x000001e8917463e0 Exception <a 'java/lang/NoSuchMethodError'{0x000000008855ce80}: 'java.lang.Object java.lang.invoke.DirectMethodHandle$Holder.invokeStatic(java.lang.Object, java.lang.Object, java.lang.Object, int, int)'> (0x000000008855ce80) 
thrown [s\open\src\hotspot\share\interpreter\linkResolver.cpp, line 773]
Event: 19.320 Thread 0x000001e8917463e0 Exception <a 'java/lang/NoSuchMethodError'{0x00000000885605e8}: 'java.lang.Object java.lang.invoke.DirectMethodHandle$Holder.invokeStaticInit(java.lang.Object, java.lang.Object, java.lang.Object, int, int)'> (0x00000000885605e8) 
thrown [s\open\src\hotspot\share\interpreter\linkResolver.cpp, line 773]
Event: 19.386 Thread 0x000001e89174a580 Exception <a 'java/lang/NoSuchMethodError'{0x00000000881bc4c0}: 'java.lang.Object java.lang.invoke.DirectMethodHandle$Holder.invokeSpecial(java.lang.Object, java.lang.Object, java.lang.Object, java.lang.Object, java.lang.Object, long)'> (0x00000000881bc4c0) 
thrown [s\open\src\hotspot\share\interpreter\linkResolver.cpp, line 773]
Event: 19.386 Thread 0x000001e89174a580 Exception <a 'java/lang/NoSuchMethodError'{0x00000000881bfc48}: 'java.lang.Object java.lang.invoke.Invokers$Holder.linkToTargetMethod(java.lang.Object, java.lang.Object, java.lang.Object, long, java.lang.Object)'> (0x00000000881bfc48) 
thrown [s\open\src\hotspot\share\interpreter\linkResolver.cpp, line 773]
Event: 19.965 Thread 0x000001e89174bfc0 Exception <a 'java/lang/NoSuchMethodError'{0x00000000874c3df8}: 'void java.lang.invoke.DirectMethodHandle$Holder.invokeSpecialIFC(java.lang.Object, java.lang.Object, int, java.lang.Object, java.lang.Object, java.lang.Object, java.lang.Object)'> (0x00000000874c3df8) 
thrown [s\open\src\hotspot\share\interpreter\linkResolver.cpp, line 773]
Event: 20.312 Thread 0x000001e89174bfc0 Exception <a 'java/lang/IncompatibleClassChangeError'{0x0000000088d1c848}: Found class java.lang.Object, but interface was expected> (0x0000000088d1c848) 
thrown [s\open\src\hotspot\share\interpreter\linkResolver.cpp, line 840]
Event: 20.398 Thread 0x000001e89174bfc0 Exception <a 'java/lang/IncompatibleClassChangeError'{0x0000000088b23630}: Found class java.lang.Object, but interface was expected> (0x0000000088b23630) 
thrown [s\open\src\hotspot\share\interpreter\linkResolver.cpp, line 840]
Event: 20.418 Thread 0x000001e89174bfc0 Exception <a 'java/lang/NoSuchMethodError'{0x0000000088b94e40}: 'java.lang.Object java.lang.invoke.DirectMethodHandle$Holder.invokeInterface(java.lang.Object, java.lang.Object, java.lang.Object, java.lang.Object, java.lang.Object)'> (0x0000000088b94e40) 
thrown [s\open\src\hotspot\share\interpreter\linkResolver.cpp, line 773]
Event: 20.567 Thread 0x000001e89174bfc0 Implicit null exception at 0x000001e83b4ce6a7 to 0x000001e83b4cebf8
Event: 25.442 Thread 0x000001e891749ef0 Exception <a 'java/lang/NoSuchMethodError'{0x000000008866fb50}: 'int java.lang.invoke.DirectMethodHandle$Holder.invokeStatic(java.lang.Object, java.lang.Object, int, int)'> (0x000000008866fb50) 
thrown [s\open\src\hotspot\share\interpreter\linkResolver.cpp, line 773]

ZGC Phase Switch (0 events):
No events

VM Operations (20 events):
Event: 25.538 Executing VM operation: HandshakeAllThreads (Deoptimize)
Event: 25.538 Executing VM operation: HandshakeAllThreads (Deoptimize) done
Event: 26.547 Executing VM operation: Cleanup
Event: 26.548 Executing VM operation: Cleanup done
Event: 27.549 Executing VM operation: Cleanup
Event: 27.550 Executing VM operation: Cleanup done
Event: 32.573 Executing VM operation: Cleanup
Event: 32.573 Executing VM operation: Cleanup done
Event: 52.750 Executing VM operation: Cleanup
Event: 52.750 Executing VM operation: Cleanup done
Event: 60.149 Executing VM operation: HandshakeAllThreads (HandshakeForDeflation)
Event: 60.149 Executing VM operation: HandshakeAllThreads (HandshakeForDeflation) done
Event: 60.149 Executing VM operation: Cleanup
Event: 60.149 Executing VM operation: Cleanup done
Event: 60.149 Executing VM operation: RendezvousGCThreads
Event: 60.149 Executing VM operation: RendezvousGCThreads done
Event: 74.249 Executing VM operation: Cleanup
Event: 74.249 Executing VM operation: Cleanup done
Event: 87.393 Executing VM operation: Cleanup
Event: 87.393 Executing VM operation: Cleanup done

Events (20 events):
Event: 11.336 Thread 0x000001e891749ef0 Thread exited: 0x000001e891749ef0
Event: 11.336 Thread 0x000001e891747790 Thread added: 0x000001e891747790
Event: 11.363 Thread 0x000001e89174bfc0 Thread added: 0x000001e89174bfc0
Event: 11.363 Thread 0x000001e89174b2a0 Thread added: 0x000001e89174b2a0
Event: 11.363 Thread 0x000001e89174a580 Thread added: 0x000001e89174a580
Event: 11.363 Thread 0x000001e891749ef0 Thread added: 0x000001e891749ef0
Event: 11.363 Thread 0x000001e891747e20 Thread added: 0x000001e891747e20
Event: 11.363 Thread 0x000001e891746a70 Thread added: 0x000001e891746a70
Event: 11.363 Thread 0x000001e8917484b0 Thread added: 0x000001e8917484b0
Event: 11.363 Thread 0x000001e89174cce0 Thread added: 0x000001e89174cce0
Event: 11.363 Thread 0x000001e891748b40 Thread added: 0x000001e891748b40
Event: 11.363 Thread 0x000001e89174b930 Thread added: 0x000001e89174b930
Event: 11.381 Thread 0x000001e89174d370 Thread added: 0x000001e89174d370
Event: 11.382 Thread 0x000001e8917463e0 Thread added: 0x000001e8917463e0
Event: 11.401 Thread 0x000001e88d5886c0 Thread exited: 0x000001e88d5886c0
Event: 11.406 Thread 0x000001e88d588060 Thread exited: 0x000001e88d588060
Event: 11.406 Thread 0x000001e828faa6f0 Thread exited: 0x000001e828faa6f0
Event: 11.406 Thread 0x000001e89174da00 Thread added: 0x000001e89174da00
Event: 19.388 Thread 0x000001e847cc03f0 Thread added: 0x000001e847cc03f0
Event: 22.298 Thread 0x000001e847cc03f0 Thread exited: 0x000001e847cc03f0


Dynamic libraries:
0x00007ff677ba0000 - 0x00007ff677bb0000 	C:\Program Files\Java\jdk-21\bin\java.exe
0x00007ffa7e5f0000 - 0x00007ffa7e807000 	C:\WINDOWS\SYSTEM32\ntdll.dll
0x00007ffa7d430000 - 0x00007ffa7d4f4000 	C:\WINDOWS\System32\KERNEL32.DLL
0x00007ffa7be20000 - 0x00007ffa7c1f2000 	C:\WINDOWS\System32\KERNELBASE.dll
0x00007ffa7b8e0000 - 0x00007ffa7b9f1000 	C:\WINDOWS\System32\ucrtbase.dll
0x00007ffa649c0000 - 0x00007ffa649db000 	C:\Program Files\Java\jdk-21\bin\VCRUNTIME140.dll
0x00007ffa64810000 - 0x00007ffa64829000 	C:\Program Files\Java\jdk-21\bin\jli.dll
0x00007ffa7cb30000 - 0x00007ffa7cbe1000 	C:\WINDOWS\System32\ADVAPI32.dll
0x00007ffa7d770000 - 0x00007ffa7d817000 	C:\WINDOWS\System32\msvcrt.dll
0x00007ffa7d6c0000 - 0x00007ffa7d768000 	C:\WINDOWS\System32\sechost.dll
0x00007ffa7bc80000 - 0x00007ffa7bca8000 	C:\WINDOWS\System32\bcrypt.dll
0x00007ffa7d500000 - 0x00007ffa7d617000 	C:\WINDOWS\System32\RPCRT4.dll
0x00007ffa7ce10000 - 0x00007ffa7cfc1000 	C:\WINDOWS\System32\USER32.dll
0x00007ffa7b810000 - 0x00007ffa7b836000 	C:\WINDOWS\System32\win32u.dll
0x00007ffa5c8f0000 - 0x00007ffa5cb8b000 	C:\WINDOWS\WinSxS\amd64_microsoft.windows.common-controls_6595b64144ccf1df_6.0.22621.5697_none_27154c497380d676\COMCTL32.dll
0x00007ffa7d630000 - 0x00007ffa7d659000 	C:\WINDOWS\System32\GDI32.dll
0x00007ffa7b6e0000 - 0x00007ffa7b803000 	C:\WINDOWS\System32\gdi32full.dll
0x00007ffa7b840000 - 0x00007ffa7b8da000 	C:\WINDOWS\System32\msvcp_win.dll
0x00007ffa73640000 - 0x00007ffa7364a000 	C:\WINDOWS\SYSTEM32\VERSION.dll
0x00007ffa7e570000 - 0x00007ffa7e5a1000 	C:\WINDOWS\System32\IMM32.DLL
0x00007ffa71060000 - 0x00007ffa7106c000 	C:\Program Files\Java\jdk-21\bin\vcruntime140_1.dll
0x00007ffa4b3e0000 - 0x00007ffa4b46e000 	C:\Program Files\Java\jdk-21\bin\msvcp140.dll
0x00007ffa1b430000 - 0x00007ffa1c14d000 	C:\Program Files\Java\jdk-21\bin\server\jvm.dll
0x00007ffa7dd50000 - 0x00007ffa7ddc1000 	C:\WINDOWS\System32\WS2_32.dll
0x00007ffa7b5b0000 - 0x00007ffa7b5fd000 	C:\WINDOWS\SYSTEM32\POWRPROF.dll
0x00007ffa76bf0000 - 0x00007ffa76c24000 	C:\WINDOWS\SYSTEM32\WINMM.dll
0x00007ffa7b590000 - 0x00007ffa7b5a3000 	C:\WINDOWS\SYSTEM32\UMPDC.dll
0x00007ffa7a690000 - 0x00007ffa7a6a8000 	C:\WINDOWS\SYSTEM32\kernel.appcore.dll
0x00007ffa6e5a0000 - 0x00007ffa6e5aa000 	C:\Program Files\Java\jdk-21\bin\jimage.dll
0x00007ffa78fb0000 - 0x00007ffa791e3000 	C:\WINDOWS\SYSTEM32\DBGHELP.DLL
0x00007ffa7d9b0000 - 0x00007ffa7dd42000 	C:\WINDOWS\System32\combase.dll
0x00007ffa7d110000 - 0x00007ffa7d1e8000 	C:\WINDOWS\System32\OLEAUT32.dll
0x00007ffa73ac0000 - 0x00007ffa73af2000 	C:\WINDOWS\SYSTEM32\dbgcore.DLL
0x00007ffa7c200000 - 0x00007ffa7c27b000 	C:\WINDOWS\System32\bcryptPrimitives.dll
0x00007ffa647f0000 - 0x00007ffa6480f000 	C:\Program Files\Java\jdk-21\bin\java.dll
0x00007ffa7c280000 - 0x00007ffa7cb21000 	C:\WINDOWS\System32\SHELL32.dll
0x00007ffa7bb40000 - 0x00007ffa7bc7f000 	C:\WINDOWS\System32\wintypes.dll
0x00007ffa79570000 - 0x00007ffa79e8a000 	C:\WINDOWS\SYSTEM32\windows.storage.dll
0x00007ffa7e2c0000 - 0x00007ffa7e3cb000 	C:\WINDOWS\System32\SHCORE.dll
0x00007ffa7ddd0000 - 0x00007ffa7de39000 	C:\WINDOWS\System32\shlwapi.dll
0x00007ffa7b610000 - 0x00007ffa7b63b000 	C:\WINDOWS\SYSTEM32\profapi.dll
0x00007ffa334a0000 - 0x00007ffa33577000 	C:\Program Files\Java\jdk-21\bin\jsvml.dll
0x00007ffa663b0000 - 0x00007ffa663c0000 	C:\Program Files\Java\jdk-21\bin\net.dll
0x00007ffa77f30000 - 0x00007ffa7805c000 	C:\WINDOWS\SYSTEM32\WINHTTP.dll
0x00007ffa7ab70000 - 0x00007ffa7abd9000 	C:\WINDOWS\system32\mswsock.dll
0x00007ffa4f5a0000 - 0x00007ffa4f5b6000 	C:\Program Files\Java\jdk-21\bin\nio.dll
0x00007ffa5dee0000 - 0x00007ffa5def8000 	C:\Program Files\Java\jdk-21\bin\zip.dll
0x00007ffa65100000 - 0x00007ffa6510a000 	C:\Program Files\Java\jdk-21\bin\management.dll
0x00007ffa64d70000 - 0x00007ffa64d7b000 	C:\Program Files\Java\jdk-21\bin\management_ext.dll
0x00007ffa7d050000 - 0x00007ffa7d058000 	C:\WINDOWS\System32\PSAPI.DLL
0x00007ffa625f0000 - 0x00007ffa625fe000 	C:\Program Files\Java\jdk-21\bin\sunmscapi.dll
0x00007ffa7bcb0000 - 0x00007ffa7be18000 	C:\WINDOWS\System32\CRYPT32.dll
0x00007ffa7afa0000 - 0x00007ffa7afcd000 	C:\WINDOWS\SYSTEM32\ncrypt.dll
0x00007ffa7af60000 - 0x00007ffa7af97000 	C:\WINDOWS\SYSTEM32\NTASN1.dll
0x00007ffa7ade0000 - 0x00007ffa7adfb000 	C:\WINDOWS\SYSTEM32\CRYPTSP.dll
0x00007ffa7a5f0000 - 0x00007ffa7a627000 	C:\WINDOWS\system32\rsaenh.dll
0x00007ffa7ac60000 - 0x00007ffa7ac88000 	C:\WINDOWS\SYSTEM32\USERENV.dll
0x00007ffa7ae00000 - 0x00007ffa7ae0c000 	C:\WINDOWS\SYSTEM32\CRYPTBASE.dll
0x00007ffa7a130000 - 0x00007ffa7a15d000 	C:\WINDOWS\SYSTEM32\IPHLPAPI.DLL
0x00007ffa7cfd0000 - 0x00007ffa7cfd9000 	C:\WINDOWS\System32\NSI.dll
0x00007ffa7a160000 - 0x00007ffa7a258000 	C:\WINDOWS\SYSTEM32\DNSAPI.dll
0x00007ffa769c0000 - 0x00007ffa769ca000 	C:\Windows\System32\rasadhlp.dll
0x00007ffa769e0000 - 0x00007ffa76a64000 	C:\WINDOWS\System32\fwpuclnt.dll
0x00007ffa649b0000 - 0x00007ffa649b9000 	C:\Program Files\Java\jdk-21\bin\extnet.dll
0x00007ffa65700000 - 0x00007ffa65710000 	C:\Program Files\Java\jdk-21\bin\verify.dll
0x00007ffa5d340000 - 0x00007ffa5d348000 	C:\WINDOWS\system32\wshunix.dll

dbghelp: loaded successfully - version: 4.0.5 - missing functions: none
symbol engine: initialized successfully - sym options: 0x614 - pdb path: .;C:\Program Files\Java\jdk-21\bin;C:\WINDOWS\SYSTEM32;C:\WINDOWS\WinSxS\amd64_microsoft.windows.common-controls_6595b64144ccf1df_6.0.22621.5697_none_27154c497380d676;C:\Program Files\Java\jdk-21\bin\server

VM Arguments:
jvm_args: -Dfile.encoding=UTF-8 -Duser.country=US -Duser.language=en -Duser.variant 
java_command: com.example.WorkWite_Repo_BE.WorkWiteRepoBeApplication
java_class_path (initial): D:\JavaTest\WorkWite-Repo-BE\build\classes\java\main;D:\JavaTest\WorkWite-Repo-BE\build\resources\main;C:\Users\thanh\.gradle\caches\modules-2\files-2.1\org.springframework.boot\spring-boot-devtools\3.5.4\34da239c961f20c8962ee3069e28e703baed1895\spring-boot-devtools-3.5.4.jar;C:\Users\thanh\.gradle\caches\modules-2\files-2.1\org.springframework.boot\spring-boot-starter-data-jpa\3.5.4\866e11ae6a920a20a766a903693a9efbec83d388\spring-boot-starter-data-jpa-3.5.4.jar;C:\Users\thanh\.gradle\caches\modules-2\files-2.1\org.springframework.boot\spring-boot-starter-web\3.5.4\d8faea8d3235bd8752b71ea127bc4ffeda6a74cd\spring-boot-starter-web-3.5.4.jar;C:\Users\thanh\.gradle\caches\modules-2\files-2.1\org.springframework.boot\spring-boot-starter-security\3.5.4\d4a053f1b0e4e63ca11ced7b3b5b58d0315bd5e\spring-boot-starter-security-3.5.4.jar;C:\Users\thanh\.gradle\caches\modules-2\files-2.1\io.jsonwebtoken\jjwt-impl\0.12.5\b4ceb5407a360e0eb7ba6fa6c6452abadf6c120a\jjwt-impl-0.12.5.jar;C:\Users\thanh\.gradle\caches\modules-2\files-2.1\io.jsonwebtoken\jjwt-jackson\0.12.5\1b3e39349c8508272760a7b4cdf6053083ed3f6\jjwt-jackson-0.12.5.jar;C:\Users\thanh\.gradle\caches\modules-2\files-2.1\io.jsonwebtoken\jjwt-api\0.12.5\ea8243e36f16c2834ad69a048ed8a24aa9dd3e79\jjwt-api-0.12.5.jar;C:\Users\thanh\.gradle\caches\modules-2\files-2.1\org.springframework.boot\spring-boot-starter-validation\3.5.4\53004ff79e4384e6ecfce56d7c2d449c78e74fcd\spring-boot-starter-validation-3.5.4.jar;C:\Users\thanh\.gradle\caches\modules-2\files-2.1\com.mysql\mysql-connector-j\9.3.0\6dbc33cd9534ec2715a8269fced1cd872630999d\mysql-connector-j-9.3.0.jar;C:\Users\thanh\.gradle\caches\modules-2\files-2.1\org.springframework.boot\spring-boot-starter-jdbc\3.5.4\8d04d12a7e011ee5e1ddc8553b4564b62da2f18b\spring-boot-starter-jdbc-3.5.4.jar;C:\Users\thanh\.gradle\caches\modules-2\files-2.1\org.springframework.boot\spring-boot-starter-json\3.5.4\bea0574541ef01026e112dc9946cb8bbb10ddf4b\spring-boot-starter-json-3.5.4.jar;C:\Users\thanh\.gradle\caches\modules-2\files-2.1\org.springframework.boot\spring-boot-starter\3.5.4\442c481e474a4ae6ba2524df3d56b344eb163b0f\spring-boot-starter-3.5.4.jar;C:\Users\thanh\.gradle\caches\modules-2\files-2.1\org.springframework.boot\spring-boot-autoconfigure\3.5.4\3039bcc94e4cb32faf9306df982e5b8cd1d95eca\spring-boot-autoconfigure-3.5.4.jar;C:\Users\thanh\.gradle\caches\modules-2\files-2.1\org.springframework.boot\spring-boot\3.5.4\a6fedec8de3c937fc7ea9dd47340bdee29c94af\spring-boot-3.5.4.jar;C:\Users\thanh\.gradle\caches\modules-2\files-2.1\org.hibernate.orm\hibernate-core\6.6.22.Final\6588dca0d86f402ae041ab482deabb74a46b8772\hibernate-core-6.6.22.Final.jar;C:\Users\thanh\.gradle\caches\modules-2\files-2.1\org.springframework.data\spring-data-jpa\3.5.2\bf10cfac6bf849ac93c7888f8fd3340feee156de\spring-data-jpa-3.5.2.jar;C:\Users\thanh\.gradle\caches\modules-2\files-2.1\org.springframework\spring-aspects\6.2.9\6de0395ee57dd21639dab88e855f01855eb7e750\spring-aspects-6.2.9.jar;C:\Users\thanh\.gradle\caches\modules-2\files-2.1\org.springframework.boot\spring-boot-starter-tomcat\3.5.4\fff8efcbbbccc842d9158bac404471683c05b305\spring-boot-starter-tomcat-3.5.4.jar;C:\Users\thanh\.gradle\caches\modules-2\files-2.1\org.springframework\spring-webmvc\6.2.9\622208b4388c0f1f6cdadd5f477facf4b30e13d3\spring-webmvc-6.2.9.jar;C:\Users\thanh\.gradle\caches\modules-2\files-2.1\org.springframework.security\spring-security-web\6.5.2\1b9a08ee1ff56ed0f7403c3cd836309363907c1b\spring-security-web-6.5.2.jar;C:\Users\thanh\.gradle\caches\modules-2\files-2.1\org.springframework\spring-web\6.2.9\ff0c61246f4abadc5a4ac2c1b2321d374a476254\spring-web-6.2.9.jar;C:\Users\thanh\.gradle\caches\modules-2\files-2.1\org.springframework.security\spring-security-config\6.5.2\3aaa828736fa3bb8961a565d705883fe4f7145a\spring-security-config-6.5.2.jar;C:\Users\thanh\.gradle\caches\modules-2\files-2.1\org.springframework.security\spring-security-core\6.5.2\8be5724ba4f395cacb5ab23e64a08d5e89a57465\spring-security-core-6.5.2.jar;C:\Users\thanh\.gradle\caches\modules-2\files-2.1\org.springframework\spring-context\6.2.9\6a138a66f3ba69d2234e731d6fb10061d28977e\spring-context-6.2.9.jar;C:\Users\thanh\.gradle\caches\modules-2\files-2.1\org.springframework\spring-aop\6.2.9\9a4c4a61dd560bf8749aea283ce67f2e255bb286\spring-aop-6.2.9.jar;C:\Users\thanh\.gradle\caches\modules-2\files-2.1\org.apache.tomcat.embed\tomcat-embed-el\10.1.43\9c045c72e99ff21be55768e5ceeb8869f9c3f24c\tomcat-embed-el-10.1.43.jar;C:\Users\thanh\.gradle\caches\modules-2\files-2.1\org.hibernate.validator\hibernate-validator\8.0.2.Final\220e64815dd87535525331de20570017f899eb13\hibernate-validator-8.0.2.Final.jar;C:\Users\thanh\.gradle\caches\modules-2\files-2.1\com.fasterxml.jackson.datatype\jackson-datatype-jsr310\2.19.2\72e73f048b36d9df82aef146bf8b2ae63b2e28e2\jackson-datatype-jsr310-2.19.2.jar;C:\Users\thanh\.gradle\caches\modules-2\files-2.1\com.fasterxml.jackson.module\jackson-module-parameter-names\2.19.2\3c4ce467c11364c72ec4967c570fd5a2d1be1d0b\jackson-module-parameter-names-2.19.2.jar;C:\Users\thanh\.gradle\caches\modules-2\files-2.1\com.fasterxml.jackson.core\jackson-annotations\2.19.2\c5381f11988ae3d424b197a26087d86067b6d7d\jackson-annotations-2.19.2.jar;C:\Users\thanh\.gradle\caches\modules-2\files-2.1\com.fasterxml.jackson.core\jackson-core\2.19.2\50f3b4bd59b9ff51a0ed493e7b5abaf5c39709bf\jackson-core-2.19.2.jar;C:\Users\thanh\.gradle\caches\modules-2\files-2.1\com.fasterxml.jackson.datatype\jackson-datatype-jdk8\2.19.2\a720d3946c3a1ab04b780f3b3163d62eee6948a0\jackson-datatype-jdk8-2.19.2.jar;C:\Users\thanh\.gradle\caches\modules-2\files-2.1\com.fasterxml.jackson.core\jackson-databind\2.19.2\46509399d28f57ca32c6bb4b0d4e10e8f062051e\jackson-databind-2.19.2.jar;C:\Users\thanh\.gradle\caches\modules-2\files-2.1\org.springframework\spring-orm\6.2.9\addd0ffdc72c37ad13b49738fe095dafd2364edd\spring-orm-6.2.9.jar;C:\Users\thanh\.gradle\caches\modules-2\files-2.1\org.springframework\spring-jdbc\6.2.9\a5e8d3e8be846a02b398d023e3658e5278972e51\spring-jdbc-6.2.9.jar;C:\Users\thanh\.gradle\caches\modules-2\files-2.1\org.springframework.data\spring-data-commons\3.5.2\37a68fd8dfda423ce55d5cb0941cba7d9ba023ce\spring-data-commons-3.5.2.jar;C:\Users\thanh\.gradle\caches\modules-2\files-2.1\org.springframework\spring-tx\6.2.9\c2acdd50e5d1aefc07136f1e5551c9a54310bb06\spring-tx-6.2.9.jar;C:\Users\thanh\.gradle\caches\modules-2\files-2.1\org.springframework\spring-beans\6.2.9\e3b86115a856789c654eafe5e625f95679f8035f\spring-beans-6.2.9.jar;C:\Users\thanh\.gradle\caches\modules-2\files-2.1\org.springframework\spring-expression\6.2.9\e931accc74e2b3b51d44423524a4a3a295254c4a\spring-expression-6.2.9.jar;C:\Users\thanh\.gradle\caches\modules-2\files-2.1\org.springframework\spring-core\6.2.9\91f5fd4cc7f0bfd27d7b2a5f51b0193ec22c8712\spring-core-6.2.9.jar;C:\Users\thanh\.gradle\caches\modules-2\files-2.1\org.springframework.boot\spring-boot-starter-logging\3.5.4\9c007e596b63aace6f62b4109c65770422919138\spring-boot-starter-logging-3.5.4.jar;C:\Users\thanh\.gradle\caches\modules-2\files-2.1\jakarta.annotation\jakarta.annotation-api\2.1.1\48b9bda22b091b1f48b13af03fe36db3be6e1ae3\jakarta.annotation-api-2.1.1.jar;C:\Users\thanh\.gradle\caches\modules-2\files-2.1\org.yaml\snakeyaml\2.4\e0666b825b796f85521f02360e77f4c92c5a7a07\snakeyaml-2.4.jar;C:\Users\thanh\.gradle\caches\modules-2\files-2.1\com.zaxxer\HikariCP\6.3.1\411b6c8ae6eb4e2bae7f1b52ec5df58b29dd7905\HikariCP-6.3.1.jar;C:\Users\thanh\.gradle\caches\modules-2\files-2.1\jakarta.persistence\jakarta.persistence-api\3.1.0\66901fa1c373c6aff65c13791cc11da72060a8d6\jakarta.persistence-api-3.1.0.jar;C:\Users\thanh\.gradle\caches\modules-2\files-2.1\jakarta.transaction\jakarta.transaction-api\2.0.1\51a520e3fae406abb84e2e1148e6746ce3f80a1a\jakarta.transaction-api-2.0.1.jar;C:\Users\thanh\.gradle\caches\modules-2\files-2.1\org.jboss.logging\jboss-logging\3.6.1.Final\886afbb445b4016a37c8960a7aef6ebd769ce7e5\jboss-logging-3.6.1.Final.jar;C:\Users\thanh\.gradle\caches\modules-2\files-2.1\org.hibernate.common\hibernate-commons-annotations\7.0.3.Final\e183c4be8bb41d12e9f19b374e00c34a0a85f439\hibernate-commons-annotations-7.0.3.Final.jar;C:\Users\thanh\.gradle\caches\modules-2\files-2.1\io.smallrye\jandex\3.2.0\f17ad860f62a08487b9edabde608f8ac55c62fa7\jandex-3.2.0.jar;C:\Users\thanh\.gradle\caches\modules-2\files-2.1\com.fasterxml\classmate\1.7.0\e98374da1f2143ac8e6e0a95036994bb19137a3\classmate-1.7.0.jar;C:\Users\thanh\.gradle\caches\modules-2\files-2.1\net.bytebuddy\byte-buddy\1.17.6\8c70cbc6950b2ae5291a98d5003e06406d633803\byte-buddy-1.17.6.jar;C:\Users\thanh\.gradle\caches\modules-2\files-2.1\org.glassfish.jaxb\jaxb-runtime\4.0.5\ca84c2a7169b5293e232b9d00d1e4e36d4c3914a\jaxb-runtime-4.0.5.jar;C:\Users\thanh\.gradle\caches\modules-2\files-2.1\org.glassfish.jaxb\jaxb-core\4.0.5\7b4b11ea5542eea4ad55e1080b23be436795b3\jaxb-core-4.0.5.jar;C:\Users\thanh\.gradle\caches\modules-2\files-2.1\jakarta.xml.bind\jakarta.xml.bind-api\4.0.2\6cd5a999b834b63238005b7144136379dc36cad2\jakarta.xml.bind-api-4.0.2.jar;C:\Users\thanh\.gradle\caches\modules-2\files-2.1\jakarta.inject\jakarta.inject-api\2.0.1\4c28afe1991a941d7702fe1362c365f0a8641d1e\jakarta.inject-api-2.0.1.jar;C:\Users\thanh\.gradle\caches\modules-2\files-2.1\org.antlr\antlr4-runtime\4.13.0\5a02e48521624faaf5ff4d99afc88b01686af655\antlr4-runtime-4.13.0.jar;C:\Users\thanh\.gradle\caches\modules-2\files-2.1\ch.qos.logback\logback-classic\1.5.18\fc371f3fc97a639de2d67947cffb7518ec5e3d40\logback-classic-1.5.18.jar;C:\Users\thanh\.gradle\caches\modules-2\files-2.1\org.apache.logging.log4j\log4j-to-slf4j\2.24.3\da1143e2a2531ee1c2d90baa98eb50a28a39d5a7\log4j-to-slf4j-2.24.3.jar;C:\Users\thanh\.gradle\caches\modules-2\files-2.1\org.slf4j\jul-to-slf4j\2.0.17\524cb6ccc2b68a57604750e1ab8b13b5a786a6aa\jul-to-slf4j-2.0.17.jar;C:\Users\thanh\.gradle\caches\modules-2\files-2.1\org.slf4j\slf4j-api\2.0.17\d9e58ac9c7779ba3bf8142aff6c830617a7fe60f\slf4j-api-2.0.17.jar;C:\Users\thanh\.gradle\caches\modules-2\files-2.1\org.aspectj\aspectjweaver\1.9.24\9b5aeb0cea9f958b9c57fb80e62996e95a3e9379\aspectjweaver-1.9.24.jar;C:\Users\thanh\.gradle\caches\modules-2\files-2.1\org.apache.tomcat.embed\tomcat-embed-websocket\10.1.43\275ae1e1d3b13cfb7749b143e585837e7cd1f66d\tomcat-embed-websocket-10.1.43.jar;C:\Users\thanh\.gradle\caches\modules-2\files-2.1\org.apache.tomcat.embed\tomcat-embed-core\10.1.43\cfccfd242d640e9a1c0c8a4d6926ca5b4d9c714b\tomcat-embed-core-10.1.43.jar;C:\Users\thanh\.gradle\caches\modules-2\files-2.1\io.micrometer\micrometer-observation\1.15.2\43a0e4b9dad3f03d6dbcaa87b6e3714c4b97cd99\micrometer-observation-1.15.2.jar;C:\Users\thanh\.gradle\caches\modules-2\files-2.1\jakarta.validation\jakarta.validation-api\3.0.2\92b6631659ba35ca09e44874d3eb936edfeee532\jakarta.validation-api-3.0.2.jar;C:\Users\thanh\.gradle\caches\modules-2\files-2.1\org.springframework\spring-jcl\6.2.9\8959aa4b32d307c8cbfbd99220e41ddb1d070470\spring-jcl-6.2.9.jar;C:\Users\thanh\.gradle\caches\modules-2\files-2.1\org.eclipse.angus\angus-activation\2.0.2\41f1e0ddd157c856926ed149ab837d110955a9fc\angus-activation-2.0.2.jar;C:\Users\thanh\.gradle\caches\modules-2\files-2.1\jakarta.activation\jakarta.activation-api\2.1.3\fa165bd70cda600368eee31555222776a46b881f\jakarta.activation-api-2.1.3.jar;C:\Users\thanh\.gradle\caches\modules-2\files-2.1\io.micrometer\micrometer-commons\1.15.2\98e1ce7efa22b82e012d781db74ca54e5fbc730a\micrometer-commons-1.15.2.jar;C:\Users\thanh\.gradle\caches\modules-2\files-2.1\org.springframework.security\spring-security-crypto\6.5.2\be68afd130378efc6e3824168af4add3431bb0ee\spring-security-crypto-6.5.2.jar;C:\Users\thanh\.gradle\caches\modules-2\files-2.1\ch.qos.logback\logback-core\1.5.18\6c0375624f6f36b4e089e2488ba21334a11ef13f\logback-core-1.5.18.jar;C:\Users\thanh\.gradle\caches\modules-2\files-2.1\org.apache.logging.log4j\log4j-api\2.24.3\b02c125db8b6d295adf72ae6e71af5d83bce2370\log4j-api-2.24.3.jar;C:\Users\thanh\.gradle\caches\modules-2\files-2.1\org.glassfish.jaxb\txw2\4.0.5\f36a4ef12120a9bb06d766d6a0e54b144fd7ed98\txw2-4.0.5.jar;C:\Users\thanh\.gradle\caches\modules-2\files-2.1\com.sun.istack\istack-commons-runtime\4.1.2\18ec117c85f3ba0ac65409136afa8e42bc74e739\istack-commons-runtime-4.1.2.jar
Launcher Type: SUN_STANDARD

[Global flags]
     intx CICompilerCount                          = 4                                         {product} {ergonomic}
     uint ConcGCThreads                            = 2                                         {product} {ergonomic}
     uint G1ConcRefinementThreads                  = 8                                         {product} {ergonomic}
   size_t G1HeapRegionSize                         = 1048576                                   {product} {ergonomic}
    uintx GCDrainStackTargetSize                   = 64                                        {product} {ergonomic}
   size_t InitialHeapSize                          = 130023424                                 {product} {ergonomic}
   size_t MarkStackSize                            = 4194304                                   {product} {ergonomic}
   size_t MaxHeapSize                              = 2080374784                                {product} {ergonomic}
   size_t MaxNewSize                               = 1247805440                                {product} {ergonomic}
   size_t MinHeapDeltaBytes                        = 1048576                                   {product} {ergonomic}
   size_t MinHeapSize                              = 8388608                                   {product} {ergonomic}
    uintx NonNMethodCodeHeapSize                   = 5839372                                {pd product} {ergonomic}
    uintx NonProfiledCodeHeapSize                  = 122909434                              {pd product} {ergonomic}
    uintx ProfiledCodeHeapSize                     = 122909434                              {pd product} {ergonomic}
    uintx ReservedCodeCacheSize                    = 251658240                              {pd product} {ergonomic}
     bool SegmentedCodeCache                       = true                                      {product} {ergonomic}
   size_t SoftMaxHeapSize                          = 2080374784                             {manageable} {ergonomic}
     bool UseCompressedOops                        = true                           {product lp64_product} {ergonomic}
     bool UseG1GC                                  = true                                      {product} {ergonomic}
     bool UseLargePagesIndividualAllocation        = false                                  {pd product} {ergonomic}

Logging:
Log output configuration:
 #0: stdout all=warning uptime,level,tags foldmultilines=false
 #1: stderr all=off uptime,level,tags foldmultilines=false

Environment Variables:
PATH=C:\Program Files\Common Files\Oracle\Java\javapath;C:\WINDOWS\system32;C:\WINDOWS;C:\WINDOWS\System32\Wbem;C:\WINDOWS\System32\WindowsPowerShell\v1.0\;C:\WINDOWS\System32\OpenSSH\;C:\Program Files\dotnet\;C:\Program Files\Git\cmd;C:\xampp\php;C:\ProgramData\ComposerSetup\bin;C:\Program Files\nodejs\;C:\Program Files\Docker\Docker\resources\bin;C:\Program Files\MySQL\MySQL Shell 8.0\bin\;C:\Users\thanh\AppData\Local\Microsoft\WindowsApps;E:\Microsoft Visual Studio\Microsoft VS Code\bin;C:\Users\thanh\AppData\Roaming\Composer\vendor\bin;C:\Users\thanh\AppData\Roaming\npm;C:\Program Files\JetBrains\IntelliJ IDEA 2025.1.3\bin;;C:\Program Files\JetBrains\IntelliJ IDEA Community Edition 2025.2\bin
USERNAME=thanh
OS=Windows_NT
PROCESSOR_IDENTIFIER=Intel64 Family 6 Model 140 Stepping 1, GenuineIntel
TMP=C:\Users\thanh\AppData\Local\Temp
TEMP=C:\Users\thanh\AppData\Local\Temp




Periodic native trim disabled

---------------  S Y S T E M  ---------------

OS:
 Windows 11 , 64 bit Build 22621 (10.0.22621.5415)
OS uptime: 0 days 18:06 hours
Hyper-V role detected

CPU: total 8 (initial active 8) (4 cores per cpu, 2 threads per core) family 6 model 140 stepping 1 microcode 0xa4, cx8, cmov, fxsr, ht, mmx, 3dnowpref, sse, sse2, sse3, ssse3, sse4.1, sse4.2, popcnt, lzcnt, tsc, tscinvbit, avx, avx2, aes, erms, clmul, bmi1, bmi2, adx, avx512f, avx512dq, avx512cd, avx512bw, avx512vl, sha, fma, vzeroupper, avx512_vpopcntdq, avx512_vpclmulqdq, avx512_vaes, avx512_vnni, clflush, clflushopt, clwb, avx512_vbmi2, avx512_vbmi, hv, rdtscp, rdpid, fsrm, gfni, avx512_bitalg, f16c, cet_ibt, cet_ss, avx512_ifma
Processor Information for all 8 processors :
  Max Mhz: 2611, Current Mhz: 2611, Mhz Limit: 2611

Memory: 4k page, system-wide physical 7930M (364M free)
TotalPageFile size 16122M (AvailPageFile size 0M)
current process WorkingSet (physical memory assigned to process): 53M, peak: 305M
current process commit charge ("private bytes"): 331M, peak: 341M

vm_info: Java HotSpot(TM) 64-Bit Server VM (21.0.8+12-LTS-250) for windows-amd64 JRE (21.0.8+12-LTS-250), built on 2025-06-27T08:11:22Z by "mach5one" with MS VC++ 17.6 (VS2022)

END.
