#
# There is insufficient memory for the Java Runtime Environment to continue.
# Native memory allocation (malloc) failed to allocate 32744 bytes. Error detail: Chunk::new
# Possible reasons:
#   The system is out of physical RAM or swap space
#   This process is running with CompressedOops enabled, and the Java Heap may be blocking the growth of the native heap
# Possible solutions:
#   Reduce memory load on the system
#   Increase physical memory or swap space
#   Check if swap backing store is full
#   Decrease Java heap size (-Xmx/-Xms)
#   Decrease number of Java threads
#   Decrease Java thread stack sizes (-Xss)
#   Set larger code cache with -XX:ReservedCodeCacheSize=
#   JVM is running with Unscaled Compressed Oops mode in which the Java heap is
#     placed in the first 4GB address space. The Java Heap base address is the
#     maximum limit for the native heap growth. Please use -XX:HeapBaseMinAddress
#     to set the Java Heap base and to place the Java Heap above 4GB virtual address.
# This output file may be truncated or incomplete.
#
#  Out of Memory Error (arena.cpp:168), pid=18812, tid=15888
#
# JRE version: OpenJDK Runtime Environment JBR-21.0.7+9-895.130-jcef (21.0.7+9) (build 21.0.7+9-b895.130)
# Java VM: OpenJDK 64-Bit Server VM JBR-21.0.7+9-895.130-jcef (21.0.7+9-b895.130, mixed mode, sharing, tiered, compressed oops, compressed class ptrs, g1 gc, windows-amd64)
# No core dump will be written. Minidumps are not enabled by default on client versions of Windows
#

---------------  S U M M A R Y ------------

Command Line: -Djava.rmi.server.hostname=127.0.0.1 -Duser.timezone=UTC -Xmx2048m -Xms128m -Djdbc.classpath=C:\Users\ADMIN\AppData\Local\Temp\RemoteDriver.classpath.txt --add-exports=java.desktop/sun.awt=ALL-UNNAMED --add-exports=java.desktop/java.awt.peer=ALL-UNNAMED --add-opens=java.desktop/java.awt=ALL-UNNAMED --add-opens=jdk.unsupported/sun.misc=ALL-UNNAMED --add-opens=java.base/java.nio=ALL-UNNAMED --add-opens=java.base/java.util=ALL-UNNAMED -Dfile.encoding=UTF-8 -Dsun.stdout.encoding=UTF-8 -Dsun.stderr.encoding=UTF-8 com.intellij.database.remote.RemoteJdbcServer com.mysql.cj.jdbc.Driver

Host: AMD Ryzen 5 5500U with Radeon Graphics         , 12 cores, 7G,  Windows 11 , 64 bit Build 22621 (10.0.22621.457)
Time: Wed Sep 10 16:04:08 2025 SE Asia Standard Time elapsed time: 6833.372266 seconds (0d 1h 53m 53s)

---------------  T H R E A D  ---------------

Current thread (0x000001ce54441560):  JavaThread "C2 CompilerThread0" daemon [_thread_in_native, id=15888, stack(0x00000027bd400000,0x00000027bd500000) (1024K)]


Current CompileTask:
C2:6833372 2867       4       sun.rmi.transport.StreamRemoteCall::getInputStream (60 bytes)

Stack: [0x00000027bd400000,0x00000027bd500000]
Native frames: (J=compiled Java code, j=interpreted, Vv=VM code, C=native code)
V  [jvm.dll+0x6e6049]
V  [jvm.dll+0x8c4343]
V  [jvm.dll+0x8c689e]
V  [jvm.dll+0x8c6f83]
V  [jvm.dll+0x289266]
V  [jvm.dll+0xc675d]
V  [jvm.dll+0xc6c93]
V  [jvm.dll+0x6f753b]
V  [jvm.dll+0x6f5ac4]
V  [jvm.dll+0x1d090c]
V  [jvm.dll+0x2fe074]
V  [jvm.dll+0x700466]
V  [jvm.dll+0x6f86bb]
V  [jvm.dll+0x6f7b62]
V  [jvm.dll+0x6f5d2a]
V  [jvm.dll+0x1d090c]
V  [jvm.dll+0x2fe074]
V  [jvm.dll+0x700466]
V  [jvm.dll+0x6f86bb]
V  [jvm.dll+0x6f7b62]
V  [jvm.dll+0x6f5d2a]
V  [jvm.dll+0x1d090c]
V  [jvm.dll+0x2fe074]
V  [jvm.dll+0x700466]
V  [jvm.dll+0x6f86bb]
V  [jvm.dll+0x6f7b62]
V  [jvm.dll+0x6f5d2a]
V  [jvm.dll+0x1d090c]
V  [jvm.dll+0x2fe074]
V  [jvm.dll+0x700466]
V  [jvm.dll+0x6f86bb]
V  [jvm.dll+0x6f7b62]
V  [jvm.dll+0x6f5d2a]
V  [jvm.dll+0x1d090c]
V  [jvm.dll+0x24fa7d]
V  [jvm.dll+0x1cd734]
V  [jvm.dll+0x25f76c]
V  [jvm.dll+0x25dcb6]
V  [jvm.dll+0x3ffa86]
V  [jvm.dll+0x86bea8]
V  [jvm.dll+0x6e480d]
C  [ucrtbase.dll+0x29363]
C  [KERNEL32.DLL+0x1244d]
C  [ntdll.dll+0x5df78]


---------------  P R O C E S S  ---------------

Threads class SMR info:
_java_thread_list=0x000001ce9a37ef00, length=20, elements={
0x000001ce3ba18ee0, 0x000001ce54434a90, 0x000001ce544374f0, 0x000001ce54438760,
0x000001ce544391b0, 0x000001ce54439c00, 0x000001ce5443f290, 0x000001ce54441560,
0x000001ce5444a130, 0x000001ce546d7fc0, 0x000001ce546dbc70, 0x000001ce547eb4f0,
0x000001ce9a2f4f50, 0x000001ce54983910, 0x000001ce9a41cc10, 0x000001ce9a41eeb0,
0x000001ce9a40d8a0, 0x000001ce9a3178a0, 0x000001ce9a311370, 0x000001ce9a313440
}

Java Threads: ( => current thread )
  0x000001ce3ba18ee0 JavaThread "main"                              [_thread_blocked, id=15464, stack(0x00000027bc600000,0x00000027bc700000) (1024K)]
  0x000001ce54434a90 JavaThread "Reference Handler"          daemon [_thread_blocked, id=18592, stack(0x00000027bce00000,0x00000027bcf00000) (1024K)]
  0x000001ce544374f0 JavaThread "Finalizer"                  daemon [_thread_blocked, id=12740, stack(0x00000027bcf00000,0x00000027bd000000) (1024K)]
  0x000001ce54438760 JavaThread "Signal Dispatcher"          daemon [_thread_blocked, id=4028, stack(0x00000027bd000000,0x00000027bd100000) (1024K)]
  0x000001ce544391b0 JavaThread "Attach Listener"            daemon [_thread_blocked, id=20392, stack(0x00000027bd100000,0x00000027bd200000) (1024K)]
  0x000001ce54439c00 JavaThread "Service Thread"             daemon [_thread_blocked, id=9752, stack(0x00000027bd200000,0x00000027bd300000) (1024K)]
  0x000001ce5443f290 JavaThread "Monitor Deflation Thread"   daemon [_thread_blocked, id=17432, stack(0x00000027bd300000,0x00000027bd400000) (1024K)]
=>0x000001ce54441560 JavaThread "C2 CompilerThread0"         daemon [_thread_in_native, id=15888, stack(0x00000027bd400000,0x00000027bd500000) (1024K)]
  0x000001ce5444a130 JavaThread "C1 CompilerThread0"         daemon [_thread_blocked, id=19896, stack(0x00000027bd500000,0x00000027bd600000) (1024K)]
  0x000001ce546d7fc0 JavaThread "Common-Cleaner"             daemon [_thread_blocked, id=11016, stack(0x00000027bd600000,0x00000027bd700000) (1024K)]
  0x000001ce546dbc70 JavaThread "Notification Thread"        daemon [_thread_blocked, id=19884, stack(0x00000027bd700000,0x00000027bd800000) (1024K)]
  0x000001ce547eb4f0 JavaThread "mysql-cj-abandoned-connection-cleanup" daemon [_thread_blocked, id=2900, stack(0x00000027bd900000,0x00000027bda00000) (1024K)]
  0x000001ce9a2f4f50 JavaThread "RMI TCP Accept-63721"       daemon [_thread_in_native, id=11812, stack(0x00000027bda00000,0x00000027bdb00000) (1024K)]
  0x000001ce54983910 JavaThread "RMI TCP Accept-0"           daemon [_thread_in_native, id=19656, stack(0x00000027bdb00000,0x00000027bdc00000) (1024K)]
  0x000001ce9a41cc10 JavaThread "RMI Reaper"                        [_thread_blocked, id=13056, stack(0x00000027bdc00000,0x00000027bdd00000) (1024K)]
  0x000001ce9a41eeb0 JavaThread "RMI GC Daemon"              daemon [_thread_blocked, id=13108, stack(0x00000027bdd00000,0x00000027bde00000) (1024K)]
  0x000001ce9a40d8a0 JavaThread "RMI TCP Connection(6)-127.0.0.1" daemon [_thread_in_native, id=20372, stack(0x00000027bdf00000,0x00000027be000000) (1024K)]
  0x000001ce9a3178a0 JavaThread "RMI Scheduler(0)"           daemon [_thread_blocked, id=12620, stack(0x00000027bd800000,0x00000027bd900000) (1024K)]
  0x000001ce9a311370 JavaThread "RMI RenewClean-[127.0.0.1:55055]" daemon [_thread_blocked, id=19784, stack(0x00000027be200000,0x00000027be300000) (1024K)]
  0x000001ce9a313440 JavaThread "RMI TCP Connection(5)-127.0.0.1" daemon [_thread_in_native, id=6312, stack(0x00000027bc300000,0x00000027bc400000) (1024K)]
Total: 20

Other Threads:
  0x000001ce5441b170 VMThread "VM Thread"                           [id=18992, stack(0x00000027bcd00000,0x00000027bce00000) (1024K)]
  0x000001ce5440a0b0 WatcherThread "VM Periodic Task Thread"        [id=7020, stack(0x00000027bcc00000,0x00000027bcd00000) (1024K)]
  0x000001ce3ba6e340 WorkerThread "GC Thread#0"                     [id=17624, stack(0x00000027bc700000,0x00000027bc800000) (1024K)]
  0x000001ce9a4c19c0 WorkerThread "GC Thread#1"                     [id=20008, stack(0x00000027be300000,0x00000027be400000) (1024K)]
  0x000001ce9a397b40 WorkerThread "GC Thread#2"                     [id=9604, stack(0x00000027be400000,0x00000027be500000) (1024K)]
  0x000001ce9a4c65e0 WorkerThread "GC Thread#3"                     [id=14156, stack(0x00000027be500000,0x00000027be600000) (1024K)]
  0x000001ce9a4a7330 WorkerThread "GC Thread#4"                     [id=14680, stack(0x00000027be600000,0x00000027be700000) (1024K)]
  0x000001ce9a4cb0c0 WorkerThread "GC Thread#5"                     [id=17164, stack(0x00000027be700000,0x00000027be800000) (1024K)]
  0x000001ce9a492d20 WorkerThread "GC Thread#6"                     [id=14468, stack(0x00000027be800000,0x00000027be900000) (1024K)]
  0x000001ce9a4f9b40 WorkerThread "GC Thread#7"                     [id=19292, stack(0x00000027be900000,0x00000027bea00000) (1024K)]
  0x000001ce9a4f9ee0 WorkerThread "GC Thread#8"                     [id=8216, stack(0x00000027bea00000,0x00000027beb00000) (1024K)]
  0x000001ce9a4fa280 WorkerThread "GC Thread#9"                     [id=8988, stack(0x00000027beb00000,0x00000027bec00000) (1024K)]
  0x000001ce3ba7f0d0 ConcurrentGCThread "G1 Main Marker"            [id=19032, stack(0x00000027bc800000,0x00000027bc900000) (1024K)]
  0x000001ce3ba7fb30 WorkerThread "G1 Conc#0"                       [id=3584, stack(0x00000027bc900000,0x00000027bca00000) (1024K)]
  0x000001ce542ca9d0 ConcurrentGCThread "G1 Refine#0"               [id=9360, stack(0x00000027bca00000,0x00000027bcb00000) (1024K)]
  0x000001ce542cb2f0 ConcurrentGCThread "G1 Service"                [id=19040, stack(0x00000027bcb00000,0x00000027bcc00000) (1024K)]
Total: 16

Threads with active compile tasks:
C2 CompilerThread0  6833498 2867       4       sun.rmi.transport.StreamRemoteCall::getInputStream (60 bytes)
Total: 1

VM state: not at safepoint (normal execution)

VM Mutex/Monitor currently owned by a thread: None

Heap address: 0x0000000080000000, size: 2048 MB, Compressed Oops mode: 32-bit

CDS archive(s) mapped at: [0x000001ce55000000-0x000001ce55d10000-0x000001ce55d10000), size 13697024, SharedBaseAddress: 0x000001ce55000000, ArchiveRelocationMode: 1.
Compressed class space mapped at: 0x000001ce56000000-0x000001ce96000000, reserved size: 1073741824
Narrow klass base: 0x000001ce55000000, Narrow klass shift: 0, Narrow klass range: 0x100000000

GC Precious Log:
 CardTable entry size: 512
 Card Set container configuration: InlinePtr #cards 5 size 8 Array Of Cards #cards 12 size 40 Howl #buckets 4 coarsen threshold 1843 Howl Bitmap #cards 512 size 80 coarsen threshold 460 Card regions per heap region 1 cards per card region 2048
 CPUs: 12 total, 12 available
 Memory: 7528M
 Large Page Support: Disabled
 NUMA Support: Disabled
 Compressed Oops: Enabled (32-bit)
 Heap Region Size: 1M
 Heap Min Capacity: 128M
 Heap Initial Capacity: 128M
 Heap Max Capacity: 2G
 Pre-touch: Disabled
 Parallel Workers: 10
 Concurrent Workers: 3
 Concurrent Refinement Workers: 10
 Periodic GC: Disabled

Heap:
 garbage-first heap   total 131072K, used 17134K [0x0000000080000000, 0x0000000100000000)
  region size 1024K, 6 young (6144K), 0 survivors (0K)
 Metaspace       used 17725K, committed 18240K, reserved 1114112K
  class space    used 1995K, committed 2240K, reserved 1048576K

Heap Regions: E=young(eden), S=young(survivor), O=old, HS=humongous(starts), HC=humongous(continues), CS=collection set, F=free, TAMS=top-at-mark-start, PB=parsable bottom
|   0|0x0000000080000000, 0x0000000080100000, 0x0000000080100000|100%|HS|  |TAMS 0x0000000080000000| PB 0x0000000080000000| Untracked 
|   1|0x0000000080100000, 0x0000000080200000, 0x0000000080200000|100%|HC|  |TAMS 0x0000000080100000| PB 0x0000000080100000| Untracked 
|   2|0x0000000080200000, 0x0000000080300000, 0x0000000080300000|100%|HS|  |TAMS 0x0000000080200000| PB 0x0000000080200000| Untracked 
|   3|0x0000000080300000, 0x0000000080400000, 0x0000000080400000|100%|HS|  |TAMS 0x0000000080300000| PB 0x0000000080300000| Untracked 
|   4|0x0000000080400000, 0x0000000080500000, 0x0000000080500000|100%| O|  |TAMS 0x0000000080400000| PB 0x0000000080400000| Untracked 
|   5|0x0000000080500000, 0x00000000805ffd88, 0x0000000080600000| 99%| O|  |TAMS 0x0000000080500000| PB 0x0000000080500000| Untracked 
|   6|0x0000000080600000, 0x0000000080700000, 0x0000000080700000|100%| O|  |TAMS 0x0000000080600000| PB 0x0000000080600000| Untracked 
|   7|0x0000000080700000, 0x0000000080800000, 0x0000000080800000|100%| O|  |TAMS 0x0000000080700000| PB 0x0000000080700000| Untracked 
|   8|0x0000000080800000, 0x00000000808ffff0, 0x0000000080900000| 99%| O|  |TAMS 0x0000000080800000| PB 0x0000000080800000| Untracked 
|   9|0x0000000080900000, 0x00000000809eadc0, 0x0000000080a00000| 91%| O|  |TAMS 0x0000000080900000| PB 0x0000000080900000| Untracked 
|  10|0x0000000080a00000, 0x0000000080a1dd08, 0x0000000080b00000| 11%| O|  |TAMS 0x0000000080a00000| PB 0x0000000080a00000| Untracked 
|  11|0x0000000080b00000, 0x0000000080bb31f8, 0x0000000080c00000| 69%| O|  |TAMS 0x0000000080b00000| PB 0x0000000080b00000| Untracked 
|  12|0x0000000080c00000, 0x0000000080c00000, 0x0000000080d00000|  0%| F|  |TAMS 0x0000000080c00000| PB 0x0000000080c00000| Untracked 
|  13|0x0000000080d00000, 0x0000000080d00000, 0x0000000080e00000|  0%| F|  |TAMS 0x0000000080d00000| PB 0x0000000080d00000| Untracked 
|  14|0x0000000080e00000, 0x0000000080e00000, 0x0000000080f00000|  0%| F|  |TAMS 0x0000000080e00000| PB 0x0000000080e00000| Untracked 
|  15|0x0000000080f00000, 0x0000000080f00000, 0x0000000081000000|  0%| F|  |TAMS 0x0000000080f00000| PB 0x0000000080f00000| Untracked 
|  16|0x0000000081000000, 0x0000000081000000, 0x0000000081100000|  0%| F|  |TAMS 0x0000000081000000| PB 0x0000000081000000| Untracked 
|  17|0x0000000081100000, 0x0000000081100000, 0x0000000081200000|  0%| F|  |TAMS 0x0000000081100000| PB 0x0000000081100000| Untracked 
|  18|0x0000000081200000, 0x0000000081200000, 0x0000000081300000|  0%| F|  |TAMS 0x0000000081200000| PB 0x0000000081200000| Untracked 
|  19|0x0000000081300000, 0x0000000081300000, 0x0000000081400000|  0%| F|  |TAMS 0x0000000081300000| PB 0x0000000081300000| Untracked 
|  20|0x0000000081400000, 0x0000000081400000, 0x0000000081500000|  0%| F|  |TAMS 0x0000000081400000| PB 0x0000000081400000| Untracked 
|  21|0x0000000081500000, 0x0000000081500000, 0x0000000081600000|  0%| F|  |TAMS 0x0000000081500000| PB 0x0000000081500000| Untracked 
|  22|0x0000000081600000, 0x0000000081600000, 0x0000000081700000|  0%| F|  |TAMS 0x0000000081600000| PB 0x0000000081600000| Untracked 
|  23|0x0000000081700000, 0x0000000081700000, 0x0000000081800000|  0%| F|  |TAMS 0x0000000081700000| PB 0x0000000081700000| Untracked 
|  24|0x0000000081800000, 0x0000000081800000, 0x0000000081900000|  0%| F|  |TAMS 0x0000000081800000| PB 0x0000000081800000| Untracked 
|  25|0x0000000081900000, 0x0000000081900000, 0x0000000081a00000|  0%| F|  |TAMS 0x0000000081900000| PB 0x0000000081900000| Untracked 
|  26|0x0000000081a00000, 0x0000000081a00000, 0x0000000081b00000|  0%| F|  |TAMS 0x0000000081a00000| PB 0x0000000081a00000| Untracked 
|  27|0x0000000081b00000, 0x0000000081b00000, 0x0000000081c00000|  0%| F|  |TAMS 0x0000000081b00000| PB 0x0000000081b00000| Untracked 
|  28|0x0000000081c00000, 0x0000000081c00000, 0x0000000081d00000|  0%| F|  |TAMS 0x0000000081c00000| PB 0x0000000081c00000| Untracked 
|  29|0x0000000081d00000, 0x0000000081d00000, 0x0000000081e00000|  0%| F|  |TAMS 0x0000000081d00000| PB 0x0000000081d00000| Untracked 
|  30|0x0000000081e00000, 0x0000000081e00000, 0x0000000081f00000|  0%| F|  |TAMS 0x0000000081e00000| PB 0x0000000081e00000| Untracked 
|  31|0x0000000081f00000, 0x0000000081f00000, 0x0000000082000000|  0%| F|  |TAMS 0x0000000081f00000| PB 0x0000000081f00000| Untracked 
|  32|0x0000000082000000, 0x0000000082000000, 0x0000000082100000|  0%| F|  |TAMS 0x0000000082000000| PB 0x0000000082000000| Untracked 
|  33|0x0000000082100000, 0x0000000082100000, 0x0000000082200000|  0%| F|  |TAMS 0x0000000082100000| PB 0x0000000082100000| Untracked 
|  34|0x0000000082200000, 0x0000000082200000, 0x0000000082300000|  0%| F|  |TAMS 0x0000000082200000| PB 0x0000000082200000| Untracked 
|  35|0x0000000082300000, 0x0000000082300000, 0x0000000082400000|  0%| F|  |TAMS 0x0000000082300000| PB 0x0000000082300000| Untracked 
|  36|0x0000000082400000, 0x0000000082400000, 0x0000000082500000|  0%| F|  |TAMS 0x0000000082400000| PB 0x0000000082400000| Untracked 
|  37|0x0000000082500000, 0x0000000082500000, 0x0000000082600000|  0%| F|  |TAMS 0x0000000082500000| PB 0x0000000082500000| Untracked 
|  38|0x0000000082600000, 0x0000000082600000, 0x0000000082700000|  0%| F|  |TAMS 0x0000000082600000| PB 0x0000000082600000| Untracked 
|  39|0x0000000082700000, 0x0000000082700000, 0x0000000082800000|  0%| F|  |TAMS 0x0000000082700000| PB 0x0000000082700000| Untracked 
|  40|0x0000000082800000, 0x0000000082800000, 0x0000000082900000|  0%| F|  |TAMS 0x0000000082800000| PB 0x0000000082800000| Untracked 
|  41|0x0000000082900000, 0x0000000082900000, 0x0000000082a00000|  0%| F|  |TAMS 0x0000000082900000| PB 0x0000000082900000| Untracked 
|  42|0x0000000082a00000, 0x0000000082a00000, 0x0000000082b00000|  0%| F|  |TAMS 0x0000000082a00000| PB 0x0000000082a00000| Untracked 
|  43|0x0000000082b00000, 0x0000000082b00000, 0x0000000082c00000|  0%| F|  |TAMS 0x0000000082b00000| PB 0x0000000082b00000| Untracked 
|  44|0x0000000082c00000, 0x0000000082c00000, 0x0000000082d00000|  0%| F|  |TAMS 0x0000000082c00000| PB 0x0000000082c00000| Untracked 
|  45|0x0000000082d00000, 0x0000000082d00000, 0x0000000082e00000|  0%| F|  |TAMS 0x0000000082d00000| PB 0x0000000082d00000| Untracked 
|  46|0x0000000082e00000, 0x0000000082e00000, 0x0000000082f00000|  0%| F|  |TAMS 0x0000000082e00000| PB 0x0000000082e00000| Untracked 
|  47|0x0000000082f00000, 0x0000000082f00000, 0x0000000083000000|  0%| F|  |TAMS 0x0000000082f00000| PB 0x0000000082f00000| Untracked 
|  48|0x0000000083000000, 0x0000000083000000, 0x0000000083100000|  0%| F|  |TAMS 0x0000000083000000| PB 0x0000000083000000| Untracked 
|  49|0x0000000083100000, 0x0000000083100000, 0x0000000083200000|  0%| F|  |TAMS 0x0000000083100000| PB 0x0000000083100000| Untracked 
|  50|0x0000000083200000, 0x0000000083200000, 0x0000000083300000|  0%| F|  |TAMS 0x0000000083200000| PB 0x0000000083200000| Untracked 
|  51|0x0000000083300000, 0x0000000083300000, 0x0000000083400000|  0%| F|  |TAMS 0x0000000083300000| PB 0x0000000083300000| Untracked 
|  52|0x0000000083400000, 0x0000000083400000, 0x0000000083500000|  0%| F|  |TAMS 0x0000000083400000| PB 0x0000000083400000| Untracked 
|  53|0x0000000083500000, 0x0000000083500000, 0x0000000083600000|  0%| F|  |TAMS 0x0000000083500000| PB 0x0000000083500000| Untracked 
|  54|0x0000000083600000, 0x0000000083600000, 0x0000000083700000|  0%| F|  |TAMS 0x0000000083600000| PB 0x0000000083600000| Untracked 
|  55|0x0000000083700000, 0x0000000083700000, 0x0000000083800000|  0%| F|  |TAMS 0x0000000083700000| PB 0x0000000083700000| Untracked 
|  56|0x0000000083800000, 0x0000000083800000, 0x0000000083900000|  0%| F|  |TAMS 0x0000000083800000| PB 0x0000000083800000| Untracked 
|  57|0x0000000083900000, 0x0000000083900000, 0x0000000083a00000|  0%| F|  |TAMS 0x0000000083900000| PB 0x0000000083900000| Untracked 
|  58|0x0000000083a00000, 0x0000000083a00000, 0x0000000083b00000|  0%| F|  |TAMS 0x0000000083a00000| PB 0x0000000083a00000| Untracked 
|  59|0x0000000083b00000, 0x0000000083b00000, 0x0000000083c00000|  0%| F|  |TAMS 0x0000000083b00000| PB 0x0000000083b00000| Untracked 
|  60|0x0000000083c00000, 0x0000000083c00000, 0x0000000083d00000|  0%| F|  |TAMS 0x0000000083c00000| PB 0x0000000083c00000| Untracked 
|  61|0x0000000083d00000, 0x0000000083d00000, 0x0000000083e00000|  0%| F|  |TAMS 0x0000000083d00000| PB 0x0000000083d00000| Untracked 
|  62|0x0000000083e00000, 0x0000000083e00000, 0x0000000083f00000|  0%| F|  |TAMS 0x0000000083e00000| PB 0x0000000083e00000| Untracked 
|  63|0x0000000083f00000, 0x0000000083f00000, 0x0000000084000000|  0%| F|  |TAMS 0x0000000083f00000| PB 0x0000000083f00000| Untracked 
|  64|0x0000000084000000, 0x0000000084000000, 0x0000000084100000|  0%| F|  |TAMS 0x0000000084000000| PB 0x0000000084000000| Untracked 
|  65|0x0000000084100000, 0x0000000084100000, 0x0000000084200000|  0%| F|  |TAMS 0x0000000084100000| PB 0x0000000084100000| Untracked 
|  66|0x0000000084200000, 0x0000000084200000, 0x0000000084300000|  0%| F|  |TAMS 0x0000000084200000| PB 0x0000000084200000| Untracked 
|  67|0x0000000084300000, 0x0000000084300000, 0x0000000084400000|  0%| F|  |TAMS 0x0000000084300000| PB 0x0000000084300000| Untracked 
|  68|0x0000000084400000, 0x0000000084400000, 0x0000000084500000|  0%| F|  |TAMS 0x0000000084400000| PB 0x0000000084400000| Untracked 
|  69|0x0000000084500000, 0x0000000084500000, 0x0000000084600000|  0%| F|  |TAMS 0x0000000084500000| PB 0x0000000084500000| Untracked 
|  70|0x0000000084600000, 0x0000000084600000, 0x0000000084700000|  0%| F|  |TAMS 0x0000000084600000| PB 0x0000000084600000| Untracked 
|  71|0x0000000084700000, 0x0000000084700000, 0x0000000084800000|  0%| F|  |TAMS 0x0000000084700000| PB 0x0000000084700000| Untracked 
|  72|0x0000000084800000, 0x0000000084800000, 0x0000000084900000|  0%| F|  |TAMS 0x0000000084800000| PB 0x0000000084800000| Untracked 
|  73|0x0000000084900000, 0x0000000084900000, 0x0000000084a00000|  0%| F|  |TAMS 0x0000000084900000| PB 0x0000000084900000| Untracked 
|  74|0x0000000084a00000, 0x0000000084a00000, 0x0000000084b00000|  0%| F|  |TAMS 0x0000000084a00000| PB 0x0000000084a00000| Untracked 
|  75|0x0000000084b00000, 0x0000000084b00000, 0x0000000084c00000|  0%| F|  |TAMS 0x0000000084b00000| PB 0x0000000084b00000| Untracked 
|  76|0x0000000084c00000, 0x0000000084c00000, 0x0000000084d00000|  0%| F|  |TAMS 0x0000000084c00000| PB 0x0000000084c00000| Untracked 
|  77|0x0000000084d00000, 0x0000000084d00000, 0x0000000084e00000|  0%| F|  |TAMS 0x0000000084d00000| PB 0x0000000084d00000| Untracked 
|  78|0x0000000084e00000, 0x0000000084e00000, 0x0000000084f00000|  0%| F|  |TAMS 0x0000000084e00000| PB 0x0000000084e00000| Untracked 
|  79|0x0000000084f00000, 0x0000000084f00000, 0x0000000085000000|  0%| F|  |TAMS 0x0000000084f00000| PB 0x0000000084f00000| Untracked 
|  80|0x0000000085000000, 0x0000000085000000, 0x0000000085100000|  0%| F|  |TAMS 0x0000000085000000| PB 0x0000000085000000| Untracked 
|  81|0x0000000085100000, 0x0000000085100000, 0x0000000085200000|  0%| F|  |TAMS 0x0000000085100000| PB 0x0000000085100000| Untracked 
|  82|0x0000000085200000, 0x0000000085200000, 0x0000000085300000|  0%| F|  |TAMS 0x0000000085200000| PB 0x0000000085200000| Untracked 
|  83|0x0000000085300000, 0x0000000085300000, 0x0000000085400000|  0%| F|  |TAMS 0x0000000085300000| PB 0x0000000085300000| Untracked 
|  84|0x0000000085400000, 0x0000000085400000, 0x0000000085500000|  0%| F|  |TAMS 0x0000000085400000| PB 0x0000000085400000| Untracked 
|  85|0x0000000085500000, 0x0000000085500000, 0x0000000085600000|  0%| F|  |TAMS 0x0000000085500000| PB 0x0000000085500000| Untracked 
|  86|0x0000000085600000, 0x0000000085600000, 0x0000000085700000|  0%| F|  |TAMS 0x0000000085600000| PB 0x0000000085600000| Untracked 
|  87|0x0000000085700000, 0x0000000085700000, 0x0000000085800000|  0%| F|  |TAMS 0x0000000085700000| PB 0x0000000085700000| Untracked 
|  88|0x0000000085800000, 0x0000000085800000, 0x0000000085900000|  0%| F|  |TAMS 0x0000000085800000| PB 0x0000000085800000| Untracked 
|  89|0x0000000085900000, 0x0000000085900000, 0x0000000085a00000|  0%| F|  |TAMS 0x0000000085900000| PB 0x0000000085900000| Untracked 
|  90|0x0000000085a00000, 0x0000000085a00000, 0x0000000085b00000|  0%| F|  |TAMS 0x0000000085a00000| PB 0x0000000085a00000| Untracked 
|  91|0x0000000085b00000, 0x0000000085b00000, 0x0000000085c00000|  0%| F|  |TAMS 0x0000000085b00000| PB 0x0000000085b00000| Untracked 
|  92|0x0000000085c00000, 0x0000000085c00000, 0x0000000085d00000|  0%| F|  |TAMS 0x0000000085c00000| PB 0x0000000085c00000| Untracked 
|  93|0x0000000085d00000, 0x0000000085d00000, 0x0000000085e00000|  0%| F|  |TAMS 0x0000000085d00000| PB 0x0000000085d00000| Untracked 
|  94|0x0000000085e00000, 0x0000000085e00000, 0x0000000085f00000|  0%| F|  |TAMS 0x0000000085e00000| PB 0x0000000085e00000| Untracked 
|  95|0x0000000085f00000, 0x0000000085f00000, 0x0000000086000000|  0%| F|  |TAMS 0x0000000085f00000| PB 0x0000000085f00000| Untracked 
|  96|0x0000000086000000, 0x0000000086000000, 0x0000000086100000|  0%| F|  |TAMS 0x0000000086000000| PB 0x0000000086000000| Untracked 
|  97|0x0000000086100000, 0x0000000086200000, 0x0000000086200000|100%| O|  |TAMS 0x0000000086100000| PB 0x0000000086100000| Untracked 
|  98|0x0000000086200000, 0x0000000086200000, 0x0000000086300000|  0%| F|  |TAMS 0x0000000086200000| PB 0x0000000086200000| Untracked 
|  99|0x0000000086300000, 0x0000000086300000, 0x0000000086400000|  0%| F|  |TAMS 0x0000000086300000| PB 0x0000000086300000| Untracked 
| 100|0x0000000086400000, 0x0000000086400000, 0x0000000086500000|  0%| F|  |TAMS 0x0000000086400000| PB 0x0000000086400000| Untracked 
| 101|0x0000000086500000, 0x0000000086500000, 0x0000000086600000|  0%| F|  |TAMS 0x0000000086500000| PB 0x0000000086500000| Untracked 
| 102|0x0000000086600000, 0x0000000086600000, 0x0000000086700000|  0%| F|  |TAMS 0x0000000086600000| PB 0x0000000086600000| Untracked 
| 103|0x0000000086700000, 0x0000000086700000, 0x0000000086800000|  0%| F|  |TAMS 0x0000000086700000| PB 0x0000000086700000| Untracked 
| 104|0x0000000086800000, 0x0000000086800000, 0x0000000086900000|  0%| F|  |TAMS 0x0000000086800000| PB 0x0000000086800000| Untracked 
| 105|0x0000000086900000, 0x0000000086900000, 0x0000000086a00000|  0%| F|  |TAMS 0x0000000086900000| PB 0x0000000086900000| Untracked 
| 106|0x0000000086a00000, 0x0000000086a00000, 0x0000000086b00000|  0%| F|  |TAMS 0x0000000086a00000| PB 0x0000000086a00000| Untracked 
| 107|0x0000000086b00000, 0x0000000086b00000, 0x0000000086c00000|  0%| F|  |TAMS 0x0000000086b00000| PB 0x0000000086b00000| Untracked 
| 108|0x0000000086c00000, 0x0000000086c00000, 0x0000000086d00000|  0%| F|  |TAMS 0x0000000086c00000| PB 0x0000000086c00000| Untracked 
| 109|0x0000000086d00000, 0x0000000086d00000, 0x0000000086e00000|  0%| F|  |TAMS 0x0000000086d00000| PB 0x0000000086d00000| Untracked 
| 110|0x0000000086e00000, 0x0000000086e00000, 0x0000000086f00000|  0%| F|  |TAMS 0x0000000086e00000| PB 0x0000000086e00000| Untracked 
| 111|0x0000000086f00000, 0x0000000086f00000, 0x0000000087000000|  0%| F|  |TAMS 0x0000000086f00000| PB 0x0000000086f00000| Untracked 
| 112|0x0000000087000000, 0x0000000087000000, 0x0000000087100000|  0%| F|  |TAMS 0x0000000087000000| PB 0x0000000087000000| Untracked 
| 113|0x0000000087100000, 0x0000000087100000, 0x0000000087200000|  0%| F|  |TAMS 0x0000000087100000| PB 0x0000000087100000| Untracked 
| 114|0x0000000087200000, 0x0000000087200000, 0x0000000087300000|  0%| F|  |TAMS 0x0000000087200000| PB 0x0000000087200000| Untracked 
| 115|0x0000000087300000, 0x0000000087300000, 0x0000000087400000|  0%| F|  |TAMS 0x0000000087300000| PB 0x0000000087300000| Untracked 
| 116|0x0000000087400000, 0x0000000087400000, 0x0000000087500000|  0%| F|  |TAMS 0x0000000087400000| PB 0x0000000087400000| Untracked 
| 117|0x0000000087500000, 0x0000000087500000, 0x0000000087600000|  0%| F|  |TAMS 0x0000000087500000| PB 0x0000000087500000| Untracked 
| 118|0x0000000087600000, 0x0000000087600000, 0x0000000087700000|  0%| F|  |TAMS 0x0000000087600000| PB 0x0000000087600000| Untracked 
| 119|0x0000000087700000, 0x0000000087700000, 0x0000000087800000|  0%| F|  |TAMS 0x0000000087700000| PB 0x0000000087700000| Untracked 
| 120|0x0000000087800000, 0x0000000087800000, 0x0000000087900000|  0%| F|  |TAMS 0x0000000087800000| PB 0x0000000087800000| Untracked 
| 121|0x0000000087900000, 0x0000000087900000, 0x0000000087a00000|  0%| F|  |TAMS 0x0000000087900000| PB 0x0000000087900000| Untracked 
| 122|0x0000000087a00000, 0x0000000087b00000, 0x0000000087b00000|100%| E|  |TAMS 0x0000000087a00000| PB 0x0000000087a00000| Complete 
| 123|0x0000000087b00000, 0x0000000087c00000, 0x0000000087c00000|100%| E|CS|TAMS 0x0000000087b00000| PB 0x0000000087b00000| Complete 
| 124|0x0000000087c00000, 0x0000000087d00000, 0x0000000087d00000|100%| E|CS|TAMS 0x0000000087c00000| PB 0x0000000087c00000| Complete 
| 125|0x0000000087d00000, 0x0000000087e00000, 0x0000000087e00000|100%| E|CS|TAMS 0x0000000087d00000| PB 0x0000000087d00000| Complete 
| 126|0x0000000087e00000, 0x0000000087f00000, 0x0000000087f00000|100%| E|CS|TAMS 0x0000000087e00000| PB 0x0000000087e00000| Complete 
| 127|0x0000000087f00000, 0x0000000088000000, 0x0000000088000000|100%| E|CS|TAMS 0x0000000087f00000| PB 0x0000000087f00000| Complete 

Card table byte_map: [0x000001ce4f3c0000,0x000001ce4f7c0000] _byte_map_base: 0x000001ce4efc0000

Marking Bits: (CMBitMap*) 0x000001ce3ba6e7f0
 Bits: [0x000001ce4f7c0000, 0x000001ce517c0000)

Polling page: 0x000001ce39a10000

Metaspace:

Usage:
  Non-class:     15.36 MB used.
      Class:      1.95 MB used.
       Both:     17.31 MB used.

Virtual space:
  Non-class space:       64.00 MB reserved,      15.62 MB ( 24%) committed,  1 nodes.
      Class space:        1.00 GB reserved,       2.19 MB ( <1%) committed,  1 nodes.
             Both:        1.06 GB reserved,      17.81 MB (  2%) committed. 

Chunk freelists:
   Non-Class:  61.00 KB
       Class:  13.87 MB
        Both:  13.93 MB

MaxMetaspaceSize: unlimited
CompressedClassSpaceSize: 1.00 GB
Initial GC threshold: 21.00 MB
Current GC threshold: 29.69 MB
CDS: on
 - commit_granule_bytes: 65536.
 - commit_granule_words: 8192.
 - virtual_space_node_default_size: 8388608.
 - enlarge_chunks_in_place: 1.
 - use_allocation_guard: 0.


Internal statistics:

num_allocs_failed_limit: 0.
num_arena_births: 588.
num_arena_deaths: 46.
num_vsnodes_births: 2.
num_vsnodes_deaths: 0.
num_space_committed: 285.
num_space_uncommitted: 0.
num_chunks_returned_to_freelist: 63.
num_chunks_taken_from_freelist: 1049.
num_chunk_merges: 1.
num_chunk_splits: 650.
num_chunks_enlarged: 308.
num_inconsistent_stats: 0.

CodeHeap 'non-profiled nmethods': size=120000Kb used=1267Kb max_used=1267Kb free=118732Kb
 bounds [0x000001ce47530000, 0x000001ce477a0000, 0x000001ce4ea60000]
CodeHeap 'profiled nmethods': size=120000Kb used=5617Kb max_used=5617Kb free=114382Kb
 bounds [0x000001ce3fa60000, 0x000001ce3ffe0000, 0x000001ce46f90000]
CodeHeap 'non-nmethods': size=5760Kb used=1520Kb max_used=1572Kb free=4239Kb
 bounds [0x000001ce46f90000, 0x000001ce47200000, 0x000001ce47530000]
 total_blobs=3452 nmethods=2862 adapters=494
 compilation: enabled
              stopped_count=0, restarted_count=0
 full_count=0

Compilation events (20 events):
Event: 6157.533 Thread 0x000001ce54441560 nmethod 2857 0x000001ce4765bd90 code [0x000001ce4765bf20, 0x000001ce4765c050]
Event: 6166.517 Thread 0x000001ce54441560 2858       4       sun.rmi.runtime.Log$LoggerLog::log (45 bytes)
Event: 6166.527 Thread 0x000001ce54441560 nmethod 2858 0x000001ce4765c210 code [0x000001ce4765c3a0, 0x000001ce4765c4a8]
Event: 6336.657 Thread 0x000001ce5444a130 2859       3       java.util.concurrent.locks.ReentrantLock::<init> (16 bytes)
Event: 6336.684 Thread 0x000001ce5444a130 nmethod 2859 0x000001ce3ffd9310 code [0x000001ce3ffd94e0, 0x000001ce3ffd98d8]
Event: 6336.685 Thread 0x000001ce5444a130 2860       3       java.util.concurrent.locks.ReentrantLock$Sync::<init> (5 bytes)
Event: 6336.685 Thread 0x000001ce5444a130 nmethod 2860 0x000001ce3ffd9a90 code [0x000001ce3ffd9c40, 0x000001ce3ffd9e68]
Event: 6336.685 Thread 0x000001ce5444a130 2861       3       java.util.concurrent.locks.ReentrantLock$NonfairSync::<init> (5 bytes)
Event: 6336.686 Thread 0x000001ce5444a130 nmethod 2861 0x000001ce3ffd9f90 code [0x000001ce3ffda140, 0x000001ce3ffda3c0]
Event: 6337.888 Thread 0x000001ce5444a130 2862       3       java.io.ObjectInputStream$HandleTable::lookupObject (26 bytes)
Event: 6337.891 Thread 0x000001ce5444a130 nmethod 2862 0x000001ce3ffda510 code [0x000001ce3ffda6c0, 0x000001ce3ffda8c8]
Event: 6636.663 Thread 0x000001ce5444a130 2863       3       java.net.URI$Parser::scan (76 bytes)
Event: 6636.684 Thread 0x000001ce5444a130 nmethod 2863 0x000001ce3ffdaa10 code [0x000001ce3ffdac40, 0x000001ce3ffdb4b0]
Event: 6661.862 Thread 0x000001ce5444a130 2864   !   3       jdk.internal.reflect.GeneratedSerializationConstructorAccessor11::newInstance (49 bytes)
Event: 6661.873 Thread 0x000001ce5444a130 nmethod 2864 0x000001ce3ffdb910 code [0x000001ce3ffdbb00, 0x000001ce3ffdbf20]
Event: 6661.873 Thread 0x000001ce5444a130 2865       3       java.lang.ThreadLocal::get (8 bytes)
Event: 6661.876 Thread 0x000001ce5444a130 nmethod 2865 0x000001ce3ffdc190 code [0x000001ce3ffdc340, 0x000001ce3ffdc498]
Event: 6806.174 Thread 0x000001ce54441560 2866   !   4       java.io.ObjectOutputStream::writeObject0 (620 bytes)
Event: 6806.843 Thread 0x000001ce54441560 nmethod 2866 0x000001ce4765c610 code [0x000001ce4765cfe0, 0x000001ce47666778]
Event: 6833.220 Thread 0x000001ce54441560 2867       4       sun.rmi.transport.StreamRemoteCall::getInputStream (60 bytes)

GC Heap History (6 events):
Event: 2.099 GC heap before
{Heap before GC invocations=0 (full 0):
 garbage-first heap   total 131072K, used 27648K [0x0000000080000000, 0x0000000100000000)
  region size 1024K, 23 young (23552K), 0 survivors (0K)
 Metaspace       used 8029K, committed 8384K, reserved 1114112K
  class space    used 1009K, committed 1152K, reserved 1048576K
}
Event: 2.116 GC heap after
{Heap after GC invocations=1 (full 0):
 garbage-first heap   total 131072K, used 9161K [0x0000000080000000, 0x0000000100000000)
  region size 1024K, 3 young (3072K), 3 survivors (3072K)
 Metaspace       used 8029K, committed 8384K, reserved 1114112K
  class space    used 1009K, committed 1152K, reserved 1048576K
}
Event: 1724.925 GC heap before
{Heap before GC invocations=1 (full 0):
 garbage-first heap   total 131072K, used 35785K [0x0000000080000000, 0x0000000100000000)
  region size 1024K, 30 young (30720K), 3 survivors (3072K)
 Metaspace       used 17687K, committed 18176K, reserved 1114112K
  class space    used 2008K, committed 2240K, reserved 1048576K
}
Event: 1725.041 GC heap after
{Heap after GC invocations=2 (full 0):
 garbage-first heap   total 131072K, used 12517K [0x0000000080000000, 0x0000000100000000)
  region size 1024K, 4 young (4096K), 4 survivors (4096K)
 Metaspace       used 17687K, committed 18176K, reserved 1114112K
  class space    used 2008K, committed 2240K, reserved 1048576K
}
Event: 4234.724 GC heap before
{Heap before GC invocations=2 (full 0):
 garbage-first heap   total 131072K, used 15589K [0x0000000080000000, 0x0000000100000000)
  region size 1024K, 8 young (8192K), 4 survivors (4096K)
 Metaspace       used 17776K, committed 18240K, reserved 1114112K
  class space    used 2008K, committed 2240K, reserved 1048576K
}
Event: 4235.146 GC heap after
{Heap after GC invocations=3 (full 1):
 garbage-first heap   total 131072K, used 12014K [0x0000000080000000, 0x0000000100000000)
  region size 1024K, 0 young (0K), 0 survivors (0K)
 Metaspace       used 17723K, committed 18240K, reserved 1114112K
  class space    used 1995K, committed 2240K, reserved 1048576K
}

Dll operation events (2 events):
Event: 0.039 Loaded shared library C:\Program Files\JetBrains\IntelliJ IDEA 2025.1.3\jbr\bin\java.dll
Event: 0.160 Loaded shared library C:\Program Files\JetBrains\IntelliJ IDEA 2025.1.3\jbr\bin\zip.dll

Deoptimization events (20 events):
Event: 3.112 Thread 0x000001ce9a312db0 Uncommon trap: trap_request=0xffffffc6 fr.pc=0x000001ce475c7bfc relative=0x000000000000031c
Event: 3.112 Thread 0x000001ce9a312db0 Uncommon trap: reason=bimorphic_or_optimized_type_check action=maybe_recompile pc=0x000001ce475c7bfc method=java.util.regex.Pattern$SliceI.match(Ljava/util/regex/Matcher;ILjava/lang/CharSequence;)Z @ 92 c2
Event: 3.112 Thread 0x000001ce9a312db0 DEOPT PACKING pc=0x000001ce475c7bfc sp=0x00000027be1fe5b0
Event: 3.112 Thread 0x000001ce9a312db0 DEOPT UNPACKING pc=0x000001ce46fe46a2 sp=0x00000027be1fe558 mode 2
Event: 3.547 Thread 0x000001ce9a312db0 Uncommon trap: trap_request=0xffffff45 fr.pc=0x000001ce4759394c relative=0x0000000000000d0c
Event: 3.547 Thread 0x000001ce9a312db0 Uncommon trap: reason=unstable_if action=reinterpret pc=0x000001ce4759394c method=jdk.internal.org.objectweb.asm.Frame.execute(IILjdk/internal/org/objectweb/asm/Symbol;Ljdk/internal/org/objectweb/asm/SymbolTable;)V @ 1 c2
Event: 3.547 Thread 0x000001ce9a312db0 DEOPT PACKING pc=0x000001ce4759394c sp=0x00000027be1fe090
Event: 3.547 Thread 0x000001ce9a312db0 DEOPT UNPACKING pc=0x000001ce46fe46a2 sp=0x00000027be1fdff8 mode 2
Event: 4.606 Thread 0x000001ce9a312db0 DEOPT PACKING pc=0x000001ce3fd9a8f0 sp=0x00000027be1fd6a0
Event: 4.606 Thread 0x000001ce9a312db0 DEOPT UNPACKING pc=0x000001ce46fe4e42 sp=0x00000027be1fcad0 mode 0
Event: 4.678 Thread 0x000001ce9a312db0 Uncommon trap: trap_request=0xffffff45 fr.pc=0x000001ce4753964c relative=0x000000000000012c
Event: 4.678 Thread 0x000001ce9a312db0 Uncommon trap: reason=unstable_if action=reinterpret pc=0x000001ce4753964c method=java.lang.StringCoding.countPositives([BII)I @ 17 c2
Event: 4.678 Thread 0x000001ce9a312db0 DEOPT PACKING pc=0x000001ce4753964c sp=0x00000027be1fe380
Event: 4.678 Thread 0x000001ce9a312db0 DEOPT UNPACKING pc=0x000001ce46fe46a2 sp=0x00000027be1fe320 mode 2
Event: 627.316 Thread 0x000001ce9a312db0 DEOPT PACKING pc=0x000001ce3fd9a8bd sp=0x00000027be1fdb50
Event: 627.320 Thread 0x000001ce9a312db0 DEOPT UNPACKING pc=0x000001ce46fe4e42 sp=0x00000027be1fcf80 mode 0
Event: 5349.826 Thread 0x000001ce9a312db0 Uncommon trap: trap_request=0xffffff45 fr.pc=0x000001ce47637620 relative=0x0000000000002dc0
Event: 5349.828 Thread 0x000001ce9a312db0 Uncommon trap: reason=unstable_if action=reinterpret pc=0x000001ce47637620 method=sun.nio.ch.NioSocketImpl.implRead([BII)I @ 160 c2
Event: 5349.828 Thread 0x000001ce9a312db0 DEOPT PACKING pc=0x000001ce47637620 sp=0x00000027be1feff0
Event: 5349.830 Thread 0x000001ce9a312db0 DEOPT UNPACKING pc=0x000001ce46fe46a2 sp=0x00000027be1fedd0 mode 2

Classes loaded (20 events):
Event: 3.196 Loading class java/time/format/DateTimeParseException
Event: 3.196 Loading class java/time/DateTimeException
Event: 3.197 Loading class java/time/DateTimeException done
Event: 3.197 Loading class java/time/format/DateTimeParseException done
Event: 3.415 Loading class java/nio/charset/CharacterCodingException
Event: 3.415 Loading class java/nio/charset/CharacterCodingException done
Event: 3.701 Loading class sun/invoke/util/ValueConversions$1
Event: 3.701 Loading class sun/invoke/util/ValueConversions$1 done
Event: 3.702 Loading class java/lang/invoke/BoundMethodHandle$Species_LI
Event: 3.702 Loading class java/lang/invoke/BoundMethodHandle$Species_LI done
Event: 3.707 Loading class java/util/AbstractList$ListItr
Event: 3.707 Loading class java/util/AbstractList$ListItr done
Event: 3.728 Loading class java/util/function/UnaryOperator
Event: 3.728 Loading class java/util/function/UnaryOperator done
Event: 4.675 Loading class java/util/DualPivotQuicksort
Event: 4.676 Loading class java/util/DualPivotQuicksort done
Event: 16.712 Loading class java/util/ArrayList$ListItr
Event: 16.752 Loading class java/util/ArrayList$ListItr done
Event: 627.407 Loading class java/util/RegularEnumSet$EnumSetIterator
Event: 627.418 Loading class java/util/RegularEnumSet$EnumSetIterator done

Classes unloaded (20 events):
Event: 4234.854 Thread 0x000001ce5441b170 Unloading class 0x000001ce560ad000 'jdk/internal/reflect/GeneratedSerializationConstructorAccessor10'
Event: 4234.854 Thread 0x000001ce5441b170 Unloading class 0x000001ce560ac800 'java/lang/invoke/LambdaForm$MH+0x000001ce560ac800'
Event: 4234.855 Thread 0x000001ce5441b170 Unloading class 0x000001ce560ac000 'java/lang/invoke/LambdaForm$MH+0x000001ce560ac000'
Event: 4234.855 Thread 0x000001ce5441b170 Unloading class 0x000001ce560abc00 'java/lang/invoke/LambdaForm$MH+0x000001ce560abc00'
Event: 4234.855 Thread 0x000001ce5441b170 Unloading class 0x000001ce560ab000 'java/lang/invoke/LambdaForm$DMH+0x000001ce560ab000'
Event: 4234.855 Thread 0x000001ce5441b170 Unloading class 0x000001ce560aac00 'jdk/internal/reflect/GeneratedSerializationConstructorAccessor8'
Event: 4234.855 Thread 0x000001ce5441b170 Unloading class 0x000001ce560aa000 'jdk/internal/reflect/GeneratedSerializationConstructorAccessor6'
Event: 4234.855 Thread 0x000001ce5441b170 Unloading class 0x000001ce560a9000 'jdk/internal/reflect/GeneratedSerializationConstructorAccessor2'
Event: 4234.855 Thread 0x000001ce5441b170 Unloading class 0x000001ce560a8800 'java/lang/invoke/LambdaForm$MH+0x000001ce560a8800'
Event: 4234.855 Thread 0x000001ce5441b170 Unloading class 0x000001ce560a8400 'java/lang/invoke/LambdaForm$DMH+0x000001ce560a8400'
Event: 4234.855 Thread 0x000001ce5441b170 Unloading class 0x000001ce560a7400 'java/lang/invoke/LambdaForm$MH+0x000001ce560a7400'
Event: 4234.856 Thread 0x000001ce5441b170 Unloading class 0x000001ce560a6c00 'java/lang/invoke/LambdaForm$MH+0x000001ce560a6c00'
Event: 4234.856 Thread 0x000001ce5441b170 Unloading class 0x000001ce560a6800 'java/lang/invoke/LambdaForm$MH+0x000001ce560a6800'
Event: 4234.856 Thread 0x000001ce5441b170 Unloading class 0x000001ce560a5c00 'java/lang/invoke/LambdaForm$MH+0x000001ce560a5c00'
Event: 4234.856 Thread 0x000001ce5441b170 Unloading class 0x000001ce560a5400 'java/lang/invoke/LambdaForm$MH+0x000001ce560a5400'
Event: 4234.856 Thread 0x000001ce5441b170 Unloading class 0x000001ce560a4c00 'java/lang/invoke/LambdaForm$MH+0x000001ce560a4c00'
Event: 4234.856 Thread 0x000001ce5441b170 Unloading class 0x000001ce560a4400 'java/lang/invoke/LambdaForm$MH+0x000001ce560a4400'
Event: 4234.857 Thread 0x000001ce5441b170 Unloading class 0x000001ce560a3800 'java/lang/invoke/LambdaForm$MH+0x000001ce560a3800'
Event: 4234.857 Thread 0x000001ce5441b170 Unloading class 0x000001ce560a3000 'java/lang/invoke/LambdaForm$MH+0x000001ce560a3000'
Event: 4234.857 Thread 0x000001ce5441b170 Unloading class 0x000001ce560a2800 'java/lang/invoke/LambdaForm$MH+0x000001ce560a2800'

Classes redefined (0 events):
No events

Internal exceptions (20 events):
Event: 2.931 Thread 0x000001ce9a312db0 Exception <a 'java/lang/NoSuchMethodError'{0x0000000087446e88}: 'void java.lang.invoke.DirectMethodHandle$Holder.invokeVirtual(java.lang.Object, java.lang.Object)'> (0x0000000087446e88) 
thrown [s\src\hotspot\share\interpreter\linkResolver.cpp, line 784]
Event: 3.205 Thread 0x000001ce9a312db0 Exception <a 'java/lang/NoSuchMethodError'{0x0000000087158498}: 'java.lang.Object java.lang.invoke.DirectMethodHandle$Holder.newInvokeSpecial(java.lang.Object, java.lang.Object, int)'> (0x0000000087158498) 
thrown [s\src\hotspot\share\interpreter\linkResolver.cpp, line 784]
Event: 3.390 Thread 0x000001ce9a312db0 Exception <a 'java/lang/NoSuchMethodError'{0x0000000087017a48}: 'java.lang.Object java.lang.invoke.DirectMethodHandle$Holder.invokeInterface(java.lang.Object, java.lang.Object, java.lang.Object)'> (0x0000000087017a48) 
thrown [s\src\hotspot\share\interpreter\linkResolver.cpp, line 784]
Event: 3.398 Thread 0x000001ce9a312db0 Exception <a 'java/lang/NoSuchMethodError'{0x0000000087024490}: 'void java.lang.invoke.DirectMethodHandle$Holder.invokeInterface(java.lang.Object, java.lang.Object, java.lang.Object, java.lang.Object)'> (0x0000000087024490) 
thrown [s\src\hotspot\share\interpreter\linkResolver.cpp, line 784]
Event: 3.399 Thread 0x000001ce9a312db0 Exception <a 'java/lang/NoSuchMethodError'{0x0000000087028590}: 'void java.lang.invoke.DirectMethodHandle$Holder.invokeSpecial(java.lang.Object, java.lang.Object, java.lang.Object, java.lang.Object, java.lang.Object)'> (0x0000000087028590) 
thrown [s\src\hotspot\share\interpreter\linkResolver.cpp, line 784]
Event: 3.401 Thread 0x000001ce9a312db0 Exception <a 'java/lang/NoSuchMethodError'{0x0000000087036778}: 'java.lang.Object java.lang.invoke.Invokers$Holder.invokeExact_MT(java.lang.Object, java.lang.Object, java.lang.Object, java.lang.Object, java.lang.Object)'> (0x0000000087036778) 
thrown [s\src\hotspot\share\interpreter\linkResolver.cpp, line 784]
Event: 3.534 Thread 0x000001ce9a312db0 Exception <a 'java/lang/NoSuchMethodError'{0x000000008704de58}: 'int java.lang.invoke.DirectMethodHandle$Holder.invokeInterface(java.lang.Object, java.lang.Object)'> (0x000000008704de58) 
thrown [s\src\hotspot\share\interpreter\linkResolver.cpp, line 784]
Event: 3.700 Thread 0x000001ce9a312db0 Exception <a 'java/lang/NoSuchMethodError'{0x0000000086fd7f00}: 'int java.lang.invoke.DirectMethodHandle$Holder.invokeInterface(java.lang.Object, java.lang.Object, int)'> (0x0000000086fd7f00) 
thrown [s\src\hotspot\share\interpreter\linkResolver.cpp, line 784]
Event: 3.701 Thread 0x000001ce9a312db0 Exception <a 'java/lang/NoSuchMethodError'{0x0000000086fdc068}: 'int java.lang.invoke.DirectMethodHandle$Holder.invokeSpecial(java.lang.Object, java.lang.Object, java.lang.Object, int)'> (0x0000000086fdc068) 
thrown [s\src\hotspot\share\interpreter\linkResolver.cpp, line 784]
Event: 3.703 Thread 0x000001ce9a312db0 Exception <a 'java/lang/NoSuchMethodError'{0x0000000086fee548}: 'java.lang.Object java.lang.invoke.DirectMethodHandle$Holder.invokeStatic(java.lang.Object, java.lang.Object, java.lang.Object, java.lang.Object, int)'> (0x0000000086fee548) 
thrown [s\src\hotspot\share\interpreter\linkResolver.cpp, line 784]
Event: 3.721 Thread 0x000001ce9a312db0 Exception <a 'java/lang/NoSuchMethodError'{0x0000000086e19cb8}: 'void java.lang.invoke.DirectMethodHandle$Holder.invokeInterface(java.lang.Object, java.lang.Object, int)'> (0x0000000086e19cb8) 
thrown [s\src\hotspot\share\interpreter\linkResolver.cpp, line 784]
Event: 3.721 Thread 0x000001ce9a312db0 Exception <a 'java/lang/NoSuchMethodError'{0x0000000086e1db40}: 'void java.lang.invoke.DelegatingMethodHandle$Holder.reinvoke_L(java.lang.Object, java.lang.Object, int)'> (0x0000000086e1db40) 
thrown [s\src\hotspot\share\interpreter\linkResolver.cpp, line 784]
Event: 3.903 Thread 0x000001ce9a312db0 Exception <a 'java/lang/NoSuchMethodError'{0x0000000086eb7fb0}: 'void java.lang.invoke.DirectMethodHandle$Holder.invokeInterface(java.lang.Object, java.lang.Object)'> (0x0000000086eb7fb0) 
thrown [s\src\hotspot\share\interpreter\linkResolver.cpp, line 784]
Event: 4.525 Thread 0x000001ce9a312db0 Exception <a 'java/lang/NoSuchMethodError'{0x0000000086c2fdd0}: 'java.lang.Object java.lang.invoke.DirectMethodHandle$Holder.invokeInterface(java.lang.Object, java.lang.Object, int)'> (0x0000000086c2fdd0) 
thrown [s\src\hotspot\share\interpreter\linkResolver.cpp, line 784]
Event: 4.667 Thread 0x000001ce9a312db0 Exception <a 'java/lang/NoSuchMethodError'{0x0000000086cf8088}: 'int java.lang.invoke.DirectMethodHandle$Holder.invokeInterface(java.lang.Object, java.lang.Object, int, int)'> (0x0000000086cf8088) 
thrown [s\src\hotspot\share\interpreter\linkResolver.cpp, line 784]
Event: 4.668 Thread 0x000001ce9a312db0 Exception <a 'java/lang/NoSuchMethodError'{0x0000000086cfef78}: 'int java.lang.invoke.DelegatingMethodHandle$Holder.reinvoke_L(java.lang.Object, java.lang.Object, int, int)'> (0x0000000086cfef78) 
thrown [s\src\hotspot\share\interpreter\linkResolver.cpp, line 784]
Event: 4.673 Thread 0x000001ce9a312db0 Exception <a 'java/lang/NoSuchMethodError'{0x0000000086b15d40}: static Lcom/intellij/database/remote/jdbc/RemoteResultSet$DataRetrievingOptions;.<clinit>()V> (0x0000000086b15d40) 
thrown [s\src\hotspot\share\prims\jni.cpp, line 1139]
Event: 4.680 Thread 0x000001ce9a312db0 Exception <a 'java/lang/NoSuchMethodError'{0x0000000086b2c9c8}: static [Ljava/lang/Object;.<clinit>()V> (0x0000000086b2c9c8) 
thrown [s\src\hotspot\share\prims\jni.cpp, line 1139]
Event: 627.701 Thread 0x000001ce9a312db0 Exception <a 'java/lang/NoSuchMethodError'{0x0000000086595420}: static Lcom/intellij/database/remote/jdbc/ColumnInfo;.<clinit>()V> (0x0000000086595420) 
thrown [s\src\hotspot\share\prims\jni.cpp, line 1139]
Event: 627.709 Thread 0x000001ce9a312db0 Exception <a 'java/lang/NoSuchMethodError'{0x000000008659e998}: 'java.lang.Object java.lang.invoke.DelegatingMethodHandle$Holder.reinvoke_L(java.lang.Object, java.lang.Object, java.lang.Object, java.lang.Object, int, int)'> (0x000000008659e998) 
thrown [s\src\hotspot\share\interpreter\linkResolver.cpp, line 784]

ZGC Phase Switch (0 events):
No events

VM Operations (20 events):
Event: 2500.883 Executing VM operation: Cleanup
Event: 2500.883 Executing VM operation: Cleanup done
Event: 2702.774 Executing VM operation: Cleanup
Event: 2702.777 Executing VM operation: Cleanup done
Event: 2906.682 Executing VM operation: Cleanup
Event: 2906.683 Executing VM operation: Cleanup done
Event: 3123.878 Executing VM operation: Cleanup
Event: 3123.879 Executing VM operation: Cleanup done
Event: 3222.816 Executing VM operation: Cleanup
Event: 3222.816 Executing VM operation: Cleanup done
Event: 3302.643 Executing VM operation: Cleanup
Event: 3302.643 Executing VM operation: Cleanup done
Event: 4234.721 Executing VM operation: G1CollectFull (System.gc())
Event: 4235.146 Executing VM operation: G1CollectFull (System.gc()) done
Event: 5350.300 Executing VM operation: Cleanup
Event: 5350.301 Executing VM operation: Cleanup done
Event: 5607.834 Executing VM operation: Cleanup
Event: 5607.835 Executing VM operation: Cleanup done
Event: 6076.582 Executing VM operation: Cleanup
Event: 6076.583 Executing VM operation: Cleanup done

Memory protections (0 events):
No events

Nmethod flushes (0 events):
No events

Events (20 events):
Event: 637.307 Thread 0x000001ce9a312db0 Thread added: 0x000001ce9a312720
Event: 637.308 Thread 0x000001ce9a312db0 Thread added: 0x000001ce9a311a00
Event: 637.308 Thread 0x000001ce9a312db0 Thread added: 0x000001ce9a312090
Event: 637.308 Thread 0x000001ce9a312db0 Thread added: 0x000001ce9a314160
Event: 637.309 Thread 0x000001ce9a312db0 Thread added: 0x000001ce9a310ce0
Event: 637.309 Thread 0x000001ce9a312db0 Thread added: 0x000001ce9a313440
Event: 637.309 Thread 0x000001ce9a312720 Thread exited: 0x000001ce9a312720
Event: 637.309 Thread 0x000001ce9a311a00 Thread exited: 0x000001ce9a311a00
Event: 637.309 Thread 0x000001ce9a312db0 Thread added: 0x000001ce9a313ad0
Event: 637.309 Thread 0x000001ce9a312db0 Thread added: 0x000001ce9a311a00
Event: 637.309 Thread 0x000001ce9a312db0 Thread added: 0x000001ce9a312720
Event: 637.310 Thread 0x000001ce9a310ce0 Thread exited: 0x000001ce9a310ce0
Event: 637.310 Thread 0x000001ce9a314160 Thread exited: 0x000001ce9a314160
Event: 637.311 Thread 0x000001ce9a312090 Thread exited: 0x000001ce9a312090
Event: 637.311 Thread 0x000001ce9a313440 Thread exited: 0x000001ce9a313440
Event: 637.311 Thread 0x000001ce9a313ad0 Thread exited: 0x000001ce9a313ad0
Event: 637.311 Thread 0x000001ce9a312720 Thread exited: 0x000001ce9a312720
Event: 637.311 Thread 0x000001ce9a311a00 Thread exited: 0x000001ce9a311a00
Event: 5328.224 Thread 0x000001ce54983910 Thread added: 0x000001ce9a313440
Event: 5409.873 Thread 0x000001ce9a312db0 Thread exited: 0x000001ce9a312db0


Dynamic libraries:
0x00007ff7721a0000 - 0x00007ff7721aa000 	C:\Program Files\JetBrains\IntelliJ IDEA 2025.1.3\jbr\bin\java.exe
0x00007ff83e5b0000 - 0x00007ff83e7c4000 	C:\Windows\SYSTEM32\ntdll.dll
0x00007ff83c3c0000 - 0x00007ff83c482000 	C:\Windows\System32\KERNEL32.DLL
0x00007ff83bbe0000 - 0x00007ff83bf7c000 	C:\Windows\System32\KERNELBASE.dll
0x00007ff83bf80000 - 0x00007ff83c091000 	C:\Windows\System32\ucrtbase.dll
0x00007ff8290a0000 - 0x00007ff8290b8000 	C:\Program Files\JetBrains\IntelliJ IDEA 2025.1.3\jbr\bin\jli.dll
0x00007ff827860000 - 0x00007ff82787b000 	C:\Program Files\JetBrains\IntelliJ IDEA 2025.1.3\jbr\bin\VCRUNTIME140.dll
0x00007ff83cf10000 - 0x00007ff83d0bb000 	C:\Windows\System32\USER32.dll
0x00007ff83c0a0000 - 0x00007ff83c0c6000 	C:\Windows\System32\win32u.dll
0x00007ff83dc60000 - 0x00007ff83dc89000 	C:\Windows\System32\GDI32.dll
0x00007ff83c140000 - 0x00007ff83c252000 	C:\Windows\System32\gdi32full.dll
0x00007ff83c320000 - 0x00007ff83c3ba000 	C:\Windows\System32\msvcp_win.dll
0x00007ff8237f0000 - 0x00007ff823a7e000 	C:\Windows\WinSxS\amd64_microsoft.windows.common-controls_6595b64144ccf1df_6.0.22621.317_none_a9434687c10c9fa2\COMCTL32.dll
0x00007ff83c980000 - 0x00007ff83ca27000 	C:\Windows\System32\msvcrt.dll
0x00007ff83c940000 - 0x00007ff83c971000 	C:\Windows\System32\IMM32.DLL
0x00007ff829930000 - 0x00007ff82993c000 	C:\Program Files\JetBrains\IntelliJ IDEA 2025.1.3\jbr\bin\vcruntime140_1.dll
0x00007fffb78b0000 - 0x00007fffb793d000 	C:\Program Files\JetBrains\IntelliJ IDEA 2025.1.3\jbr\bin\msvcp140.dll
0x00007fffb5130000 - 0x00007fffb5ef1000 	C:\Program Files\JetBrains\IntelliJ IDEA 2025.1.3\jbr\bin\server\jvm.dll
0x00007ff83cc80000 - 0x00007ff83cd2e000 	C:\Windows\System32\ADVAPI32.dll
0x00007ff83cba0000 - 0x00007ff83cc44000 	C:\Windows\System32\sechost.dll
0x00007ff83c490000 - 0x00007ff83c5a5000 	C:\Windows\System32\RPCRT4.dll
0x00007ff83e4f0000 - 0x00007ff83e561000 	C:\Windows\System32\WS2_32.dll
0x00007ff83b710000 - 0x00007ff83b75d000 	C:\Windows\SYSTEM32\POWRPROF.dll
0x00007ff834310000 - 0x00007ff834344000 	C:\Windows\SYSTEM32\WINMM.dll
0x00007ff834110000 - 0x00007ff83411a000 	C:\Windows\SYSTEM32\VERSION.dll
0x00007ff83b640000 - 0x00007ff83b653000 	C:\Windows\SYSTEM32\UMPDC.dll
0x00007ff83aa30000 - 0x00007ff83aa48000 	C:\Windows\SYSTEM32\kernel.appcore.dll
0x00007ff8296f0000 - 0x00007ff8296fa000 	C:\Program Files\JetBrains\IntelliJ IDEA 2025.1.3\jbr\bin\jimage.dll
0x00007ff82ec70000 - 0x00007ff82ee9e000 	C:\Windows\SYSTEM32\DBGHELP.DLL
0x00007ff83d8d0000 - 0x00007ff83dc59000 	C:\Windows\System32\combase.dll
0x00007ff83dcf0000 - 0x00007ff83ddc7000 	C:\Windows\System32\OLEAUT32.dll
0x00007ff8236e0000 - 0x00007ff823712000 	C:\Windows\SYSTEM32\dbgcore.DLL
0x00007ff83bb60000 - 0x00007ff83bbdb000 	C:\Windows\System32\bcryptPrimitives.dll
0x00007ff8255c0000 - 0x00007ff8255e0000 	C:\Program Files\JetBrains\IntelliJ IDEA 2025.1.3\jbr\bin\java.dll
0x00007ff83d0f0000 - 0x00007ff83d8cb000 	C:\Windows\System32\SHELL32.dll
0x00007ff839a00000 - 0x00007ff83a2b5000 	C:\Windows\SYSTEM32\windows.storage.dll
0x00007ff8398c0000 - 0x00007ff8399fd000 	C:\Windows\SYSTEM32\wintypes.dll
0x00007ff83c840000 - 0x00007ff83c931000 	C:\Windows\System32\SHCORE.dll
0x00007ff83c7e0000 - 0x00007ff83c83e000 	C:\Windows\System32\shlwapi.dll
0x00007ff83b920000 - 0x00007ff83b941000 	C:\Windows\SYSTEM32\profapi.dll
0x00007ff81f500000 - 0x00007ff81f518000 	C:\Program Files\JetBrains\IntelliJ IDEA 2025.1.3\jbr\bin\zip.dll
0x00007ff829590000 - 0x00007ff8295a0000 	C:\Program Files\JetBrains\IntelliJ IDEA 2025.1.3\jbr\bin\net.dll
0x00007ff836450000 - 0x00007ff83657f000 	C:\Windows\SYSTEM32\WINHTTP.dll
0x00007ff83ae80000 - 0x00007ff83aee9000 	C:\Windows\system32\mswsock.dll
0x00007ff81f030000 - 0x00007ff81f046000 	C:\Program Files\JetBrains\IntelliJ IDEA 2025.1.3\jbr\bin\nio.dll
0x00007ff83a500000 - 0x00007ff83a52d000 	C:\Windows\SYSTEM32\IPHLPAPI.DLL
0x00007ff83cd30000 - 0x00007ff83cd39000 	C:\Windows\System32\NSI.dll
0x00007ff83b190000 - 0x00007ff83b1ab000 	C:\Windows\SYSTEM32\CRYPTSP.dll
0x00007ff83a9a0000 - 0x00007ff83a9d5000 	C:\Windows\system32\rsaenh.dll
0x00007ff83af20000 - 0x00007ff83af48000 	C:\Windows\SYSTEM32\USERENV.dll
0x00007ff83b340000 - 0x00007ff83b368000 	C:\Windows\SYSTEM32\bcrypt.dll
0x00007ff83b170000 - 0x00007ff83b17c000 	C:\Windows\SYSTEM32\CRYPTBASE.dll
0x00007ff828a70000 - 0x00007ff828a79000 	C:\Program Files\JetBrains\IntelliJ IDEA 2025.1.3\jbr\bin\extnet.dll
0x00007ff824fc0000 - 0x00007ff824fc7000 	C:\Program Files\JetBrains\IntelliJ IDEA 2025.1.3\jbr\bin\rmi.dll
0x00007ff83a530000 - 0x00007ff83a622000 	C:\Windows\SYSTEM32\DNSAPI.dll
0x00007ff8331a0000 - 0x00007ff8331aa000 	C:\Windows\System32\rasadhlp.dll
0x00007ff833fe0000 - 0x00007ff834063000 	C:\Windows\System32\fwpuclnt.dll
0x00007ff828f70000 - 0x00007ff828f7e000 	C:\Program Files\JetBrains\IntelliJ IDEA 2025.1.3\jbr\bin\sunmscapi.dll
0x00007ff83b9f0000 - 0x00007ff83bb56000 	C:\Windows\System32\CRYPT32.dll
0x00007ff83b310000 - 0x00007ff83b33d000 	C:\Windows\SYSTEM32\ncrypt.dll
0x00007ff83b2d0000 - 0x00007ff83b307000 	C:\Windows\SYSTEM32\NTASN1.dll

dbghelp: loaded successfully - version: 4.0.5 - missing functions: none
symbol engine: initialized successfully - sym options: 0x614 - pdb path: .;C:\Program Files\JetBrains\IntelliJ IDEA 2025.1.3\jbr\bin;C:\Windows\SYSTEM32;C:\Windows\WinSxS\amd64_microsoft.windows.common-controls_6595b64144ccf1df_6.0.22621.317_none_a9434687c10c9fa2;C:\Program Files\JetBrains\IntelliJ IDEA 2025.1.3\jbr\bin\server

VM Arguments:
jvm_args: -Djava.rmi.server.hostname=127.0.0.1 -Duser.timezone=UTC -Xmx2048m -Xms128m -Djdbc.classpath=C:\Users\ADMIN\AppData\Local\Temp\RemoteDriver.classpath.txt --add-exports=java.desktop/sun.awt=ALL-UNNAMED --add-exports=java.desktop/java.awt.peer=ALL-UNNAMED --add-opens=java.desktop/java.awt=ALL-UNNAMED --add-opens=jdk.unsupported/sun.misc=ALL-UNNAMED --add-opens=java.base/java.nio=ALL-UNNAMED --add-opens=java.base/java.util=ALL-UNNAMED -Dfile.encoding=UTF-8 -Dsun.stdout.encoding=UTF-8 -Dsun.stderr.encoding=UTF-8 
java_command: com.intellij.database.remote.RemoteJdbcServer com.mysql.cj.jdbc.Driver
java_class_path (initial): C:\Program Files\JetBrains\IntelliJ IDEA 2025.1.3\lib\util_rt.jar;C:\Program Files\JetBrains\IntelliJ IDEA 2025.1.3\lib\util-8.jar;C:\Program Files\JetBrains\IntelliJ IDEA 2025.1.3\lib\groovy.jar;C:\Program Files\JetBrains\IntelliJ IDEA 2025.1.3\plugins\DatabaseTools\lib\jdbc-console.jar;C:\Program Files\JetBrains\IntelliJ IDEA 2025.1.3\lib\modules\intellij.grid.types.jar;C:\Program Files\JetBrains\IntelliJ IDEA 2025.1.3\lib\util.jar;C:\Program Files\JetBrains\IntelliJ IDEA 2025.1.3\lib\bouncy-castle.jar
Launcher Type: SUN_STANDARD

[Global flags]
     intx CICompilerCount                          = 4                                         {product} {ergonomic}
     uint ConcGCThreads                            = 3                                         {product} {ergonomic}
     uint G1ConcRefinementThreads                  = 10                                        {product} {ergonomic}
   size_t G1HeapRegionSize                         = 1048576                                   {product} {ergonomic}
    uintx GCDrainStackTargetSize                   = 64                                        {product} {ergonomic}
   size_t InitialHeapSize                          = 134217728                                 {product} {command line}
   size_t MarkStackSize                            = 4194304                                   {product} {ergonomic}
   size_t MaxHeapSize                              = 2147483648                                {product} {command line}
   size_t MaxNewSize                               = 1287651328                                {product} {ergonomic}
   size_t MinHeapDeltaBytes                        = 1048576                                   {product} {ergonomic}
   size_t MinHeapSize                              = 134217728                                 {product} {command line}
    uintx NonNMethodCodeHeapSize                   = 5839372                                {pd product} {ergonomic}
    uintx NonProfiledCodeHeapSize                  = 122909434                              {pd product} {ergonomic}
    uintx ProfiledCodeHeapSize                     = 122909434                              {pd product} {ergonomic}
    uintx ReservedCodeCacheSize                    = 251658240                              {pd product} {ergonomic}
     bool SegmentedCodeCache                       = true                                      {product} {ergonomic}
   size_t SoftMaxHeapSize                          = 2147483648                             {manageable} {ergonomic}
     bool UseCompressedOops                        = true                           {product lp64_product} {ergonomic}
     bool UseG1GC                                  = true                                      {product} {ergonomic}
     bool UseLargePagesIndividualAllocation        = false                                  {pd product} {ergonomic}

Logging:
Log output configuration:
 #0: stdout all=warning uptime,level,tags foldmultilines=false
 #1: stderr all=off uptime,level,tags foldmultilines=false

Environment Variables:
JAVA_HOME=C:\Program Files\Java\jdk-21
PATH=C:\Program Files\Common Files\Oracle\Java\javapath;C:\Program Files (x86)\Common Files\Oracle\Java\javapath;C:\Program Files\Java\jdk-21\bin;C:\Windows\system32;C:\Windows;C:\Windows\System32\Wbem;C:\Windows\System32\WindowsPowerShell\v1.0\;C:\Windows\System32\OpenSSH\;C:\Program Files\Git\cmd;C:\Program Files\Docker\Docker\resources\bin;C:\Users\ADMIN\AppData\Roaming\nvm;C:\Program Files\nodejs;C:\Program Files\Java\jdk1.8.0_211\bin;C:\Program Files\k6\;C:\Users\ADMIN\AppData\Local\Programs\Python\Python313\Scripts\;C:\Users\ADMIN\AppData\Local\Programs\Python\Python313\;C:\Users\ADMIN\AppData\Local\Programs\Python\Launcher\;C:\Program Files\MySQL\MySQL Shell 8.0\bin\;C:\Users\ADMIN\AppData\Local\Microsoft\WindowsApps;C:\Users\ADMIN\AppData\Roaming\npm;C:\Users\ADMIN\AppData\Roaming\nvm;C:\Program Files\nodejs;C:\Program Files\Java\jdk1.8.0_211\bin;C:\Users\ADMIN\AppData\Local\Coursier\data\bin;C:\hadoop-2.6.0\bin;C:\hadoop-2.6.0\sbin;C:\Users\ADMIN\AppData\Local\Programs\Microsoft VS Code\bin;C:\Users\ADMIN\AppData\Local\Programs\cursor\resources\app\bin
USERNAME=ADMIN
OS=Windows_NT
PROCESSOR_IDENTIFIER=AMD64 Family 23 Model 104 Stepping 1, AuthenticAMD
TMP=C:\Users\ADMIN\AppData\Local\Temp
TEMP=C:\Users\ADMIN\AppData\Local\Temp




Periodic native trim disabled

JNI global refs:
JNI global refs: 17, weak refs: 0

JNI global refs memory usage: 835, weak refs: 833

Process memory usage:
Resident Set Size: 22008K (0% of 7708936K total physical memory with 20444K free physical memory)

OOME stack traces (most recent first):
Classloader memory used:
Loader bootstrap                                                                       : 11059K
Loader jdk.internal.loader.ClassLoaders$AppClassLoader                                 : 3090K
Loader com.intellij.database.remote.jdbc.impl.JdbcClassLoader$JdbcClassLoaderImpl      : 2711K
Loader jdk.internal.loader.ClassLoaders$PlatformClassLoader                            : 770K
Loader jdk.internal.reflect.DelegatingClassLoader                                      : 89744B
Loader com.intellij.database.remote.jdbc.impl.JdbcClassLoader$1                        : 6904B

---------------  S Y S T E M  ---------------

OS:
 Windows 11 , 64 bit Build 22621 (10.0.22621.457)
OS uptime: 0 days 23:08 hours
Hyper-V role detected

CPU: total 12 (initial active 12) (12 cores per cpu, 2 threads per core) family 23 model 104 stepping 1 microcode 0x0, cx8, cmov, fxsr, ht, mmx, 3dnowpref, sse, sse2, sse3, ssse3, sse4a, sse4.1, sse4.2, popcnt, lzcnt, tsc, tscinvbit, avx, avx2, aes, clmul, bmi1, bmi2, adx, sha, fma, vzeroupper, clflush, clflushopt, hv, rdtscp, rdpid, f16c
Processor Information for the first 12 processors :
  Max Mhz: 2100, Current Mhz: 2100, Mhz Limit: 2100

Memory: 4k page, system-wide physical 7528M (236M free)
TotalPageFile size 25146M (AvailPageFile size 309M)
current process WorkingSet (physical memory assigned to process): 29M, peak: 127M
current process commit charge ("private bytes"): 248M, peak: 274M

vm_info: OpenJDK 64-Bit Server VM (21.0.7+9-b895.130) for windows-amd64 JRE (21.0.7+9-b895.130), built on 2025-05-13 by "builduser" with MS VC++ 16.10 / 16.11 (VS2019)

END.
