#
# There is insufficient memory for the Java Runtime Environment to continue.
# Native memory allocation (malloc) failed to allocate 1048576 bytes. Error detail: AllocateHeap
# Possible reasons:
#   The system is out of physical RAM or swap space
#   This process is running with CompressedOops enabled, and the Java Heap may be blocking the growth of the native heap
# Possible solutions:
#   Reduce memory load on the system
#   Increase physical memory or swap space
#   Check if swap backing store is full
#   Decrease Java heap size (-Xmx/-Xms)
#   Decrease number of Java threads
#   Decrease Java thread stack sizes (-Xss)
#   Set larger code cache with -XX:ReservedCodeCacheSize=
#     placed in the first 4GB address space. The Java Heap base address is the
#     maximum limit for the native heap growth. Please use -XX:HeapBaseMinAddress
#     to set the Java Heap base and to place the Java Heap above 4GB virtual address.
# This output file may be truncated or incomplete.
#
#  Out of Memory Error (allocation.cpp:44), pid=9092, tid=916
#
# JRE version: OpenJDK Runtime Environment Temurin-21.0.9+10 (21.0.9+10) (build 21.0.9+10-LTS)
# Java VM: OpenJDK 64-Bit Server VM Temurin-21.0.9+10 (21.0.9+10-LTS, mixed mode, sharing, tiered, compressed oops, compressed class ptrs, parallel gc, windows-amd64)
# No core dump will be written. Minidumps are not enabled by default on client versions of Windows
#

---------------  S U M M A R Y ------------

Command Line: --add-modules=ALL-SYSTEM --add-opens=java.base/java.util=ALL-UNNAMED --add-opens=java.base/java.lang=ALL-UNNAMED --add-opens=java.base/sun.nio.fs=ALL-UNNAMED -Declipse.application=org.eclipse.jdt.ls.core.id1 -Dosgi.bundles.defaultStartLevel=4 -Declipse.product=org.eclipse.jdt.ls.core.product -Djava.import.generatesMetadataFilesAtProjectRoot=false -DDetectVMInstallationsJob.disabled=true -Dfile.encoding=utf8 -XX:+UseParallelGC -XX:GCTimeRatio=4 -XX:AdaptiveSizePolicyWeight=90 -Dsun.zip.disableMemoryMapping=true -Xmx2G -Xms100m -Xlog:disable -javaagent:c:\Users\ADMIN\.vscode\extensions\redhat.java-1.50.0-win32-x64\lombok\lombok-1.18.39-4050.jar -XX:+HeapDumpOnOutOfMemoryError -XX:HeapDumpPath=c:\Users\ADMIN\AppData\Roaming\Code\User\workspaceStorage\4e94088d454c493f4dd15a9ac6fa88c4\redhat.java -Daether.dependencyCollector.impl=bf c:\Users\ADMIN\.vscode\extensions\redhat.java-1.50.0-win32-x64\server\plugins\org.eclipse.equinox.launcher_1.7.100.v20251111-0406.jar -configuration c:\Users\ADMIN\AppData\Roaming\Code\User\globalStorage\redhat.java\1.50.0\config_win -data c:\Users\ADMIN\AppData\Roaming\Code\User\workspaceStorage\4e94088d454c493f4dd15a9ac6fa88c4\redhat.java\jdt_ws --pipe=\\.\pipe\lsp-6b894717fb4362a88525c8bb4e9c7416-sock

Host: AMD Ryzen 5 5500U with Radeon Graphics         , 12 cores, 7G,  Windows 11 , 64 bit Build 22621 (10.0.22621.457)
Time: Fri Jan  2 17:09:38 2026 SE Asia Standard Time elapsed time: 26086.720823 seconds (0d 7h 14m 46s)

---------------  T H R E A D  ---------------

Current thread (0x000002456b002be0):  JavaThread "Attach Listener" daemon [_thread_in_vm, id=916, stack(0x0000004f59500000,0x0000004f59600000) (1024K)]

Stack: [0x0000004f59500000,0x0000004f59600000]
Native frames: (J=compiled Java code, j=interpreted, Vv=VM code, C=native code)
V  [jvm.dll+0x6d6e29]
V  [jvm.dll+0x8b4b76]
V  [jvm.dll+0x8b712e]
V  [jvm.dll+0x8b7813]
V  [jvm.dll+0x283d86]
V  [jvm.dll+0xc1277]
V  [jvm.dll+0x6d76d9]
V  [jvm.dll+0x133466]
V  [jvm.dll+0x3f7ea6]
V  [jvm.dll+0x85e9ad]
V  [jvm.dll+0x6d565d]
C  [ucrtbase.dll+0x29363]
C  [KERNEL32.DLL+0x1244d]
C  [ntdll.dll+0x5df78]


---------------  P R O C E S S  ---------------

Threads class SMR info:
_java_thread_list=0x000002457df18a20, length=55, elements={
0x000002450d348b60, 0x000002450d2faaa0, 0x000002450d2fc6b0, 0x000002456b002090,
0x000002456b002be0, 0x000002456b005740, 0x000002456b006190, 0x000002456b006fc0,
0x000002456b036e90, 0x000002456b1c5960, 0x000002456b332c60, 0x000002456b720070,
0x000002456b1c4620, 0x000002456b927970, 0x000002456b9318a0, 0x000002456b311950,
0x000002456bd0a810, 0x000002456be7df60, 0x000002456be7e5f0, 0x000002456be7cbb0,
0x000002456dce87f0, 0x000002456dce5a00, 0x000002456dce7440, 0x000002456dce6090,
0x000002456dce3930, 0x000002456dce7ad0, 0x000002456dce3fc0, 0x000002456dce4650,
0x000002456dce8e80, 0x000002456dce4ce0, 0x000002456dce5370, 0x000002456dce9510,
0x000002456dce6720, 0x000002456dce32a0, 0x000002456dcea8c0, 0x000002456dce6db0,
0x000002456d80e7a0, 0x000002456ba07080, 0x000002457a951be0, 0x000002457a953cb0,
0x000002457a9556f0, 0x000002457a94f480, 0x000002457a952270, 0x000002457a950830,
0x000002457a9549d0, 0x000002457a951550, 0x000002457a952900, 0x000002457a952f90,
0x000002456ba097e0, 0x000002456ba09150, 0x000002456ba0ab90, 0x000002456ba0b8b0,
0x000002456ba0c5d0, 0x000002456ba0bf40, 0x000002456ba07710
}

Java Threads: ( => current thread )
  0x000002450d348b60 JavaThread "main"                              [_thread_blocked, id=14808, stack(0x0000004f58e00000,0x0000004f58f00000) (1024K)]
  0x000002450d2faaa0 JavaThread "Reference Handler"          daemon [_thread_blocked, id=9116, stack(0x0000004f59200000,0x0000004f59300000) (1024K)]
  0x000002450d2fc6b0 JavaThread "Finalizer"                  daemon [_thread_blocked, id=12584, stack(0x0000004f59300000,0x0000004f59400000) (1024K)]
  0x000002456b002090 JavaThread "Signal Dispatcher"          daemon [_thread_blocked, id=13716, stack(0x0000004f59400000,0x0000004f59500000) (1024K)]
=>0x000002456b002be0 JavaThread "Attach Listener"            daemon [_thread_in_vm, id=916, stack(0x0000004f59500000,0x0000004f59600000) (1024K)]
  0x000002456b005740 JavaThread "Service Thread"             daemon [_thread_blocked, id=10960, stack(0x0000004f59600000,0x0000004f59700000) (1024K)]
  0x000002456b006190 JavaThread "Monitor Deflation Thread"   daemon [_thread_blocked, id=18968, stack(0x0000004f59700000,0x0000004f59800000) (1024K)]
  0x000002456b006fc0 JavaThread "C2 CompilerThread0"         daemon [_thread_blocked, id=13960, stack(0x0000004f59800000,0x0000004f59900000) (1024K)]
  0x000002456b036e90 JavaThread "C1 CompilerThread0"         daemon [_thread_blocked, id=948, stack(0x0000004f59900000,0x0000004f59a00000) (1024K)]
  0x000002456b1c5960 JavaThread "Common-Cleaner"             daemon [_thread_blocked, id=15604, stack(0x0000004f59a00000,0x0000004f59b00000) (1024K)]
  0x000002456b332c60 JavaThread "Notification Thread"        daemon [_thread_blocked, id=4400, stack(0x0000004f59b00000,0x0000004f59c00000) (1024K)]
  0x000002456b720070 JavaThread "Active Thread: Equinox Container: dd7f99fa-bff1-4da4-8501-a824855ddefa"        [_thread_blocked, id=5920, stack(0x0000004f5a200000,0x0000004f5a300000) (1024K)]
  0x000002456b1c4620 JavaThread "Refresh Thread: Equinox Container: dd7f99fa-bff1-4da4-8501-a824855ddefa" daemon [_thread_blocked, id=13784, stack(0x0000004f5a300000,0x0000004f5a400000) (1024K)]
  0x000002456b927970 JavaThread "Framework Event Dispatcher: Equinox Container: dd7f99fa-bff1-4da4-8501-a824855ddefa" daemon [_thread_blocked, id=17396, stack(0x0000004f5a500000,0x0000004f5a600000) (1024K)]
  0x000002456b9318a0 JavaThread "Start Level: Equinox Container: dd7f99fa-bff1-4da4-8501-a824855ddefa" daemon [_thread_blocked, id=1836, stack(0x0000004f5a600000,0x0000004f5a700000) (1024K)]
  0x000002456b311950 JavaThread "Bundle File Closer"         daemon [_thread_blocked, id=6672, stack(0x0000004f5a900000,0x0000004f5aa00000) (1024K)]
  0x000002456bd0a810 JavaThread "SCR Component Actor"        daemon [_thread_blocked, id=7076, stack(0x0000004f5aa00000,0x0000004f5ab00000) (1024K)]
  0x000002456be7df60 JavaThread "Worker-JM"                         [_thread_blocked, id=16060, stack(0x0000004f5ab00000,0x0000004f5ac00000) (1024K)]
  0x000002456be7e5f0 JavaThread "JNA Cleaner"                daemon [_thread_blocked, id=11172, stack(0x0000004f5ac00000,0x0000004f5ad00000) (1024K)]
  0x000002456be7cbb0 JavaThread "Java indexing"              daemon [_thread_blocked, id=4320, stack(0x0000004f5af00000,0x0000004f5b000000) (1024K)]
  0x000002456dce87f0 JavaThread "Thread-1"                   daemon [_thread_in_native, id=10516, stack(0x0000004f5b700000,0x0000004f5b800000) (1024K)]
  0x000002456dce5a00 JavaThread "Thread-2"                   daemon [_thread_in_native, id=15132, stack(0x0000004f5b800000,0x0000004f5b900000) (1024K)]
  0x000002456dce7440 JavaThread "Thread-3"                   daemon [_thread_in_native, id=14168, stack(0x0000004f5b900000,0x0000004f5ba00000) (1024K)]
  0x000002456dce6090 JavaThread "Thread-4"                   daemon [_thread_in_native, id=14508, stack(0x0000004f5ba00000,0x0000004f5bb00000) (1024K)]
  0x000002456dce3930 JavaThread "Thread-5"                   daemon [_thread_in_native, id=1976, stack(0x0000004f5bb00000,0x0000004f5bc00000) (1024K)]
  0x000002456dce7ad0 JavaThread "Thread-6"                   daemon [_thread_in_native, id=2320, stack(0x0000004f5bc00000,0x0000004f5bd00000) (1024K)]
  0x000002456dce3fc0 JavaThread "Thread-7"                   daemon [_thread_in_native, id=10356, stack(0x0000004f5bd00000,0x0000004f5be00000) (1024K)]
  0x000002456dce4650 JavaThread "Thread-8"                   daemon [_thread_in_native, id=19364, stack(0x0000004f5be00000,0x0000004f5bf00000) (1024K)]
  0x000002456dce8e80 JavaThread "Thread-9"                   daemon [_thread_in_native, id=1548, stack(0x0000004f5bf00000,0x0000004f5c000000) (1024K)]
  0x000002456dce4ce0 JavaThread "Thread-10"                  daemon [_thread_in_native, id=16312, stack(0x0000004f5c000000,0x0000004f5c100000) (1024K)]
  0x000002456dce5370 JavaThread "Thread-11"                  daemon [_thread_in_native, id=10732, stack(0x0000004f5c100000,0x0000004f5c200000) (1024K)]
  0x000002456dce9510 JavaThread "Thread-12"                  daemon [_thread_in_native, id=16908, stack(0x0000004f5c200000,0x0000004f5c300000) (1024K)]
  0x000002456dce6720 JavaThread "Thread-13"                  daemon [_thread_in_native, id=1476, stack(0x0000004f5c300000,0x0000004f5c400000) (1024K)]
  0x000002456dce32a0 JavaThread "pool-2-thread-1"                   [_thread_blocked, id=8008, stack(0x0000004f5c400000,0x0000004f5c500000) (1024K)]
  0x000002456dcea8c0 JavaThread "WorkspaceEventsHandler"            [_thread_blocked, id=13696, stack(0x0000004f5c600000,0x0000004f5c700000) (1024K)]
  0x000002456dce6db0 JavaThread "pool-1-thread-1"                   [_thread_blocked, id=11320, stack(0x0000004f5c700000,0x0000004f5c800000) (1024K)]
  0x000002456d80e7a0 JavaThread "Timer-0"                           [_thread_blocked, id=4164, stack(0x0000004f5d400000,0x0000004f5d500000) (1024K)]
  0x000002456ba07080 JavaThread "Cleaner-0"                  daemon [_thread_blocked, id=8548, stack(0x0000004f5c800000,0x0000004f5c900000) (1024K)]
  0x000002457a951be0 JavaThread "ForkJoinPool.commonPool-worker-121" daemon [_thread_blocked, id=4652, stack(0x0000004f58c00000,0x0000004f58d00000) (1024K)]
  0x000002457a953cb0 JavaThread "ForkJoinPool.commonPool-worker-125" daemon [_thread_blocked, id=14916, stack(0x0000004f5b100000,0x0000004f5b200000) (1024K)]
  0x000002457a9556f0 JavaThread "ForkJoinPool.commonPool-worker-126" daemon [_thread_blocked, id=16528, stack(0x0000004f5b200000,0x0000004f5b300000) (1024K)]
  0x000002457a94f480 JavaThread "ForkJoinPool.commonPool-worker-127" daemon [_thread_blocked, id=13128, stack(0x0000004f5b300000,0x0000004f5b400000) (1024K)]
  0x000002457a952270 JavaThread "ForkJoinPool.commonPool-worker-129" daemon [_thread_blocked, id=12384, stack(0x0000004f5b500000,0x0000004f5b600000) (1024K)]
  0x000002457a950830 JavaThread "ForkJoinPool.commonPool-worker-130" daemon [_thread_blocked, id=17640, stack(0x0000004f5b600000,0x0000004f5b700000) (1024K)]
  0x000002457a9549d0 JavaThread "ForkJoinPool.commonPool-worker-132" daemon [_thread_blocked, id=17808, stack(0x0000004f5c900000,0x0000004f5ca00000) (1024K)]
  0x000002457a951550 JavaThread "Worker-105"                        [_thread_blocked, id=4132, stack(0x0000004f5ca00000,0x0000004f5cb00000) (1024K)]
  0x000002457a952900 JavaThread "Compiler Source File Reader" daemon [_thread_blocked, id=11988, stack(0x0000004f5ae00000,0x0000004f5af00000) (1024K)]
  0x000002457a952f90 JavaThread "Worker-106"                        [_thread_blocked, id=1520, stack(0x0000004f58d00000,0x0000004f58e00000) (1024K)]
  0x000002456ba097e0 JavaThread "Compiler Source File Reader" daemon [_thread_blocked, id=9456, stack(0x0000004f5cd00000,0x0000004f5ce00000) (1024K)]
  0x000002456ba09150 JavaThread "Compiler Source File Reader" daemon [_thread_blocked, id=16260, stack(0x0000004f5ce00000,0x0000004f5cf00000) (1024K)]
  0x000002456ba0ab90 JavaThread "Compiler Source File Reader" daemon [_thread_blocked, id=17116, stack(0x0000004f5cf00000,0x0000004f5d000000) (1024K)]
  0x000002456ba0b8b0 JavaThread "Compiler Source File Reader" daemon [_thread_blocked, id=10856, stack(0x0000004f5d000000,0x0000004f5d100000) (1024K)]
  0x000002456ba0c5d0 JavaThread "Compiler Source File Reader" daemon [_thread_blocked, id=7636, stack(0x0000004f5d100000,0x0000004f5d200000) (1024K)]
  0x000002456ba0bf40 JavaThread "Compiler Source File Reader" daemon [_thread_blocked, id=7764, stack(0x0000004f5d200000,0x0000004f5d300000) (1024K)]
  0x000002456ba07710 JavaThread "Compiler Source File Reader" daemon [_thread_blocked, id=20088, stack(0x0000004f5d300000,0x0000004f5d400000) (1024K)]
Total: 55

Other Threads:
  0x000002450d2e4260 VMThread "VM Thread"                           [id=8248, stack(0x0000004f59100000,0x0000004f59200000) (1024K)]
  0x000002450d3b3340 WatcherThread "VM Periodic Task Thread"        [id=13624, stack(0x0000004f59000000,0x0000004f59100000) (1024K)]
  0x000002450d366870 WorkerThread "GC Thread#0"                     [id=15404, stack(0x0000004f58f00000,0x0000004f59000000) (1024K)]
  0x000002456b64e980 WorkerThread "GC Thread#1"                     [id=7992, stack(0x0000004f59c00000,0x0000004f59d00000) (1024K)]
  0x000002456b64ed20 WorkerThread "GC Thread#2"                     [id=14128, stack(0x0000004f59d00000,0x0000004f59e00000) (1024K)]
  0x000002456b64f0c0 WorkerThread "GC Thread#3"                     [id=2096, stack(0x0000004f59e00000,0x0000004f59f00000) (1024K)]
  0x000002456b64f460 WorkerThread "GC Thread#4"                     [id=6196, stack(0x0000004f59f00000,0x0000004f5a000000) (1024K)]
  0x000002456b64f800 WorkerThread "GC Thread#5"                     [id=1540, stack(0x0000004f5a000000,0x0000004f5a100000) (1024K)]
  0x000002456b384ee0 WorkerThread "GC Thread#6"                     [id=16740, stack(0x0000004f5a100000,0x0000004f5a200000) (1024K)]
  0x000002456b0092b0 WorkerThread "GC Thread#7"                     [id=3552, stack(0x0000004f5a400000,0x0000004f5a500000) (1024K)]
  0x000002456c027a80 WorkerThread "GC Thread#8"                     [id=15636, stack(0x0000004f5a700000,0x0000004f5a800000) (1024K)]
  0x000002456b7ff480 WorkerThread "GC Thread#9"                     [id=9064, stack(0x0000004f5a800000,0x0000004f5a900000) (1024K)]
Total: 12

Threads with active compile tasks:
Total: 0

VM state: not at safepoint (normal execution)

VM Mutex/Monitor currently owned by a thread: None

Heap address: 0x0000000080000000, size: 2048 MB, Compressed Oops mode: 32-bit

CDS archive(s) mapped at: [0x0000024524000000-0x0000024524ba0000-0x0000024524ba0000), size 12189696, SharedBaseAddress: 0x0000024524000000, ArchiveRelocationMode: 1.
Compressed class space mapped at: 0x0000024525000000-0x0000024565000000, reserved size: 1073741824
Narrow klass base: 0x0000024524000000, Narrow klass shift: 0, Narrow klass range: 0x100000000

GC Precious Log:
 CardTable entry size: 512
 CPUs: 12 total, 12 available
 Memory: 7528M
 Large Page Support: Disabled
 NUMA Support: Disabled
 Compressed Oops: Enabled (32-bit)
 Alignments: Space 512K, Generation 512K, Heap 2M
 Heap Min Capacity: 100M
 Heap Initial Capacity: 100M
 Heap Max Capacity: 2G
 Pre-touch: Disabled
 Parallel Workers: 10

Heap:
 PSYoungGen      total 9728K, used 1019K [0x00000000d5580000, 0x00000000d6000000, 0x0000000100000000)
  eden space 8704K, 3% used [0x00000000d5580000,0x00000000d55c8b70,0x00000000d5e00000)
  from space 1024K, 71% used [0x00000000d5f00000,0x00000000d5fb6410,0x00000000d6000000)
  to   space 1024K, 0% used [0x00000000d5e00000,0x00000000d5e00000,0x00000000d5f00000)
 ParOldGen       total 292864K, used 292659K [0x0000000080000000, 0x0000000091e00000, 0x00000000d5580000)
  object space 292864K, 99% used [0x0000000080000000,0x0000000091dccc50,0x0000000091e00000)
 Metaspace       used 97712K, committed 99392K, reserved 1179648K
  class space    used 10194K, committed 11008K, reserved 1048576K

Card table byte_map: [0x000002450ccf0000,0x000002450d100000] _byte_map_base: 0x000002450c8f0000

Marking Bits: (ParMarkBitMap*) 0x00007ff8ccb32460
 Begin Bits: [0x000002451f800000, 0x0000024521800000)
 End Bits:   [0x0000024521800000, 0x0000024523800000)

Polling page: 0x000002450b2f0000

Metaspace:

Usage:
  Non-class:     85.47 MB used.
      Class:      9.96 MB used.
       Both:     95.42 MB used.

Virtual space:
  Non-class space:      128.00 MB reserved,      86.31 MB ( 67%) committed,  2 nodes.
      Class space:        1.00 GB reserved,      10.75 MB (  1%) committed,  1 nodes.
             Both:        1.12 GB reserved,      97.06 MB (  8%) committed. 

Chunk freelists:
   Non-Class:  9.47 MB
       Class:  5.32 MB
        Both:  14.78 MB

MaxMetaspaceSize: unlimited
CompressedClassSpaceSize: 1.00 GB
Initial GC threshold: 21.00 MB
Current GC threshold: 161.19 MB
CDS: on
 - commit_granule_bytes: 65536.
 - commit_granule_words: 8192.
 - virtual_space_node_default_size: 8388608.
 - enlarge_chunks_in_place: 1.
 - use_allocation_guard: 0.


Internal statistics:

num_allocs_failed_limit: 9.
num_arena_births: 1994.
num_arena_deaths: 550.
num_vsnodes_births: 3.
num_vsnodes_deaths: 0.
num_space_committed: 1553.
num_space_uncommitted: 0.
num_chunks_returned_to_freelist: 623.
num_chunks_taken_from_freelist: 6861.
num_chunk_merges: 160.
num_chunk_splits: 4016.
num_chunks_enlarged: 2308.
num_inconsistent_stats: 0.

CodeHeap 'non-profiled nmethods': size=120000Kb used=20370Kb max_used=24104Kb free=99629Kb
 bounds [0x0000024518020000, 0x00000245197d0000, 0x000002451f550000]
CodeHeap 'profiled nmethods': size=120000Kb used=24158Kb max_used=49796Kb free=95842Kb
 bounds [0x0000024510550000, 0x0000024513600000, 0x0000024517a80000]
CodeHeap 'non-nmethods': size=5760Kb used=1530Kb max_used=1611Kb free=4229Kb
 bounds [0x0000024517a80000, 0x0000024517cf0000, 0x0000024518020000]
CodeCache: size=245760Kb, used=46058Kb, max_used=75511Kb, free=199700Kb
 total_blobs=12728, nmethods=11878, adapters=749, full_count=0
Compilation: enabled, stopped_count=0, restarted_count=0

Compilation events (20 events):
Event: 25876.198 Thread 0x000002456b006fc0 34711   !   4       org.eclipse.jdt.internal.core.DeltaProcessor::outputsInfo (282 bytes)
Event: 25876.233 Thread 0x000002456b006fc0 nmethod 34711 0x000002451922dc90 code [0x000002451922dfe0, 0x000002451922fe48]
Event: 25876.395 Thread 0x000002456b006fc0 34712       4       org.eclipse.jdt.internal.core.builder.NameEnvironment::setNames (209 bytes)
Event: 25876.428 Thread 0x000002456b006fc0 nmethod 34712 0x0000024518478410 code [0x0000024518478680, 0x0000024518479500]
Event: 25876.435 Thread 0x000002456b036e90 34713       3       lombok.core.AnnotationProcessor::process (236 bytes)
Event: 25876.449 Thread 0x000002456b036e90 nmethod 34713 0x000002451074d290 code [0x000002451074d620, 0x000002451074ee58]
Event: 25876.474 Thread 0x000002456b036e90 34714       3       org.eclipse.jdt.internal.compiler.lookup.InferenceContext18::allOutputVariables (54 bytes)
Event: 25876.475 Thread 0x000002456b036e90 nmethod 34714 0x000002451061bc90 code [0x000002451061bee0, 0x000002451061c688]
Event: 25876.476 Thread 0x000002456b036e90 34715       3       org.eclipse.jdt.internal.compiler.lookup.InferenceContext18::findBottomSet (107 bytes)
Event: 25876.477 Thread 0x000002456b036e90 nmethod 34715 0x0000024512dad090 code [0x0000024512dad360, 0x0000024512dae128]
Event: 25876.488 Thread 0x000002456b036e90 34716       3       org.eclipse.jdt.internal.compiler.ast.QualifiedNameReference::lastFieldBinding (48 bytes)
Event: 25876.488 Thread 0x000002456b036e90 nmethod 34716 0x0000024511737d90 code [0x0000024511737f60, 0x0000024511738280]
Event: 25876.494 Thread 0x000002456b036e90 34717       3       org.eclipse.jdt.internal.compiler.ast.BinaryExpression::generateOptimizedGreaterThan (407 bytes)
Event: 25876.497 Thread 0x000002456b036e90 nmethod 34717 0x000002451088e390 code [0x000002451088e7a0, 0x0000024510890890]
Event: 25876.500 Thread 0x000002456b036e90 34718       3       lombok.bytecode.ClassFileMetaData::usesMethod (105 bytes)
Event: 25876.503 Thread 0x000002456b036e90 nmethod 34718 0x00000245116bdc90 code [0x00000245116bdee0, 0x00000245116be7c0]
Event: 25876.503 Thread 0x000002456b036e90 34719       3       lombok.bytecode.ClassFileMetaData::findClass (58 bytes)
Event: 25876.504 Thread 0x000002456b036e90 nmethod 34719 0x0000024510780a10 code [0x0000024510780c20, 0x00000245107811c0]
Event: 25876.994 Thread 0x000002456b006fc0 34720       4       org.eclipse.jdt.internal.compiler.lookup.ReferenceBinding::isNestmateOf (26 bytes)
Event: 25877.000 Thread 0x000002456b006fc0 nmethod 34720 0x00000245183efd90 code [0x00000245183eff60, 0x00000245183f0300]

GC Heap History (20 events):
Event: 25876.637 GC heap before
{Heap before GC invocations=4482 (full 18):
 PSYoungGen      total 2048K, used 1632K [0x00000000d5580000, 0x00000000d6000000, 0x0000000100000000)
  eden space 1024K, 100% used [0x00000000d5580000,0x00000000d5680000,0x00000000d5680000)
  from space 1024K, 59% used [0x00000000d5f00000,0x00000000d5f98000,0x00000000d6000000)
  to   space 1536K, 0% used [0x00000000d5d00000,0x00000000d5d00000,0x00000000d5e80000)
 ParOldGen       total 282112K, used 282070K [0x0000000080000000, 0x0000000091380000, 0x00000000d5580000)
  object space 282112K, 99% used [0x0000000080000000,0x00000000913759b0,0x0000000091380000)
 Metaspace       used 97712K, committed 99392K, reserved 1179648K
  class space    used 10194K, committed 11008K, reserved 1048576K
}
Event: 25876.640 GC heap after
{Heap after GC invocations=4482 (full 18):
 PSYoungGen      total 3072K, used 1120K [0x00000000d5580000, 0x00000000d5f80000, 0x0000000100000000)
  eden space 1536K, 0% used [0x00000000d5580000,0x00000000d5580000,0x00000000d5700000)
  from space 1536K, 72% used [0x00000000d5d00000,0x00000000d5e18000,0x00000000d5e80000)
  to   space 1024K, 0% used [0x00000000d5e80000,0x00000000d5e80000,0x00000000d5f80000)
 ParOldGen       total 282624K, used 282574K [0x0000000080000000, 0x0000000091400000, 0x00000000d5580000)
  object space 282624K, 99% used [0x0000000080000000,0x00000000913f39b0,0x0000000091400000)
 Metaspace       used 97712K, committed 99392K, reserved 1179648K
  class space    used 10194K, committed 11008K, reserved 1048576K
}
Event: 25876.644 GC heap before
{Heap before GC invocations=4483 (full 18):
 PSYoungGen      total 3072K, used 2656K [0x00000000d5580000, 0x00000000d5f80000, 0x0000000100000000)
  eden space 1536K, 100% used [0x00000000d5580000,0x00000000d5700000,0x00000000d5700000)
  from space 1536K, 72% used [0x00000000d5d00000,0x00000000d5e18000,0x00000000d5e80000)
  to   space 1024K, 0% used [0x00000000d5e80000,0x00000000d5e80000,0x00000000d5f80000)
 ParOldGen       total 282624K, used 282574K [0x0000000080000000, 0x0000000091400000, 0x00000000d5580000)
  object space 282624K, 99% used [0x0000000080000000,0x00000000913f39b0,0x0000000091400000)
 Metaspace       used 97712K, committed 99392K, reserved 1179648K
  class space    used 10194K, committed 11008K, reserved 1048576K
}
Event: 25876.647 GC heap after
{Heap after GC invocations=4483 (full 18):
 PSYoungGen      total 3072K, used 1024K [0x00000000d5580000, 0x00000000d5f80000, 0x0000000100000000)
  eden space 2048K, 0% used [0x00000000d5580000,0x00000000d5580000,0x00000000d5780000)
  from space 1024K, 100% used [0x00000000d5e80000,0x00000000d5f80000,0x00000000d5f80000)
  to   space 3072K, 0% used [0x00000000d5980000,0x00000000d5980000,0x00000000d5c80000)
 ParOldGen       total 284160K, used 284078K [0x0000000080000000, 0x0000000091580000, 0x00000000d5580000)
  object space 284160K, 99% used [0x0000000080000000,0x000000009156b9b0,0x0000000091580000)
 Metaspace       used 97712K, committed 99392K, reserved 1179648K
  class space    used 10194K, committed 11008K, reserved 1048576K
}
Event: 25876.653 GC heap before
{Heap before GC invocations=4484 (full 18):
 PSYoungGen      total 3072K, used 3072K [0x00000000d5580000, 0x00000000d5f80000, 0x0000000100000000)
  eden space 2048K, 100% used [0x00000000d5580000,0x00000000d5780000,0x00000000d5780000)
  from space 1024K, 100% used [0x00000000d5e80000,0x00000000d5f80000,0x00000000d5f80000)
  to   space 3072K, 0% used [0x00000000d5980000,0x00000000d5980000,0x00000000d5c80000)
 ParOldGen       total 284160K, used 284078K [0x0000000080000000, 0x0000000091580000, 0x00000000d5580000)
  object space 284160K, 99% used [0x0000000080000000,0x000000009156b9b0,0x0000000091580000)
 Metaspace       used 97712K, committed 99392K, reserved 1179648K
  class space    used 10194K, committed 11008K, reserved 1048576K
}
Event: 25876.657 GC heap after
{Heap after GC invocations=4484 (full 18):
 PSYoungGen      total 5632K, used 1880K [0x00000000d5580000, 0x00000000d5f00000, 0x0000000100000000)
  eden space 2560K, 0% used [0x00000000d5580000,0x00000000d5580000,0x00000000d5800000)
  from space 3072K, 61% used [0x00000000d5980000,0x00000000d5b56000,0x00000000d5c80000)
  to   space 2560K, 0% used [0x00000000d5c80000,0x00000000d5c80000,0x00000000d5f00000)
 ParOldGen       total 285184K, used 285158K [0x0000000080000000, 0x0000000091680000, 0x00000000d5580000)
  object space 285184K, 99% used [0x0000000080000000,0x00000000916799b0,0x0000000091680000)
 Metaspace       used 97712K, committed 99392K, reserved 1179648K
  class space    used 10194K, committed 11008K, reserved 1048576K
}
Event: 25876.673 GC heap before
{Heap before GC invocations=4485 (full 18):
 PSYoungGen      total 5632K, used 4440K [0x00000000d5580000, 0x00000000d5f00000, 0x0000000100000000)
  eden space 2560K, 100% used [0x00000000d5580000,0x00000000d5800000,0x00000000d5800000)
  from space 3072K, 61% used [0x00000000d5980000,0x00000000d5b56000,0x00000000d5c80000)
  to   space 2560K, 0% used [0x00000000d5c80000,0x00000000d5c80000,0x00000000d5f00000)
 ParOldGen       total 285184K, used 285158K [0x0000000080000000, 0x0000000091680000, 0x00000000d5580000)
  object space 285184K, 99% used [0x0000000080000000,0x00000000916799b0,0x0000000091680000)
 Metaspace       used 97712K, committed 99392K, reserved 1179648K
  class space    used 10194K, committed 11008K, reserved 1048576K
}
Event: 25876.677 GC heap after
{Heap after GC invocations=4485 (full 18):
 PSYoungGen      total 5632K, used 2112K [0x00000000d5580000, 0x00000000d5f00000, 0x0000000100000000)
  eden space 3072K, 0% used [0x00000000d5580000,0x00000000d5580000,0x00000000d5880000)
  from space 2560K, 82% used [0x00000000d5c80000,0x00000000d5e90000,0x00000000d5f00000)
  to   space 2560K, 0% used [0x00000000d5a00000,0x00000000d5a00000,0x00000000d5c80000)
 ParOldGen       total 286720K, used 286654K [0x0000000080000000, 0x0000000091800000, 0x00000000d5580000)
  object space 286720K, 99% used [0x0000000080000000,0x00000000917ef9b0,0x0000000091800000)
 Metaspace       used 97712K, committed 99392K, reserved 1179648K
  class space    used 10194K, committed 11008K, reserved 1048576K
}
Event: 25876.757 GC heap before
{Heap before GC invocations=4486 (full 18):
 PSYoungGen      total 5632K, used 5184K [0x00000000d5580000, 0x00000000d5f00000, 0x0000000100000000)
  eden space 3072K, 100% used [0x00000000d5580000,0x00000000d5880000,0x00000000d5880000)
  from space 2560K, 82% used [0x00000000d5c80000,0x00000000d5e90000,0x00000000d5f00000)
  to   space 2560K, 0% used [0x00000000d5a00000,0x00000000d5a00000,0x00000000d5c80000)
 ParOldGen       total 286720K, used 286654K [0x0000000080000000, 0x0000000091800000, 0x00000000d5580000)
  object space 286720K, 99% used [0x0000000080000000,0x00000000917ef9b0,0x0000000091800000)
 Metaspace       used 97712K, committed 99392K, reserved 1179648K
  class space    used 10194K, committed 11008K, reserved 1048576K
}
Event: 25876.766 GC heap after
{Heap after GC invocations=4486 (full 18):
 PSYoungGen      total 6656K, used 2560K [0x00000000d5580000, 0x00000000d6280000, 0x0000000100000000)
  eden space 4096K, 0% used [0x00000000d5580000,0x00000000d5580000,0x00000000d5980000)
  from space 2560K, 100% used [0x00000000d5a00000,0x00000000d5c80000,0x00000000d5c80000)
  to   space 4608K, 0% used [0x00000000d5e00000,0x00000000d5e00000,0x00000000d6280000)
 ParOldGen       total 288256K, used 288086K [0x0000000080000000, 0x0000000091980000, 0x00000000d5580000)
  object space 288256K, 99% used [0x0000000080000000,0x00000000919559b0,0x0000000091980000)
 Metaspace       used 97712K, committed 99392K, reserved 1179648K
  class space    used 10194K, committed 11008K, reserved 1048576K
}
Event: 25876.944 GC heap before
{Heap before GC invocations=4487 (full 18):
 PSYoungGen      total 6656K, used 6656K [0x00000000d5580000, 0x00000000d6280000, 0x0000000100000000)
  eden space 4096K, 100% used [0x00000000d5580000,0x00000000d5980000,0x00000000d5980000)
  from space 2560K, 100% used [0x00000000d5a00000,0x00000000d5c80000,0x00000000d5c80000)
  to   space 4608K, 0% used [0x00000000d5e00000,0x00000000d5e00000,0x00000000d6280000)
 ParOldGen       total 288256K, used 288086K [0x0000000080000000, 0x0000000091980000, 0x00000000d5580000)
  object space 288256K, 99% used [0x0000000080000000,0x00000000919559b0,0x0000000091980000)
 Metaspace       used 97712K, committed 99392K, reserved 1179648K
  class space    used 10194K, committed 11008K, reserved 1048576K
}
Event: 25876.948 GC heap after
{Heap after GC invocations=4487 (full 18):
 PSYoungGen      total 6144K, used 537K [0x00000000d5580000, 0x00000000d5f00000, 0x0000000100000000)
  eden space 5120K, 0% used [0x00000000d5580000,0x00000000d5580000,0x00000000d5a80000)
  from space 1024K, 52% used [0x00000000d5e00000,0x00000000d5e86410,0x00000000d5f00000)
  to   space 2048K, 0% used [0x00000000d5b00000,0x00000000d5b00000,0x00000000d5d00000)
 ParOldGen       total 291328K, used 290662K [0x0000000080000000, 0x0000000091c80000, 0x00000000d5580000)
  object space 291328K, 99% used [0x0000000080000000,0x0000000091bd99b0,0x0000000091c80000)
 Metaspace       used 97712K, committed 99392K, reserved 1179648K
  class space    used 10194K, committed 11008K, reserved 1048576K
}
Event: 25876.954 GC heap before
{Heap before GC invocations=4488 (full 18):
 PSYoungGen      total 6144K, used 5657K [0x00000000d5580000, 0x00000000d5f00000, 0x0000000100000000)
  eden space 5120K, 100% used [0x00000000d5580000,0x00000000d5a80000,0x00000000d5a80000)
  from space 1024K, 52% used [0x00000000d5e00000,0x00000000d5e86410,0x00000000d5f00000)
  to   space 2048K, 0% used [0x00000000d5b00000,0x00000000d5b00000,0x00000000d5d00000)
 ParOldGen       total 291328K, used 290662K [0x0000000080000000, 0x0000000091c80000, 0x00000000d5580000)
  object space 291328K, 99% used [0x0000000080000000,0x0000000091bd99b0,0x0000000091c80000)
 Metaspace       used 97712K, committed 99392K, reserved 1179648K
  class space    used 10194K, committed 11008K, reserved 1048576K
}
Event: 25876.956 GC heap after
{Heap after GC invocations=4488 (full 18):
 PSYoungGen      total 7680K, used 576K [0x00000000d5580000, 0x00000000d5e80000, 0x0000000100000000)
  eden space 5632K, 0% used [0x00000000d5580000,0x00000000d5580000,0x00000000d5b00000)
  from space 2048K, 28% used [0x00000000d5b00000,0x00000000d5b90000,0x00000000d5d00000)
  to   space 1024K, 0% used [0x00000000d5d80000,0x00000000d5d80000,0x00000000d5e80000)
 ParOldGen       total 291328K, used 291085K [0x0000000080000000, 0x0000000091c80000, 0x00000000d5580000)
  object space 291328K, 99% used [0x0000000080000000,0x0000000091c437f0,0x0000000091c80000)
 Metaspace       used 97712K, committed 99392K, reserved 1179648K
  class space    used 10194K, committed 11008K, reserved 1048576K
}
Event: 25876.965 GC heap before
{Heap before GC invocations=4489 (full 18):
 PSYoungGen      total 7680K, used 6208K [0x00000000d5580000, 0x00000000d5e80000, 0x0000000100000000)
  eden space 5632K, 100% used [0x00000000d5580000,0x00000000d5b00000,0x00000000d5b00000)
  from space 2048K, 28% used [0x00000000d5b00000,0x00000000d5b90000,0x00000000d5d00000)
  to   space 1024K, 0% used [0x00000000d5d80000,0x00000000d5d80000,0x00000000d5e80000)
 ParOldGen       total 291328K, used 291085K [0x0000000080000000, 0x0000000091c80000, 0x00000000d5580000)
  object space 291328K, 99% used [0x0000000080000000,0x0000000091c437f0,0x0000000091c80000)
 Metaspace       used 97712K, committed 99392K, reserved 1179648K
  class space    used 10194K, committed 11008K, reserved 1048576K
}
Event: 25876.967 GC heap after
{Heap after GC invocations=4489 (full 18):
 PSYoungGen      total 8192K, used 905K [0x00000000d5580000, 0x00000000d5e80000, 0x0000000100000000)
  eden space 7168K, 0% used [0x00000000d5580000,0x00000000d5580000,0x00000000d5c80000)
  from space 1024K, 88% used [0x00000000d5d80000,0x00000000d5e62400,0x00000000d5e80000)
  to   space 1024K, 0% used [0x00000000d5c80000,0x00000000d5c80000,0x00000000d5d80000)
 ParOldGen       total 291840K, used 291509K [0x0000000080000000, 0x0000000091d00000, 0x00000000d5580000)
  object space 291840K, 99% used [0x0000000080000000,0x0000000091cad7f0,0x0000000091d00000)
 Metaspace       used 97712K, committed 99392K, reserved 1179648K
  class space    used 10194K, committed 11008K, reserved 1048576K
}
Event: 25876.977 GC heap before
{Heap before GC invocations=4490 (full 18):
 PSYoungGen      total 8192K, used 8073K [0x00000000d5580000, 0x00000000d5e80000, 0x0000000100000000)
  eden space 7168K, 100% used [0x00000000d5580000,0x00000000d5c80000,0x00000000d5c80000)
  from space 1024K, 88% used [0x00000000d5d80000,0x00000000d5e62400,0x00000000d5e80000)
  to   space 1024K, 0% used [0x00000000d5c80000,0x00000000d5c80000,0x00000000d5d80000)
 ParOldGen       total 291840K, used 291509K [0x0000000080000000, 0x0000000091d00000, 0x00000000d5580000)
  object space 291840K, 99% used [0x0000000080000000,0x0000000091cad7f0,0x0000000091d00000)
 Metaspace       used 97712K, committed 99392K, reserved 1179648K
  class space    used 10194K, committed 11008K, reserved 1048576K
}
Event: 25876.979 GC heap after
{Heap after GC invocations=4490 (full 18):
 PSYoungGen      total 8192K, used 681K [0x00000000d5580000, 0x00000000d6000000, 0x0000000100000000)
  eden space 7168K, 0% used [0x00000000d5580000,0x00000000d5580000,0x00000000d5c80000)
  from space 1024K, 66% used [0x00000000d5c80000,0x00000000d5d2a400,0x00000000d5d80000)
  to   space 1024K, 0% used [0x00000000d5f00000,0x00000000d5f00000,0x00000000d6000000)
 ParOldGen       total 292352K, used 292215K [0x0000000080000000, 0x0000000091d80000, 0x00000000d5580000)
  object space 292352K, 99% used [0x0000000080000000,0x0000000091d5dc40,0x0000000091d80000)
 Metaspace       used 97712K, committed 99392K, reserved 1179648K
  class space    used 10194K, committed 11008K, reserved 1048576K
}
Event: 25876.990 GC heap before
{Heap before GC invocations=4491 (full 18):
 PSYoungGen      total 8192K, used 7849K [0x00000000d5580000, 0x00000000d6000000, 0x0000000100000000)
  eden space 7168K, 100% used [0x00000000d5580000,0x00000000d5c80000,0x00000000d5c80000)
  from space 1024K, 66% used [0x00000000d5c80000,0x00000000d5d2a400,0x00000000d5d80000)
  to   space 1024K, 0% used [0x00000000d5f00000,0x00000000d5f00000,0x00000000d6000000)
 ParOldGen       total 292352K, used 292215K [0x0000000080000000, 0x0000000091d80000, 0x00000000d5580000)
  object space 292352K, 99% used [0x0000000080000000,0x0000000091d5dc40,0x0000000091d80000)
 Metaspace       used 97712K, committed 99392K, reserved 1179648K
  class space    used 10194K, committed 11008K, reserved 1048576K
}
Event: 25876.993 GC heap after
{Heap after GC invocations=4491 (full 18):
 PSYoungGen      total 9728K, used 729K [0x00000000d5580000, 0x00000000d6000000, 0x0000000100000000)
  eden space 8704K, 0% used [0x00000000d5580000,0x00000000d5580000,0x00000000d5e00000)
  from space 1024K, 71% used [0x00000000d5f00000,0x00000000d5fb6410,0x00000000d6000000)
  to   space 1024K, 0% used [0x00000000d5e00000,0x00000000d5e00000,0x00000000d5f00000)
 ParOldGen       total 292864K, used 292659K [0x0000000080000000, 0x0000000091e00000, 0x00000000d5580000)
  object space 292864K, 99% used [0x0000000080000000,0x0000000091dccc50,0x0000000091e00000)
 Metaspace       used 97712K, committed 99392K, reserved 1179648K
  class space    used 10194K, committed 11008K, reserved 1048576K
}

Dll operation events (15 events):
Event: 0.114 Loaded shared library c:\Users\ADMIN\.vscode\extensions\redhat.java-1.50.0-win32-x64\jre\21.0.9-win32-x86_64\bin\java.dll
Event: 0.575 Loaded shared library c:\Users\ADMIN\.vscode\extensions\redhat.java-1.50.0-win32-x64\jre\21.0.9-win32-x86_64\bin\zip.dll
Event: 0.652 Loaded shared library C:\Users\ADMIN\.vscode\extensions\redhat.java-1.50.0-win32-x64\jre\21.0.9-win32-x86_64\bin\instrument.dll
Event: 0.777 Loaded shared library C:\Users\ADMIN\.vscode\extensions\redhat.java-1.50.0-win32-x64\jre\21.0.9-win32-x86_64\bin\net.dll
Event: 0.919 Loaded shared library C:\Users\ADMIN\.vscode\extensions\redhat.java-1.50.0-win32-x64\jre\21.0.9-win32-x86_64\bin\nio.dll
Event: 0.929 Loaded shared library C:\Users\ADMIN\.vscode\extensions\redhat.java-1.50.0-win32-x64\jre\21.0.9-win32-x86_64\bin\zip.dll
Event: 0.988 Loaded shared library C:\Users\ADMIN\.vscode\extensions\redhat.java-1.50.0-win32-x64\jre\21.0.9-win32-x86_64\bin\jimage.dll
Event: 1.375 Loaded shared library c:\Users\ADMIN\.vscode\extensions\redhat.java-1.50.0-win32-x64\jre\21.0.9-win32-x86_64\bin\verify.dll
Event: 11.234 Loaded shared library C:\Users\ADMIN\AppData\Roaming\Code\User\globalStorage\redhat.java\1.50.0\config_win\org.eclipse.equinox.launcher\org.eclipse.equinox.launcher.win32.win32.x86_64_1.2.1400.v20250801-0854\eclipse_11916.dll
Event: 33.507 Loaded shared library C:\Users\ADMIN\AppData\Local\Temp\jna-62130991\jna888213592650870987.dll
Event: 35.526 Loaded shared library C:\Users\ADMIN\.vscode\extensions\redhat.java-1.50.0-win32-x64\jre\21.0.9-win32-x86_64\bin\sunmscapi.dll
Event: 35.870 Loaded shared library C:\Users\ADMIN\.vscode\extensions\redhat.java-1.50.0-win32-x64\jre\21.0.9-win32-x86_64\bin\extnet.dll
Event: 41.012 Loaded shared library C:\Users\ADMIN\.gradle\native\1def1411415f61bf3af743bc5b6707747c0891f09f0c88961ee8f79bc544acac\windows-amd64\native-platform.dll
Event: 42.462 Loaded shared library C:\Users\ADMIN\.vscode\extensions\redhat.java-1.50.0-win32-x64\jre\21.0.9-win32-x86_64\bin\management.dll
Event: 42.466 Loaded shared library C:\Users\ADMIN\.vscode\extensions\redhat.java-1.50.0-win32-x64\jre\21.0.9-win32-x86_64\bin\management_ext.dll

Deoptimization events (20 events):
Event: 25871.026 Thread 0x000002456dce6db0 DEOPT PACKING pc=0x00000245193d5720 sp=0x0000004f5c7fe5b0
Event: 25871.027 Thread 0x000002456dce6db0 DEOPT UNPACKING pc=0x0000024517ad3aa2 sp=0x0000004f5c7fe4a8 mode 2
Event: 25871.030 Thread 0x000002456dce6db0 Uncommon trap: trap_request=0xffffffc6 fr.pc=0x00000245185aac08 relative=0x0000000000002068
Event: 25871.030 Thread 0x000002456dce6db0 Uncommon trap: reason=bimorphic_or_optimized_type_check action=maybe_recompile pc=0x00000245185aac08 method=org.eclipse.jdt.internal.compiler.ast.TypeDeclaration.resolve()V @ 852 c2
Event: 25871.030 Thread 0x000002456dce6db0 DEOPT PACKING pc=0x00000245185aac08 sp=0x0000004f5c7fe630
Event: 25871.030 Thread 0x000002456dce6db0 DEOPT UNPACKING pc=0x0000024517ad3aa2 sp=0x0000004f5c7fe5c0 mode 2
Event: 25871.047 Thread 0x000002456dce6db0 DEOPT PACKING pc=0x0000024510b6f2cc sp=0x0000004f5c7fefc0
Event: 25871.047 Thread 0x000002456dce6db0 DEOPT UNPACKING pc=0x0000024517ad4242 sp=0x0000004f5c7fe510 mode 0
Event: 25871.875 Thread 0x000002457a94fb10 Uncommon trap: trap_request=0xffffff76 fr.pc=0x0000024518dba8b4 relative=0x0000000000000474
Event: 25871.875 Thread 0x000002457a94fb10 Uncommon trap: reason=predicate action=maybe_recompile pc=0x0000024518dba8b4 method=org.eclipse.core.internal.dtree.AbstractDataTreeNode.indexOfChild(Ljava/lang/String;)I @ 70 c2
Event: 25871.875 Thread 0x000002457a94fb10 DEOPT PACKING pc=0x0000024518dba8b4 sp=0x0000004f5b4fe620
Event: 25871.876 Thread 0x000002457a94fb10 DEOPT UNPACKING pc=0x0000024517ad3aa2 sp=0x0000004f5b4fe530 mode 2
Event: 25875.460 Thread 0x000002457a94fb10 Uncommon trap: trap_request=0xffffff45 fr.pc=0x0000024518f5bccc relative=0x000000000000092c
Event: 25875.460 Thread 0x000002457a94fb10 Uncommon trap: reason=unstable_if action=reinterpret pc=0x0000024518f5bccc method=org.eclipse.jdt.internal.compiler.codegen.CodeStream.recordPositionsFrom(IIZ)V @ 172 c2
Event: 25875.460 Thread 0x000002457a94fb10 DEOPT PACKING pc=0x0000024518f5bccc sp=0x0000004f5b4fdf70
Event: 25875.461 Thread 0x000002457a94fb10 DEOPT UNPACKING pc=0x0000024517ad3aa2 sp=0x0000004f5b4fdf08 mode 2
Event: 25876.190 Thread 0x000002456dce6db0 DEOPT PACKING pc=0x0000024510c697ac sp=0x0000004f5c7fe000
Event: 25876.190 Thread 0x000002456dce6db0 DEOPT UNPACKING pc=0x0000024517ad4242 sp=0x0000004f5c7fd4a8 mode 0
Event: 25876.395 Thread 0x000002457a952f90 DEOPT PACKING pc=0x0000024510b1d24e sp=0x0000004f58dfe4b0
Event: 25876.395 Thread 0x000002457a952f90 DEOPT UNPACKING pc=0x0000024517ad4242 sp=0x0000004f58dfd9a8 mode 0

Classes loaded (20 events):
Event: 23042.521 Loading class jdk/internal/module/IllegalAccessLogger
Event: 23042.521 Loading class jdk/internal/module/IllegalAccessLogger done
Event: 23050.298 Loading class jdk/internal/module/IllegalAccessLogger
Event: 23050.298 Loading class jdk/internal/module/IllegalAccessLogger done
Event: 23062.194 Loading class jdk/internal/module/IllegalAccessLogger
Event: 23062.194 Loading class jdk/internal/module/IllegalAccessLogger done
Event: 23077.765 Loading class jdk/internal/module/IllegalAccessLogger
Event: 23077.765 Loading class jdk/internal/module/IllegalAccessLogger done
Event: 23124.274 Loading class jdk/internal/module/IllegalAccessLogger
Event: 23124.274 Loading class jdk/internal/module/IllegalAccessLogger done
Event: 23209.992 Loading class jdk/internal/module/IllegalAccessLogger
Event: 23209.992 Loading class jdk/internal/module/IllegalAccessLogger done
Event: 23234.091 Loading class jdk/internal/module/IllegalAccessLogger
Event: 23234.091 Loading class jdk/internal/module/IllegalAccessLogger done
Event: 23235.958 Loading class jdk/internal/module/IllegalAccessLogger
Event: 23235.958 Loading class jdk/internal/module/IllegalAccessLogger done
Event: 25871.886 Loading class jdk/internal/module/IllegalAccessLogger
Event: 25871.887 Loading class jdk/internal/module/IllegalAccessLogger done
Event: 25876.388 Loading class jdk/internal/module/IllegalAccessLogger
Event: 25876.388 Loading class jdk/internal/module/IllegalAccessLogger done

Classes unloaded (20 events):
Event: 3984.388 Thread 0x000002450d2e4260 Unloading class 0x000002452501e400 'java/lang/invoke/LambdaForm$MH+0x000002452501e400'
Event: 3984.389 Thread 0x000002450d2e4260 Unloading class 0x000002452501dc00 'java/lang/invoke/LambdaForm$MH+0x000002452501dc00'
Event: 3984.389 Thread 0x000002450d2e4260 Unloading class 0x000002452501d400 'java/lang/invoke/LambdaForm$MH+0x000002452501d400'
Event: 3984.389 Thread 0x000002450d2e4260 Unloading class 0x0000024525000400 'java/lang/invoke/LambdaForm$MH+0x0000024525000400'
Event: 7701.009 Thread 0x000002450d2e4260 Unloading class 0x0000024525996800 'java/lang/invoke/LambdaForm$MH+0x0000024525996800'
Event: 7701.010 Thread 0x000002450d2e4260 Unloading class 0x0000024525996400 'java/lang/invoke/LambdaForm$DMH+0x0000024525996400'
Event: 7701.010 Thread 0x000002450d2e4260 Unloading class 0x0000024525995400 'java/lang/invoke/LambdaForm$MH+0x0000024525995400'
Event: 7701.010 Thread 0x000002450d2e4260 Unloading class 0x0000024525994000 'java/lang/invoke/LambdaForm$DMH+0x0000024525994000'
Event: 7701.010 Thread 0x000002450d2e4260 Unloading class 0x0000024525178800 'java/lang/invoke/LambdaForm$MH+0x0000024525178800'
Event: 7701.011 Thread 0x000002450d2e4260 Unloading class 0x0000024525178000 'java/lang/invoke/LambdaForm$MH+0x0000024525178000'
Event: 7701.011 Thread 0x000002450d2e4260 Unloading class 0x0000024525177c00 'java/lang/invoke/LambdaForm$MH+0x0000024525177c00'
Event: 22967.104 Thread 0x000002450d2e4260 Unloading class 0x0000024525178800 'java/lang/invoke/LambdaForm$MH+0x0000024525178800'
Event: 22967.105 Thread 0x000002450d2e4260 Unloading class 0x0000024525994000 'java/lang/invoke/LambdaForm$MH+0x0000024525994000'
Event: 22967.105 Thread 0x000002450d2e4260 Unloading class 0x0000024525995400 'java/lang/invoke/LambdaForm$MH+0x0000024525995400'
Event: 22967.105 Thread 0x000002450d2e4260 Unloading class 0x000002452589e000 'java/lang/invoke/LambdaForm$MH+0x000002452589e000'
Event: 22967.105 Thread 0x000002450d2e4260 Unloading class 0x000002452589f000 'java/lang/invoke/LambdaForm$MH+0x000002452589f000'
Event: 22967.105 Thread 0x000002450d2e4260 Unloading class 0x00000245258e0800 'java/lang/invoke/LambdaForm$MH+0x00000245258e0800'
Event: 22967.105 Thread 0x000002450d2e4260 Unloading class 0x0000024525017400 'java/lang/invoke/LambdaForm$MH+0x0000024525017400'
Event: 22967.105 Thread 0x000002450d2e4260 Unloading class 0x0000024525019400 'java/lang/invoke/LambdaForm$MH+0x0000024525019400'
Event: 22967.106 Thread 0x000002450d2e4260 Unloading class 0x0000024525177800 'java/lang/invoke/LambdaForm$MH+0x0000024525177800'

Classes redefined (0 events):
No events

Internal exceptions (20 events):
Event: 25870.227 Thread 0x000002456dce6db0 Exception <a 'java/lang/ArrayIndexOutOfBoundsException'{0x00000000d56d5b40}: Index 312 out of bounds for length 312> (0x00000000d56d5b40) 
thrown [s\src\hotspot\share\interpreter\interpreterRuntime.cpp, line 439]
Event: 25870.307 Thread 0x000002457a9501a0 Exception <a 'java/lang/ArrayIndexOutOfBoundsException'{0x00000000d57a4298}> (0x00000000d57a4298) 
thrown [s\src\hotspot\share\runtime\sharedRuntime.cpp, line 625]
Event: 25870.308 Thread 0x000002457a9501a0 Exception <a 'java/lang/ArrayIndexOutOfBoundsException'{0x00000000d57a45c0}: Index 312 out of bounds for length 312> (0x00000000d57a45c0) 
thrown [s\src\hotspot\share\interpreter\interpreterRuntime.cpp, line 439]
Event: 25870.364 Thread 0x000002457a950ec0 Exception <a 'java/lang/ArrayIndexOutOfBoundsException'{0x00000000d55f86e8}> (0x00000000d55f86e8) 
thrown [s\src\hotspot\share\runtime\sharedRuntime.cpp, line 625]
Event: 25870.364 Thread 0x000002457a950ec0 Exception <a 'java/lang/ArrayIndexOutOfBoundsException'{0x00000000d55f8b10}> (0x00000000d55f8b10) 
thrown [s\src\hotspot\share\runtime\sharedRuntime.cpp, line 625]
Event: 25870.623 Thread 0x000002456be7cbb0 Exception <a 'sun/nio/fs/WindowsException'{0x00000000d55c6c68}> (0x00000000d55c6c68) 
thrown [s\src\hotspot\share\prims\jni.cpp, line 520]
Event: 25870.997 Thread 0x000002456dce6db0 Exception <a 'java/lang/ArrayIndexOutOfBoundsException'{0x00000000d5963f78}> (0x00000000d5963f78) 
thrown [s\src\hotspot\share\runtime\sharedRuntime.cpp, line 625]
Event: 25870.997 Thread 0x000002456dce6db0 Exception <a 'java/lang/ArrayIndexOutOfBoundsException'{0x00000000d5964388}> (0x00000000d5964388) 
thrown [s\src\hotspot\share\runtime\sharedRuntime.cpp, line 625]
Event: 25871.622 Thread 0x000002456be7cbb0 Exception <a 'sun/nio/fs/WindowsException'{0x00000000d5f05e40}> (0x00000000d5f05e40) 
thrown [s\src\hotspot\share\prims\jni.cpp, line 520]
Event: 25871.692 Thread 0x000002457a94fb10 Exception <a 'java/lang/ArrayIndexOutOfBoundsException'{0x00000000d56c47a8}> (0x00000000d56c47a8) 
thrown [s\src\hotspot\share\runtime\sharedRuntime.cpp, line 625]
Event: 25871.700 Thread 0x000002457a950ec0 Exception <a 'java/lang/ArrayIndexOutOfBoundsException'{0x00000000d58eb030}> (0x00000000d58eb030) 
thrown [s\src\hotspot\share\runtime\sharedRuntime.cpp, line 625]
Event: 25871.700 Thread 0x000002457a950ec0 Exception <a 'java/lang/ArrayIndexOutOfBoundsException'{0x00000000d58eb458}> (0x00000000d58eb458) 
thrown [s\src\hotspot\share\runtime\sharedRuntime.cpp, line 625]
Event: 25871.715 Thread 0x000002457a94fb10 Exception <a 'java/lang/ArrayIndexOutOfBoundsException'{0x00000000d5ab62b0}> (0x00000000d5ab62b0) 
thrown [s\src\hotspot\share\runtime\sharedRuntime.cpp, line 625]
Event: 25871.715 Thread 0x000002457a94fb10 Exception <a 'java/lang/ArrayIndexOutOfBoundsException'{0x00000000d5ab66d8}> (0x00000000d5ab66d8) 
thrown [s\src\hotspot\share\runtime\sharedRuntime.cpp, line 625]
Event: 25871.875 Thread 0x000002457a94fb10 Exception <a 'java/lang/ArrayIndexOutOfBoundsException'{0x00000000d607f190}> (0x00000000d607f190) 
thrown [s\src\hotspot\share\runtime\sharedRuntime.cpp, line 625]
Event: 25871.875 Thread 0x000002457a94fb10 Exception <a 'java/lang/ArrayIndexOutOfBoundsException'{0x00000000d607f5b8}> (0x00000000d607f5b8) 
thrown [s\src\hotspot\share\runtime\sharedRuntime.cpp, line 625]
Event: 25873.870 Thread 0x000002457a94fb10 Exception <a 'java/lang/ArrayIndexOutOfBoundsException'{0x00000000d590a918}> (0x00000000d590a918) 
thrown [s\src\hotspot\share\runtime\sharedRuntime.cpp, line 625]
Event: 25873.870 Thread 0x000002457a94fb10 Exception <a 'java/lang/ArrayIndexOutOfBoundsException'{0x00000000d590ad40}> (0x00000000d590ad40) 
thrown [s\src\hotspot\share\runtime\sharedRuntime.cpp, line 625]
Event: 25876.234 Thread 0x000002456be7cbb0 Exception <a 'sun/nio/fs/WindowsException'{0x00000000d574da88}> (0x00000000d574da88) 
thrown [s\src\hotspot\share\prims\jni.cpp, line 520]
Event: 25876.754 Thread 0x000002456be7cbb0 Exception <a 'sun/nio/fs/WindowsException'{0x00000000d587a4f8}> (0x00000000d587a4f8) 
thrown [s\src\hotspot\share\prims\jni.cpp, line 520]

ZGC Phase Switch (0 events):
No events

VM Operations (20 events):
Event: 25876.653 Executing VM operation: ParallelGCFailedAllocation (Allocation Failure)
Event: 25876.657 Executing VM operation: ParallelGCFailedAllocation (Allocation Failure) done
Event: 25876.673 Executing VM operation: ParallelGCFailedAllocation (Allocation Failure)
Event: 25876.677 Executing VM operation: ParallelGCFailedAllocation (Allocation Failure) done
Event: 25876.757 Executing VM operation: ParallelGCFailedAllocation (Allocation Failure)
Event: 25876.766 Executing VM operation: ParallelGCFailedAllocation (Allocation Failure) done
Event: 25876.944 Executing VM operation: ParallelGCFailedAllocation (Allocation Failure)
Event: 25876.948 Executing VM operation: ParallelGCFailedAllocation (Allocation Failure) done
Event: 25876.954 Executing VM operation: ParallelGCFailedAllocation (Allocation Failure)
Event: 25876.956 Executing VM operation: ParallelGCFailedAllocation (Allocation Failure) done
Event: 25876.965 Executing VM operation: ParallelGCFailedAllocation (Allocation Failure)
Event: 25876.967 Executing VM operation: ParallelGCFailedAllocation (Allocation Failure) done
Event: 25876.977 Executing VM operation: ParallelGCFailedAllocation (Allocation Failure)
Event: 25876.979 Executing VM operation: ParallelGCFailedAllocation (Allocation Failure) done
Event: 25876.990 Executing VM operation: ParallelGCFailedAllocation (Allocation Failure)
Event: 25876.993 Executing VM operation: ParallelGCFailedAllocation (Allocation Failure) done
Event: 25926.992 Executing VM operation: HandshakeAllThreads (HandshakeForDeflation)
Event: 25926.992 Executing VM operation: HandshakeAllThreads (HandshakeForDeflation) done
Event: 25926.992 Executing VM operation: RendezvousGCThreads
Event: 25926.992 Executing VM operation: RendezvousGCThreads done

Memory protections (0 events):
No events

Nmethod flushes (20 events):
Event: 23235.824 Thread 0x000002450d2e4260 flushing  nmethod 0x0000024513354610
Event: 23235.824 Thread 0x000002450d2e4260 flushing  nmethod 0x0000024513358e90
Event: 23235.824 Thread 0x000002450d2e4260 flushing  nmethod 0x00000245133a2410
Event: 23235.824 Thread 0x000002450d2e4260 flushing  nmethod 0x00000245133de690
Event: 23235.825 Thread 0x000002450d2e4260 flushing  nmethod 0x00000245133ed690
Event: 23235.825 Thread 0x000002450d2e4260 flushing  nmethod 0x00000245133f1810
Event: 23235.825 Thread 0x000002450d2e4260 flushing  nmethod 0x000002451341df10
Event: 23235.825 Thread 0x000002450d2e4260 flushing  nmethod 0x0000024513432b90
Event: 23235.825 Thread 0x000002450d2e4260 flushing  nmethod 0x0000024513442b90
Event: 23235.825 Thread 0x000002450d2e4260 flushing  nmethod 0x0000024513445a10
Event: 23235.825 Thread 0x000002450d2e4260 flushing  nmethod 0x0000024513445e10
Event: 23235.825 Thread 0x000002450d2e4260 flushing  nmethod 0x0000024513468490
Event: 23235.825 Thread 0x000002450d2e4260 flushing  nmethod 0x000002451346f710
Event: 23235.825 Thread 0x000002450d2e4260 flushing  nmethod 0x0000024513487390
Event: 23235.825 Thread 0x000002450d2e4260 flushing  nmethod 0x00000245134a4590
Event: 23235.825 Thread 0x000002450d2e4260 flushing  nmethod 0x0000024513506a10
Event: 23235.826 Thread 0x000002450d2e4260 flushing  nmethod 0x00000245135ac110
Event: 23235.826 Thread 0x000002450d2e4260 flushing  nmethod 0x00000245135e2910
Event: 23235.826 Thread 0x000002450d2e4260 flushing  nmethod 0x00000245135e3890
Event: 23235.826 Thread 0x000002450d2e4260 flushing  nmethod 0x00000245135ec110

Events (20 events):
Event: 25871.499 Thread 0x0000024570c34150 Thread exited: 0x0000024570c34150
Event: 25871.803 Thread 0x000002457a951550 Thread added: 0x000002457a952f90
Event: 25871.806 Thread 0x000002457a952f90 Thread added: 0x000002456ba0b220
Event: 25871.892 Thread 0x000002457a956410 Thread added: 0x000002456ba07da0
Event: 25871.961 Thread 0x000002457a956410 Thread added: 0x000002456ba097e0
Event: 25871.962 Thread 0x000002457a956410 Thread added: 0x000002456ba09150
Event: 25871.962 Thread 0x000002457a956410 Thread added: 0x000002456ba0ab90
Event: 25876.337 Thread 0x000002457a952f90 Thread added: 0x000002456ba0b8b0
Event: 25876.396 Thread 0x000002457a952f90 Thread added: 0x000002456ba0c5d0
Event: 25876.397 Thread 0x000002457a952f90 Thread added: 0x000002456ba0bf40
Event: 25876.397 Thread 0x000002457a952f90 Thread added: 0x000002456ba07710
Event: 25876.519 Thread 0x000002457a956410 Thread added: 0x000002456ba05640
Event: 25936.511 Thread 0x000002456ba07da0 Thread exited: 0x000002456ba07da0
Event: 25936.553 Thread 0x000002456ba0b220 Thread exited: 0x000002456ba0b220
Event: 25936.788 Thread 0x000002457a94fb10 Thread exited: 0x000002457a94fb10
Event: 25936.953 Thread 0x000002456ba05640 Thread exited: 0x000002456ba05640
Event: 25936.954 Thread 0x000002457a953620 Thread exited: 0x000002457a953620
Event: 25936.955 Thread 0x000002457a956410 Thread exited: 0x000002457a956410
Event: 25996.790 Thread 0x000002457a9501a0 Thread exited: 0x000002457a9501a0
Event: 26056.800 Thread 0x000002457a950ec0 Thread exited: 0x000002457a950ec0


Dynamic libraries:
0x00007ff7092f0000 - 0x00007ff7092fe000 	c:\Users\ADMIN\.vscode\extensions\redhat.java-1.50.0-win32-x64\jre\21.0.9-win32-x86_64\bin\java.exe
0x00007ff928bd0000 - 0x00007ff928de4000 	C:\Windows\SYSTEM32\ntdll.dll
0x00007ff926fc0000 - 0x00007ff927082000 	C:\Windows\System32\KERNEL32.DLL
0x00007ff9264e0000 - 0x00007ff92687c000 	C:\Windows\System32\KERNELBASE.dll
0x00007ff9262d0000 - 0x00007ff9263e1000 	C:\Windows\System32\ucrtbase.dll
0x00007ff8f9030000 - 0x00007ff8f904e000 	c:\Users\ADMIN\.vscode\extensions\redhat.java-1.50.0-win32-x64\jre\21.0.9-win32-x86_64\bin\VCRUNTIME140.dll
0x00007ff8f17f0000 - 0x00007ff8f1808000 	c:\Users\ADMIN\.vscode\extensions\redhat.java-1.50.0-win32-x64\jre\21.0.9-win32-x86_64\bin\jli.dll
0x00007ff928760000 - 0x00007ff92890b000 	C:\Windows\System32\USER32.dll
0x00007ff926010000 - 0x00007ff926036000 	C:\Windows\System32\win32u.dll
0x00007ff90f5f0000 - 0x00007ff90f87e000 	C:\Windows\WinSxS\amd64_microsoft.windows.common-controls_6595b64144ccf1df_6.0.22621.317_none_a9434687c10c9fa2\COMCTL32.dll
0x00007ff9281e0000 - 0x00007ff928287000 	C:\Windows\System32\msvcrt.dll
0x00007ff9286b0000 - 0x00007ff9286d9000 	C:\Windows\System32\GDI32.dll
0x00007ff926040000 - 0x00007ff926152000 	C:\Windows\System32\gdi32full.dll
0x00007ff926940000 - 0x00007ff9269da000 	C:\Windows\System32\msvcp_win.dll
0x00007ff928450000 - 0x00007ff928481000 	C:\Windows\System32\IMM32.DLL
0x00007ff9099f0000 - 0x00007ff9099fc000 	c:\Users\ADMIN\.vscode\extensions\redhat.java-1.50.0-win32-x64\jre\21.0.9-win32-x86_64\bin\vcruntime140_1.dll
0x00007ff8d1b30000 - 0x00007ff8d1bbd000 	c:\Users\ADMIN\.vscode\extensions\redhat.java-1.50.0-win32-x64\jre\21.0.9-win32-x86_64\bin\msvcp140.dll
0x00007ff8cbe70000 - 0x00007ff8ccc10000 	c:\Users\ADMIN\.vscode\extensions\redhat.java-1.50.0-win32-x64\jre\21.0.9-win32-x86_64\bin\server\jvm.dll
0x00007ff927ee0000 - 0x00007ff927f8e000 	C:\Windows\System32\ADVAPI32.dll
0x00007ff928ae0000 - 0x00007ff928b84000 	C:\Windows\System32\sechost.dll
0x00007ff928910000 - 0x00007ff928a25000 	C:\Windows\System32\RPCRT4.dll
0x00007ff9286e0000 - 0x00007ff928751000 	C:\Windows\System32\WS2_32.dll
0x00007ff925d30000 - 0x00007ff925d7d000 	C:\Windows\SYSTEM32\POWRPROF.dll
0x00007ff91e680000 - 0x00007ff91e6b4000 	C:\Windows\SYSTEM32\WINMM.dll
0x00007ff91f7e0000 - 0x00007ff91f7ea000 	C:\Windows\SYSTEM32\VERSION.dll
0x00007ff925d10000 - 0x00007ff925d23000 	C:\Windows\SYSTEM32\UMPDC.dll
0x00007ff925090000 - 0x00007ff9250a8000 	C:\Windows\SYSTEM32\kernel.appcore.dll
0x00007ff9098a0000 - 0x00007ff9098aa000 	c:\Users\ADMIN\.vscode\extensions\redhat.java-1.50.0-win32-x64\jre\21.0.9-win32-x86_64\bin\jimage.dll
0x00007ff91d7a0000 - 0x00007ff91d9ce000 	C:\Windows\SYSTEM32\DBGHELP.DLL
0x00007ff927240000 - 0x00007ff9275c9000 	C:\Windows\System32\combase.dll
0x00007ff9285d0000 - 0x00007ff9286a7000 	C:\Windows\System32\OLEAUT32.dll
0x00007ff90e770000 - 0x00007ff90e7a2000 	C:\Windows\SYSTEM32\dbgcore.DLL
0x00007ff9263f0000 - 0x00007ff92646b000 	C:\Windows\System32\bcryptPrimitives.dll
0x00007ff9092a0000 - 0x00007ff9092af000 	c:\Users\ADMIN\.vscode\extensions\redhat.java-1.50.0-win32-x64\jre\21.0.9-win32-x86_64\bin\instrument.dll
0x00007ff8f0220000 - 0x00007ff8f0240000 	c:\Users\ADMIN\.vscode\extensions\redhat.java-1.50.0-win32-x64\jre\21.0.9-win32-x86_64\bin\java.dll
0x00007ff9275f0000 - 0x00007ff927dcb000 	C:\Windows\System32\SHELL32.dll
0x00007ff924070000 - 0x00007ff924925000 	C:\Windows\SYSTEM32\windows.storage.dll
0x00007ff923f30000 - 0x00007ff92406d000 	C:\Windows\SYSTEM32\wintypes.dll
0x00007ff926ec0000 - 0x00007ff926fb1000 	C:\Windows\System32\SHCORE.dll
0x00007ff9269e0000 - 0x00007ff926a3e000 	C:\Windows\System32\shlwapi.dll
0x00007ff925f40000 - 0x00007ff925f61000 	C:\Windows\SYSTEM32\profapi.dll
0x00007ff8e8070000 - 0x00007ff8e8088000 	c:\Users\ADMIN\.vscode\extensions\redhat.java-1.50.0-win32-x64\jre\21.0.9-win32-x86_64\bin\zip.dll
0x00007ff908f80000 - 0x00007ff908f90000 	C:\Users\ADMIN\.vscode\extensions\redhat.java-1.50.0-win32-x64\jre\21.0.9-win32-x86_64\bin\net.dll
0x00007ff920a40000 - 0x00007ff920b6f000 	C:\Windows\SYSTEM32\WINHTTP.dll
0x00007ff9254f0000 - 0x00007ff925559000 	C:\Windows\system32\mswsock.dll
0x00007ff8d31e0000 - 0x00007ff8d31f6000 	C:\Users\ADMIN\.vscode\extensions\redhat.java-1.50.0-win32-x64\jre\21.0.9-win32-x86_64\bin\nio.dll
0x00007ff908ee0000 - 0x00007ff908ef0000 	c:\Users\ADMIN\.vscode\extensions\redhat.java-1.50.0-win32-x64\jre\21.0.9-win32-x86_64\bin\verify.dll
0x00007ff8d1690000 - 0x00007ff8d16d4000 	C:\Users\ADMIN\AppData\Roaming\Code\User\globalStorage\redhat.java\1.50.0\config_win\org.eclipse.equinox.launcher\org.eclipse.equinox.launcher.win32.win32.x86_64_1.2.1400.v20250801-0854\eclipse_11916.dll
0x00007ff9270a0000 - 0x00007ff92723c000 	C:\Windows\System32\ole32.dll
0x00007ff925730000 - 0x00007ff92574b000 	C:\Windows\SYSTEM32\CRYPTSP.dll
0x00007ff925000000 - 0x00007ff925035000 	C:\Windows\system32\rsaenh.dll
0x00007ff9255e0000 - 0x00007ff925608000 	C:\Windows\SYSTEM32\USERENV.dll
0x00007ff925960000 - 0x00007ff925988000 	C:\Windows\SYSTEM32\bcrypt.dll
0x00007ff925750000 - 0x00007ff92575c000 	C:\Windows\SYSTEM32\CRYPTBASE.dll
0x00007ff924b70000 - 0x00007ff924b9d000 	C:\Windows\SYSTEM32\IPHLPAPI.DLL
0x00007ff9281d0000 - 0x00007ff9281d9000 	C:\Windows\System32\NSI.dll
0x00007ff8edcd0000 - 0x00007ff8edd19000 	C:\Users\ADMIN\AppData\Local\Temp\jna-62130991\jna888213592650870987.dll
0x00007ff927090000 - 0x00007ff927098000 	C:\Windows\System32\PSAPI.DLL
0x00007ff920780000 - 0x00007ff920799000 	C:\Windows\SYSTEM32\dhcpcsvc6.DLL
0x00007ff920750000 - 0x00007ff92076f000 	C:\Windows\SYSTEM32\dhcpcsvc.DLL
0x00007ff9082a0000 - 0x00007ff9082ae000 	C:\Users\ADMIN\.vscode\extensions\redhat.java-1.50.0-win32-x64\jre\21.0.9-win32-x86_64\bin\sunmscapi.dll
0x00007ff926160000 - 0x00007ff9262c6000 	C:\Windows\System32\CRYPT32.dll
0x00007ff925930000 - 0x00007ff92595d000 	C:\Windows\SYSTEM32\ncrypt.dll
0x00007ff9258f0000 - 0x00007ff925927000 	C:\Windows\SYSTEM32\NTASN1.dll
0x00007ff924ba0000 - 0x00007ff924c92000 	C:\Windows\SYSTEM32\DNSAPI.dll
0x00007ff91e530000 - 0x00007ff91e53a000 	C:\Windows\System32\rasadhlp.dll
0x00007ff91e6e0000 - 0x00007ff91e763000 	C:\Windows\System32\fwpuclnt.dll
0x00007ff907f30000 - 0x00007ff907f39000 	C:\Users\ADMIN\.vscode\extensions\redhat.java-1.50.0-win32-x64\jre\21.0.9-win32-x86_64\bin\extnet.dll
0x00007ff8ea410000 - 0x00007ff8ea437000 	C:\Users\ADMIN\.gradle\native\1def1411415f61bf3af743bc5b6707747c0891f09f0c88961ee8f79bc544acac\windows-amd64\native-platform.dll
0x00007ff910ff0000 - 0x00007ff910ffa000 	C:\Users\ADMIN\.vscode\extensions\redhat.java-1.50.0-win32-x64\jre\21.0.9-win32-x86_64\bin\management.dll
0x00007ff908310000 - 0x00007ff90831c000 	C:\Users\ADMIN\.vscode\extensions\redhat.java-1.50.0-win32-x64\jre\21.0.9-win32-x86_64\bin\management_ext.dll

JVMTI agents:
c:\Users\ADMIN\.vscode\extensions\redhat.java-1.50.0-win32-x64\lombok\lombok-1.18.39-4050.jar path:c:\Users\ADMIN\.vscode\extensions\redhat.java-1.50.0-win32-x64\jre\21.0.9-win32-x86_64\bin\instrument.dll, loaded, initialized, instrumentlib options:none

dbghelp: loaded successfully - version: 4.0.5 - missing functions: none
symbol engine: initialized successfully - sym options: 0x614 - pdb path: .;c:\Users\ADMIN\.vscode\extensions\redhat.java-1.50.0-win32-x64\jre\21.0.9-win32-x86_64\bin;C:\Windows\SYSTEM32;C:\Windows\WinSxS\amd64_microsoft.windows.common-controls_6595b64144ccf1df_6.0.22621.317_none_a9434687c10c9fa2;c:\Users\ADMIN\.vscode\extensions\redhat.java-1.50.0-win32-x64\jre\21.0.9-win32-x86_64\bin\server;C:\Users\ADMIN\AppData\Roaming\Code\User\globalStorage\redhat.java\1.50.0\config_win\org.eclipse.equinox.launcher\org.eclipse.equinox.launcher.win32.win32.x86_64_1.2.1400.v20250801-0854;C:\Users\ADMIN\AppData\Local\Temp\jna-62130991;C:\Users\ADMIN\.gradle\native\1def1411415f61bf3af743bc5b6707747c0891f09f0c88961ee8f79bc544acac\windows-amd64

VM Arguments:
jvm_args: --add-modules=ALL-SYSTEM --add-opens=java.base/java.util=ALL-UNNAMED --add-opens=java.base/java.lang=ALL-UNNAMED --add-opens=java.base/sun.nio.fs=ALL-UNNAMED -Declipse.application=org.eclipse.jdt.ls.core.id1 -Dosgi.bundles.defaultStartLevel=4 -Declipse.product=org.eclipse.jdt.ls.core.product -Djava.import.generatesMetadataFilesAtProjectRoot=false -DDetectVMInstallationsJob.disabled=true -Dfile.encoding=utf8 -XX:+UseParallelGC -XX:GCTimeRatio=4 -XX:AdaptiveSizePolicyWeight=90 -Dsun.zip.disableMemoryMapping=true -Xmx2G -Xms100m -Xlog:disable -javaagent:c:\Users\ADMIN\.vscode\extensions\redhat.java-1.50.0-win32-x64\lombok\lombok-1.18.39-4050.jar -XX:+HeapDumpOnOutOfMemoryError -XX:HeapDumpPath=c:\Users\ADMIN\AppData\Roaming\Code\User\workspaceStorage\4e94088d454c493f4dd15a9ac6fa88c4\redhat.java -Daether.dependencyCollector.impl=bf 
java_command: c:\Users\ADMIN\.vscode\extensions\redhat.java-1.50.0-win32-x64\server\plugins\org.eclipse.equinox.launcher_1.7.100.v20251111-0406.jar -configuration c:\Users\ADMIN\AppData\Roaming\Code\User\globalStorage\redhat.java\1.50.0\config_win -data c:\Users\ADMIN\AppData\Roaming\Code\User\workspaceStorage\4e94088d454c493f4dd15a9ac6fa88c4\redhat.java\jdt_ws --pipe=\\.\pipe\lsp-6b894717fb4362a88525c8bb4e9c7416-sock
java_class_path (initial): c:\Users\ADMIN\.vscode\extensions\redhat.java-1.50.0-win32-x64\server\plugins\org.eclipse.equinox.launcher_1.7.100.v20251111-0406.jar
Launcher Type: SUN_STANDARD

[Global flags]
    uintx AdaptiveSizePolicyWeight                 = 90                                        {product} {command line}
     intx CICompilerCount                          = 4                                         {product} {ergonomic}
    uintx GCTimeRatio                              = 4                                         {product} {command line}
     bool HeapDumpOnOutOfMemoryError               = true                                   {manageable} {command line}
    ccstr HeapDumpPath                             = c:\Users\ADMIN\AppData\Roaming\Code\User\workspaceStorage\4e94088d454c493f4dd15a9ac6fa88c4\redhat.java         {manageable} {command line}
   size_t InitialHeapSize                          = 104857600                                 {product} {command line}
   size_t MaxHeapSize                              = 2147483648                                {product} {command line}
   size_t MaxNewSize                               = 715653120                                 {product} {ergonomic}
   size_t MinHeapDeltaBytes                        = 524288                                    {product} {ergonomic}
   size_t MinHeapSize                              = 104857600                                 {product} {command line}
   size_t NewSize                                  = 34603008                                  {product} {ergonomic}
    uintx NonNMethodCodeHeapSize                   = 5839372                                {pd product} {ergonomic}
    uintx NonProfiledCodeHeapSize                  = 122909434                              {pd product} {ergonomic}
   size_t OldSize                                  = 70254592                                  {product} {ergonomic}
    uintx ProfiledCodeHeapSize                     = 122909434                              {pd product} {ergonomic}
    uintx ReservedCodeCacheSize                    = 251658240                              {pd product} {ergonomic}
     bool SegmentedCodeCache                       = true                                      {product} {ergonomic}
   size_t SoftMaxHeapSize                          = 2147483648                             {manageable} {ergonomic}
     bool UseCompressedOops                        = true                           {product lp64_product} {ergonomic}
     bool UseLargePagesIndividualAllocation        = false                                  {pd product} {ergonomic}
     bool UseParallelGC                            = true                                      {product} {command line}

Logging:
Log output configuration:
 #0: stdout all=off uptime,level,tags foldmultilines=false
 #1: stderr all=off uptime,level,tags foldmultilines=false

Release file:
JAVA_VERSION="21.0.9" 
MODULES="java.base java.compiler java.datatransfer java.xml java.prefs java.desktop java.instrument java.logging java.management java.security.sasl java.naming java.rmi java.management.rmi java.net.http java.scripting java.security.jgss java.transaction.xa java.sql java.sql.rowset java.xml.crypto java.se java.smartcardio jdk.accessibility jdk.internal.jvmstat jdk.attach jdk.charsets jdk.internal.opt jdk.zipfs jdk.compiler jdk.crypto.ec jdk.crypto.cryptoki jdk.crypto.mscapi jdk.dynalink jdk.internal.ed jdk.editpad jdk.hotspot.agent jdk.httpserver jdk.internal.le jdk.internal.vm.ci jdk.internal.vm.compiler jdk.internal.vm.compiler.management jdk.jartool jdk.javadoc jdk.jcmd jdk.management jdk.management.agent jdk.jconsole jdk.jdeps jdk.jdwp.agent jdk.jdi jdk.jfr jdk.jshell jdk.jsobject jdk.jstatd jdk.localedata jdk.management.jfr jdk.naming.dns jdk.naming.rmi jdk.net jdk.nio.mapmode jdk.random jdk.sctp jdk.security.auth jdk.security.jgss jdk.unsupported jdk.unsupported.desktop jdk.xml.dom" 

Environment Variables:
JAVA_HOME=C:\Program Files\Java\jdk-21
PATH=C:\Program Files\Common Files\Oracle\Java\javapath;C:\Program Files (x86)\Common Files\Oracle\Java\javapath;C:\Program Files\Java\jdk-21\bin;C:\Windows\system32;C:\Windows;C:\Windows\System32\Wbem;C:\Windows\System32\WindowsPowerShell\v1.0\;C:\Windows\System32\OpenSSH\;C:\Users\ADMIN\AppData\Roaming\nvm;C:\Program Files\nodejs;C:\Program Files\Java\jdk1.8.0_211\bin;C:\Program Files\k6\;C:\Program Files\PowerShell\7\;C:\Program Files\Git\cmd;C:\Users\ADMIN\AppData\Local\Programs\Python\Python313\Scripts\;C:\Users\ADMIN\AppData\Local\Programs\Python\Python313\;C:\Users\ADMIN\AppData\Local\Programs\Python\Launcher\;C:\Program Files\MySQL\MySQL Shell 8.0\bin\;C:\Users\ADMIN\AppData\Local\Microsoft\WindowsApps;C:\Users\ADMIN\AppData\Roaming\npm;C:\Users\ADMIN\AppData\Roaming\nvm;C:\Program Files\nodejs;C:\Program Files\Java\jdk1.8.0_211\bin;C:\Users\ADMIN\AppData\Local\Coursier\data\bin;C:\hadoop-2.6.0\bin;C:\hadoop-2.6.0\sbin;C:\Users\ADMIN\AppData\Local\Programs\cursor\resources\app\bin;C:\Users\ADMIN\AppData\Local\Programs\Microsoft VS Code\bin
USERNAME=ADMIN
OS=Windows_NT
PROCESSOR_IDENTIFIER=AMD64 Family 23 Model 104 Stepping 1, AuthenticAMD
TMP=C:\Users\ADMIN\AppData\Local\Temp
TEMP=C:\Users\ADMIN\AppData\Local\Temp




Periodic native trim disabled

---------------  S Y S T E M  ---------------

OS:
 Windows 11 , 64 bit Build 22621 (10.0.22621.457)
OS uptime: 3 days 18:13 hours

CPU: total 12 (initial active 12) (12 cores per cpu, 2 threads per core) family 23 model 104 stepping 1 microcode 0x0, cx8, cmov, fxsr, ht, mmx, 3dnowpref, sse, sse2, sse3, ssse3, sse4a, sse4.1, sse4.2, popcnt, lzcnt, tsc, tscinvbit, avx, avx2, aes, clmul, bmi1, bmi2, adx, sha, fma, vzeroupper, clflush, clflushopt, rdtscp, rdpid, f16c
Processor Information for the first 12 processors :
  Max Mhz: 2100, Current Mhz: 2100, Mhz Limit: 2100

Memory: 4k page, system-wide physical 7528M (384M free)
TotalPageFile size 25146M (AvailPageFile size 226M)
current process WorkingSet (physical memory assigned to process): 11M, peak: 1686M
current process commit charge ("private bytes"): 732M, peak: 1845M

vm_info: OpenJDK 64-Bit Server VM (21.0.9+10-LTS) for windows-amd64 JRE (21.0.9+10-LTS), built on 2025-10-21T00:00:00Z by "admin" with unknown MS VC++:1942

END.
