#
# There is insufficient memory for the Java Runtime Environment to continue.
# Native memory allocation (malloc) failed to allocate 854896 bytes. Error detail: Chunk::new
# Possible reasons:
#   The system is out of physical RAM or swap space
#   This process is running with CompressedOops enabled, and the Java Heap may be blocking the growth of the native heap
# Possible solutions:
#   Reduce memory load on the system
#   Increase physical memory or swap space
#   Check if swap backing store is full
#   Decrease Java heap size (-Xmx/-Xms)
#   Decrease number of Java threads
#   Decrease Java thread stack sizes (-Xss)
#   Set larger code cache with -XX:ReservedCodeCacheSize=
#   JVM is running with Unscaled Compressed Oops mode in which the Java heap is
#     placed in the first 4GB address space. The Java Heap base address is the
#     maximum limit for the native heap growth. Please use -XX:HeapBaseMinAddress
#     to set the Java Heap base and to place the Java Heap above 4GB virtual address.
# This output file may be truncated or incomplete.
#
#  Out of Memory Error (arena.cpp:168), pid=13756, tid=15368
#
# JRE version: OpenJDK Runtime Environment Temurin-21.0.9+10 (21.0.9+10) (build 21.0.9+10-LTS)
# Java VM: OpenJDK 64-Bit Server VM Temurin-21.0.9+10 (21.0.9+10-LTS, mixed mode, sharing, tiered, compressed oops, compressed class ptrs, parallel gc, windows-amd64)
# No core dump will be written. Minidumps are not enabled by default on client versions of Windows
#

---------------  S U M M A R Y ------------

Command Line: --add-modules=ALL-SYSTEM --add-opens=java.base/java.util=ALL-UNNAMED --add-opens=java.base/java.lang=ALL-UNNAMED --add-opens=java.base/sun.nio.fs=ALL-UNNAMED -Declipse.application=org.eclipse.jdt.ls.core.id1 -Dosgi.bundles.defaultStartLevel=4 -Declipse.product=org.eclipse.jdt.ls.core.product -Djava.import.generatesMetadataFilesAtProjectRoot=false -DDetectVMInstallationsJob.disabled=true -Dfile.encoding=utf8 -XX:+UseParallelGC -XX:GCTimeRatio=4 -XX:AdaptiveSizePolicyWeight=90 -Dsun.zip.disableMemoryMapping=true -Xmx2G -Xms100m -Xlog:disable -javaagent:c:\Users\ADMIN\.vscode\extensions\redhat.java-1.50.0-win32-x64\lombok\lombok-1.18.39-4050.jar -XX:+HeapDumpOnOutOfMemoryError -XX:HeapDumpPath=c:\Users\ADMIN\AppData\Roaming\Code\User\workspaceStorage\4e94088d454c493f4dd15a9ac6fa88c4\redhat.java -Daether.dependencyCollector.impl=bf c:\Users\ADMIN\.vscode\extensions\redhat.java-1.50.0-win32-x64\server\plugins\org.eclipse.equinox.launcher_1.7.100.v20251111-0406.jar -configuration c:\Users\ADMIN\AppData\Roaming\Code\User\globalStorage\redhat.java\1.50.0\config_win -data c:\Users\ADMIN\AppData\Roaming\Code\User\workspaceStorage\4e94088d454c493f4dd15a9ac6fa88c4\redhat.java\jdt_ws --pipe=\\.\pipe\lsp-834b8c2489d02b2f4754251cbbbce569-sock

Host: AMD Ryzen 5 5500U with Radeon Graphics         , 12 cores, 7G,  Windows 11 , 64 bit Build 22621 (10.0.22621.457)
Time: Mon Jan  5 17:23:23 2026 SE Asia Standard Time elapsed time: 15.310534 seconds (0d 0h 0m 15s)

---------------  T H R E A D  ---------------

Current thread (0x000002b25c9de380):  JavaThread "C2 CompilerThread0" daemon [_thread_in_native, id=15368, stack(0x000000f4a2900000,0x000000f4a2a00000) (1024K)]


Current CompileTask:
C2:15310 5854   !   4       org.eclipse.osgi.internal.loader.BundleLoader::findRequiredSource (283 bytes)

Stack: [0x000000f4a2900000,0x000000f4a2a00000]
Native frames: (J=compiled Java code, j=interpreted, Vv=VM code, C=native code)
V  [jvm.dll+0x6d6e29]
V  [jvm.dll+0x8b4b76]
V  [jvm.dll+0x8b712e]
V  [jvm.dll+0x8b7813]
V  [jvm.dll+0x283d86]
V  [jvm.dll+0xc66ed]
V  [jvm.dll+0xc6c31]
V  [jvm.dll+0x2facee]
V  [jvm.dll+0x5fde44]
V  [jvm.dll+0x255557]
V  [jvm.dll+0x24db6a]
V  [jvm.dll+0x24b482]
V  [jvm.dll+0x1cb13e]
V  [jvm.dll+0x25b29d]
V  [jvm.dll+0x25982a]
V  [jvm.dll+0x3f7ea6]
V  [jvm.dll+0x85e9ad]
V  [jvm.dll+0x6d565d]
C  [ucrtbase.dll+0x29363]
C  [KERNEL32.DLL+0x1244d]
C  [ntdll.dll+0x5df78]


---------------  P R O C E S S  ---------------

Threads class SMR info:
_java_thread_list=0x000002b2652ddcf0, length=42, elements={
0x000002b200c88330, 0x000002b219a2bf40, 0x000002b219a2d480, 0x000002b25c9b2570,
0x000002b25c9b31c0, 0x000002b25c9b8760, 0x000002b25c9d92f0, 0x000002b25c9de380,
0x000002b25c9e29f0, 0x000002b25cbe0c40, 0x000002b25cd08a00, 0x000002b25cd48a60,
0x000002b2617fe770, 0x000002b2615df3e0, 0x000002b2615e00f0, 0x000002b261eac260,
0x000002b261c79030, 0x000002b25cb20320, 0x000002b25cb216d0, 0x000002b25cb1fc90,
0x000002b25cb209b0, 0x000002b25cb1e250, 0x000002b25cb21040, 0x000002b25cb1ef70,
0x000002b25cb1f600, 0x000002b26558ee30, 0x000002b26558c6d0, 0x000002b26558fb50,
0x000002b265591590, 0x000002b26558cd60, 0x000002b265591c20, 0x000002b2655922b0,
0x000002b265592940, 0x000002b26558f4c0, 0x000002b265592fd0, 0x000002b265593660,
0x000002b26558d3f0, 0x000002b26558e110, 0x000002b265593cf0, 0x000002b26558da80,
0x000002b26558e7a0, 0x000002b2655901e0
}

Java Threads: ( => current thread )
  0x000002b200c88330 JavaThread "main"                              [_thread_blocked, id=7416, stack(0x000000f4a1f00000,0x000000f4a2000000) (1024K)]
  0x000002b219a2bf40 JavaThread "Reference Handler"          daemon [_thread_blocked, id=9012, stack(0x000000f4a2300000,0x000000f4a2400000) (1024K)]
  0x000002b219a2d480 JavaThread "Finalizer"                  daemon [_thread_blocked, id=16084, stack(0x000000f4a2400000,0x000000f4a2500000) (1024K)]
  0x000002b25c9b2570 JavaThread "Signal Dispatcher"          daemon [_thread_blocked, id=9820, stack(0x000000f4a2500000,0x000000f4a2600000) (1024K)]
  0x000002b25c9b31c0 JavaThread "Attach Listener"            daemon [_thread_blocked, id=14360, stack(0x000000f4a2600000,0x000000f4a2700000) (1024K)]
  0x000002b25c9b8760 JavaThread "Service Thread"             daemon [_thread_blocked, id=16036, stack(0x000000f4a2700000,0x000000f4a2800000) (1024K)]
  0x000002b25c9d92f0 JavaThread "Monitor Deflation Thread"   daemon [_thread_blocked, id=16240, stack(0x000000f4a2800000,0x000000f4a2900000) (1024K)]
=>0x000002b25c9de380 JavaThread "C2 CompilerThread0"         daemon [_thread_in_native, id=15368, stack(0x000000f4a2900000,0x000000f4a2a00000) (1024K)]
  0x000002b25c9e29f0 JavaThread "C1 CompilerThread0"         daemon [_thread_blocked, id=8824, stack(0x000000f4a2a00000,0x000000f4a2b00000) (1024K)]
  0x000002b25cbe0c40 JavaThread "Common-Cleaner"             daemon [_thread_blocked, id=10356, stack(0x000000f4a2b00000,0x000000f4a2c00000) (1024K)]
  0x000002b25cd08a00 JavaThread "Notification Thread"        daemon [_thread_blocked, id=16100, stack(0x000000f4a2c00000,0x000000f4a2d00000) (1024K)]
  0x000002b25cd48a60 JavaThread "Active Thread: Equinox Container: 8bd9ca71-abb4-447a-b15b-925a4146afe3"        [_thread_blocked, id=1844, stack(0x000000f4a2d00000,0x000000f4a2e00000) (1024K)]
  0x000002b2617fe770 JavaThread "Refresh Thread: Equinox Container: 8bd9ca71-abb4-447a-b15b-925a4146afe3" daemon [_thread_blocked, id=16588, stack(0x000000f4a3400000,0x000000f4a3500000) (1024K)]
  0x000002b2615df3e0 JavaThread "Framework Event Dispatcher: Equinox Container: 8bd9ca71-abb4-447a-b15b-925a4146afe3" daemon [_thread_blocked, id=11744, stack(0x000000f4a3600000,0x000000f4a3700000) (1024K)]
  0x000002b2615e00f0 JavaThread "Start Level: Equinox Container: 8bd9ca71-abb4-447a-b15b-925a4146afe3" daemon [_thread_blocked, id=14980, stack(0x000000f4a3700000,0x000000f4a3800000) (1024K)]
  0x000002b261eac260 JavaThread "Bundle File Closer"         daemon [_thread_blocked, id=18244, stack(0x000000f4a3a00000,0x000000f4a3b00000) (1024K)]
  0x000002b261c79030 JavaThread "SCR Component Actor"        daemon [_thread_blocked, id=17884, stack(0x000000f4a3b00000,0x000000f4a3c00000) (1024K)]
  0x000002b25cb20320 JavaThread "Worker-JM"                         [_thread_blocked, id=2648, stack(0x000000f4a3d00000,0x000000f4a3e00000) (1024K)]
  0x000002b25cb216d0 JavaThread "JNA Cleaner"                daemon [_thread_blocked, id=4016, stack(0x000000f4a3c00000,0x000000f4a3d00000) (1024K)]
  0x000002b25cb1fc90 JavaThread "Worker-0: Repository registry initialization"        [_thread_blocked, id=13540, stack(0x000000f4a3e00000,0x000000f4a3f00000) (1024K)]
  0x000002b25cb209b0 JavaThread "Worker-1: Updating Maven Dependencies"        [_thread_in_vm, id=8592, stack(0x000000f4a3f00000,0x000000f4a4000000) (1024K)]
  0x000002b25cb1e250 JavaThread "Java indexing"              daemon [_thread_blocked, id=9156, stack(0x000000f4a4200000,0x000000f4a4300000) (1024K)]
  0x000002b25cb21040 JavaThread "Worker-2: Initialize After Load"        [_thread_blocked, id=15908, stack(0x000000f4a4300000,0x000000f4a4400000) (1024K)]
  0x000002b25cb1ef70 JavaThread "Worker-3"                          [_thread_blocked, id=6016, stack(0x000000f4a4400000,0x000000f4a4500000) (1024K)]
  0x000002b25cb1f600 JavaThread "Worker-4"                          [_thread_blocked, id=6888, stack(0x000000f4a4700000,0x000000f4a4800000) (1024K)]
  0x000002b26558ee30 JavaThread "Worker-5"                          [_thread_blocked, id=11780, stack(0x000000f4a4800000,0x000000f4a4900000) (1024K)]
  0x000002b26558c6d0 JavaThread "Thread-1"                   daemon [_thread_in_native, id=17492, stack(0x000000f4a4900000,0x000000f4a4a00000) (1024K)]
  0x000002b26558fb50 JavaThread "Thread-2"                   daemon [_thread_in_native, id=16356, stack(0x000000f4a4a00000,0x000000f4a4b00000) (1024K)]
  0x000002b265591590 JavaThread "Thread-3"                   daemon [_thread_in_native, id=11280, stack(0x000000f4a4b00000,0x000000f4a4c00000) (1024K)]
  0x000002b26558cd60 JavaThread "Thread-4"                   daemon [_thread_in_native, id=18136, stack(0x000000f4a4c00000,0x000000f4a4d00000) (1024K)]
  0x000002b265591c20 JavaThread "Thread-5"                   daemon [_thread_in_native, id=18000, stack(0x000000f4a4d00000,0x000000f4a4e00000) (1024K)]
  0x000002b2655922b0 JavaThread "Thread-6"                   daemon [_thread_in_native, id=7204, stack(0x000000f4a4e00000,0x000000f4a4f00000) (1024K)]
  0x000002b265592940 JavaThread "Thread-7"                   daemon [_thread_in_native, id=13884, stack(0x000000f4a4f00000,0x000000f4a5000000) (1024K)]
  0x000002b26558f4c0 JavaThread "Thread-8"                   daemon [_thread_in_native, id=17320, stack(0x000000f4a5000000,0x000000f4a5100000) (1024K)]
  0x000002b265592fd0 JavaThread "Thread-9"                   daemon [_thread_in_native, id=18116, stack(0x000000f4a5100000,0x000000f4a5200000) (1024K)]
  0x000002b265593660 JavaThread "Thread-10"                  daemon [_thread_in_native, id=4672, stack(0x000000f4a5200000,0x000000f4a5300000) (1024K)]
  0x000002b26558d3f0 JavaThread "Thread-11"                  daemon [_thread_in_native, id=15632, stack(0x000000f4a5300000,0x000000f4a5400000) (1024K)]
  0x000002b26558e110 JavaThread "Thread-12"                  daemon [_thread_in_native, id=16516, stack(0x000000f4a5400000,0x000000f4a5500000) (1024K)]
  0x000002b265593cf0 JavaThread "Thread-13"                  daemon [_thread_in_native, id=6904, stack(0x000000f4a5500000,0x000000f4a5600000) (1024K)]
  0x000002b26558da80 JavaThread "pool-2-thread-1"                   [_thread_blocked, id=9072, stack(0x000000f4a5600000,0x000000f4a5700000) (1024K)]
  0x000002b26558e7a0 JavaThread "WorkspaceEventsHandler"            [_thread_blocked, id=17908, stack(0x000000f4a5700000,0x000000f4a5800000) (1024K)]
  0x000002b2655901e0 JavaThread "pool-1-thread-1"                   [_thread_blocked, id=1920, stack(0x000000f4a5800000,0x000000f4a5900000) (1024K)]
Total: 42

Other Threads:
  0x000002b219a13870 VMThread "VM Thread"                           [id=13500, stack(0x000000f4a2200000,0x000000f4a2300000) (1024K)]
  0x000002b202fe6540 WatcherThread "VM Periodic Task Thread"        [id=11340, stack(0x000000f4a2100000,0x000000f4a2200000) (1024K)]
  0x000002b202f9a580 WorkerThread "GC Thread#0"                     [id=6728, stack(0x000000f4a2000000,0x000000f4a2100000) (1024K)]
  0x000002b25cd4be30 WorkerThread "GC Thread#1"                     [id=2496, stack(0x000000f4a2e00000,0x000000f4a2f00000) (1024K)]
  0x000002b26150c1b0 WorkerThread "GC Thread#2"                     [id=17976, stack(0x000000f4a2f00000,0x000000f4a3000000) (1024K)]
  0x000002b26150c550 WorkerThread "GC Thread#3"                     [id=13012, stack(0x000000f4a3000000,0x000000f4a3100000) (1024K)]
  0x000002b2611d8ec0 WorkerThread "GC Thread#4"                     [id=17864, stack(0x000000f4a3100000,0x000000f4a3200000) (1024K)]
  0x000002b26149ff40 WorkerThread "GC Thread#5"                     [id=4616, stack(0x000000f4a3200000,0x000000f4a3300000) (1024K)]
  0x000002b2614a02e0 WorkerThread "GC Thread#6"                     [id=16584, stack(0x000000f4a3300000,0x000000f4a3400000) (1024K)]
  0x000002b261723d00 WorkerThread "GC Thread#7"                     [id=1408, stack(0x000000f4a3500000,0x000000f4a3600000) (1024K)]
  0x000002b26186a370 WorkerThread "GC Thread#8"                     [id=18096, stack(0x000000f4a3800000,0x000000f4a3900000) (1024K)]
  0x000002b26186b590 WorkerThread "GC Thread#9"                     [id=1836, stack(0x000000f4a3900000,0x000000f4a3a00000) (1024K)]
Total: 12

Threads with active compile tasks:
C2 CompilerThread0  15332 5854   !   4       org.eclipse.osgi.internal.loader.BundleLoader::findRequiredSource (283 bytes)
Total: 1

VM state: not at safepoint (normal execution)

VM Mutex/Monitor currently owned by a thread: None

Heap address: 0x0000000080000000, size: 2048 MB, Compressed Oops mode: 32-bit

CDS archive(s) mapped at: [0x000002b21a000000-0x000002b21aba0000-0x000002b21aba0000), size 12189696, SharedBaseAddress: 0x000002b21a000000, ArchiveRelocationMode: 1.
Compressed class space mapped at: 0x000002b21b000000-0x000002b25b000000, reserved size: 1073741824
Narrow klass base: 0x000002b21a000000, Narrow klass shift: 0, Narrow klass range: 0x100000000

GC Precious Log:
 CardTable entry size: 512
 CPUs: 12 total, 12 available
 Memory: 7528M
 Large Page Support: Disabled
 NUMA Support: Disabled
 Compressed Oops: Enabled (32-bit)
 Alignments: Space 512K, Generation 512K, Heap 2M
 Heap Min Capacity: 100M
 Heap Initial Capacity: 100M
 Heap Max Capacity: 2G
 Pre-touch: Disabled
 Parallel Workers: 10

Heap:
 PSYoungGen      total 24064K, used 7890K [0x00000000d5580000, 0x00000000d6f80000, 0x0000000100000000)
  eden space 22016K, 30% used [0x00000000d5580000,0x00000000d5c24800,0x00000000d6b00000)
  from space 2048K, 53% used [0x00000000d6c00000,0x00000000d6d10000,0x00000000d6e00000)
  to   space 1536K, 0% used [0x00000000d6e00000,0x00000000d6e00000,0x00000000d6f80000)
 ParOldGen       total 68608K, used 22932K [0x0000000080000000, 0x0000000084300000, 0x00000000d5580000)
  object space 68608K, 33% used [0x0000000080000000,0x00000000816652d0,0x0000000084300000)
 Metaspace       used 41281K, committed 42432K, reserved 1114112K
  class space    used 4408K, committed 4928K, reserved 1048576K

Card table byte_map: [0x000002b202950000,0x000002b202d60000] _byte_map_base: 0x000002b202550000

Marking Bits: (ParMarkBitMap*) 0x00007ffe2dbf2460
 Begin Bits: [0x000002b215430000, 0x000002b217430000)
 End Bits:   [0x000002b217430000, 0x000002b219430000)

Polling page: 0x000002b202740000

Metaspace:

Usage:
  Non-class:     36.01 MB used.
      Class:      4.30 MB used.
       Both:     40.31 MB used.

Virtual space:
  Non-class space:       64.00 MB reserved,      36.62 MB ( 57%) committed,  1 nodes.
      Class space:        1.00 GB reserved,       4.81 MB ( <1%) committed,  1 nodes.
             Both:        1.06 GB reserved,      41.44 MB (  4%) committed. 

Chunk freelists:
   Non-Class:  10.84 MB
       Class:  11.12 MB
        Both:  21.97 MB

MaxMetaspaceSize: unlimited
CompressedClassSpaceSize: 1.00 GB
Initial GC threshold: 21.00 MB
Current GC threshold: 58.38 MB
CDS: on
 - commit_granule_bytes: 65536.
 - commit_granule_words: 8192.
 - virtual_space_node_default_size: 8388608.
 - enlarge_chunks_in_place: 1.
 - use_allocation_guard: 0.


Internal statistics:

num_allocs_failed_limit: 6.
num_arena_births: 772.
num_arena_deaths: 30.
num_vsnodes_births: 2.
num_vsnodes_deaths: 0.
num_space_committed: 663.
num_space_uncommitted: 0.
num_chunks_returned_to_freelist: 39.
num_chunks_taken_from_freelist: 2577.
num_chunk_merges: 9.
num_chunk_splits: 1597.
num_chunks_enlarged: 946.
num_inconsistent_stats: 0.

CodeHeap 'non-profiled nmethods': size=120000Kb used=2675Kb max_used=2675Kb free=117324Kb
 bounds [0x000002b20dc50000, 0x000002b20def0000, 0x000002b215180000]
CodeHeap 'profiled nmethods': size=120000Kb used=10727Kb max_used=10727Kb free=109272Kb
 bounds [0x000002b206180000, 0x000002b206c00000, 0x000002b20d6b0000]
CodeHeap 'non-nmethods': size=5760Kb used=1364Kb max_used=1437Kb free=4395Kb
 bounds [0x000002b20d6b0000, 0x000002b20d920000, 0x000002b20dc50000]
CodeCache: size=245760Kb, used=14766Kb, max_used=14839Kb, free=230991Kb
 total_blobs=5957, nmethods=5298, adapters=565, full_count=0
Compilation: enabled, stopped_count=0, restarted_count=0

Compilation events (20 events):
Event: 15.101 Thread 0x000002b25c9e29f0 5866       3       java.util.stream.ReferencePipeline::forEach (11 bytes)
Event: 15.102 Thread 0x000002b25c9e29f0 nmethod 5866 0x000002b206bf5290 code [0x000002b206bf5480, 0x000002b206bf5928]
Event: 15.103 Thread 0x000002b25c9e29f0 5867       3       java.util.stream.ForEachOps::makeRef (15 bytes)
Event: 15.103 Thread 0x000002b25c9e29f0 nmethod 5867 0x000002b206bf5b10 code [0x000002b206bf5ce0, 0x000002b206bf60d0]
Event: 15.105 Thread 0x000002b25c9e29f0 5869       3       java.lang.Class::isEnum (27 bytes)
Event: 15.106 Thread 0x000002b25c9e29f0 nmethod 5869 0x000002b206bf6290 code [0x000002b206bf6440, 0x000002b206bf6638]
Event: 15.193 Thread 0x000002b25c9e29f0 5871       3       java.util.stream.ReduceOps$ReduceOp::<init> (10 bytes)
Event: 15.196 Thread 0x000002b25c9e29f0 nmethod 5871 0x000002b206bf6710 code [0x000002b206bf68c0, 0x000002b206bf6a48]
Event: 15.196 Thread 0x000002b25c9e29f0 5872       3       java.util.stream.ReduceOps$ReduceOp::evaluateSequential (18 bytes)
Event: 15.196 Thread 0x000002b25c9e29f0 nmethod 5872 0x000002b206bf6b10 code [0x000002b206bf6d00, 0x000002b206bf7180]
Event: 15.217 Thread 0x000002b25c9e29f0 5873       3       java.util.stream.Collectors$CollectorImpl::<init> (32 bytes)
Event: 15.218 Thread 0x000002b25c9e29f0 nmethod 5873 0x000002b206bf7290 code [0x000002b206bf7440, 0x000002b206bf7668]
Event: 15.269 Thread 0x000002b25c9e29f0 5874       3       java.util.stream.ReferencePipeline::collect (124 bytes)
Event: 15.272 Thread 0x000002b25c9e29f0 nmethod 5874 0x000002b206bf7790 code [0x000002b206bf7a40, 0x000002b206bf86d8]
Event: 15.272 Thread 0x000002b25c9e29f0 5875       3       java.util.stream.ReduceOps::makeRef (42 bytes)
Event: 15.273 Thread 0x000002b25c9e29f0 nmethod 5875 0x000002b206bf8b10 code [0x000002b206bf8d20, 0x000002b206bf9398]
Event: 15.273 Thread 0x000002b25c9e29f0 5876       3       java.util.stream.ReduceOps$3::<init> (28 bytes)
Event: 15.273 Thread 0x000002b25c9e29f0 nmethod 5876 0x000002b206bf9690 code [0x000002b206bf9840, 0x000002b206bf9a68]
Event: 15.273 Thread 0x000002b25c9e29f0 5877       1       com.google.inject.internal.LinkedBindingImpl::getLinkedKey (5 bytes)
Event: 15.273 Thread 0x000002b25c9e29f0 nmethod 5877 0x000002b20deecb10 code [0x000002b20deecca0, 0x000002b20deecd68]

GC Heap History (20 events):
Event: 8.638 GC heap before
{Heap before GC invocations=10 (full 1):
 PSYoungGen      total 25600K, used 25405K [0x00000000d5580000, 0x00000000d7580000, 0x0000000100000000)
  eden space 24064K, 100% used [0x00000000d5580000,0x00000000d6d00000,0x00000000d6d00000)
  from space 1536K, 87% used [0x00000000d7400000,0x00000000d754f4c8,0x00000000d7580000)
  to   space 3072K, 0% used [0x00000000d6f80000,0x00000000d6f80000,0x00000000d7280000)
 ParOldGen       total 68608K, used 13333K [0x0000000080000000, 0x0000000084300000, 0x00000000d5580000)
  object space 68608K, 19% used [0x0000000080000000,0x0000000080d05630,0x0000000084300000)
 Metaspace       used 26411K, committed 27264K, reserved 1114112K
  class space    used 2602K, committed 2944K, reserved 1048576K
}
Event: 8.641 GC heap after
{Heap after GC invocations=10 (full 1):
 PSYoungGen      total 26624K, used 3049K [0x00000000d5580000, 0x00000000d7480000, 0x0000000100000000)
  eden space 23552K, 0% used [0x00000000d5580000,0x00000000d5580000,0x00000000d6c80000)
  from space 3072K, 99% used [0x00000000d6f80000,0x00000000d727a638,0x00000000d7280000)
  to   space 2048K, 0% used [0x00000000d7280000,0x00000000d7280000,0x00000000d7480000)
 ParOldGen       total 68608K, used 13381K [0x0000000080000000, 0x0000000084300000, 0x00000000d5580000)
  object space 68608K, 19% used [0x0000000080000000,0x0000000080d11630,0x0000000084300000)
 Metaspace       used 26411K, committed 27264K, reserved 1114112K
  class space    used 2602K, committed 2944K, reserved 1048576K
}
Event: 8.987 GC heap before
{Heap before GC invocations=11 (full 1):
 PSYoungGen      total 26624K, used 26601K [0x00000000d5580000, 0x00000000d7480000, 0x0000000100000000)
  eden space 23552K, 99% used [0x00000000d5580000,0x00000000d6c7ff80,0x00000000d6c80000)
  from space 3072K, 99% used [0x00000000d6f80000,0x00000000d727a638,0x00000000d7280000)
  to   space 2048K, 0% used [0x00000000d7280000,0x00000000d7280000,0x00000000d7480000)
 ParOldGen       total 68608K, used 13381K [0x0000000080000000, 0x0000000084300000, 0x00000000d5580000)
  object space 68608K, 19% used [0x0000000080000000,0x0000000080d11630,0x0000000084300000)
 Metaspace       used 27963K, committed 28864K, reserved 1114112K
  class space    used 2737K, committed 3136K, reserved 1048576K
}
Event: 8.993 GC heap after
{Heap after GC invocations=11 (full 1):
 PSYoungGen      total 25088K, used 2028K [0x00000000d5580000, 0x00000000d7480000, 0x0000000100000000)
  eden space 23040K, 0% used [0x00000000d5580000,0x00000000d5580000,0x00000000d6c00000)
  from space 2048K, 99% used [0x00000000d7280000,0x00000000d747b028,0x00000000d7480000)
  to   space 2560K, 0% used [0x00000000d6f80000,0x00000000d6f80000,0x00000000d7200000)
 ParOldGen       total 68608K, used 16057K [0x0000000080000000, 0x0000000084300000, 0x00000000d5580000)
  object space 68608K, 23% used [0x0000000080000000,0x0000000080fae6f0,0x0000000084300000)
 Metaspace       used 27963K, committed 28864K, reserved 1114112K
  class space    used 2737K, committed 3136K, reserved 1048576K
}
Event: 9.547 GC heap before
{Heap before GC invocations=12 (full 1):
 PSYoungGen      total 25088K, used 25068K [0x00000000d5580000, 0x00000000d7480000, 0x0000000100000000)
  eden space 23040K, 100% used [0x00000000d5580000,0x00000000d6c00000,0x00000000d6c00000)
  from space 2048K, 99% used [0x00000000d7280000,0x00000000d747b028,0x00000000d7480000)
  to   space 2560K, 0% used [0x00000000d6f80000,0x00000000d6f80000,0x00000000d7200000)
 ParOldGen       total 68608K, used 16057K [0x0000000080000000, 0x0000000084300000, 0x00000000d5580000)
  object space 68608K, 23% used [0x0000000080000000,0x0000000080fae6f0,0x0000000084300000)
 Metaspace       used 31421K, committed 32512K, reserved 1114112K
  class space    used 3151K, committed 3648K, reserved 1048576K
}
Event: 9.554 GC heap after
{Heap after GC invocations=12 (full 1):
 PSYoungGen      total 24064K, used 1533K [0x00000000d5580000, 0x00000000d7300000, 0x0000000100000000)
  eden space 22528K, 0% used [0x00000000d5580000,0x00000000d5580000,0x00000000d6b80000)
  from space 1536K, 99% used [0x00000000d6f80000,0x00000000d70ff510,0x00000000d7100000)
  to   space 2048K, 0% used [0x00000000d7100000,0x00000000d7100000,0x00000000d7300000)
 ParOldGen       total 68608K, used 17951K [0x0000000080000000, 0x0000000084300000, 0x00000000d5580000)
  object space 68608K, 26% used [0x0000000080000000,0x0000000081187d20,0x0000000084300000)
 Metaspace       used 31421K, committed 32512K, reserved 1114112K
  class space    used 3151K, committed 3648K, reserved 1048576K
}
Event: 9.972 GC heap before
{Heap before GC invocations=13 (full 1):
 PSYoungGen      total 24064K, used 24061K [0x00000000d5580000, 0x00000000d7300000, 0x0000000100000000)
  eden space 22528K, 100% used [0x00000000d5580000,0x00000000d6b80000,0x00000000d6b80000)
  from space 1536K, 99% used [0x00000000d6f80000,0x00000000d70ff510,0x00000000d7100000)
  to   space 2048K, 0% used [0x00000000d7100000,0x00000000d7100000,0x00000000d7300000)
 ParOldGen       total 68608K, used 17951K [0x0000000080000000, 0x0000000084300000, 0x00000000d5580000)
  object space 68608K, 26% used [0x0000000080000000,0x0000000081187d20,0x0000000084300000)
 Metaspace       used 34142K, committed 35328K, reserved 1114112K
  class space    used 3490K, committed 3968K, reserved 1048576K
}
Event: 9.983 GC heap after
{Heap after GC invocations=13 (full 1):
 PSYoungGen      total 24064K, used 2020K [0x00000000d5580000, 0x00000000d7300000, 0x0000000100000000)
  eden space 22016K, 0% used [0x00000000d5580000,0x00000000d5580000,0x00000000d6b00000)
  from space 2048K, 98% used [0x00000000d7100000,0x00000000d72f9128,0x00000000d7300000)
  to   space 4096K, 0% used [0x00000000d6b00000,0x00000000d6b00000,0x00000000d6f00000)
 ParOldGen       total 68608K, used 19285K [0x0000000080000000, 0x0000000084300000, 0x00000000d5580000)
  object space 68608K, 28% used [0x0000000080000000,0x00000000812d54b0,0x0000000084300000)
 Metaspace       used 34142K, committed 35328K, reserved 1114112K
  class space    used 3490K, committed 3968K, reserved 1048576K
}
Event: 10.105 GC heap before
{Heap before GC invocations=14 (full 1):
 PSYoungGen      total 24064K, used 8355K [0x00000000d5580000, 0x00000000d7300000, 0x0000000100000000)
  eden space 22016K, 28% used [0x00000000d5580000,0x00000000d5bafbd0,0x00000000d6b00000)
  from space 2048K, 98% used [0x00000000d7100000,0x00000000d72f9128,0x00000000d7300000)
  to   space 4096K, 0% used [0x00000000d6b00000,0x00000000d6b00000,0x00000000d6f00000)
 ParOldGen       total 68608K, used 19285K [0x0000000080000000, 0x0000000084300000, 0x00000000d5580000)
  object space 68608K, 28% used [0x0000000080000000,0x00000000812d54b0,0x0000000084300000)
 Metaspace       used 34695K, committed 35840K, reserved 1114112K
  class space    used 3581K, committed 4032K, reserved 1048576K
}
Event: 10.109 GC heap after
{Heap after GC invocations=14 (full 1):
 PSYoungGen      total 26112K, used 830K [0x00000000d5580000, 0x00000000d7180000, 0x0000000100000000)
  eden space 22016K, 0% used [0x00000000d5580000,0x00000000d5580000,0x00000000d6b00000)
  from space 4096K, 20% used [0x00000000d6b00000,0x00000000d6bcf8a0,0x00000000d6f00000)
  to   space 2048K, 0% used [0x00000000d6f80000,0x00000000d6f80000,0x00000000d7180000)
 ParOldGen       total 68608K, used 21217K [0x0000000080000000, 0x0000000084300000, 0x00000000d5580000)
  object space 68608K, 30% used [0x0000000080000000,0x00000000814b85e8,0x0000000084300000)
 Metaspace       used 34695K, committed 35840K, reserved 1114112K
  class space    used 3581K, committed 4032K, reserved 1048576K
}
Event: 10.109 GC heap before
{Heap before GC invocations=15 (full 2):
 PSYoungGen      total 26112K, used 830K [0x00000000d5580000, 0x00000000d7180000, 0x0000000100000000)
  eden space 22016K, 0% used [0x00000000d5580000,0x00000000d5580000,0x00000000d6b00000)
  from space 4096K, 20% used [0x00000000d6b00000,0x00000000d6bcf8a0,0x00000000d6f00000)
  to   space 2048K, 0% used [0x00000000d6f80000,0x00000000d6f80000,0x00000000d7180000)
 ParOldGen       total 68608K, used 21217K [0x0000000080000000, 0x0000000084300000, 0x00000000d5580000)
  object space 68608K, 30% used [0x0000000080000000,0x00000000814b85e8,0x0000000084300000)
 Metaspace       used 34695K, committed 35840K, reserved 1114112K
  class space    used 3581K, committed 4032K, reserved 1048576K
}
Event: 10.182 GC heap after
{Heap after GC invocations=15 (full 2):
 PSYoungGen      total 26112K, used 0K [0x00000000d5580000, 0x00000000d7180000, 0x0000000100000000)
  eden space 22016K, 0% used [0x00000000d5580000,0x00000000d5580000,0x00000000d6b00000)
  from space 4096K, 0% used [0x00000000d6b00000,0x00000000d6b00000,0x00000000d6f00000)
  to   space 2048K, 0% used [0x00000000d6f80000,0x00000000d6f80000,0x00000000d7180000)
 ParOldGen       total 68608K, used 20655K [0x0000000080000000, 0x0000000084300000, 0x00000000d5580000)
  object space 68608K, 30% used [0x0000000080000000,0x000000008142bf68,0x0000000084300000)
 Metaspace       used 34681K, committed 35840K, reserved 1114112K
  class space    used 3577K, committed 4032K, reserved 1048576K
}
Event: 10.945 GC heap before
{Heap before GC invocations=16 (full 2):
 PSYoungGen      total 26112K, used 22016K [0x00000000d5580000, 0x00000000d7180000, 0x0000000100000000)
  eden space 22016K, 100% used [0x00000000d5580000,0x00000000d6b00000,0x00000000d6b00000)
  from space 4096K, 0% used [0x00000000d6b00000,0x00000000d6b00000,0x00000000d6f00000)
  to   space 2048K, 0% used [0x00000000d6f80000,0x00000000d6f80000,0x00000000d7180000)
 ParOldGen       total 68608K, used 20655K [0x0000000080000000, 0x0000000084300000, 0x00000000d5580000)
  object space 68608K, 30% used [0x0000000080000000,0x000000008142bf68,0x0000000084300000)
 Metaspace       used 35925K, committed 37120K, reserved 1114112K
  class space    used 3745K, committed 4224K, reserved 1048576K
}
Event: 10.949 GC heap after
{Heap after GC invocations=16 (full 2):
 PSYoungGen      total 23552K, used 1341K [0x00000000d5580000, 0x00000000d7100000, 0x0000000100000000)
  eden space 22016K, 0% used [0x00000000d5580000,0x00000000d5580000,0x00000000d6b00000)
  from space 1536K, 87% used [0x00000000d6f80000,0x00000000d70cf620,0x00000000d7100000)
  to   space 1536K, 0% used [0x00000000d6e00000,0x00000000d6e00000,0x00000000d6f80000)
 ParOldGen       total 68608K, used 20663K [0x0000000080000000, 0x0000000084300000, 0x00000000d5580000)
  object space 68608K, 30% used [0x0000000080000000,0x000000008142df68,0x0000000084300000)
 Metaspace       used 35925K, committed 37120K, reserved 1114112K
  class space    used 3745K, committed 4224K, reserved 1048576K
}
Event: 11.712 GC heap before
{Heap before GC invocations=17 (full 2):
 PSYoungGen      total 23552K, used 23357K [0x00000000d5580000, 0x00000000d7100000, 0x0000000100000000)
  eden space 22016K, 100% used [0x00000000d5580000,0x00000000d6b00000,0x00000000d6b00000)
  from space 1536K, 87% used [0x00000000d6f80000,0x00000000d70cf620,0x00000000d7100000)
  to   space 1536K, 0% used [0x00000000d6e00000,0x00000000d6e00000,0x00000000d6f80000)
 ParOldGen       total 68608K, used 20663K [0x0000000080000000, 0x0000000084300000, 0x00000000d5580000)
  object space 68608K, 30% used [0x0000000080000000,0x000000008142df68,0x0000000084300000)
 Metaspace       used 36782K, committed 37888K, reserved 1114112K
  class space    used 3851K, committed 4352K, reserved 1048576K
}
Event: 11.718 GC heap after
{Heap after GC invocations=17 (full 2):
 PSYoungGen      total 23040K, used 832K [0x00000000d5580000, 0x00000000d7000000, 0x0000000100000000)
  eden space 22016K, 0% used [0x00000000d5580000,0x00000000d5580000,0x00000000d6b00000)
  from space 1024K, 81% used [0x00000000d6e00000,0x00000000d6ed0000,0x00000000d6f00000)
  to   space 1024K, 0% used [0x00000000d6f00000,0x00000000d6f00000,0x00000000d7000000)
 ParOldGen       total 68608K, used 21687K [0x0000000080000000, 0x0000000084300000, 0x00000000d5580000)
  object space 68608K, 31% used [0x0000000080000000,0x000000008152df68,0x0000000084300000)
 Metaspace       used 36782K, committed 37888K, reserved 1114112K
  class space    used 3851K, committed 4352K, reserved 1048576K
}
Event: 12.591 GC heap before
{Heap before GC invocations=18 (full 2):
 PSYoungGen      total 23040K, used 22848K [0x00000000d5580000, 0x00000000d7000000, 0x0000000100000000)
  eden space 22016K, 100% used [0x00000000d5580000,0x00000000d6b00000,0x00000000d6b00000)
  from space 1024K, 81% used [0x00000000d6e00000,0x00000000d6ed0000,0x00000000d6f00000)
  to   space 1024K, 0% used [0x00000000d6f00000,0x00000000d6f00000,0x00000000d7000000)
 ParOldGen       total 68608K, used 21687K [0x0000000080000000, 0x0000000084300000, 0x00000000d5580000)
  object space 68608K, 31% used [0x0000000080000000,0x000000008152df68,0x0000000084300000)
 Metaspace       used 38474K, committed 39744K, reserved 1114112K
  class space    used 4049K, committed 4608K, reserved 1048576K
}
Event: 12.595 GC heap after
{Heap after GC invocations=18 (full 2):
 PSYoungGen      total 23040K, used 1008K [0x00000000d5580000, 0x00000000d7000000, 0x0000000100000000)
  eden space 22016K, 0% used [0x00000000d5580000,0x00000000d5580000,0x00000000d6b00000)
  from space 1024K, 98% used [0x00000000d6f00000,0x00000000d6ffc010,0x00000000d7000000)
  to   space 2048K, 0% used [0x00000000d6c00000,0x00000000d6c00000,0x00000000d6e00000)
 ParOldGen       total 68608K, used 22367K [0x0000000080000000, 0x0000000084300000, 0x00000000d5580000)
  object space 68608K, 32% used [0x0000000080000000,0x00000000815d7f68,0x0000000084300000)
 Metaspace       used 38474K, committed 39744K, reserved 1114112K
  class space    used 4049K, committed 4608K, reserved 1048576K
}
Event: 13.929 GC heap before
{Heap before GC invocations=19 (full 2):
 PSYoungGen      total 23040K, used 23024K [0x00000000d5580000, 0x00000000d7000000, 0x0000000100000000)
  eden space 22016K, 100% used [0x00000000d5580000,0x00000000d6b00000,0x00000000d6b00000)
  from space 1024K, 98% used [0x00000000d6f00000,0x00000000d6ffc010,0x00000000d7000000)
  to   space 2048K, 0% used [0x00000000d6c00000,0x00000000d6c00000,0x00000000d6e00000)
 ParOldGen       total 68608K, used 22367K [0x0000000080000000, 0x0000000084300000, 0x00000000d5580000)
  object space 68608K, 32% used [0x0000000080000000,0x00000000815d7f68,0x0000000084300000)
 Metaspace       used 40537K, committed 41728K, reserved 1114112K
  class space    used 4310K, committed 4864K, reserved 1048576K
}
Event: 13.936 GC heap after
{Heap after GC invocations=19 (full 2):
 PSYoungGen      total 24064K, used 1088K [0x00000000d5580000, 0x00000000d6f80000, 0x0000000100000000)
  eden space 22016K, 0% used [0x00000000d5580000,0x00000000d5580000,0x00000000d6b00000)
  from space 2048K, 53% used [0x00000000d6c00000,0x00000000d6d10000,0x00000000d6e00000)
  to   space 1536K, 0% used [0x00000000d6e00000,0x00000000d6e00000,0x00000000d6f80000)
 ParOldGen       total 68608K, used 22932K [0x0000000080000000, 0x0000000084300000, 0x00000000d5580000)
  object space 68608K, 33% used [0x0000000080000000,0x00000000816652d0,0x0000000084300000)
 Metaspace       used 40537K, committed 41728K, reserved 1114112K
  class space    used 4310K, committed 4864K, reserved 1048576K
}

Dll operation events (10 events):
Event: 0.023 Loaded shared library c:\Users\ADMIN\.vscode\extensions\redhat.java-1.50.0-win32-x64\jre\21.0.9-win32-x86_64\bin\java.dll
Event: 0.163 Loaded shared library c:\Users\ADMIN\.vscode\extensions\redhat.java-1.50.0-win32-x64\jre\21.0.9-win32-x86_64\bin\zip.dll
Event: 0.201 Loaded shared library C:\Users\ADMIN\.vscode\extensions\redhat.java-1.50.0-win32-x64\jre\21.0.9-win32-x86_64\bin\instrument.dll
Event: 0.210 Loaded shared library C:\Users\ADMIN\.vscode\extensions\redhat.java-1.50.0-win32-x64\jre\21.0.9-win32-x86_64\bin\net.dll
Event: 0.212 Loaded shared library C:\Users\ADMIN\.vscode\extensions\redhat.java-1.50.0-win32-x64\jre\21.0.9-win32-x86_64\bin\nio.dll
Event: 0.217 Loaded shared library C:\Users\ADMIN\.vscode\extensions\redhat.java-1.50.0-win32-x64\jre\21.0.9-win32-x86_64\bin\zip.dll
Event: 0.240 Loaded shared library C:\Users\ADMIN\.vscode\extensions\redhat.java-1.50.0-win32-x64\jre\21.0.9-win32-x86_64\bin\jimage.dll
Event: 0.351 Loaded shared library c:\Users\ADMIN\.vscode\extensions\redhat.java-1.50.0-win32-x64\jre\21.0.9-win32-x86_64\bin\verify.dll
Event: 2.826 Loaded shared library C:\Users\ADMIN\AppData\Roaming\Code\User\globalStorage\redhat.java\1.50.0\config_win\org.eclipse.equinox.launcher\org.eclipse.equinox.launcher.win32.win32.x86_64_1.2.1400.v20250801-0854\eclipse_11916.dll
Event: 6.856 Loaded shared library C:\Users\ADMIN\AppData\Local\Temp\jna-62130991\jna14005714995209679724.dll

Deoptimization events (20 events):
Event: 12.461 Thread 0x000002b2655901e0 DEOPT PACKING pc=0x000002b20dd15770 sp=0x000000f4a58feaf0
Event: 12.461 Thread 0x000002b2655901e0 DEOPT UNPACKING pc=0x000002b20d703aa2 sp=0x000000f4a58fea70 mode 2
Event: 12.461 Thread 0x000002b2655901e0 Uncommon trap: trap_request=0xffffff45 fr.pc=0x000002b20dccd440 relative=0x00000000000000a0
Event: 12.461 Thread 0x000002b2655901e0 Uncommon trap: reason=unstable_if action=reinterpret pc=0x000002b20dccd440 method=com.google.gson.stream.JsonReader.peek()Lcom/google/gson/stream/JsonToken; @ 15 c2
Event: 12.461 Thread 0x000002b2655901e0 DEOPT PACKING pc=0x000002b20dccd440 sp=0x000000f4a58feb20
Event: 12.461 Thread 0x000002b2655901e0 DEOPT UNPACKING pc=0x000002b20d703aa2 sp=0x000000f4a58feaa8 mode 2
Event: 12.486 Thread 0x000002b2655901e0 Uncommon trap: trap_request=0xffffff45 fr.pc=0x000002b20dce1334 relative=0x0000000000000874
Event: 12.486 Thread 0x000002b2655901e0 Uncommon trap: reason=unstable_if action=reinterpret pc=0x000002b20dce1334 method=com.google.gson.stream.JsonReader.nextQuotedValue(C)Ljava/lang/String; @ 121 c2
Event: 12.486 Thread 0x000002b2655901e0 DEOPT PACKING pc=0x000002b20dce1334 sp=0x000000f4a58fe530
Event: 12.486 Thread 0x000002b2655901e0 DEOPT UNPACKING pc=0x000002b20d703aa2 sp=0x000000f4a58fe4c8 mode 2
Event: 12.716 Thread 0x000002b200c88330 Uncommon trap: trap_request=0xffffff45 fr.pc=0x000002b20de6eda0 relative=0x0000000000002520
Event: 12.716 Thread 0x000002b200c88330 Uncommon trap: reason=unstable_if action=reinterpret pc=0x000002b20de6eda0 method=sun.nio.cs.StreamDecoder.implRead([CII)I @ 186 c2
Event: 12.716 Thread 0x000002b200c88330 DEOPT PACKING pc=0x000002b20de6eda0 sp=0x000000f4a1ffe340
Event: 12.716 Thread 0x000002b200c88330 DEOPT UNPACKING pc=0x000002b20d703aa2 sp=0x000000f4a1ffe298 mode 2
Event: 12.794 Thread 0x000002b2655901e0 Uncommon trap: trap_request=0xffffff45 fr.pc=0x000002b20de2ea34 relative=0x0000000000000b34
Event: 12.794 Thread 0x000002b2655901e0 Uncommon trap: reason=unstable_if action=reinterpret pc=0x000002b20de2ea34 method=org.eclipse.osgi.internal.loader.BundleLoader.getPackageName(Ljava/lang/String;)Ljava/lang/String; @ 12 c2
Event: 12.794 Thread 0x000002b2655901e0 DEOPT PACKING pc=0x000002b20de2ea34 sp=0x000000f4a58fdb00
Event: 12.794 Thread 0x000002b2655901e0 DEOPT UNPACKING pc=0x000002b20d703aa2 sp=0x000000f4a58fda70 mode 2
Event: 13.244 Thread 0x000002b25cb209b0 DEOPT PACKING pc=0x000002b206a18e35 sp=0x000000f4a3ff9520
Event: 13.244 Thread 0x000002b25cb209b0 DEOPT UNPACKING pc=0x000002b20d704242 sp=0x000000f4a3ff8a30 mode 0

Classes loaded (20 events):
Event: 12.208 Loading class sun/util/locale/provider/CalendarNameProviderImpl$LengthBasedComparator
Event: 12.208 Loading class sun/util/locale/provider/CalendarNameProviderImpl$LengthBasedComparator done
Event: 12.419 Loading class java/time/format/DateTimeParseContext
Event: 12.420 Loading class java/time/format/DateTimeParseContext done
Event: 12.421 Loading class java/time/format/Parsed
Event: 12.422 Loading class java/time/format/Parsed done
Event: 12.438 Loading class sun/reflect/annotation/AnnotatedTypeFactory$AnnotatedParameterizedTypeImpl
Event: 12.439 Loading class java/lang/reflect/AnnotatedParameterizedType
Event: 12.440 Loading class java/lang/reflect/AnnotatedParameterizedType done
Event: 12.440 Loading class sun/reflect/annotation/AnnotatedTypeFactory$AnnotatedParameterizedTypeImpl done
Event: 12.611 Loading class sun/reflect/generics/repository/FieldRepository
Event: 12.612 Loading class sun/reflect/generics/repository/FieldRepository done
Event: 13.034 Loading class java/util/concurrent/CompletionService
Event: 13.035 Loading class java/util/concurrent/CompletionService done
Event: 13.650 Loading class sun/reflect/generics/scope/ConstructorScope
Event: 13.651 Loading class sun/reflect/generics/scope/ConstructorScope done
Event: 13.652 Loading class sun/reflect/generics/tree/VoidDescriptor
Event: 13.652 Loading class sun/reflect/generics/tree/VoidDescriptor done
Event: 14.460 Loading class java/nio/channels/ServerSocketChannel
Event: 14.461 Loading class java/nio/channels/ServerSocketChannel done

Classes unloaded (15 events):
Event: 8.039 Thread 0x000002b219a13870 Unloading class 0x000002b21b1acc00 'java/lang/invoke/LambdaForm$MH+0x000002b21b1acc00'
Event: 8.039 Thread 0x000002b219a13870 Unloading class 0x000002b21b1ac800 'java/lang/invoke/LambdaForm$MH+0x000002b21b1ac800'
Event: 8.039 Thread 0x000002b219a13870 Unloading class 0x000002b21b1ac400 'java/lang/invoke/LambdaForm$MH+0x000002b21b1ac400'
Event: 8.039 Thread 0x000002b219a13870 Unloading class 0x000002b21b1ac000 'java/lang/invoke/LambdaForm$MH+0x000002b21b1ac000'
Event: 8.039 Thread 0x000002b219a13870 Unloading class 0x000002b21b1abc00 'java/lang/invoke/LambdaForm$BMH+0x000002b21b1abc00'
Event: 8.039 Thread 0x000002b219a13870 Unloading class 0x000002b21b1ab800 'java/lang/invoke/LambdaForm$DMH+0x000002b21b1ab800'
Event: 8.039 Thread 0x000002b219a13870 Unloading class 0x000002b21b1aa400 'java/lang/invoke/LambdaForm$DMH+0x000002b21b1aa400'
Event: 10.118 Thread 0x000002b219a13870 Unloading class 0x000002b21b312800 'java/lang/invoke/LambdaForm$MH+0x000002b21b312800'
Event: 10.118 Thread 0x000002b219a13870 Unloading class 0x000002b21b311c00 'java/lang/invoke/LambdaForm$MH+0x000002b21b311c00'
Event: 10.118 Thread 0x000002b219a13870 Unloading class 0x000002b21b311400 'java/lang/invoke/LambdaForm$DMH+0x000002b21b311400'
Event: 10.118 Thread 0x000002b219a13870 Unloading class 0x000002b21b310c00 'java/lang/invoke/LambdaForm$MH+0x000002b21b310c00'
Event: 10.118 Thread 0x000002b219a13870 Unloading class 0x000002b21b309800 'java/lang/invoke/LambdaForm$MH+0x000002b21b309800'
Event: 10.118 Thread 0x000002b219a13870 Unloading class 0x000002b21b309000 'java/lang/invoke/LambdaForm$MH+0x000002b21b309000'
Event: 10.118 Thread 0x000002b219a13870 Unloading class 0x000002b21b308c00 'java/lang/invoke/LambdaForm$MH+0x000002b21b308c00'
Event: 10.118 Thread 0x000002b219a13870 Unloading class 0x000002b21b308400 'java/lang/invoke/LambdaForm$DMH+0x000002b21b308400'

Classes redefined (0 events):
No events

Internal exceptions (20 events):
Event: 9.050 Thread 0x000002b25cb1fc90 Exception <a 'java/lang/NoSuchMethodError'{0x00000000d58c9a30}: 'int java.lang.invoke.DirectMethodHandle$Holder.invokeSpecial(java.lang.Object, java.lang.Object, java.lang.Object, java.lang.Object)'> (0x00000000d58c9a30) 
thrown [s\src\hotspot\share\interpreter\linkResolver.cpp, line 773]
Event: 9.052 Thread 0x000002b25cb1fc90 Exception <a 'java/lang/NoSuchMethodError'{0x00000000d58eed20}: 'java.lang.Object java.lang.invoke.DirectMethodHandle$Holder.invokeStatic(java.lang.Object, int, java.lang.Object, java.lang.Object)'> (0x00000000d58eed20) 
thrown [s\src\hotspot\share\interpreter\linkResolver.cpp, line 773]
Event: 9.052 Thread 0x000002b25cb1fc90 Exception <a 'java/lang/NoSuchMethodError'{0x00000000d58f6708}: 'java.lang.Object java.lang.invoke.DelegatingMethodHandle$Holder.delegate(java.lang.Object, int, java.lang.Object, java.lang.Object)'> (0x00000000d58f6708) 
thrown [s\src\hotspot\share\interpreter\linkResolver.cpp, line 773]
Event: 9.070 Thread 0x000002b25cb1fc90 Exception <a 'java/lang/NoSuchMethodError'{0x00000000d59cfed0}: 'int java.lang.invoke.Invokers$Holder.linkToTargetMethod(java.lang.Object, java.lang.Object, java.lang.Object)'> (0x00000000d59cfed0) 
thrown [s\src\hotspot\share\interpreter\linkResolver.cpp, line 773]
Event: 9.132 Thread 0x000002b2615e00f0 Exception <a 'java/lang/ClassNotFoundException'{0x00000000d5bb1150}: com/sun/org/apache/xml/internal/serializer/spi/XMLEntitiesProvider> (0x00000000d5bb1150) 
thrown [s\src\hotspot\share\classfile\systemDictionary.cpp, line 312]
Event: 9.150 Thread 0x000002b25cb209b0 Exception <a 'java/lang/NoSuchMethodError'{0x00000000d5ca6f78}: 'java.lang.Object java.lang.invoke.DirectMethodHandle$Holder.invokeSpecialIFC(java.lang.Object, java.lang.Object, java.lang.Object, java.lang.Object)'> (0x00000000d5ca6f78) 
thrown [s\src\hotspot\share\interpreter\linkResolver.cpp, line 773]
Event: 9.293 Thread 0x000002b2615e00f0 Exception <a 'java/io/FileNotFoundException'{0x00000000d6390d08}> (0x00000000d6390d08) 
thrown [s\src\hotspot\share\prims\jni.cpp, line 520]
Event: 9.336 Thread 0x000002b2615e00f0 Exception <a 'java/lang/UnsatisfiedLinkError'{0x00000000d658ed98}: The specified procedure could not be found.
> (0x00000000d658ed98) 
thrown [s\src\hotspot\share\prims\jni.cpp, line 539]
Event: 9.347 Thread 0x000002b2615e00f0 Exception <a 'java/io/FileNotFoundException'{0x00000000d65a6bd0}> (0x00000000d65a6bd0) 
thrown [s\src\hotspot\share\prims\jni.cpp, line 520]
Event: 9.360 Thread 0x000002b2615e00f0 Exception <a 'java/io/FileNotFoundException'{0x00000000d6700f28}> (0x00000000d6700f28) 
thrown [s\src\hotspot\share\prims\jni.cpp, line 520]
Event: 9.371 Thread 0x000002b2615e00f0 Exception <a 'java/lang/UnsatisfiedLinkError'{0x00000000d6733550}: The specified procedure could not be found.
> (0x00000000d6733550) 
thrown [s\src\hotspot\share\prims\jni.cpp, line 539]
Event: 9.678 Thread 0x000002b25cb1ef70 Exception <a 'java/lang/NoSuchMethodError'{0x00000000d5ad94a0}: 'void java.lang.invoke.DirectMethodHandle$Holder.invokeStaticInit(java.lang.Object, java.lang.Object, java.lang.Object, java.lang.Object)'> (0x00000000d5ad94a0) 
thrown [s\src\hotspot\share\interpreter\linkResolver.cpp, line 773]
Event: 9.842 Thread 0x000002b200c88330 Exception <a 'java/lang/NoSuchMethodError'{0x00000000d64cd600}: 'java.lang.Object java.lang.invoke.DirectMethodHandle$Holder.invokeStatic(java.lang.Object, long, java.lang.Object)'> (0x00000000d64cd600) 
thrown [s\src\hotspot\share\interpreter\linkResolver.cpp, line 773]
Event: 9.848 Thread 0x000002b200c88330 Exception <a 'java/lang/NoSuchMethodError'{0x00000000d64f69f0}: 'java.lang.Object java.lang.invoke.DirectMethodHandle$Holder.invokeStaticInit(java.lang.Object, long, java.lang.Object)'> (0x00000000d64f69f0) 
thrown [s\src\hotspot\share\interpreter\linkResolver.cpp, line 773]
Event: 9.852 Thread 0x000002b200c88330 Exception <a 'java/lang/NoSuchMethodError'{0x00000000d6526810}: 'java.lang.Object java.lang.invoke.DirectMethodHandle$Holder.newInvokeSpecial(java.lang.Object, long)'> (0x00000000d6526810) 
thrown [s\src\hotspot\share\interpreter\linkResolver.cpp, line 773]
Event: 10.042 Thread 0x000002b25cb21040 Exception <a 'java/io/FileNotFoundException'{0x00000000d594d670}> (0x00000000d594d670) 
thrown [s\src\hotspot\share\prims\jni.cpp, line 520]
Event: 10.788 Thread 0x000002b25cb209b0 Exception <a 'java/lang/NoClassDefFoundError'{0x00000000d61a22d8}: javax/enterprise/inject/Typed> (0x00000000d61a22d8) 
thrown [s\src\hotspot\share\classfile\systemDictionary.cpp, line 301]
Event: 11.987 Thread 0x000002b200c88330 Exception <a 'java/lang/NoSuchMethodError'{0x00000000d5b5b920}: 'void java.lang.invoke.DirectMethodHandle$Holder.invokeSpecial(java.lang.Object, java.lang.Object, java.lang.Object, java.lang.Object, java.lang.Object, java.lang.Object)'> (0x00000000d5b5b920) 
thrown [s\src\hotspot\share\interpreter\linkResolver.cpp, line 773]
Event: 11.989 Thread 0x000002b200c88330 Exception <a 'java/lang/IncompatibleClassChangeError'{0x00000000d5b63bc0}: Found class java.lang.Object, but interface was expected> (0x00000000d5b63bc0) 
thrown [s\src\hotspot\share\interpreter\linkResolver.cpp, line 840]
Event: 11.990 Thread 0x000002b200c88330 Exception <a 'java/lang/IncompatibleClassChangeError'{0x00000000d5b897d8}: Found class java.lang.Object, but interface was expected> (0x00000000d5b897d8) 
thrown [s\src\hotspot\share\interpreter\linkResolver.cpp, line 840]

ZGC Phase Switch (0 events):
No events

VM Operations (20 events):
Event: 9.972 Executing VM operation: ParallelGCFailedAllocation (Allocation Failure)
Event: 9.983 Executing VM operation: ParallelGCFailedAllocation (Allocation Failure) done
Event: 10.105 Executing VM operation: CollectForMetadataAllocation (Metadata GC Threshold)
Event: 10.182 Executing VM operation: CollectForMetadataAllocation (Metadata GC Threshold) done
Event: 10.566 Executing VM operation: HandshakeAllThreads (Deoptimize)
Event: 10.686 Executing VM operation: HandshakeAllThreads (Deoptimize) done
Event: 10.944 Executing VM operation: ParallelGCFailedAllocation (Allocation Failure)
Event: 10.949 Executing VM operation: ParallelGCFailedAllocation (Allocation Failure) done
Event: 11.711 Executing VM operation: ParallelGCFailedAllocation (Allocation Failure)
Event: 11.718 Executing VM operation: ParallelGCFailedAllocation (Allocation Failure) done
Event: 12.572 Executing VM operation: ParallelGCFailedAllocation (Allocation Failure)
Event: 12.595 Executing VM operation: ParallelGCFailedAllocation (Allocation Failure) done
Event: 12.788 Executing VM operation: HandshakeAllThreads (Deoptimize)
Event: 12.789 Executing VM operation: HandshakeAllThreads (Deoptimize) done
Event: 13.456 Executing VM operation: HandshakeAllThreads (Deoptimize)
Event: 13.457 Executing VM operation: HandshakeAllThreads (Deoptimize) done
Event: 13.929 Executing VM operation: ParallelGCFailedAllocation (Allocation Failure)
Event: 13.936 Executing VM operation: ParallelGCFailedAllocation (Allocation Failure) done
Event: 14.953 Executing VM operation: Cleanup
Event: 14.955 Executing VM operation: Cleanup done

Memory protections (0 events):
No events

Nmethod flushes (20 events):
Event: 10.139 Thread 0x000002b219a13870 flushing  nmethod 0x000002b206798c90
Event: 10.139 Thread 0x000002b219a13870 flushing  nmethod 0x000002b206799610
Event: 10.139 Thread 0x000002b219a13870 flushing  nmethod 0x000002b206799f10
Event: 10.139 Thread 0x000002b219a13870 flushing  nmethod 0x000002b20679b390
Event: 10.139 Thread 0x000002b219a13870 flushing  nmethod 0x000002b20679c590
Event: 10.139 Thread 0x000002b219a13870 flushing  nmethod 0x000002b20679d290
Event: 10.139 Thread 0x000002b219a13870 flushing  nmethod 0x000002b20679df90
Event: 10.139 Thread 0x000002b219a13870 flushing  nmethod 0x000002b20679f090
Event: 10.139 Thread 0x000002b219a13870 flushing  nmethod 0x000002b20679f390
Event: 10.139 Thread 0x000002b219a13870 flushing  nmethod 0x000002b20679f790
Event: 10.139 Thread 0x000002b219a13870 flushing  nmethod 0x000002b2067a8790
Event: 10.139 Thread 0x000002b219a13870 flushing  nmethod 0x000002b2067bf910
Event: 10.139 Thread 0x000002b219a13870 flushing  nmethod 0x000002b2067c7a90
Event: 10.139 Thread 0x000002b219a13870 flushing  nmethod 0x000002b2067d8090
Event: 10.139 Thread 0x000002b219a13870 flushing  nmethod 0x000002b2067d9a10
Event: 10.139 Thread 0x000002b219a13870 flushing  nmethod 0x000002b2067e1590
Event: 10.139 Thread 0x000002b219a13870 flushing  nmethod 0x000002b2067ecd10
Event: 10.139 Thread 0x000002b219a13870 flushing  nmethod 0x000002b2067ed090
Event: 10.139 Thread 0x000002b219a13870 flushing  nmethod 0x000002b206864290
Event: 10.139 Thread 0x000002b219a13870 flushing  nmethod 0x000002b20687ae90

Events (20 events):
Event: 9.566 Thread 0x000002b25cb1ef70 Thread added: 0x000002b25cb1f600
Event: 9.759 Thread 0x000002b25cb1f600 Thread added: 0x000002b26558ee30
Event: 9.891 Thread 0x000002b200c88330 Thread added: 0x000002b26558c6d0
Event: 9.892 Thread 0x000002b200c88330 Thread added: 0x000002b26558fb50
Event: 9.892 Thread 0x000002b200c88330 Thread added: 0x000002b265591590
Event: 9.892 Thread 0x000002b200c88330 Thread added: 0x000002b26558cd60
Event: 9.892 Thread 0x000002b200c88330 Thread added: 0x000002b265591c20
Event: 9.892 Thread 0x000002b200c88330 Thread added: 0x000002b2655922b0
Event: 9.892 Thread 0x000002b200c88330 Thread added: 0x000002b265592940
Event: 9.892 Thread 0x000002b200c88330 Thread added: 0x000002b26558f4c0
Event: 9.892 Thread 0x000002b200c88330 Thread added: 0x000002b265592fd0
Event: 9.892 Thread 0x000002b200c88330 Thread added: 0x000002b265593660
Event: 9.893 Thread 0x000002b200c88330 Thread added: 0x000002b26558d3f0
Event: 9.893 Thread 0x000002b200c88330 Thread added: 0x000002b26558e110
Event: 9.893 Thread 0x000002b200c88330 Thread added: 0x000002b265593cf0
Event: 10.001 Thread 0x000002b200c88330 Thread added: 0x000002b26558da80
Event: 12.151 Thread 0x000002b200c88330 Thread added: 0x000002b26558e7a0
Event: 12.152 Thread 0x000002b200c88330 Thread added: 0x000002b2655901e0
Event: 13.224 Thread 0x000002b262415850 Thread exited: 0x000002b262415850
Event: 14.619 Thread 0x000002b261361360 Thread exited: 0x000002b261361360


Dynamic libraries:
0x00007ff78af90000 - 0x00007ff78af9e000 	c:\Users\ADMIN\.vscode\extensions\redhat.java-1.50.0-win32-x64\jre\21.0.9-win32-x86_64\bin\java.exe
0x00007ffe77390000 - 0x00007ffe775a4000 	C:\Windows\SYSTEM32\ntdll.dll
0x00007ffe76dc0000 - 0x00007ffe76e82000 	C:\Windows\System32\KERNEL32.DLL
0x00007ffe74c20000 - 0x00007ffe74fbc000 	C:\Windows\System32\KERNELBASE.dll
0x00007ffe747d0000 - 0x00007ffe748e1000 	C:\Windows\System32\ucrtbase.dll
0x00007ffe6ac40000 - 0x00007ffe6ac58000 	c:\Users\ADMIN\.vscode\extensions\redhat.java-1.50.0-win32-x64\jre\21.0.9-win32-x86_64\bin\jli.dll
0x00007ffe332c0000 - 0x00007ffe332de000 	c:\Users\ADMIN\.vscode\extensions\redhat.java-1.50.0-win32-x64\jre\21.0.9-win32-x86_64\bin\VCRUNTIME140.dll
0x00007ffe76aa0000 - 0x00007ffe76c4b000 	C:\Windows\System32\USER32.dll
0x00007ffe5de50000 - 0x00007ffe5e0de000 	C:\Windows\WinSxS\amd64_microsoft.windows.common-controls_6595b64144ccf1df_6.0.22621.317_none_a9434687c10c9fa2\COMCTL32.dll
0x00007ffe75170000 - 0x00007ffe75196000 	C:\Windows\System32\win32u.dll
0x00007ffe75710000 - 0x00007ffe757b7000 	C:\Windows\System32\msvcrt.dll
0x00007ffe75850000 - 0x00007ffe75879000 	C:\Windows\System32\GDI32.dll
0x00007ffe74a60000 - 0x00007ffe74b72000 	C:\Windows\System32\gdi32full.dll
0x00007ffe74b80000 - 0x00007ffe74c1a000 	C:\Windows\System32\msvcp_win.dll
0x00007ffe76ef0000 - 0x00007ffe76f21000 	C:\Windows\System32\IMM32.DLL
0x00007ffe6c5d0000 - 0x00007ffe6c5dc000 	c:\Users\ADMIN\.vscode\extensions\redhat.java-1.50.0-win32-x64\jre\21.0.9-win32-x86_64\bin\vcruntime140_1.dll
0x00007ffe33040000 - 0x00007ffe330cd000 	c:\Users\ADMIN\.vscode\extensions\redhat.java-1.50.0-win32-x64\jre\21.0.9-win32-x86_64\bin\msvcp140.dll
0x00007ffe2cf30000 - 0x00007ffe2dcd0000 	c:\Users\ADMIN\.vscode\extensions\redhat.java-1.50.0-win32-x64\jre\21.0.9-win32-x86_64\bin\server\jvm.dll
0x00007ffe75200000 - 0x00007ffe752ae000 	C:\Windows\System32\ADVAPI32.dll
0x00007ffe76560000 - 0x00007ffe76604000 	C:\Windows\System32\sechost.dll
0x00007ffe77120000 - 0x00007ffe77235000 	C:\Windows\System32\RPCRT4.dll
0x00007ffe76fa0000 - 0x00007ffe77011000 	C:\Windows\System32\WS2_32.dll
0x00007ffe6e5d0000 - 0x00007ffe6e5da000 	C:\Windows\SYSTEM32\VERSION.dll
0x00007ffe6cf70000 - 0x00007ffe6cfa4000 	C:\Windows\SYSTEM32\WINMM.dll
0x00007ffe744f0000 - 0x00007ffe7453d000 	C:\Windows\SYSTEM32\POWRPROF.dll
0x00007ffe744d0000 - 0x00007ffe744e3000 	C:\Windows\SYSTEM32\UMPDC.dll
0x00007ffe73850000 - 0x00007ffe73868000 	C:\Windows\SYSTEM32\kernel.appcore.dll
0x00007ffe6ac30000 - 0x00007ffe6ac3a000 	c:\Users\ADMIN\.vscode\extensions\redhat.java-1.50.0-win32-x64\jre\21.0.9-win32-x86_64\bin\jimage.dll
0x00007ffe6ba40000 - 0x00007ffe6bc6e000 	C:\Windows\SYSTEM32\DBGHELP.DLL
0x00007ffe758a0000 - 0x00007ffe75c29000 	C:\Windows\System32\combase.dll
0x00007ffe76c50000 - 0x00007ffe76d27000 	C:\Windows\System32\OLEAUT32.dll
0x00007ffe5ce10000 - 0x00007ffe5ce42000 	C:\Windows\SYSTEM32\dbgcore.DLL
0x00007ffe74fc0000 - 0x00007ffe7503b000 	C:\Windows\System32\bcryptPrimitives.dll
0x00007ffe4a8c0000 - 0x00007ffe4a8cf000 	c:\Users\ADMIN\.vscode\extensions\redhat.java-1.50.0-win32-x64\jre\21.0.9-win32-x86_64\bin\instrument.dll
0x00007ffe331e0000 - 0x00007ffe33200000 	c:\Users\ADMIN\.vscode\extensions\redhat.java-1.50.0-win32-x64\jre\21.0.9-win32-x86_64\bin\java.dll
0x00007ffe75d60000 - 0x00007ffe7653b000 	C:\Windows\System32\SHELL32.dll
0x00007ffe72830000 - 0x00007ffe730e5000 	C:\Windows\SYSTEM32\windows.storage.dll
0x00007ffe726f0000 - 0x00007ffe7282d000 	C:\Windows\SYSTEM32\wintypes.dll
0x00007ffe75470000 - 0x00007ffe75561000 	C:\Windows\System32\SHCORE.dll
0x00007ffe76e90000 - 0x00007ffe76eee000 	C:\Windows\System32\shlwapi.dll
0x00007ffe74700000 - 0x00007ffe74721000 	C:\Windows\SYSTEM32\profapi.dll
0x00007ffe2e000000 - 0x00007ffe2e018000 	c:\Users\ADMIN\.vscode\extensions\redhat.java-1.50.0-win32-x64\jre\21.0.9-win32-x86_64\bin\zip.dll
0x00007ffe61f90000 - 0x00007ffe61fa0000 	C:\Users\ADMIN\.vscode\extensions\redhat.java-1.50.0-win32-x64\jre\21.0.9-win32-x86_64\bin\net.dll
0x00007ffe6f2e0000 - 0x00007ffe6f40f000 	C:\Windows\SYSTEM32\WINHTTP.dll
0x00007ffe73cb0000 - 0x00007ffe73d19000 	C:\Windows\system32\mswsock.dll
0x00007ffe33020000 - 0x00007ffe33036000 	C:\Users\ADMIN\.vscode\extensions\redhat.java-1.50.0-win32-x64\jre\21.0.9-win32-x86_64\bin\nio.dll
0x00007ffe3c950000 - 0x00007ffe3c960000 	c:\Users\ADMIN\.vscode\extensions\redhat.java-1.50.0-win32-x64\jre\21.0.9-win32-x86_64\bin\verify.dll
0x00007ffe54430000 - 0x00007ffe54474000 	C:\Users\ADMIN\AppData\Roaming\Code\User\globalStorage\redhat.java\1.50.0\config_win\org.eclipse.equinox.launcher\org.eclipse.equinox.launcher.win32.win32.x86_64_1.2.1400.v20250801-0854\eclipse_11916.dll
0x00007ffe75570000 - 0x00007ffe7570c000 	C:\Windows\System32\ole32.dll
0x00007ffe73ef0000 - 0x00007ffe73f0b000 	C:\Windows\SYSTEM32\CRYPTSP.dll
0x00007ffe737c0000 - 0x00007ffe737f5000 	C:\Windows\system32\rsaenh.dll
0x00007ffe73da0000 - 0x00007ffe73dc8000 	C:\Windows\SYSTEM32\USERENV.dll
0x00007ffe74120000 - 0x00007ffe74148000 	C:\Windows\SYSTEM32\bcrypt.dll
0x00007ffe73f10000 - 0x00007ffe73f1c000 	C:\Windows\SYSTEM32\CRYPTBASE.dll
0x00007ffe73330000 - 0x00007ffe7335d000 	C:\Windows\SYSTEM32\IPHLPAPI.DLL
0x00007ffe76d30000 - 0x00007ffe76d39000 	C:\Windows\System32\NSI.dll
0x00007ffe50400000 - 0x00007ffe50449000 	C:\Users\ADMIN\AppData\Local\Temp\jna-62130991\jna14005714995209679724.dll
0x00007ffe76a90000 - 0x00007ffe76a98000 	C:\Windows\System32\PSAPI.DLL
0x00007ffe6f2c0000 - 0x00007ffe6f2d9000 	C:\Windows\SYSTEM32\dhcpcsvc6.DLL
0x00007ffe6f280000 - 0x00007ffe6f29f000 	C:\Windows\SYSTEM32\dhcpcsvc.DLL

JVMTI agents:
c:\Users\ADMIN\.vscode\extensions\redhat.java-1.50.0-win32-x64\lombok\lombok-1.18.39-4050.jar path:c:\Users\ADMIN\.vscode\extensions\redhat.java-1.50.0-win32-x64\jre\21.0.9-win32-x86_64\bin\instrument.dll, loaded, initialized, instrumentlib options:none

dbghelp: loaded successfully - version: 4.0.5 - missing functions: none
symbol engine: initialized successfully - sym options: 0x614 - pdb path: .;c:\Users\ADMIN\.vscode\extensions\redhat.java-1.50.0-win32-x64\jre\21.0.9-win32-x86_64\bin;C:\Windows\SYSTEM32;C:\Windows\WinSxS\amd64_microsoft.windows.common-controls_6595b64144ccf1df_6.0.22621.317_none_a9434687c10c9fa2;c:\Users\ADMIN\.vscode\extensions\redhat.java-1.50.0-win32-x64\jre\21.0.9-win32-x86_64\bin\server;C:\Users\ADMIN\AppData\Roaming\Code\User\globalStorage\redhat.java\1.50.0\config_win\org.eclipse.equinox.launcher\org.eclipse.equinox.launcher.win32.win32.x86_64_1.2.1400.v20250801-0854;C:\Users\ADMIN\AppData\Local\Temp\jna-62130991

VM Arguments:
jvm_args: --add-modules=ALL-SYSTEM --add-opens=java.base/java.util=ALL-UNNAMED --add-opens=java.base/java.lang=ALL-UNNAMED --add-opens=java.base/sun.nio.fs=ALL-UNNAMED -Declipse.application=org.eclipse.jdt.ls.core.id1 -Dosgi.bundles.defaultStartLevel=4 -Declipse.product=org.eclipse.jdt.ls.core.product -Djava.import.generatesMetadataFilesAtProjectRoot=false -DDetectVMInstallationsJob.disabled=true -Dfile.encoding=utf8 -XX:+UseParallelGC -XX:GCTimeRatio=4 -XX:AdaptiveSizePolicyWeight=90 -Dsun.zip.disableMemoryMapping=true -Xmx2G -Xms100m -Xlog:disable -javaagent:c:\Users\ADMIN\.vscode\extensions\redhat.java-1.50.0-win32-x64\lombok\lombok-1.18.39-4050.jar -XX:+HeapDumpOnOutOfMemoryError -XX:HeapDumpPath=c:\Users\ADMIN\AppData\Roaming\Code\User\workspaceStorage\4e94088d454c493f4dd15a9ac6fa88c4\redhat.java -Daether.dependencyCollector.impl=bf 
java_command: c:\Users\ADMIN\.vscode\extensions\redhat.java-1.50.0-win32-x64\server\plugins\org.eclipse.equinox.launcher_1.7.100.v20251111-0406.jar -configuration c:\Users\ADMIN\AppData\Roaming\Code\User\globalStorage\redhat.java\1.50.0\config_win -data c:\Users\ADMIN\AppData\Roaming\Code\User\workspaceStorage\4e94088d454c493f4dd15a9ac6fa88c4\redhat.java\jdt_ws --pipe=\\.\pipe\lsp-834b8c2489d02b2f4754251cbbbce569-sock
java_class_path (initial): c:\Users\ADMIN\.vscode\extensions\redhat.java-1.50.0-win32-x64\server\plugins\org.eclipse.equinox.launcher_1.7.100.v20251111-0406.jar
Launcher Type: SUN_STANDARD

[Global flags]
    uintx AdaptiveSizePolicyWeight                 = 90                                        {product} {command line}
     intx CICompilerCount                          = 4                                         {product} {ergonomic}
    uintx GCTimeRatio                              = 4                                         {product} {command line}
     bool HeapDumpOnOutOfMemoryError               = true                                   {manageable} {command line}
    ccstr HeapDumpPath                             = c:\Users\ADMIN\AppData\Roaming\Code\User\workspaceStorage\4e94088d454c493f4dd15a9ac6fa88c4\redhat.java         {manageable} {command line}
   size_t InitialHeapSize                          = 104857600                                 {product} {command line}
   size_t MaxHeapSize                              = 2147483648                                {product} {command line}
   size_t MaxNewSize                               = 715653120                                 {product} {ergonomic}
   size_t MinHeapDeltaBytes                        = 524288                                    {product} {ergonomic}
   size_t MinHeapSize                              = 104857600                                 {product} {command line}
   size_t NewSize                                  = 34603008                                  {product} {ergonomic}
    uintx NonNMethodCodeHeapSize                   = 5839372                                {pd product} {ergonomic}
    uintx NonProfiledCodeHeapSize                  = 122909434                              {pd product} {ergonomic}
   size_t OldSize                                  = 70254592                                  {product} {ergonomic}
    uintx ProfiledCodeHeapSize                     = 122909434                              {pd product} {ergonomic}
    uintx ReservedCodeCacheSize                    = 251658240                              {pd product} {ergonomic}
     bool SegmentedCodeCache                       = true                                      {product} {ergonomic}
   size_t SoftMaxHeapSize                          = 2147483648                             {manageable} {ergonomic}
     bool UseCompressedOops                        = true                           {product lp64_product} {ergonomic}
     bool UseLargePagesIndividualAllocation        = false                                  {pd product} {ergonomic}
     bool UseParallelGC                            = true                                      {product} {command line}

Logging:
Log output configuration:
 #0: stdout all=off uptime,level,tags foldmultilines=false
 #1: stderr all=off uptime,level,tags foldmultilines=false

Release file:
JAVA_VERSION="21.0.9" 
MODULES="java.base java.compiler java.datatransfer java.xml java.prefs java.desktop java.instrument java.logging java.management java.security.sasl java.naming java.rmi java.management.rmi java.net.http java.scripting java.security.jgss java.transaction.xa java.sql java.sql.rowset java.xml.crypto java.se java.smartcardio jdk.accessibility jdk.internal.jvmstat jdk.attach jdk.charsets jdk.internal.opt jdk.zipfs jdk.compiler jdk.crypto.ec jdk.crypto.cryptoki jdk.crypto.mscapi jdk.dynalink jdk.internal.ed jdk.editpad jdk.hotspot.agent jdk.httpserver jdk.internal.le jdk.internal.vm.ci jdk.internal.vm.compiler jdk.internal.vm.compiler.management jdk.jartool jdk.javadoc jdk.jcmd jdk.management jdk.management.agent jdk.jconsole jdk.jdeps jdk.jdwp.agent jdk.jdi jdk.jfr jdk.jshell jdk.jsobject jdk.jstatd jdk.localedata jdk.management.jfr jdk.naming.dns jdk.naming.rmi jdk.net jdk.nio.mapmode jdk.random jdk.sctp jdk.security.auth jdk.security.jgss jdk.unsupported jdk.unsupported.desktop jdk.xml.dom" 

Environment Variables:
JAVA_HOME=C:\Program Files\Java\jdk-21
PATH=C:\Program Files\Common Files\Oracle\Java\javapath;C:\Program Files (x86)\Common Files\Oracle\Java\javapath;C:\Program Files\Java\jdk-21\bin;C:\Windows\system32;C:\Windows;C:\Windows\System32\Wbem;C:\Windows\System32\WindowsPowerShell\v1.0\;C:\Windows\System32\OpenSSH\;C:\Users\ADMIN\AppData\Roaming\nvm;C:\Program Files\nodejs;C:\Program Files\Java\jdk1.8.0_211\bin;C:\Program Files\k6\;C:\Program Files\PowerShell\7\;C:\Program Files\Git\cmd;C:\Users\ADMIN\AppData\Local\Programs\Python\Python313\Scripts\;C:\Users\ADMIN\AppData\Local\Programs\Python\Python313\;C:\Users\ADMIN\AppData\Local\Programs\Python\Launcher\;C:\Program Files\MySQL\MySQL Shell 8.0\bin\;C:\Users\ADMIN\AppData\Local\Microsoft\WindowsApps;C:\Users\ADMIN\AppData\Roaming\npm;C:\Users\ADMIN\AppData\Roaming\nvm;C:\Program Files\nodejs;C:\Program Files\Java\jdk1.8.0_211\bin;C:\Users\ADMIN\AppData\Local\Coursier\data\bin;C:\hadoop-2.6.0\bin;C:\hadoop-2.6.0\sbin;C:\Users\ADMIN\AppData\Local\Programs\cursor\resources\app\bin;C:\Users\ADMIN\AppData\Local\Programs\Microsoft VS Code\bin
USERNAME=ADMIN
OS=Windows_NT
PROCESSOR_IDENTIFIER=AMD64 Family 23 Model 104 Stepping 1, AuthenticAMD
TMP=C:\Users\ADMIN\AppData\Local\Temp
TEMP=C:\Users\ADMIN\AppData\Local\Temp




Periodic native trim disabled

---------------  S Y S T E M  ---------------

OS:
 Windows 11 , 64 bit Build 22621 (10.0.22621.457)
OS uptime: 0 days 0:43 hours

CPU: total 12 (initial active 12) (12 cores per cpu, 2 threads per core) family 23 model 104 stepping 1 microcode 0x0, cx8, cmov, fxsr, ht, mmx, 3dnowpref, sse, sse2, sse3, ssse3, sse4a, sse4.1, sse4.2, popcnt, lzcnt, tsc, tscinvbit, avx, avx2, aes, clmul, bmi1, bmi2, adx, sha, fma, vzeroupper, clflush, clflushopt, rdtscp, rdpid, f16c
Processor Information for the first 12 processors :
  Max Mhz: 2100, Current Mhz: 2100, Mhz Limit: 2100

Memory: 4k page, system-wide physical 7528M (275M free)
TotalPageFile size 25146M (AvailPageFile size 43M)
current process WorkingSet (physical memory assigned to process): 216M, peak: 225M
current process commit charge ("private bytes"): 342M, peak: 353M

vm_info: OpenJDK 64-Bit Server VM (21.0.9+10-LTS) for windows-amd64 JRE (21.0.9+10-LTS), built on 2025-10-21T00:00:00Z by "admin" with unknown MS VC++:1942

END.
