#
# There is insufficient memory for the Java Runtime Environment to continue.
# Native memory allocation (malloc) failed to allocate 1048576 bytes. Error detail: AllocateHeap
# Possible reasons:
#   The system is out of physical RAM or swap space
#   This process is running with CompressedOops enabled, and the Java Heap may be blocking the growth of the native heap
# Possible solutions:
#   Reduce memory load on the system
#   Increase physical memory or swap space
#   Check if swap backing store is full
#   Decrease Java heap size (-Xmx/-Xms)
#   Decrease number of Java threads
#   Decrease Java thread stack sizes (-Xss)
#   Set larger code cache with -XX:ReservedCodeCacheSize=
#   JVM is running with Unscaled Compressed Oops mode in which the Java heap is
#     placed in the first 4GB address space. The Java Heap base address is the
#     maximum limit for the native heap growth. Please use -XX:HeapBaseMinAddress
#     to set the Java Heap base and to place the Java Heap above 4GB virtual address.
# This output file may be truncated or incomplete.
#
#  Out of Memory Error (allocation.cpp:44), pid=5112, tid=7960
#
# JRE version: OpenJDK Runtime Environment Temurin-21.0.9+10 (21.0.9+10) (build 21.0.9+10-LTS)
# Java VM: OpenJDK 64-Bit Server VM Temurin-21.0.9+10 (21.0.9+10-LTS, mixed mode, sharing, tiered, compressed oops, compressed class ptrs, parallel gc, windows-amd64)
# No core dump will be written. Minidumps are not enabled by default on client versions of Windows
#

---------------  S U M M A R Y ------------

Command Line: --add-modules=ALL-SYSTEM --add-opens=java.base/java.util=ALL-UNNAMED --add-opens=java.base/java.lang=ALL-UNNAMED --add-opens=java.base/sun.nio.fs=ALL-UNNAMED -Declipse.application=org.eclipse.jdt.ls.core.id1 -Dosgi.bundles.defaultStartLevel=4 -Declipse.product=org.eclipse.jdt.ls.core.product -Djava.import.generatesMetadataFilesAtProjectRoot=false -DDetectVMInstallationsJob.disabled=true -Dfile.encoding=utf8 -XX:+UseParallelGC -XX:GCTimeRatio=4 -XX:AdaptiveSizePolicyWeight=90 -Dsun.zip.disableMemoryMapping=true -Xmx2G -Xms100m -Xlog:disable -javaagent:c:\Users\ADMIN\.vscode\extensions\redhat.java-1.51.0-win32-x64\lombok\lombok-1.18.39-4050.jar -XX:+HeapDumpOnOutOfMemoryError -XX:HeapDumpPath=c:\Users\ADMIN\AppData\Roaming\Code\User\workspaceStorage\4e94088d454c493f4dd15a9ac6fa88c4\redhat.java -Daether.dependencyCollector.impl=bf c:\Users\ADMIN\.vscode\extensions\redhat.java-1.51.0-win32-x64\server\plugins\org.eclipse.equinox.launcher_1.7.100.v20251111-0406.jar -configuration c:\Users\ADMIN\AppData\Roaming\Code\User\globalStorage\redhat.java\1.51.0\config_win -data c:\Users\ADMIN\AppData\Roaming\Code\User\workspaceStorage\4e94088d454c493f4dd15a9ac6fa88c4\redhat.java\jdt_ws --pipe=\\.\pipe\lsp-98606a2b0400c415001f018621f09200-sock

Host: AMD Ryzen 5 5500U with Radeon Graphics         , 12 cores, 7G,  Windows 11 , 64 bit Build 22621 (10.0.22621.457)
Time: Thu Jan  8 16:14:48 2026 SE Asia Standard Time elapsed time: 12869.979447 seconds (0d 3h 34m 29s)

---------------  T H R E A D  ---------------

Current thread (0x00000205f7269eb0):  JavaThread "Attach Listener" daemon [_thread_in_vm, id=7960, stack(0x000000299c700000,0x000000299c800000) (1024K)]

Stack: [0x000000299c700000,0x000000299c800000]
Native frames: (J=compiled Java code, j=interpreted, Vv=VM code, C=native code)
V  [jvm.dll+0x6d6e29]
V  [jvm.dll+0x8b4b76]
V  [jvm.dll+0x8b712e]
V  [jvm.dll+0x8b7813]
V  [jvm.dll+0x283d86]
V  [jvm.dll+0xc1277]
V  [jvm.dll+0x6d76d9]
V  [jvm.dll+0x133466]
V  [jvm.dll+0x3f7ea6]
V  [jvm.dll+0x85e9ad]
V  [jvm.dll+0x6d565d]
C  [ucrtbase.dll+0x29363]
C  [KERNEL32.DLL+0x1244d]
C  [ntdll.dll+0x5df78]


---------------  P R O C E S S  ---------------

Threads class SMR info:
_java_thread_list=0x00000205eec19570, length=43, elements={
0x00000205f72bab00, 0x00000205f72652c0, 0x00000205f72671e0, 0x00000205f72680f0,
0x00000205f7269eb0, 0x00000205f726ca10, 0x00000205f726d460, 0x00000205f726e290,
0x00000205d0bc97a0, 0x00000205d0d82910, 0x00000205d0f1a6a0, 0x00000205d55c7c20,
0x00000205d557c670, 0x00000205d54a3960, 0x00000205d55abf60, 0x00000205d5bbf820,
0x00000205d0e97010, 0x00000205d5dc1ca0, 0x00000205d5dbfbd0, 0x00000205d5dc0f80,
0x00000205d5dbf540, 0x00000205d7760730, 0x00000205d775bf00, 0x00000205d775dfd0,
0x00000205d775ecf0, 0x00000205d7762170, 0x00000205d775c590, 0x00000205d775cc20,
0x00000205d775fa10, 0x00000205d7761ae0, 0x00000205d7760dc0, 0x00000205d775e660,
0x00000205d775b870, 0x00000205d7761450, 0x00000205d77600a0, 0x00000205d7762800,
0x00000205d95fded0, 0x00000205d95f9d30, 0x00000205d0db80d0, 0x00000205d0db4c50,
0x00000205d0db38a0, 0x00000205d0db8df0, 0x00000205d0db1e60
}

Java Threads: ( => current thread )
  0x00000205f72bab00 JavaThread "main"                              [_thread_blocked, id=2824, stack(0x000000299c000000,0x000000299c100000) (1024K)]
  0x00000205f72652c0 JavaThread "Reference Handler"          daemon [_thread_blocked, id=13692, stack(0x000000299c400000,0x000000299c500000) (1024K)]
  0x00000205f72671e0 JavaThread "Finalizer"                  daemon [_thread_blocked, id=14612, stack(0x000000299c500000,0x000000299c600000) (1024K)]
  0x00000205f72680f0 JavaThread "Signal Dispatcher"          daemon [_thread_blocked, id=13980, stack(0x000000299c600000,0x000000299c700000) (1024K)]
=>0x00000205f7269eb0 JavaThread "Attach Listener"            daemon [_thread_in_vm, id=7960, stack(0x000000299c700000,0x000000299c800000) (1024K)]
  0x00000205f726ca10 JavaThread "Service Thread"             daemon [_thread_blocked, id=11384, stack(0x000000299c800000,0x000000299c900000) (1024K)]
  0x00000205f726d460 JavaThread "Monitor Deflation Thread"   daemon [_thread_blocked, id=10336, stack(0x000000299c900000,0x000000299ca00000) (1024K)]
  0x00000205f726e290 JavaThread "C2 CompilerThread0"         daemon [_thread_blocked, id=15612, stack(0x000000299ca00000,0x000000299cb00000) (1024K)]
  0x00000205d0bc97a0 JavaThread "C1 CompilerThread0"         daemon [_thread_blocked, id=18508, stack(0x000000299cb00000,0x000000299cc00000) (1024K)]
  0x00000205d0d82910 JavaThread "Common-Cleaner"             daemon [_thread_blocked, id=3584, stack(0x000000299cc00000,0x000000299cd00000) (1024K)]
  0x00000205d0f1a6a0 JavaThread "Notification Thread"        daemon [_thread_blocked, id=1524, stack(0x000000299cd00000,0x000000299ce00000) (1024K)]
  0x00000205d55c7c20 JavaThread "Active Thread: Equinox Container: d688a574-1bff-4b72-aa49-2e751cb1c2d8"        [_thread_blocked, id=14352, stack(0x000000299d400000,0x000000299d500000) (1024K)]
  0x00000205d557c670 JavaThread "Refresh Thread: Equinox Container: d688a574-1bff-4b72-aa49-2e751cb1c2d8" daemon [_thread_blocked, id=19448, stack(0x000000299d600000,0x000000299d700000) (1024K)]
  0x00000205d54a3960 JavaThread "Framework Event Dispatcher: Equinox Container: d688a574-1bff-4b72-aa49-2e751cb1c2d8" daemon [_thread_blocked, id=4220, stack(0x000000299d700000,0x000000299d800000) (1024K)]
  0x00000205d55abf60 JavaThread "Start Level: Equinox Container: d688a574-1bff-4b72-aa49-2e751cb1c2d8" daemon [_thread_blocked, id=16100, stack(0x000000299d800000,0x000000299d900000) (1024K)]
  0x00000205d5bbf820 JavaThread "Bundle File Closer"         daemon [_thread_blocked, id=18300, stack(0x000000299db00000,0x000000299dc00000) (1024K)]
  0x00000205d0e97010 JavaThread "SCR Component Actor"        daemon [_thread_blocked, id=12072, stack(0x000000299dc00000,0x000000299dd00000) (1024K)]
  0x00000205d5dc1ca0 JavaThread "Worker-JM"                         [_thread_blocked, id=11300, stack(0x000000299de00000,0x000000299df00000) (1024K)]
  0x00000205d5dbfbd0 JavaThread "JNA Cleaner"                daemon [_thread_blocked, id=15440, stack(0x000000299df00000,0x000000299e000000) (1024K)]
  0x00000205d5dc0f80 JavaThread "Java indexing"              daemon [_thread_blocked, id=8900, stack(0x000000299e300000,0x000000299e400000) (1024K)]
  0x00000205d5dbf540 JavaThread "Thread-1"                   daemon [_thread_in_native, id=16412, stack(0x000000299e700000,0x000000299e800000) (1024K)]
  0x00000205d7760730 JavaThread "Thread-2"                   daemon [_thread_in_native, id=19116, stack(0x000000299e800000,0x000000299e900000) (1024K)]
  0x00000205d775bf00 JavaThread "Thread-3"                   daemon [_thread_in_native, id=13964, stack(0x000000299e900000,0x000000299ea00000) (1024K)]
  0x00000205d775dfd0 JavaThread "Thread-4"                   daemon [_thread_in_native, id=19400, stack(0x000000299ea00000,0x000000299eb00000) (1024K)]
  0x00000205d775ecf0 JavaThread "Thread-5"                   daemon [_thread_in_native, id=8180, stack(0x000000299eb00000,0x000000299ec00000) (1024K)]
  0x00000205d7762170 JavaThread "Thread-6"                   daemon [_thread_in_native, id=3956, stack(0x000000299ec00000,0x000000299ed00000) (1024K)]
  0x00000205d775c590 JavaThread "Thread-7"                   daemon [_thread_in_native, id=2348, stack(0x000000299ed00000,0x000000299ee00000) (1024K)]
  0x00000205d775cc20 JavaThread "Thread-8"                   daemon [_thread_in_native, id=12860, stack(0x000000299ee00000,0x000000299ef00000) (1024K)]
  0x00000205d775fa10 JavaThread "Thread-9"                   daemon [_thread_in_native, id=18976, stack(0x000000299ef00000,0x000000299f000000) (1024K)]
  0x00000205d7761ae0 JavaThread "Thread-10"                  daemon [_thread_in_native, id=1724, stack(0x000000299f000000,0x000000299f100000) (1024K)]
  0x00000205d7760dc0 JavaThread "Thread-11"                  daemon [_thread_in_native, id=12588, stack(0x000000299f100000,0x000000299f200000) (1024K)]
  0x00000205d775e660 JavaThread "Thread-12"                  daemon [_thread_in_native, id=4820, stack(0x000000299f200000,0x000000299f300000) (1024K)]
  0x00000205d775b870 JavaThread "Thread-13"                  daemon [_thread_in_native, id=9616, stack(0x000000299f300000,0x000000299f400000) (1024K)]
  0x00000205d7761450 JavaThread "pool-2-thread-1"                   [_thread_blocked, id=14096, stack(0x000000299f400000,0x000000299f500000) (1024K)]
  0x00000205d77600a0 JavaThread "WorkspaceEventsHandler"            [_thread_blocked, id=11844, stack(0x000000299f800000,0x000000299f900000) (1024K)]
  0x00000205d7762800 JavaThread "pool-1-thread-1"                   [_thread_blocked, id=8088, stack(0x000000299f900000,0x000000299fa00000) (1024K)]
  0x00000205d95fded0 JavaThread "Timer-0"                           [_thread_blocked, id=11280, stack(0x00000029a1300000,0x00000029a1400000) (1024K)]
  0x00000205d95f9d30 JavaThread "Cleaner-0"                  daemon [_thread_blocked, id=19404, stack(0x000000299bf00000,0x000000299c000000) (1024K)]
  0x00000205d0db80d0 JavaThread "Worker-53"                         [_thread_blocked, id=14180, stack(0x000000299f500000,0x000000299f600000) (1024K)]
  0x00000205d0db4c50 JavaThread "Worker-54"                         [_thread_blocked, id=9980, stack(0x000000299ff00000,0x00000029a0000000) (1024K)]
  0x00000205d0db38a0 JavaThread "Worker-55"                         [_thread_blocked, id=1608, stack(0x000000299bd00000,0x000000299be00000) (1024K)]
  0x00000205d0db8df0 JavaThread "Worker-56"                         [_thread_blocked, id=17488, stack(0x000000299be00000,0x000000299bf00000) (1024K)]
  0x00000205d0db1e60 JavaThread "Worker-57"                         [_thread_blocked, id=14880, stack(0x000000299dd00000,0x000000299de00000) (1024K)]
Total: 43

Other Threads:
  0x00000205f7254870 VMThread "VM Thread"                           [id=18548, stack(0x000000299c300000,0x000000299c400000) (1024K)]
  0x00000205f7324440 WatcherThread "VM Periodic Task Thread"        [id=18648, stack(0x000000299c200000,0x000000299c300000) (1024K)]
  0x00000205f72d9430 WorkerThread "GC Thread#0"                     [id=17880, stack(0x000000299c100000,0x000000299c200000) (1024K)]
  0x00000205d5283480 WorkerThread "GC Thread#1"                     [id=18524, stack(0x000000299ce00000,0x000000299cf00000) (1024K)]
  0x00000205d5284040 WorkerThread "GC Thread#2"                     [id=15800, stack(0x000000299cf00000,0x000000299d000000) (1024K)]
  0x00000205d53fddb0 WorkerThread "GC Thread#3"                     [id=16676, stack(0x000000299d000000,0x000000299d100000) (1024K)]
  0x00000205d53fe150 WorkerThread "GC Thread#4"                     [id=4928, stack(0x000000299d100000,0x000000299d200000) (1024K)]
  0x00000205d53a6420 WorkerThread "GC Thread#5"                     [id=18084, stack(0x000000299d200000,0x000000299d300000) (1024K)]
  0x00000205d53a67c0 WorkerThread "GC Thread#6"                     [id=16704, stack(0x000000299d300000,0x000000299d400000) (1024K)]
  0x00000205d5422fa0 WorkerThread "GC Thread#7"                     [id=14876, stack(0x000000299d500000,0x000000299d600000) (1024K)]
  0x00000205d5aedf50 WorkerThread "GC Thread#8"                     [id=17104, stack(0x000000299d900000,0x000000299da00000) (1024K)]
  0x00000205d0fafd20 WorkerThread "GC Thread#9"                     [id=18964, stack(0x000000299da00000,0x000000299db00000) (1024K)]
Total: 12

Threads with active compile tasks:
Total: 0

VM state: not at safepoint (normal execution)

VM Mutex/Monitor currently owned by a thread: None

Heap address: 0x0000000080000000, size: 2048 MB, Compressed Oops mode: 32-bit

CDS archive(s) mapped at: [0x000002058f000000-0x000002058fba0000-0x000002058fba0000), size 12189696, SharedBaseAddress: 0x000002058f000000, ArchiveRelocationMode: 1.
Compressed class space mapped at: 0x0000020590000000-0x00000205d0000000, reserved size: 1073741824
Narrow klass base: 0x000002058f000000, Narrow klass shift: 0, Narrow klass range: 0x100000000

GC Precious Log:
 CardTable entry size: 512
 CPUs: 12 total, 12 available
 Memory: 7528M
 Large Page Support: Disabled
 NUMA Support: Disabled
 Compressed Oops: Enabled (32-bit)
 Alignments: Space 512K, Generation 512K, Heap 2M
 Heap Min Capacity: 100M
 Heap Initial Capacity: 100M
 Heap Max Capacity: 2G
 Pre-touch: Disabled
 Parallel Workers: 10

Heap:
 PSYoungGen      total 11776K, used 2936K [0x00000000d5580000, 0x00000000d6280000, 0x0000000100000000)
  eden space 10240K, 17% used [0x00000000d5580000,0x00000000d57434d0,0x00000000d5f80000)
  from space 1536K, 73% used [0x00000000d6100000,0x00000000d621aed0,0x00000000d6280000)
  to   space 1536K, 0% used [0x00000000d5f80000,0x00000000d5f80000,0x00000000d6100000)
 ParOldGen       total 1204224K, used 1204105K [0x0000000080000000, 0x00000000c9800000, 0x00000000d5580000)
  object space 1204224K, 99% used [0x0000000080000000,0x00000000c97e2450,0x00000000c9800000)
 Metaspace       used 93979K, committed 95872K, reserved 1179648K
  class space    used 10109K, committed 10944K, reserved 1048576K

Card table byte_map: [0x00000205f6c60000,0x00000205f7070000] _byte_map_base: 0x00000205f6860000

Marking Bits: (ParMarkBitMap*) 0x00007ff92d992460
 Begin Bits: [0x00000205fa770000, 0x00000205fc770000)
 End Bits:   [0x00000205fc770000, 0x00000205fe770000)

Polling page: 0x00000205f5160000

Metaspace:

Usage:
  Non-class:     81.90 MB used.
      Class:      9.87 MB used.
       Both:     91.78 MB used.

Virtual space:
  Non-class space:      128.00 MB reserved,      82.94 MB ( 65%) committed,  2 nodes.
      Class space:        1.00 GB reserved,      10.69 MB (  1%) committed,  1 nodes.
             Both:        1.12 GB reserved,      93.62 MB (  8%) committed. 

Chunk freelists:
   Non-Class:  12.92 MB
       Class:  5.13 MB
        Both:  18.05 MB

MaxMetaspaceSize: unlimited
CompressedClassSpaceSize: 1.00 GB
Initial GC threshold: 21.00 MB
Current GC threshold: 152.19 MB
CDS: on
 - commit_granule_bytes: 65536.
 - commit_granule_words: 8192.
 - virtual_space_node_default_size: 8388608.
 - enlarge_chunks_in_place: 1.
 - use_allocation_guard: 0.


Internal statistics:

num_allocs_failed_limit: 13.
num_arena_births: 1866.
num_arena_deaths: 82.
num_vsnodes_births: 3.
num_vsnodes_deaths: 0.
num_space_committed: 1498.
num_space_uncommitted: 0.
num_chunks_returned_to_freelist: 101.
num_chunks_taken_from_freelist: 6321.
num_chunk_merges: 21.
num_chunk_splits: 3868.
num_chunks_enlarged: 2273.
num_inconsistent_stats: 0.

CodeHeap 'non-profiled nmethods': size=120000Kb used=23824Kb max_used=23824Kb free=96175Kb
 bounds [0x0000020587ad0000, 0x0000020589220000, 0x000002058f000000]
CodeHeap 'profiled nmethods': size=120000Kb used=47712Kb max_used=51102Kb free=72287Kb
 bounds [0x0000020580000000, 0x00000205831f0000, 0x0000020587530000]
CodeHeap 'non-nmethods': size=5760Kb used=1529Kb max_used=1623Kb free=4230Kb
 bounds [0x0000020587530000, 0x00000205877a0000, 0x0000020587ad0000]
CodeCache: size=245760Kb, used=73065Kb, max_used=76549Kb, free=172692Kb
 total_blobs=20460, nmethods=19611, adapters=747, full_count=0
Compilation: enabled, stopped_count=0, restarted_count=0

Compilation events (20 events):
Event: 12230.412 Thread 0x00000205d0bc97a0 nmethod 24585 0x000002058186df10 code [0x000002058186e100, 0x000002058186e640]
Event: 12230.413 Thread 0x00000205f726e290 nmethod 24582% 0x0000020589211610 code [0x0000020589211800, 0x00000205892121c8]
Event: 12230.413 Thread 0x00000205d0bc97a0 24587       3       org.eclipse.core.internal.resources.MarkerWriter::write (155 bytes)
Event: 12230.414 Thread 0x00000205f726e290 24586       4       org.eclipse.core.internal.localstore.SafeChunkyOutputStream::write (22 bytes)
Event: 12230.422 Thread 0x00000205d0bc97a0 nmethod 24587 0x0000020581941110 code [0x0000020581941600, 0x0000020581944260]
Event: 12230.439 Thread 0x00000205f726e290 nmethod 24586 0x0000020589212590 code [0x00000205892127e0, 0x0000020589212eb0]
Event: 12230.531 Thread 0x00000205d0bc97a0 24588       3       org.apache.commons.lang3.StringUtils::isBlank (41 bytes)
Event: 12230.536 Thread 0x00000205d0bc97a0 nmethod 24588 0x0000020581940690 code [0x00000205819408c0, 0x0000020581940f20]
Event: 12851.736 Thread 0x00000205f726e290 24589       4       org.eclipse.core.internal.resources.ResourceInfo::clear (13 bytes)
Event: 12851.751 Thread 0x00000205f726e290 nmethod 24589 0x0000020589213590 code [0x0000020589213720, 0x00000205892137b0]
Event: 12852.843 Thread 0x00000205d0bc97a0 24590       3       jdk.internal.misc.TerminatingThreadLocal::register (17 bytes)
Event: 12852.946 Thread 0x00000205d0bc97a0 nmethod 24590 0x000002058193fe90 code [0x0000020581940060, 0x0000020581940528]
Event: 12854.354 Thread 0x00000205d0bc97a0 24591       1       org.eclipse.buildship.core.internal.configuration.GradleProjectValidationResourceDeltaVisitor$GradleProjectValidator::getSettingsFolder (5 bytes)
Event: 12854.361 Thread 0x00000205d0bc97a0 nmethod 24591 0x0000020589213890 code [0x0000020589213a20, 0x0000020589213ae8]
Event: 12854.361 Thread 0x00000205d0bc97a0 24593   !   3       org.eclipse.core.internal.preferences.EclipsePreferences::getInt (27 bytes)
Event: 12854.364 Thread 0x00000205f726e290 24594       4       org.eclipse.core.filesystem.provider.FileInfo::setAttribute (100 bytes)
Event: 12854.372 Thread 0x00000205d0bc97a0 nmethod 24593 0x000002058193f890 code [0x000002058193fa60, 0x000002058193fd40]
Event: 12854.373 Thread 0x00000205d0bc97a0 24592       1       org.eclipse.buildship.core.internal.configuration.GradleProjectValidationResourceDeltaVisitor$GradleProjectValidator::getPreferencesFile (5 bytes)
Event: 12854.379 Thread 0x00000205d0bc97a0 nmethod 24592 0x0000020589213b90 code [0x0000020589213d20, 0x0000020589213de8]
Event: 12854.396 Thread 0x00000205f726e290 nmethod 24594 0x0000020589213e90 code [0x0000020589214040, 0x00000205892141f0]

GC Heap History (20 events):
Event: 11935.579 GC heap before
{Heap before GC invocations=1368 (full 5):
 PSYoungGen      total 9728K, used 9641K [0x00000000d5580000, 0x00000000d6200000, 0x0000000100000000)
  eden space 9216K, 100% used [0x00000000d5580000,0x00000000d5e80000,0x00000000d5e80000)
  from space 512K, 83% used [0x00000000d6180000,0x00000000d61ea400,0x00000000d6200000)
  to   space 1024K, 0% used [0x00000000d6000000,0x00000000d6000000,0x00000000d6100000)
 ParOldGen       total 1195520K, used 1195393K [0x0000000080000000, 0x00000000c8f80000, 0x00000000d5580000)
  object space 1195520K, 99% used [0x0000000080000000,0x00000000c8f60488,0x00000000c8f80000)
 Metaspace       used 93946K, committed 95744K, reserved 1179648K
  class space    used 10109K, committed 10944K, reserved 1048576K
}
Event: 11935.583 GC heap after
{Heap after GC invocations=1368 (full 5):
 PSYoungGen      total 10240K, used 928K [0x00000000d5580000, 0x00000000d6200000, 0x0000000100000000)
  eden space 9216K, 0% used [0x00000000d5580000,0x00000000d5580000,0x00000000d5e80000)
  from space 1024K, 90% used [0x00000000d6000000,0x00000000d60e8020,0x00000000d6100000)
  to   space 1024K, 0% used [0x00000000d6100000,0x00000000d6100000,0x00000000d6200000)
 ParOldGen       total 1196032K, used 1195582K [0x0000000080000000, 0x00000000c9000000, 0x00000000d5580000)
  object space 1196032K, 99% used [0x0000000080000000,0x00000000c8f8fb18,0x00000000c9000000)
 Metaspace       used 93946K, committed 95744K, reserved 1179648K
  class space    used 10109K, committed 10944K, reserved 1048576K
}
Event: 11935.598 GC heap before
{Heap before GC invocations=1369 (full 5):
 PSYoungGen      total 10240K, used 10144K [0x00000000d5580000, 0x00000000d6200000, 0x0000000100000000)
  eden space 9216K, 100% used [0x00000000d5580000,0x00000000d5e80000,0x00000000d5e80000)
  from space 1024K, 90% used [0x00000000d6000000,0x00000000d60e8020,0x00000000d6100000)
  to   space 1024K, 0% used [0x00000000d6100000,0x00000000d6100000,0x00000000d6200000)
 ParOldGen       total 1196032K, used 1195582K [0x0000000080000000, 0x00000000c9000000, 0x00000000d5580000)
  object space 1196032K, 99% used [0x0000000080000000,0x00000000c8f8fb18,0x00000000c9000000)
 Metaspace       used 93946K, committed 95744K, reserved 1179648K
  class space    used 10109K, committed 10944K, reserved 1048576K
}
Event: 11935.604 GC heap after
{Heap after GC invocations=1369 (full 5):
 PSYoungGen      total 11264K, used 1008K [0x00000000d5580000, 0x00000000d6380000, 0x0000000100000000)
  eden space 10240K, 0% used [0x00000000d5580000,0x00000000d5580000,0x00000000d5f80000)
  from space 1024K, 98% used [0x00000000d6100000,0x00000000d61fc030,0x00000000d6200000)
  to   space 1536K, 0% used [0x00000000d5f80000,0x00000000d5f80000,0x00000000d6100000)
 ParOldGen       total 1196544K, used 1196385K [0x0000000080000000, 0x00000000c9080000, 0x00000000d5580000)
  object space 1196544K, 99% used [0x0000000080000000,0x00000000c9058498,0x00000000c9080000)
 Metaspace       used 93946K, committed 95744K, reserved 1179648K
  class space    used 10109K, committed 10944K, reserved 1048576K
}
Event: 11935.629 GC heap before
{Heap before GC invocations=1370 (full 5):
 PSYoungGen      total 11264K, used 11248K [0x00000000d5580000, 0x00000000d6380000, 0x0000000100000000)
  eden space 10240K, 100% used [0x00000000d5580000,0x00000000d5f80000,0x00000000d5f80000)
  from space 1024K, 98% used [0x00000000d6100000,0x00000000d61fc030,0x00000000d6200000)
  to   space 1536K, 0% used [0x00000000d5f80000,0x00000000d5f80000,0x00000000d6100000)
 ParOldGen       total 1196544K, used 1196385K [0x0000000080000000, 0x00000000c9080000, 0x00000000d5580000)
  object space 1196544K, 99% used [0x0000000080000000,0x00000000c9058498,0x00000000c9080000)
 Metaspace       used 93946K, committed 95744K, reserved 1179648K
  class space    used 10109K, committed 10944K, reserved 1048576K
}
Event: 11935.634 GC heap after
{Heap after GC invocations=1370 (full 5):
 PSYoungGen      total 11776K, used 1065K [0x00000000d5580000, 0x00000000d6280000, 0x0000000100000000)
  eden space 10240K, 0% used [0x00000000d5580000,0x00000000d5580000,0x00000000d5f80000)
  from space 1536K, 69% used [0x00000000d5f80000,0x00000000d608a420,0x00000000d6100000)
  to   space 1536K, 0% used [0x00000000d6100000,0x00000000d6100000,0x00000000d6280000)
 ParOldGen       total 1197568K, used 1197271K [0x0000000080000000, 0x00000000c9180000, 0x00000000d5580000)
  object space 1197568K, 99% used [0x0000000080000000,0x00000000c9135c58,0x00000000c9180000)
 Metaspace       used 93946K, committed 95744K, reserved 1179648K
  class space    used 10109K, committed 10944K, reserved 1048576K
}
Event: 11935.846 GC heap before
{Heap before GC invocations=1371 (full 5):
 PSYoungGen      total 11776K, used 11305K [0x00000000d5580000, 0x00000000d6280000, 0x0000000100000000)
  eden space 10240K, 100% used [0x00000000d5580000,0x00000000d5f80000,0x00000000d5f80000)
  from space 1536K, 69% used [0x00000000d5f80000,0x00000000d608a420,0x00000000d6100000)
  to   space 1536K, 0% used [0x00000000d6100000,0x00000000d6100000,0x00000000d6280000)
 ParOldGen       total 1197568K, used 1197271K [0x0000000080000000, 0x00000000c9180000, 0x00000000d5580000)
  object space 1197568K, 99% used [0x0000000080000000,0x00000000c9135c58,0x00000000c9180000)
 Metaspace       used 93947K, committed 95744K, reserved 1179648K
  class space    used 10109K, committed 10944K, reserved 1048576K
}
Event: 11935.850 GC heap after
{Heap after GC invocations=1371 (full 5):
 PSYoungGen      total 11776K, used 1190K [0x00000000d5580000, 0x00000000d6280000, 0x0000000100000000)
  eden space 10240K, 0% used [0x00000000d5580000,0x00000000d5580000,0x00000000d5f80000)
  from space 1536K, 77% used [0x00000000d6100000,0x00000000d6229870,0x00000000d6280000)
  to   space 1536K, 0% used [0x00000000d5f80000,0x00000000d5f80000,0x00000000d6100000)
 ParOldGen       total 1198592K, used 1198193K [0x0000000080000000, 0x00000000c9280000, 0x00000000d5580000)
  object space 1198592K, 99% used [0x0000000080000000,0x00000000c921c530,0x00000000c9280000)
 Metaspace       used 93947K, committed 95744K, reserved 1179648K
  class space    used 10109K, committed 10944K, reserved 1048576K
}
Event: 11935.873 GC heap before
{Heap before GC invocations=1372 (full 5):
 PSYoungGen      total 11776K, used 11430K [0x00000000d5580000, 0x00000000d6280000, 0x0000000100000000)
  eden space 10240K, 100% used [0x00000000d5580000,0x00000000d5f80000,0x00000000d5f80000)
  from space 1536K, 77% used [0x00000000d6100000,0x00000000d6229870,0x00000000d6280000)
  to   space 1536K, 0% used [0x00000000d5f80000,0x00000000d5f80000,0x00000000d6100000)
 ParOldGen       total 1198592K, used 1198193K [0x0000000080000000, 0x00000000c9280000, 0x00000000d5580000)
  object space 1198592K, 99% used [0x0000000080000000,0x00000000c921c530,0x00000000c9280000)
 Metaspace       used 93947K, committed 95744K, reserved 1179648K
  class space    used 10109K, committed 10944K, reserved 1048576K
}
Event: 11935.879 GC heap after
{Heap after GC invocations=1372 (full 5):
 PSYoungGen      total 11776K, used 1145K [0x00000000d5580000, 0x00000000d6280000, 0x0000000100000000)
  eden space 10240K, 0% used [0x00000000d5580000,0x00000000d5580000,0x00000000d5f80000)
  from space 1536K, 74% used [0x00000000d5f80000,0x00000000d609e430,0x00000000d6100000)
  to   space 1536K, 0% used [0x00000000d6100000,0x00000000d6100000,0x00000000d6280000)
 ParOldGen       total 1199616K, used 1199213K [0x0000000080000000, 0x00000000c9380000, 0x00000000d5580000)
  object space 1199616K, 99% used [0x0000000080000000,0x00000000c931b530,0x00000000c9380000)
 Metaspace       used 93947K, committed 95744K, reserved 1179648K
  class space    used 10109K, committed 10944K, reserved 1048576K
}
Event: 11935.894 GC heap before
{Heap before GC invocations=1373 (full 5):
 PSYoungGen      total 11776K, used 11385K [0x00000000d5580000, 0x00000000d6280000, 0x0000000100000000)
  eden space 10240K, 100% used [0x00000000d5580000,0x00000000d5f80000,0x00000000d5f80000)
  from space 1536K, 74% used [0x00000000d5f80000,0x00000000d609e430,0x00000000d6100000)
  to   space 1536K, 0% used [0x00000000d6100000,0x00000000d6100000,0x00000000d6280000)
 ParOldGen       total 1199616K, used 1199213K [0x0000000080000000, 0x00000000c9380000, 0x00000000d5580000)
  object space 1199616K, 99% used [0x0000000080000000,0x00000000c931b530,0x00000000c9380000)
 Metaspace       used 93947K, committed 95744K, reserved 1179648K
  class space    used 10109K, committed 10944K, reserved 1048576K
}
Event: 11935.898 GC heap after
{Heap after GC invocations=1373 (full 5):
 PSYoungGen      total 11776K, used 1040K [0x00000000d5580000, 0x00000000d6280000, 0x0000000100000000)
  eden space 10240K, 0% used [0x00000000d5580000,0x00000000d5580000,0x00000000d5f80000)
  from space 1536K, 67% used [0x00000000d6100000,0x00000000d6204050,0x00000000d6280000)
  to   space 1536K, 0% used [0x00000000d5f80000,0x00000000d5f80000,0x00000000d6100000)
 ParOldGen       total 1200640K, used 1200206K [0x0000000080000000, 0x00000000c9480000, 0x00000000d5580000)
  object space 1200640K, 99% used [0x0000000080000000,0x00000000c9413980,0x00000000c9480000)
 Metaspace       used 93947K, committed 95744K, reserved 1179648K
  class space    used 10109K, committed 10944K, reserved 1048576K
}
Event: 11935.914 GC heap before
{Heap before GC invocations=1374 (full 5):
 PSYoungGen      total 11776K, used 11280K [0x00000000d5580000, 0x00000000d6280000, 0x0000000100000000)
  eden space 10240K, 100% used [0x00000000d5580000,0x00000000d5f80000,0x00000000d5f80000)
  from space 1536K, 67% used [0x00000000d6100000,0x00000000d6204050,0x00000000d6280000)
  to   space 1536K, 0% used [0x00000000d5f80000,0x00000000d5f80000,0x00000000d6100000)
 ParOldGen       total 1200640K, used 1200206K [0x0000000080000000, 0x00000000c9480000, 0x00000000d5580000)
  object space 1200640K, 99% used [0x0000000080000000,0x00000000c9413980,0x00000000c9480000)
 Metaspace       used 93947K, committed 95744K, reserved 1179648K
  class space    used 10109K, committed 10944K, reserved 1048576K
}
Event: 11935.918 GC heap after
{Heap after GC invocations=1374 (full 5):
 PSYoungGen      total 11776K, used 1152K [0x00000000d5580000, 0x00000000d6280000, 0x0000000100000000)
  eden space 10240K, 0% used [0x00000000d5580000,0x00000000d5580000,0x00000000d5f80000)
  from space 1536K, 75% used [0x00000000d5f80000,0x00000000d60a0040,0x00000000d6100000)
  to   space 1536K, 0% used [0x00000000d6100000,0x00000000d6100000,0x00000000d6280000)
 ParOldGen       total 1201152K, used 1201126K [0x0000000080000000, 0x00000000c9500000, 0x00000000d5580000)
  object space 1201152K, 99% used [0x0000000080000000,0x00000000c94f99e0,0x00000000c9500000)
 Metaspace       used 93947K, committed 95744K, reserved 1179648K
  class space    used 10109K, committed 10944K, reserved 1048576K
}
Event: 11935.946 GC heap before
{Heap before GC invocations=1375 (full 5):
 PSYoungGen      total 11776K, used 11392K [0x00000000d5580000, 0x00000000d6280000, 0x0000000100000000)
  eden space 10240K, 100% used [0x00000000d5580000,0x00000000d5f80000,0x00000000d5f80000)
  from space 1536K, 75% used [0x00000000d5f80000,0x00000000d60a0040,0x00000000d6100000)
  to   space 1536K, 0% used [0x00000000d6100000,0x00000000d6100000,0x00000000d6280000)
 ParOldGen       total 1201152K, used 1201126K [0x0000000080000000, 0x00000000c9500000, 0x00000000d5580000)
  object space 1201152K, 99% used [0x0000000080000000,0x00000000c94f99e0,0x00000000c9500000)
 Metaspace       used 93957K, committed 95744K, reserved 1179648K
  class space    used 10109K, committed 10944K, reserved 1048576K
}
Event: 11935.950 GC heap after
{Heap after GC invocations=1375 (full 5):
 PSYoungGen      total 11776K, used 1184K [0x00000000d5580000, 0x00000000d6280000, 0x0000000100000000)
  eden space 10240K, 0% used [0x00000000d5580000,0x00000000d5580000,0x00000000d5f80000)
  from space 1536K, 77% used [0x00000000d6100000,0x00000000d6228000,0x00000000d6280000)
  to   space 1536K, 0% used [0x00000000d5f80000,0x00000000d5f80000,0x00000000d6100000)
 ParOldGen       total 1202176K, used 1202151K [0x0000000080000000, 0x00000000c9600000, 0x00000000d5580000)
  object space 1202176K, 99% used [0x0000000080000000,0x00000000c95f9ee8,0x00000000c9600000)
 Metaspace       used 93957K, committed 95744K, reserved 1179648K
  class space    used 10109K, committed 10944K, reserved 1048576K
}
Event: 11935.964 GC heap before
{Heap before GC invocations=1376 (full 5):
 PSYoungGen      total 11776K, used 11424K [0x00000000d5580000, 0x00000000d6280000, 0x0000000100000000)
  eden space 10240K, 100% used [0x00000000d5580000,0x00000000d5f80000,0x00000000d5f80000)
  from space 1536K, 77% used [0x00000000d6100000,0x00000000d6228000,0x00000000d6280000)
  to   space 1536K, 0% used [0x00000000d5f80000,0x00000000d5f80000,0x00000000d6100000)
 ParOldGen       total 1202176K, used 1202151K [0x0000000080000000, 0x00000000c9600000, 0x00000000d5580000)
  object space 1202176K, 99% used [0x0000000080000000,0x00000000c95f9ee8,0x00000000c9600000)
 Metaspace       used 93957K, committed 95744K, reserved 1179648K
  class space    used 10109K, committed 10944K, reserved 1048576K
}
Event: 11935.968 GC heap after
{Heap after GC invocations=1376 (full 5):
 PSYoungGen      total 11776K, used 976K [0x00000000d5580000, 0x00000000d6280000, 0x0000000100000000)
  eden space 10240K, 0% used [0x00000000d5580000,0x00000000d5580000,0x00000000d5f80000)
  from space 1536K, 63% used [0x00000000d5f80000,0x00000000d6074030,0x00000000d6100000)
  to   space 1536K, 0% used [0x00000000d6100000,0x00000000d6100000,0x00000000d6280000)
 ParOldGen       total 1203712K, used 1203257K [0x0000000080000000, 0x00000000c9780000, 0x00000000d5580000)
  object space 1203712K, 99% used [0x0000000080000000,0x00000000c970e410,0x00000000c9780000)
 Metaspace       used 93957K, committed 95744K, reserved 1179648K
  class space    used 10109K, committed 10944K, reserved 1048576K
}
Event: 12852.949 GC heap before
{Heap before GC invocations=1377 (full 5):
 PSYoungGen      total 11776K, used 11216K [0x00000000d5580000, 0x00000000d6280000, 0x0000000100000000)
  eden space 10240K, 100% used [0x00000000d5580000,0x00000000d5f80000,0x00000000d5f80000)
  from space 1536K, 63% used [0x00000000d5f80000,0x00000000d6074030,0x00000000d6100000)
  to   space 1536K, 0% used [0x00000000d6100000,0x00000000d6100000,0x00000000d6280000)
 ParOldGen       total 1203712K, used 1203257K [0x0000000080000000, 0x00000000c9780000, 0x00000000d5580000)
  object space 1203712K, 99% used [0x0000000080000000,0x00000000c970e410,0x00000000c9780000)
 Metaspace       used 93978K, committed 95872K, reserved 1179648K
  class space    used 10109K, committed 10944K, reserved 1048576K
}
Event: 12853.740 GC heap after
{Heap after GC invocations=1377 (full 5):
 PSYoungGen      total 11776K, used 1131K [0x00000000d5580000, 0x00000000d6280000, 0x0000000100000000)
  eden space 10240K, 0% used [0x00000000d5580000,0x00000000d5580000,0x00000000d5f80000)
  from space 1536K, 73% used [0x00000000d6100000,0x00000000d621aed0,0x00000000d6280000)
  to   space 1536K, 0% used [0x00000000d5f80000,0x00000000d5f80000,0x00000000d6100000)
 ParOldGen       total 1204224K, used 1204105K [0x0000000080000000, 0x00000000c9800000, 0x00000000d5580000)
  object space 1204224K, 99% used [0x0000000080000000,0x00000000c97e2450,0x00000000c9800000)
 Metaspace       used 93978K, committed 95872K, reserved 1179648K
  class space    used 10109K, committed 10944K, reserved 1048576K
}

Dll operation events (15 events):
Event: 0.883 Loaded shared library c:\Users\ADMIN\.vscode\extensions\redhat.java-1.51.0-win32-x64\jre\21.0.9-win32-x86_64\bin\java.dll
Event: 1.179 Loaded shared library c:\Users\ADMIN\.vscode\extensions\redhat.java-1.51.0-win32-x64\jre\21.0.9-win32-x86_64\bin\zip.dll
Event: 1.216 Loaded shared library C:\Users\ADMIN\.vscode\extensions\redhat.java-1.51.0-win32-x64\jre\21.0.9-win32-x86_64\bin\instrument.dll
Event: 1.413 Loaded shared library C:\Users\ADMIN\.vscode\extensions\redhat.java-1.51.0-win32-x64\jre\21.0.9-win32-x86_64\bin\net.dll
Event: 1.570 Loaded shared library C:\Users\ADMIN\.vscode\extensions\redhat.java-1.51.0-win32-x64\jre\21.0.9-win32-x86_64\bin\nio.dll
Event: 1.578 Loaded shared library C:\Users\ADMIN\.vscode\extensions\redhat.java-1.51.0-win32-x64\jre\21.0.9-win32-x86_64\bin\zip.dll
Event: 1.636 Loaded shared library C:\Users\ADMIN\.vscode\extensions\redhat.java-1.51.0-win32-x64\jre\21.0.9-win32-x86_64\bin\jimage.dll
Event: 1.940 Loaded shared library c:\Users\ADMIN\.vscode\extensions\redhat.java-1.51.0-win32-x64\jre\21.0.9-win32-x86_64\bin\verify.dll
Event: 29.237 Loaded shared library C:\Users\ADMIN\AppData\Roaming\Code\User\globalStorage\redhat.java\1.51.0\config_win\org.eclipse.equinox.launcher\org.eclipse.equinox.launcher.win32.win32.x86_64_1.2.1400.v20250801-0854\eclipse_11916.dll
Event: 43.946 Loaded shared library C:\Users\ADMIN\AppData\Local\Temp\jna-62130991\jna17564771551050982246.dll
Event: 46.014 Loaded shared library C:\Users\ADMIN\.vscode\extensions\redhat.java-1.51.0-win32-x64\jre\21.0.9-win32-x86_64\bin\sunmscapi.dll
Event: 46.082 Loaded shared library C:\Users\ADMIN\.vscode\extensions\redhat.java-1.51.0-win32-x64\jre\21.0.9-win32-x86_64\bin\extnet.dll
Event: 49.819 Loaded shared library C:\Users\ADMIN\.gradle\native\1def1411415f61bf3af743bc5b6707747c0891f09f0c88961ee8f79bc544acac\windows-amd64\native-platform.dll
Event: 51.412 Loaded shared library C:\Users\ADMIN\.vscode\extensions\redhat.java-1.51.0-win32-x64\jre\21.0.9-win32-x86_64\bin\management.dll
Event: 51.415 Loaded shared library C:\Users\ADMIN\.vscode\extensions\redhat.java-1.51.0-win32-x64\jre\21.0.9-win32-x86_64\bin\management_ext.dll

Deoptimization events (20 events):
Event: 11934.491 Thread 0x00000205d5dc0f80 Uncommon trap: trap_request=0xffffff45 fr.pc=0x0000020588218c98 relative=0x0000000000001f78
Event: 11934.491 Thread 0x00000205d5dc0f80 Uncommon trap: reason=unstable_if action=reinterpret pc=0x0000020588218c98 method=org.eclipse.jdt.internal.compiler.util.SimpleLookupTable.containsKey(Ljava/lang/Object;)Z @ 35 c2
Event: 11934.491 Thread 0x00000205d5dc0f80 DEOPT PACKING pc=0x0000020588218c98 sp=0x000000299e3fece0
Event: 11934.492 Thread 0x00000205d5dc0f80 DEOPT UNPACKING pc=0x0000020587583aa2 sp=0x000000299e3fec48 mode 2
Event: 11934.492 Thread 0x00000205d5dc0f80 Uncommon trap: trap_request=0xffffff45 fr.pc=0x0000020588aa11d0 relative=0x00000000000004b0
Event: 11934.492 Thread 0x00000205d5dc0f80 Uncommon trap: reason=unstable_if action=reinterpret pc=0x0000020588aa11d0 method=org.eclipse.jdt.internal.compiler.util.SimpleLookupTable.containsKey(Ljava/lang/Object;)Z @ 35 c2
Event: 11934.492 Thread 0x00000205d5dc0f80 DEOPT PACKING pc=0x0000020588aa11d0 sp=0x000000299e3fecb0
Event: 11934.492 Thread 0x00000205d5dc0f80 DEOPT UNPACKING pc=0x0000020587583aa2 sp=0x000000299e3fec50 mode 2
Event: 11934.511 Thread 0x00000205d5dc0f80 DEOPT PACKING pc=0x00000205819deb9a sp=0x000000299e3fee10
Event: 11934.511 Thread 0x00000205d5dc0f80 DEOPT UNPACKING pc=0x0000020587584242 sp=0x000000299e3fe2b0 mode 0
Event: 11934.550 Thread 0x00000205d0db80d0 Uncommon trap: trap_request=0xffffffc6 fr.pc=0x0000020588a6e2e4 relative=0x0000000000000344
Event: 11934.550 Thread 0x00000205d0db80d0 Uncommon trap: reason=bimorphic_or_optimized_type_check action=maybe_recompile pc=0x0000020588a6e2e4 method=org.eclipse.jdt.internal.compiler.ast.IfStatement.traverse(Lorg/eclipse/jdt/internal/compiler/ASTVisitor;Lorg/eclipse/jdt/internal/compiler/lookup/
Event: 11934.550 Thread 0x00000205d0db80d0 DEOPT PACKING pc=0x0000020588a6e2e4 sp=0x000000299f5fd6f0
Event: 11934.550 Thread 0x00000205d0db80d0 DEOPT UNPACKING pc=0x0000020587583aa2 sp=0x000000299f5fd6c0 mode 2
Event: 11935.136 Thread 0x00000205d0db4c50 Uncommon trap: trap_request=0xffffff45 fr.pc=0x0000020588538748 relative=0x0000000000002ee8
Event: 11935.137 Thread 0x00000205d0db4c50 Uncommon trap: reason=unstable_if action=reinterpret pc=0x0000020588538748 method=org.eclipse.jdt.internal.core.NameLookup.findSecondaryType(Ljava/lang/String;Ljava/lang/String;Lorg/eclipse/jdt/core/IJavaProject;ZLorg/eclipse/core/runtime/IProgressMonitor
Event: 11935.138 Thread 0x00000205d0db4c50 DEOPT PACKING pc=0x0000020588538748 sp=0x000000299fffd7a0
Event: 11935.138 Thread 0x00000205d0db4c50 DEOPT UNPACKING pc=0x0000020587583aa2 sp=0x000000299fffd5e8 mode 2
Event: 11935.548 Thread 0x00000205d0db4c50 DEOPT PACKING pc=0x000002058133e27f sp=0x000000299fffe410
Event: 11935.548 Thread 0x00000205d0db4c50 DEOPT UNPACKING pc=0x0000020587584242 sp=0x000000299fffd950 mode 0

Classes loaded (20 events):
Event: 2228.682 Loading class java/util/stream/Nodes$AbstractConcNode done
Event: 2228.682 Loading class java/util/stream/Nodes$ConcNode done
Event: 2228.702 Loading class java/io/ObjectOutputStream$BlockDataOutputStream
Event: 2228.703 Loading class java/io/ObjectOutputStream$BlockDataOutputStream done
Event: 2228.703 Loading class java/io/ObjectOutputStream$HandleTable
Event: 2228.703 Loading class java/io/ObjectOutputStream$HandleTable done
Event: 2228.703 Loading class java/io/ObjectOutputStream$ReplaceTable
Event: 2228.704 Loading class java/io/ObjectOutputStream$ReplaceTable done
Event: 4646.287 Loading class jdk/internal/module/IllegalAccessLogger
Event: 4646.293 Loading class jdk/internal/module/IllegalAccessLogger done
Event: 4696.163 Loading class jdk/internal/module/IllegalAccessLogger
Event: 4696.163 Loading class jdk/internal/module/IllegalAccessLogger done
Event: 4732.992 Loading class jdk/internal/module/IllegalAccessLogger
Event: 4732.992 Loading class jdk/internal/module/IllegalAccessLogger done
Event: 4824.918 Loading class jdk/internal/module/IllegalAccessLogger
Event: 4824.918 Loading class jdk/internal/module/IllegalAccessLogger done
Event: 11932.433 Loading class jdk/internal/module/IllegalAccessLogger
Event: 11932.434 Loading class jdk/internal/module/IllegalAccessLogger done
Event: 11933.690 Loading class jdk/internal/module/IllegalAccessLogger
Event: 11933.690 Loading class jdk/internal/module/IllegalAccessLogger done

Classes unloaded (20 events):
Event: 654.640 Thread 0x00000205f7254870 Unloading class 0x0000020590920000 'java/lang/invoke/LambdaForm$MH+0x0000020590920000'
Event: 654.640 Thread 0x00000205f7254870 Unloading class 0x0000020590910800 'java/lang/invoke/LambdaForm$MH+0x0000020590910800'
Event: 654.640 Thread 0x00000205f7254870 Unloading class 0x0000020590910400 'java/lang/invoke/LambdaForm$DMH+0x0000020590910400'
Event: 1944.170 Thread 0x00000205f7254870 Unloading class 0x000002059008c000 'java/lang/invoke/LambdaForm$MH+0x000002059008c000'
Event: 1944.170 Thread 0x00000205f7254870 Unloading class 0x000002059008ac00 'java/lang/invoke/LambdaForm$MH+0x000002059008ac00'
Event: 1944.170 Thread 0x00000205f7254870 Unloading class 0x000002059000d800 'java/lang/invoke/LambdaForm$MH+0x000002059000d800'
Event: 1944.170 Thread 0x00000205f7254870 Unloading class 0x000002059000d400 'java/lang/invoke/LambdaForm$MH+0x000002059000d400'
Event: 1944.170 Thread 0x00000205f7254870 Unloading class 0x000002059000d000 'java/lang/invoke/LambdaForm$MH+0x000002059000d000'
Event: 1944.170 Thread 0x00000205f7254870 Unloading class 0x000002059000cc00 'java/lang/invoke/LambdaForm$MH+0x000002059000cc00'
Event: 1944.170 Thread 0x00000205f7254870 Unloading class 0x000002059000c800 'java/lang/invoke/LambdaForm$BMH+0x000002059000c800'
Event: 1944.170 Thread 0x00000205f7254870 Unloading class 0x000002059000c000 'java/lang/invoke/LambdaForm$DMH+0x000002059000c000'
Event: 1944.170 Thread 0x00000205f7254870 Unloading class 0x0000020590008c00 'java/lang/invoke/LambdaForm$MH+0x0000020590008c00'
Event: 1944.170 Thread 0x00000205f7254870 Unloading class 0x0000020590008800 'java/lang/invoke/LambdaForm$MH+0x0000020590008800'
Event: 1944.170 Thread 0x00000205f7254870 Unloading class 0x0000020590008400 'java/lang/invoke/LambdaForm$MH+0x0000020590008400'
Event: 1944.170 Thread 0x00000205f7254870 Unloading class 0x0000020590007000 'java/lang/invoke/LambdaForm$MH+0x0000020590007000'
Event: 1944.170 Thread 0x00000205f7254870 Unloading class 0x0000020590006800 'java/lang/invoke/LambdaForm$MH+0x0000020590006800'
Event: 1944.170 Thread 0x00000205f7254870 Unloading class 0x0000020590006400 'java/lang/invoke/LambdaForm$MH+0x0000020590006400'
Event: 1944.170 Thread 0x00000205f7254870 Unloading class 0x0000020590006000 'java/lang/invoke/LambdaForm$MH+0x0000020590006000'
Event: 1944.170 Thread 0x00000205f7254870 Unloading class 0x0000020590005c00 'java/lang/invoke/LambdaForm$BMH+0x0000020590005c00'
Event: 1944.170 Thread 0x00000205f7254870 Unloading class 0x0000020590004800 'java/lang/invoke/LambdaForm$DMH+0x0000020590004800'

Classes redefined (0 events):
No events

Internal exceptions (20 events):
Event: 4695.571 Thread 0x00000205d5dc0f80 Exception <a 'sun/nio/fs/WindowsException'{0x00000000d592c8d0}> (0x00000000d592c8d0) 
thrown [s\src\hotspot\share\prims\jni.cpp, line 520]
Event: 4696.441 Thread 0x00000205d5dc0f80 Exception <a 'sun/nio/fs/WindowsException'{0x00000000d56bf6a8}> (0x00000000d56bf6a8) 
thrown [s\src\hotspot\share\prims\jni.cpp, line 520]
Event: 4732.652 Thread 0x00000205d5dc0f80 Exception <a 'sun/nio/fs/WindowsException'{0x00000000d5ab17d8}> (0x00000000d5ab17d8) 
thrown [s\src\hotspot\share\prims\jni.cpp, line 520]
Event: 4733.655 Thread 0x00000205d5dc0f80 Exception <a 'sun/nio/fs/WindowsException'{0x00000000d5a6eb60}> (0x00000000d5a6eb60) 
thrown [s\src\hotspot\share\prims\jni.cpp, line 520]
Event: 4824.611 Thread 0x00000205d5dc0f80 Implicit null exception at 0x0000020588e594d4 to 0x0000020588e5bae8
Event: 4824.653 Thread 0x00000205d0db8df0 Implicit null exception at 0x0000020588ac10e9 to 0x0000020588ac1c7c
Event: 4824.670 Thread 0x00000205d5dc0f80 Exception <a 'sun/nio/fs/WindowsException'{0x00000000d5f46ac8}> (0x00000000d5f46ac8) 
thrown [s\src\hotspot\share\prims\jni.cpp, line 520]
Event: 4825.313 Thread 0x00000205d5dc0f80 Exception <a 'sun/nio/fs/WindowsException'{0x00000000d6679ea0}> (0x00000000d6679ea0) 
thrown [s\src\hotspot\share\prims\jni.cpp, line 520]
Event: 4945.065 Thread 0x00000205d9cf3c40 Exception <a 'sun/nio/fs/WindowsException'{0x00000000d67bb308}> (0x00000000d67bb308) 
thrown [s\src\hotspot\share\prims\jni.cpp, line 520]
Event: 4945.065 Thread 0x00000205d9cf3c40 Exception <a 'sun/nio/fs/WindowsException'{0x00000000d67bbbf0}> (0x00000000d67bbbf0) 
thrown [s\src\hotspot\share\prims\jni.cpp, line 520]
Event: 11930.230 Thread 0x00000205d5dc0f80 Exception <a 'sun/nio/fs/WindowsException'{0x00000000d5909a98}> (0x00000000d5909a98) 
thrown [s\src\hotspot\share\prims\jni.cpp, line 520]
Event: 11931.527 Thread 0x00000205d5dc0f80 Exception <a 'sun/nio/fs/WindowsException'{0x00000000d5585928}> (0x00000000d5585928) 
thrown [s\src\hotspot\share\prims\jni.cpp, line 520]
Event: 11932.476 Thread 0x00000205d8f45e10 Implicit null exception at 0x0000020587c500d2 to 0x0000020587c50244
Event: 11933.135 Thread 0x00000205d5dc0f80 Exception <a 'sun/nio/fs/WindowsException'{0x00000000d56f0420}> (0x00000000d56f0420) 
thrown [s\src\hotspot\share\prims\jni.cpp, line 520]
Event: 11933.434 Thread 0x00000205d0db80d0 Exception <a 'sun/nio/fs/WindowsException'{0x00000000d565bbe8}> (0x00000000d565bbe8) 
thrown [s\src\hotspot\share\prims\jni.cpp, line 520]
Event: 11933.451 Thread 0x00000205d0db80d0 Exception <a 'sun/nio/fs/WindowsException'{0x00000000d56f7448}> (0x00000000d56f7448) 
thrown [s\src\hotspot\share\prims\jni.cpp, line 520]
Event: 11933.959 Thread 0x00000205d5dc0f80 Exception <a 'sun/nio/fs/WindowsException'{0x00000000d5580750}> (0x00000000d5580750) 
thrown [s\src\hotspot\share\prims\jni.cpp, line 520]
Event: 12230.367 Thread 0x00000205d0db80d0 Exception <a 'sun/nio/fs/WindowsException'{0x00000000d5cadfc0}> (0x00000000d5cadfc0) 
thrown [s\src\hotspot\share\prims\jni.cpp, line 520]
Event: 12230.368 Thread 0x00000205d0db80d0 Exception <a 'sun/nio/fs/WindowsException'{0x00000000d5cae888}> (0x00000000d5cae888) 
thrown [s\src\hotspot\share\prims\jni.cpp, line 520]
Event: 12854.280 Thread 0x00000205d0db8df0 Exception <a 'sun/nio/fs/WindowsException'{0x00000000d56fe010}> (0x00000000d56fe010) 
thrown [s\src\hotspot\share\prims\jni.cpp, line 520]

ZGC Phase Switch (0 events):
No events

VM Operations (20 events):
Event: 11954.558 Executing VM operation: Cleanup
Event: 11954.558 Executing VM operation: Cleanup done
Event: 11994.913 Executing VM operation: Cleanup
Event: 11994.913 Executing VM operation: Cleanup done
Event: 12186.088 Executing VM operation: Cleanup
Event: 12186.089 Executing VM operation: Cleanup done
Event: 12230.389 Executing VM operation: Cleanup
Event: 12230.390 Executing VM operation: Cleanup done
Event: 12231.403 Executing VM operation: Cleanup
Event: 12231.403 Executing VM operation: Cleanup done
Event: 12234.429 Executing VM operation: Cleanup
Event: 12234.429 Executing VM operation: Cleanup done
Event: 12240.141 Executing VM operation: HandshakeAllThreads (HandshakeForDeflation)
Event: 12240.141 Executing VM operation: HandshakeAllThreads (HandshakeForDeflation) done
Event: 12240.141 Executing VM operation: RendezvousGCThreads
Event: 12240.141 Executing VM operation: RendezvousGCThreads done
Event: 12852.521 Executing VM operation: Cleanup
Event: 12852.528 Executing VM operation: Cleanup done
Event: 12852.945 Executing VM operation: ParallelGCFailedAllocation (Allocation Failure)
Event: 12853.740 Executing VM operation: ParallelGCFailedAllocation (Allocation Failure) done

Memory protections (0 events):
No events

Nmethod flushes (20 events):
Event: 1944.469 Thread 0x00000205f7254870 flushing  nmethod 0x0000020582086f90
Event: 1944.469 Thread 0x00000205f7254870 flushing  nmethod 0x0000020582090010
Event: 1944.469 Thread 0x00000205f7254870 flushing  nmethod 0x00000205820ad190
Event: 1944.469 Thread 0x00000205f7254870 flushing  nmethod 0x00000205820f8210
Event: 1944.469 Thread 0x00000205f7254870 flushing  nmethod 0x00000205820f8790
Event: 1944.469 Thread 0x00000205f7254870 flushing  nmethod 0x00000205820f9410
Event: 1944.469 Thread 0x00000205f7254870 flushing  nmethod 0x00000205820f9a10
Event: 1944.469 Thread 0x00000205f7254870 flushing  nmethod 0x0000020582100410
Event: 1944.469 Thread 0x00000205f7254870 flushing  nmethod 0x0000020582102710
Event: 1944.469 Thread 0x00000205f7254870 flushing  nmethod 0x00000205821f9d10
Event: 1944.469 Thread 0x00000205f7254870 flushing  nmethod 0x000002058221dc10
Event: 1944.469 Thread 0x00000205f7254870 flushing  nmethod 0x000002058221e090
Event: 1944.469 Thread 0x00000205f7254870 flushing  nmethod 0x000002058221eb90
Event: 1944.469 Thread 0x00000205f7254870 flushing  nmethod 0x0000020582220f10
Event: 1944.469 Thread 0x00000205f7254870 flushing osr nmethod 0x0000020582258510
Event: 1944.469 Thread 0x00000205f7254870 flushing  nmethod 0x00000205822a0190
Event: 1944.469 Thread 0x00000205f7254870 flushing  nmethod 0x00000205822b6390
Event: 1944.469 Thread 0x00000205f7254870 flushing  nmethod 0x00000205822beb90
Event: 1944.469 Thread 0x00000205f7254870 flushing osr nmethod 0x00000205822cb490
Event: 1944.469 Thread 0x00000205f7254870 flushing  nmethod 0x00000205822e0c90

Events (20 events):
Event: 11995.125 Thread 0x00000205d8f42990 Thread exited: 0x00000205d8f42990
Event: 11996.082 Thread 0x00000205d8f450f0 Thread exited: 0x00000205d8f450f0
Event: 12056.096 Thread 0x00000205d0db52e0 Thread exited: 0x00000205d0db52e0
Event: 12230.335 Thread 0x00000205d0db80d0 Thread added: 0x00000205d0db24f0
Event: 12230.343 Thread 0x00000205d0db24f0 Thread exited: 0x00000205d0db24f0
Event: 12230.374 Thread 0x00000205d0db80d0 Thread added: 0x00000205d0db52e0
Event: 12230.375 Thread 0x00000205d0db52e0 Thread exited: 0x00000205d0db52e0
Event: 12234.030 Thread 0x00000205d0db2b80 Thread exited: 0x00000205d0db2b80
Event: 12234.030 Thread 0x00000205d0db8df0 Thread exited: 0x00000205d0db8df0
Event: 12234.030 Thread 0x00000205d0db38a0 Thread exited: 0x00000205d0db38a0
Event: 12234.030 Thread 0x00000205d8f42300 Thread exited: 0x00000205d8f42300
Event: 12234.031 Thread 0x00000205d8f43020 Thread exited: 0x00000205d8f43020
Event: 12234.031 Thread 0x00000205d0db1e60 Thread exited: 0x00000205d0db1e60
Event: 12234.032 Thread 0x00000205d0db9480 Thread exited: 0x00000205d0db9480
Event: 12234.032 Thread 0x00000205d8f43d40 Thread exited: 0x00000205d8f43d40
Event: 12234.033 Thread 0x00000205d0db3f30 Thread exited: 0x00000205d0db3f30
Event: 12234.034 Thread 0x00000205d8f47ee0 Thread exited: 0x00000205d8f47ee0
Event: 12851.958 Thread 0x00000205d77600a0 Thread added: 0x00000205d0db38a0
Event: 12851.960 Thread 0x00000205d0db4c50 Thread added: 0x00000205d0db8df0
Event: 12854.363 Thread 0x00000205d0db4c50 Thread added: 0x00000205d0db1e60


Dynamic libraries:
0x00007ff623d90000 - 0x00007ff623d9e000 	c:\Users\ADMIN\.vscode\extensions\redhat.java-1.51.0-win32-x64\jre\21.0.9-win32-x86_64\bin\java.exe
0x00007ff983b70000 - 0x00007ff983d84000 	C:\Windows\SYSTEM32\ntdll.dll
0x00007ff983340000 - 0x00007ff983402000 	C:\Windows\System32\KERNEL32.DLL
0x00007ff981540000 - 0x00007ff9818dc000 	C:\Windows\System32\KERNELBASE.dll
0x00007ff981230000 - 0x00007ff981341000 	C:\Windows\System32\ucrtbase.dll
0x00007ff938c50000 - 0x00007ff938c68000 	c:\Users\ADMIN\.vscode\extensions\redhat.java-1.51.0-win32-x64\jre\21.0.9-win32-x86_64\bin\jli.dll
0x00007ff982960000 - 0x00007ff982b0b000 	C:\Windows\System32\USER32.dll
0x00007ff9818e0000 - 0x00007ff981906000 	C:\Windows\System32\win32u.dll
0x00007ff981a60000 - 0x00007ff981a89000 	C:\Windows\System32\GDI32.dll
0x00007ff981110000 - 0x00007ff981222000 	C:\Windows\System32\gdi32full.dll
0x00007ff981070000 - 0x00007ff98110a000 	C:\Windows\System32\msvcp_win.dll
0x00007ff94d8e0000 - 0x00007ff94d8fe000 	c:\Users\ADMIN\.vscode\extensions\redhat.java-1.51.0-win32-x64\jre\21.0.9-win32-x86_64\bin\VCRUNTIME140.dll
0x00007ff96a990000 - 0x00007ff96ac1e000 	C:\Windows\WinSxS\amd64_microsoft.windows.common-controls_6595b64144ccf1df_6.0.22621.317_none_a9434687c10c9fa2\COMCTL32.dll
0x00007ff982820000 - 0x00007ff9828c7000 	C:\Windows\System32\msvcrt.dll
0x00007ff981e80000 - 0x00007ff981eb1000 	C:\Windows\System32\IMM32.DLL
0x00007ff962a40000 - 0x00007ff962a4c000 	c:\Users\ADMIN\.vscode\extensions\redhat.java-1.51.0-win32-x64\jre\21.0.9-win32-x86_64\bin\vcruntime140_1.dll
0x00007ff92da70000 - 0x00007ff92dafd000 	c:\Users\ADMIN\.vscode\extensions\redhat.java-1.51.0-win32-x64\jre\21.0.9-win32-x86_64\bin\msvcp140.dll
0x00007ff92ccd0000 - 0x00007ff92da70000 	c:\Users\ADMIN\.vscode\extensions\redhat.java-1.51.0-win32-x64\jre\21.0.9-win32-x86_64\bin\server\jvm.dll
0x00007ff982b10000 - 0x00007ff982bbe000 	C:\Windows\System32\ADVAPI32.dll
0x00007ff981f90000 - 0x00007ff982034000 	C:\Windows\System32\sechost.dll
0x00007ff982d30000 - 0x00007ff982e45000 	C:\Windows\System32\RPCRT4.dll
0x00007ff983ab0000 - 0x00007ff983b21000 	C:\Windows\System32\WS2_32.dll
0x00007ff979770000 - 0x00007ff97977a000 	C:\Windows\SYSTEM32\VERSION.dll
0x00007ff97add0000 - 0x00007ff97ae04000 	C:\Windows\SYSTEM32\WINMM.dll
0x00007ff980cd0000 - 0x00007ff980d1d000 	C:\Windows\SYSTEM32\POWRPROF.dll
0x00007ff980cb0000 - 0x00007ff980cc3000 	C:\Windows\SYSTEM32\UMPDC.dll
0x00007ff980030000 - 0x00007ff980048000 	C:\Windows\SYSTEM32\kernel.appcore.dll
0x00007ff9624d0000 - 0x00007ff9624da000 	c:\Users\ADMIN\.vscode\extensions\redhat.java-1.51.0-win32-x64\jre\21.0.9-win32-x86_64\bin\jimage.dll
0x00007ff978670000 - 0x00007ff97889e000 	C:\Windows\SYSTEM32\DBGHELP.DLL
0x00007ff982e50000 - 0x00007ff9831d9000 	C:\Windows\System32\combase.dll
0x00007ff981980000 - 0x00007ff981a57000 	C:\Windows\System32\OLEAUT32.dll
0x00007ff96ad40000 - 0x00007ff96ad72000 	C:\Windows\SYSTEM32\dbgcore.DLL
0x00007ff9814c0000 - 0x00007ff98153b000 	C:\Windows\System32\bcryptPrimitives.dll
0x00007ff9608b0000 - 0x00007ff9608bf000 	c:\Users\ADMIN\.vscode\extensions\redhat.java-1.51.0-win32-x64\jre\21.0.9-win32-x86_64\bin\instrument.dll
0x00007ff92f090000 - 0x00007ff92f0b0000 	c:\Users\ADMIN\.vscode\extensions\redhat.java-1.51.0-win32-x64\jre\21.0.9-win32-x86_64\bin\java.dll
0x00007ff982040000 - 0x00007ff98281b000 	C:\Windows\System32\SHELL32.dll
0x00007ff97f010000 - 0x00007ff97f8c5000 	C:\Windows\SYSTEM32\windows.storage.dll
0x00007ff97eed0000 - 0x00007ff97f00d000 	C:\Windows\SYSTEM32\wintypes.dll
0x00007ff9831e0000 - 0x00007ff9832d1000 	C:\Windows\System32\SHCORE.dll
0x00007ff982c40000 - 0x00007ff982c9e000 	C:\Windows\System32\shlwapi.dll
0x00007ff980ee0000 - 0x00007ff980f01000 	C:\Windows\SYSTEM32\profapi.dll
0x00007ff940b60000 - 0x00007ff940b78000 	c:\Users\ADMIN\.vscode\extensions\redhat.java-1.51.0-win32-x64\jre\21.0.9-win32-x86_64\bin\zip.dll
0x00007ff96ff90000 - 0x00007ff96ffa0000 	C:\Users\ADMIN\.vscode\extensions\redhat.java-1.51.0-win32-x64\jre\21.0.9-win32-x86_64\bin\net.dll
0x00007ff97bb30000 - 0x00007ff97bc5f000 	C:\Windows\SYSTEM32\WINHTTP.dll
0x00007ff980490000 - 0x00007ff9804f9000 	C:\Windows\system32\mswsock.dll
0x00007ff940460000 - 0x00007ff940476000 	C:\Users\ADMIN\.vscode\extensions\redhat.java-1.51.0-win32-x64\jre\21.0.9-win32-x86_64\bin\nio.dll
0x00007ff960380000 - 0x00007ff960390000 	c:\Users\ADMIN\.vscode\extensions\redhat.java-1.51.0-win32-x64\jre\21.0.9-win32-x86_64\bin\verify.dll
0x00007ff958590000 - 0x00007ff9585d4000 	C:\Users\ADMIN\AppData\Roaming\Code\User\globalStorage\redhat.java\1.51.0\config_win\org.eclipse.equinox.launcher\org.eclipse.equinox.launcher.win32.win32.x86_64_1.2.1400.v20250801-0854\eclipse_11916.dll
0x00007ff9838a0000 - 0x00007ff983a3c000 	C:\Windows\System32\ole32.dll
0x00007ff9806d0000 - 0x00007ff9806eb000 	C:\Windows\SYSTEM32\CRYPTSP.dll
0x00007ff97ffa0000 - 0x00007ff97ffd5000 	C:\Windows\system32\rsaenh.dll
0x00007ff980580000 - 0x00007ff9805a8000 	C:\Windows\SYSTEM32\USERENV.dll
0x00007ff980900000 - 0x00007ff980928000 	C:\Windows\SYSTEM32\bcrypt.dll
0x00007ff9806f0000 - 0x00007ff9806fc000 	C:\Windows\SYSTEM32\CRYPTBASE.dll
0x00007ff97fb10000 - 0x00007ff97fb3d000 	C:\Windows\SYSTEM32\IPHLPAPI.DLL
0x00007ff981d70000 - 0x00007ff981d79000 	C:\Windows\System32\NSI.dll
0x00007ff94aeb0000 - 0x00007ff94aef9000 	C:\Users\ADMIN\AppData\Local\Temp\jna-62130991\jna17564771551050982246.dll
0x00007ff983aa0000 - 0x00007ff983aa8000 	C:\Windows\System32\PSAPI.DLL
0x00007ff97bb10000 - 0x00007ff97bb29000 	C:\Windows\SYSTEM32\dhcpcsvc6.DLL
0x00007ff97ba70000 - 0x00007ff97ba8f000 	C:\Windows\SYSTEM32\dhcpcsvc.DLL
0x00007ff95d800000 - 0x00007ff95d80e000 	C:\Users\ADMIN\.vscode\extensions\redhat.java-1.51.0-win32-x64\jre\21.0.9-win32-x86_64\bin\sunmscapi.dll
0x00007ff981350000 - 0x00007ff9814b6000 	C:\Windows\System32\CRYPT32.dll
0x00007ff9808d0000 - 0x00007ff9808fd000 	C:\Windows\SYSTEM32\ncrypt.dll
0x00007ff980890000 - 0x00007ff9808c7000 	C:\Windows\SYSTEM32\NTASN1.dll
0x00007ff97fb40000 - 0x00007ff97fc32000 	C:\Windows\SYSTEM32\DNSAPI.dll
0x00007ff979430000 - 0x00007ff97943a000 	C:\Windows\System32\rasadhlp.dll
0x00007ff979820000 - 0x00007ff9798a3000 	C:\Windows\System32\fwpuclnt.dll
0x00007ff95af30000 - 0x00007ff95af39000 	C:\Users\ADMIN\.vscode\extensions\redhat.java-1.51.0-win32-x64\jre\21.0.9-win32-x86_64\bin\extnet.dll
0x00007ff958560000 - 0x00007ff958587000 	C:\Users\ADMIN\.gradle\native\1def1411415f61bf3af743bc5b6707747c0891f09f0c88961ee8f79bc544acac\windows-amd64\native-platform.dll
0x00007ff95eba0000 - 0x00007ff95ebaa000 	C:\Users\ADMIN\.vscode\extensions\redhat.java-1.51.0-win32-x64\jre\21.0.9-win32-x86_64\bin\management.dll
0x00007ff95e280000 - 0x00007ff95e28c000 	C:\Users\ADMIN\.vscode\extensions\redhat.java-1.51.0-win32-x64\jre\21.0.9-win32-x86_64\bin\management_ext.dll

JVMTI agents:
c:\Users\ADMIN\.vscode\extensions\redhat.java-1.51.0-win32-x64\lombok\lombok-1.18.39-4050.jar path:c:\Users\ADMIN\.vscode\extensions\redhat.java-1.51.0-win32-x64\jre\21.0.9-win32-x86_64\bin\instrument.dll, loaded, initialized, instrumentlib options:none

dbghelp: loaded successfully - version: 4.0.5 - missing functions: none
symbol engine: initialized successfully - sym options: 0x614 - pdb path: .;c:\Users\ADMIN\.vscode\extensions\redhat.java-1.51.0-win32-x64\jre\21.0.9-win32-x86_64\bin;C:\Windows\SYSTEM32;C:\Windows\WinSxS\amd64_microsoft.windows.common-controls_6595b64144ccf1df_6.0.22621.317_none_a9434687c10c9fa2;c:\Users\ADMIN\.vscode\extensions\redhat.java-1.51.0-win32-x64\jre\21.0.9-win32-x86_64\bin\server;C:\Users\ADMIN\AppData\Roaming\Code\User\globalStorage\redhat.java\1.51.0\config_win\org.eclipse.equinox.launcher\org.eclipse.equinox.launcher.win32.win32.x86_64_1.2.1400.v20250801-0854;C:\Users\ADMIN\AppData\Local\Temp\jna-62130991;C:\Users\ADMIN\.gradle\native\1def1411415f61bf3af743bc5b6707747c0891f09f0c88961ee8f79bc544acac\windows-amd64

VM Arguments:
jvm_args: --add-modules=ALL-SYSTEM --add-opens=java.base/java.util=ALL-UNNAMED --add-opens=java.base/java.lang=ALL-UNNAMED --add-opens=java.base/sun.nio.fs=ALL-UNNAMED -Declipse.application=org.eclipse.jdt.ls.core.id1 -Dosgi.bundles.defaultStartLevel=4 -Declipse.product=org.eclipse.jdt.ls.core.product -Djava.import.generatesMetadataFilesAtProjectRoot=false -DDetectVMInstallationsJob.disabled=true -Dfile.encoding=utf8 -XX:+UseParallelGC -XX:GCTimeRatio=4 -XX:AdaptiveSizePolicyWeight=90 -Dsun.zip.disableMemoryMapping=true -Xmx2G -Xms100m -Xlog:disable -javaagent:c:\Users\ADMIN\.vscode\extensions\redhat.java-1.51.0-win32-x64\lombok\lombok-1.18.39-4050.jar -XX:+HeapDumpOnOutOfMemoryError -XX:HeapDumpPath=c:\Users\ADMIN\AppData\Roaming\Code\User\workspaceStorage\4e94088d454c493f4dd15a9ac6fa88c4\redhat.java -Daether.dependencyCollector.impl=bf 
java_command: c:\Users\ADMIN\.vscode\extensions\redhat.java-1.51.0-win32-x64\server\plugins\org.eclipse.equinox.launcher_1.7.100.v20251111-0406.jar -configuration c:\Users\ADMIN\AppData\Roaming\Code\User\globalStorage\redhat.java\1.51.0\config_win -data c:\Users\ADMIN\AppData\Roaming\Code\User\workspaceStorage\4e94088d454c493f4dd15a9ac6fa88c4\redhat.java\jdt_ws --pipe=\\.\pipe\lsp-98606a2b0400c415001f018621f09200-sock
java_class_path (initial): c:\Users\ADMIN\.vscode\extensions\redhat.java-1.51.0-win32-x64\server\plugins\org.eclipse.equinox.launcher_1.7.100.v20251111-0406.jar
Launcher Type: SUN_STANDARD

[Global flags]
    uintx AdaptiveSizePolicyWeight                 = 90                                        {product} {command line}
     intx CICompilerCount                          = 4                                         {product} {ergonomic}
    uintx GCTimeRatio                              = 4                                         {product} {command line}
     bool HeapDumpOnOutOfMemoryError               = true                                   {manageable} {command line}
    ccstr HeapDumpPath                             = c:\Users\ADMIN\AppData\Roaming\Code\User\workspaceStorage\4e94088d454c493f4dd15a9ac6fa88c4\redhat.java         {manageable} {command line}
   size_t InitialHeapSize                          = 104857600                                 {product} {command line}
   size_t MaxHeapSize                              = 2147483648                                {product} {command line}
   size_t MaxNewSize                               = 715653120                                 {product} {ergonomic}
   size_t MinHeapDeltaBytes                        = 524288                                    {product} {ergonomic}
   size_t MinHeapSize                              = 104857600                                 {product} {command line}
   size_t NewSize                                  = 34603008                                  {product} {ergonomic}
    uintx NonNMethodCodeHeapSize                   = 5839372                                {pd product} {ergonomic}
    uintx NonProfiledCodeHeapSize                  = 122909434                              {pd product} {ergonomic}
   size_t OldSize                                  = 70254592                                  {product} {ergonomic}
    uintx ProfiledCodeHeapSize                     = 122909434                              {pd product} {ergonomic}
    uintx ReservedCodeCacheSize                    = 251658240                              {pd product} {ergonomic}
     bool SegmentedCodeCache                       = true                                      {product} {ergonomic}
   size_t SoftMaxHeapSize                          = 2147483648                             {manageable} {ergonomic}
     bool UseCompressedOops                        = true                           {product lp64_product} {ergonomic}
     bool UseLargePagesIndividualAllocation        = false                                  {pd product} {ergonomic}
     bool UseParallelGC                            = true                                      {product} {command line}

Logging:
Log output configuration:
 #0: stdout all=off uptime,level,tags foldmultilines=false
 #1: stderr all=off uptime,level,tags foldmultilines=false

Release file:
JAVA_VERSION="21.0.9" 
MODULES="java.base java.compiler java.datatransfer java.xml java.prefs java.desktop java.instrument java.logging java.management java.security.sasl java.naming java.rmi java.management.rmi java.net.http java.scripting java.security.jgss java.transaction.xa java.sql java.sql.rowset java.xml.crypto java.se java.smartcardio jdk.accessibility jdk.internal.jvmstat jdk.attach jdk.charsets jdk.internal.opt jdk.zipfs jdk.compiler jdk.crypto.ec jdk.crypto.cryptoki jdk.crypto.mscapi jdk.dynalink jdk.internal.ed jdk.editpad jdk.hotspot.agent jdk.httpserver jdk.internal.le jdk.internal.vm.ci jdk.internal.vm.compiler jdk.internal.vm.compiler.management jdk.jartool jdk.javadoc jdk.jcmd jdk.management jdk.management.agent jdk.jconsole jdk.jdeps jdk.jdwp.agent jdk.jdi jdk.jfr jdk.jshell jdk.jsobject jdk.jstatd jdk.localedata jdk.management.jfr jdk.naming.dns jdk.naming.rmi jdk.net jdk.nio.mapmode jdk.random jdk.sctp jdk.security.auth jdk.security.jgss jdk.unsupported jdk.unsupported.desktop jdk.xml.dom" 

Environment Variables:
JAVA_HOME=C:\Program Files\Java\jdk-21
PATH=C:\Program Files\Common Files\Oracle\Java\javapath;C:\Program Files (x86)\Common Files\Oracle\Java\javapath;C:\Program Files\Java\jdk-21\bin;C:\Windows\system32;C:\Windows;C:\Windows\System32\Wbem;C:\Windows\System32\WindowsPowerShell\v1.0\;C:\Windows\System32\OpenSSH\;C:\Users\ADMIN\AppData\Roaming\nvm;C:\Program Files\nodejs;C:\Program Files\Java\jdk1.8.0_211\bin;C:\Program Files\k6\;C:\Program Files\PowerShell\7\;C:\Program Files\Git\cmd;C:\Users\ADMIN\AppData\Local\Programs\Python\Python313\Scripts\;C:\Users\ADMIN\AppData\Local\Programs\Python\Python313\;C:\Users\ADMIN\AppData\Local\Programs\Python\Launcher\;C:\Program Files\MySQL\MySQL Shell 8.0\bin\;C:\Users\ADMIN\AppData\Local\Microsoft\WindowsApps;C:\Users\ADMIN\AppData\Roaming\npm;C:\Users\ADMIN\AppData\Roaming\nvm;C:\Program Files\nodejs;C:\Program Files\Java\jdk1.8.0_211\bin;C:\Users\ADMIN\AppData\Local\Coursier\data\bin;C:\hadoop-2.6.0\bin;C:\hadoop-2.6.0\sbin;C:\Users\ADMIN\AppData\Local\Programs\cursor\resources\app\bin;C:\Users\ADMIN\AppData\Local\Programs\Microsoft VS Code\bin
USERNAME=ADMIN
OS=Windows_NT
PROCESSOR_IDENTIFIER=AMD64 Family 23 Model 104 Stepping 1, AuthenticAMD
TMP=C:\Users\ADMIN\AppData\Local\Temp
TEMP=C:\Users\ADMIN\AppData\Local\Temp




Periodic native trim disabled

---------------  S Y S T E M  ---------------

OS:
 Windows 11 , 64 bit Build 22621 (10.0.22621.457)
OS uptime: 2 days 3:24 hours

CPU: total 12 (initial active 12) (12 cores per cpu, 2 threads per core) family 23 model 104 stepping 1 microcode 0x0, cx8, cmov, fxsr, ht, mmx, 3dnowpref, sse, sse2, sse3, ssse3, sse4a, sse4.1, sse4.2, popcnt, lzcnt, tsc, tscinvbit, avx, avx2, aes, clmul, bmi1, bmi2, adx, sha, fma, vzeroupper, clflush, clflushopt, rdtscp, rdpid, f16c
Processor Information for the first 12 processors :
  Max Mhz: 2100, Current Mhz: 2100, Mhz Limit: 2100

Memory: 4k page, system-wide physical 7528M (229M free)
TotalPageFile size 25146M (AvailPageFile size 0M)
current process WorkingSet (physical memory assigned to process): 137M, peak: 976M
current process commit charge ("private bytes"): 1629M, peak: 1635M

vm_info: OpenJDK 64-Bit Server VM (21.0.9+10-LTS) for windows-amd64 JRE (21.0.9+10-LTS), built on 2025-10-21T00:00:00Z by "admin" with unknown MS VC++:1942

END.
