#
# There is insufficient memory for the Java Runtime Environment to continue.
# Native memory allocation (malloc) failed to allocate 1048576 bytes. Error detail: AllocateHeap
# Possible reasons:
#   The system is out of physical RAM or swap space
#   This process is running with CompressedOops enabled, and the Java Heap may be blocking the growth of the native heap
# Possible solutions:
#   Reduce memory load on the system
#   Increase physical memory or swap space
#   Check if swap backing store is full
#   Decrease Java heap size (-Xmx/-Xms)
#   Decrease number of Java threads
#   Decrease Java thread stack sizes (-Xss)
#   Set larger code cache with -XX:ReservedCodeCacheSize=
#   JVM is running with Unscaled Compressed Oops mode in which the Java heap is
#     placed in the first 4GB address space. The Java Heap base address is the
#     maximum limit for the native heap growth. Please use -XX:HeapBaseMinAddress
#     to set the Java Heap base and to place the Java Heap above 4GB virtual address.
# This output file may be truncated or incomplete.
#
#  Out of Memory Error (allocation.cpp:44), pid=12384, tid=12644
#
# JRE version: OpenJDK Runtime Environment Temurin-21.0.8+9 (21.0.8+9) (build 21.0.8+9-LTS)
# Java VM: OpenJDK 64-Bit Server VM Temurin-21.0.8+9 (21.0.8+9-LTS, mixed mode, sharing, tiered, compressed oops, compressed class ptrs, parallel gc, windows-amd64)
# No core dump will be written. Minidumps are not enabled by default on client versions of Windows
#

---------------  S U M M A R Y ------------

Command Line: --add-modules=ALL-SYSTEM --add-opens=java.base/java.util=ALL-UNNAMED --add-opens=java.base/java.lang=ALL-UNNAMED --add-opens=java.base/sun.nio.fs=ALL-UNNAMED -Declipse.application=org.eclipse.jdt.ls.core.id1 -Dosgi.bundles.defaultStartLevel=4 -Declipse.product=org.eclipse.jdt.ls.core.product -Djava.import.generatesMetadataFilesAtProjectRoot=false -DDetectVMInstallationsJob.disabled=true -Dfile.encoding=utf8 -XX:+UseParallelGC -XX:GCTimeRatio=4 -XX:AdaptiveSizePolicyWeight=90 -Dsun.zip.disableMemoryMapping=true -Xmx2G -Xms100m -Xlog:disable -javaagent:c:\Users\ADMIN\.vscode\extensions\redhat.java-1.45.0-win32-x64\lombok\lombok-1.18.39-4050.jar -XX:+HeapDumpOnOutOfMemoryError -XX:HeapDumpPath=c:\Users\ADMIN\AppData\Roaming\Code\User\workspaceStorage\5b60343a8681c96c8985cc75f6cf486d\redhat.java -Daether.dependencyCollector.impl=bf c:\Users\ADMIN\.vscode\extensions\redhat.java-1.45.0-win32-x64\server\plugins\org.eclipse.equinox.launcher_1.7.0.v20250519-0528.jar -configuration c:\Users\ADMIN\AppData\Roaming\Code\User\globalStorage\redhat.java\1.45.0\config_win -data c:\Users\ADMIN\AppData\Roaming\Code\User\workspaceStorage\5b60343a8681c96c8985cc75f6cf486d\redhat.java\jdt_ws --pipe=\\.\pipe\lsp-5c955f391232367c339c9c6ed80f4871-sock

Host: AMD Ryzen 5 5500U with Radeon Graphics         , 12 cores, 7G,  Windows 11 , 64 bit Build 22621 (10.0.22621.457)
Time: Tue Sep 23 20:17:53 2025 SE Asia Standard Time elapsed time: 1270.851514 seconds (0d 0h 21m 10s)

---------------  T H R E A D  ---------------

Current thread (0x0000018798442960):  JavaThread "Attach Listener" daemon [_thread_in_vm, id=12644, stack(0x0000003d0e800000,0x0000003d0e900000) (1024K)]

Stack: [0x0000003d0e800000,0x0000003d0e900000]
Native frames: (J=compiled Java code, j=interpreted, Vv=VM code, C=native code)
V  [jvm.dll+0x6d2449]
V  [jvm.dll+0x8ae341]
V  [jvm.dll+0x8b08be]
V  [jvm.dll+0x8b0fa3]
V  [jvm.dll+0x280c96]
V  [jvm.dll+0xc0347]
V  [jvm.dll+0x6d2cf9]
V  [jvm.dll+0x131116]
V  [jvm.dll+0x3f2d16]
V  [jvm.dll+0x857e6b]
V  [jvm.dll+0x6d0b0d]
C  [ucrtbase.dll+0x29363]
C  [KERNEL32.DLL+0x1244d]
C  [ntdll.dll+0x5df78]


---------------  P R O C E S S  ---------------

Threads class SMR info:
_java_thread_list=0x00000187ac0318b0, length=40, elements={
0x000001873eab6340, 0x000001873ea6a470, 0x000001873ea6ce40, 0x0000018798441d10,
0x0000018798442960, 0x00000187984435b0, 0x0000018798446b00, 0x0000018798449940,
0x0000018798450bc0, 0x000001879855e410, 0x0000018798785cc0, 0x000001879d617150,
0x000001879d569d10, 0x00000187987b0270, 0x00000187987bf820, 0x000001879d320700,
0x0000018798613c40, 0x000001879d5c9300, 0x000001879d5c78c0, 0x000001879d5cad40,
0x000001879fff74e0, 0x000001879fff8200, 0x000001879fff5410, 0x000001879fff6130,
0x000001879fff67c0, 0x000001879fff7b70, 0x000001879fff5aa0, 0x00000187a05cdcd0,
0x00000187a05d38b0, 0x00000187a05cf710, 0x00000187a05d3220, 0x00000187a05ce360,
0x00000187a05d3f40, 0x00000187a05d2b90, 0x00000187a05d45d0, 0x00000187a05cfda0,
0x00000187a0f3dc70, 0x00000187a0f43850, 0x00000187adeb3910, 0x00000187adead010
}

Java Threads: ( => current thread )
  0x000001873eab6340 JavaThread "main"                              [_thread_blocked, id=1916, stack(0x0000003d0e100000,0x0000003d0e200000) (1024K)]
  0x000001873ea6a470 JavaThread "Reference Handler"          daemon [_thread_blocked, id=15704, stack(0x0000003d0e500000,0x0000003d0e600000) (1024K)]
  0x000001873ea6ce40 JavaThread "Finalizer"                  daemon [_thread_blocked, id=15172, stack(0x0000003d0e600000,0x0000003d0e700000) (1024K)]
  0x0000018798441d10 JavaThread "Signal Dispatcher"          daemon [_thread_blocked, id=5368, stack(0x0000003d0e700000,0x0000003d0e800000) (1024K)]
=>0x0000018798442960 JavaThread "Attach Listener"            daemon [_thread_in_vm, id=12644, stack(0x0000003d0e800000,0x0000003d0e900000) (1024K)]
  0x00000187984435b0 JavaThread "Service Thread"             daemon [_thread_blocked, id=3920, stack(0x0000003d0e900000,0x0000003d0ea00000) (1024K)]
  0x0000018798446b00 JavaThread "Monitor Deflation Thread"   daemon [_thread_blocked, id=2200, stack(0x0000003d0ea00000,0x0000003d0eb00000) (1024K)]
  0x0000018798449940 JavaThread "C2 CompilerThread0"         daemon [_thread_blocked, id=6296, stack(0x0000003d0eb00000,0x0000003d0ec00000) (1024K)]
  0x0000018798450bc0 JavaThread "C1 CompilerThread0"         daemon [_thread_blocked, id=21036, stack(0x0000003d0ec00000,0x0000003d0ed00000) (1024K)]
  0x000001879855e410 JavaThread "Common-Cleaner"             daemon [_thread_blocked, id=9464, stack(0x0000003d0ed00000,0x0000003d0ee00000) (1024K)]
  0x0000018798785cc0 JavaThread "Notification Thread"        daemon [_thread_blocked, id=20108, stack(0x0000003d0ee00000,0x0000003d0ef00000) (1024K)]
  0x000001879d617150 JavaThread "Active Thread: Equinox Container: dcad45cc-ad4c-439b-a81b-b28799665cb2"        [_thread_blocked, id=19432, stack(0x0000003d0f600000,0x0000003d0f700000) (1024K)]
  0x000001879d569d10 JavaThread "Refresh Thread: Equinox Container: dcad45cc-ad4c-439b-a81b-b28799665cb2" daemon [_thread_blocked, id=13696, stack(0x0000003d0f700000,0x0000003d0f800000) (1024K)]
  0x00000187987b0270 JavaThread "Framework Event Dispatcher: Equinox Container: dcad45cc-ad4c-439b-a81b-b28799665cb2" daemon [_thread_blocked, id=7068, stack(0x0000003d0f800000,0x0000003d0f900000) (1024K)]
  0x00000187987bf820 JavaThread "Start Level: Equinox Container: dcad45cc-ad4c-439b-a81b-b28799665cb2" daemon [_thread_blocked, id=19304, stack(0x0000003d0f900000,0x0000003d0fa00000) (1024K)]
  0x000001879d320700 JavaThread "Bundle File Closer"         daemon [_thread_blocked, id=16256, stack(0x0000003d0fc00000,0x0000003d0fd00000) (1024K)]
  0x0000018798613c40 JavaThread "SCR Component Actor"        daemon [_thread_blocked, id=8332, stack(0x0000003d0fd00000,0x0000003d0fe00000) (1024K)]
  0x000001879d5c9300 JavaThread "Worker-JM"                         [_thread_blocked, id=9844, stack(0x0000003d0ff00000,0x0000003d10000000) (1024K)]
  0x000001879d5c78c0 JavaThread "JNA Cleaner"                daemon [_thread_blocked, id=2344, stack(0x0000003d10000000,0x0000003d10100000) (1024K)]
  0x000001879d5cad40 JavaThread "Java indexing"              daemon [_thread_blocked, id=19512, stack(0x0000003d10600000,0x0000003d10700000) (1024K)]
  0x000001879fff74e0 JavaThread "Thread-2"                   daemon [_thread_in_native, id=22076, stack(0x0000003d10b00000,0x0000003d10c00000) (1024K)]
  0x000001879fff8200 JavaThread "Thread-3"                   daemon [_thread_in_native, id=21096, stack(0x0000003d10c00000,0x0000003d10d00000) (1024K)]
  0x000001879fff5410 JavaThread "Thread-4"                   daemon [_thread_in_native, id=19768, stack(0x0000003d10d00000,0x0000003d10e00000) (1024K)]
  0x000001879fff6130 JavaThread "Thread-5"                   daemon [_thread_in_native, id=13584, stack(0x0000003d10e00000,0x0000003d10f00000) (1024K)]
  0x000001879fff67c0 JavaThread "Thread-6"                   daemon [_thread_in_native, id=4800, stack(0x0000003d10f00000,0x0000003d11000000) (1024K)]
  0x000001879fff7b70 JavaThread "Thread-7"                   daemon [_thread_in_native, id=21876, stack(0x0000003d11000000,0x0000003d11100000) (1024K)]
  0x000001879fff5aa0 JavaThread "Thread-8"                   daemon [_thread_in_native, id=20220, stack(0x0000003d11100000,0x0000003d11200000) (1024K)]
  0x00000187a05cdcd0 JavaThread "Thread-9"                   daemon [_thread_in_native, id=21808, stack(0x0000003d11200000,0x0000003d11300000) (1024K)]
  0x00000187a05d38b0 JavaThread "Thread-10"                  daemon [_thread_in_native, id=9760, stack(0x0000003d11300000,0x0000003d11400000) (1024K)]
  0x00000187a05cf710 JavaThread "Thread-11"                  daemon [_thread_in_native, id=3856, stack(0x0000003d11400000,0x0000003d11500000) (1024K)]
  0x00000187a05d3220 JavaThread "Thread-12"                  daemon [_thread_in_native, id=15812, stack(0x0000003d11500000,0x0000003d11600000) (1024K)]
  0x00000187a05ce360 JavaThread "Thread-13"                  daemon [_thread_in_native, id=21732, stack(0x0000003d11600000,0x0000003d11700000) (1024K)]
  0x00000187a05d3f40 JavaThread "Thread-14"                  daemon [_thread_in_native, id=13568, stack(0x0000003d11700000,0x0000003d11800000) (1024K)]
  0x00000187a05d2b90 JavaThread "pool-2-thread-1"                   [_thread_blocked, id=16360, stack(0x0000003d11800000,0x0000003d11900000) (1024K)]
  0x00000187a05d45d0 JavaThread "WorkspaceEventsHandler"            [_thread_blocked, id=19108, stack(0x0000003d11900000,0x0000003d11a00000) (1024K)]
  0x00000187a05cfda0 JavaThread "pool-1-thread-1"                   [_thread_blocked, id=20780, stack(0x0000003d11a00000,0x0000003d11b00000) (1024K)]
  0x00000187a0f3dc70 JavaThread "Timer-0"                           [_thread_blocked, id=1576, stack(0x0000003d12300000,0x0000003d12400000) (1024K)]
  0x00000187a0f43850 JavaThread "Cleaner-0"                  daemon [_thread_blocked, id=2020, stack(0x0000003d12600000,0x0000003d12700000) (1024K)]
  0x00000187adeb3910 JavaThread "Worker-8"                          [_thread_blocked, id=20160, stack(0x0000003d0fe00000,0x0000003d0ff00000) (1024K)]
  0x00000187adead010 JavaThread "Worker-9"                          [_thread_blocked, id=20776, stack(0x0000003d10200000,0x0000003d10300000) (1024K)]
Total: 40

Other Threads:
  0x000001873eb7e7e0 VMThread "VM Thread"                           [id=14240, stack(0x0000003d0e400000,0x0000003d0e500000) (1024K)]
  0x000001873eb20e40 WatcherThread "VM Periodic Task Thread"        [id=4956, stack(0x0000003d0e300000,0x0000003d0e400000) (1024K)]
  0x000001873ead4e20 WorkerThread "GC Thread#0"                     [id=13308, stack(0x0000003d0e200000,0x0000003d0e300000) (1024K)]
  0x000001879d602160 WorkerThread "GC Thread#1"                     [id=13544, stack(0x0000003d0ef00000,0x0000003d0f000000) (1024K)]
  0x000001879d6e92f0 WorkerThread "GC Thread#2"                     [id=21364, stack(0x0000003d0f000000,0x0000003d0f100000) (1024K)]
  0x000001879d6e9690 WorkerThread "GC Thread#3"                     [id=18632, stack(0x0000003d0f100000,0x0000003d0f200000) (1024K)]
  0x000001879d6e6140 WorkerThread "GC Thread#4"                     [id=21964, stack(0x0000003d0f200000,0x0000003d0f300000) (1024K)]
  0x000001879d6e64e0 WorkerThread "GC Thread#5"                     [id=12260, stack(0x0000003d0f300000,0x0000003d0f400000) (1024K)]
  0x000001879d6e6880 WorkerThread "GC Thread#6"                     [id=20460, stack(0x0000003d0f400000,0x0000003d0f500000) (1024K)]
  0x000001879848ae00 WorkerThread "GC Thread#7"                     [id=14024, stack(0x0000003d0f500000,0x0000003d0f600000) (1024K)]
  0x00000187984bb420 WorkerThread "GC Thread#8"                     [id=15528, stack(0x0000003d0fa00000,0x0000003d0fb00000) (1024K)]
  0x000001879d760b10 WorkerThread "GC Thread#9"                     [id=15460, stack(0x0000003d0fb00000,0x0000003d0fc00000) (1024K)]
Total: 12

Threads with active compile tasks:
Total: 0

VM state: not at safepoint (normal execution)

VM Mutex/Monitor currently owned by a thread: None

Heap address: 0x0000000080000000, size: 2048 MB, Compressed Oops mode: 32-bit

CDS archive(s) mapped at: [0x0000018756000000-0x0000018756ba0000-0x0000018756ba0000), size 12189696, SharedBaseAddress: 0x0000018756000000, ArchiveRelocationMode: 1.
Compressed class space mapped at: 0x0000018757000000-0x0000018797000000, reserved size: 1073741824
Narrow klass base: 0x0000018756000000, Narrow klass shift: 0, Narrow klass range: 0x100000000

GC Precious Log:
 CardTable entry size: 512
 CPUs: 12 total, 12 available
 Memory: 7528M
 Large Page Support: Disabled
 NUMA Support: Disabled
 Compressed Oops: Enabled (32-bit)
 Alignments: Space 512K, Generation 512K, Heap 2M
 Heap Min Capacity: 100M
 Heap Initial Capacity: 100M
 Heap Max Capacity: 2G
 Pre-touch: Disabled
 Parallel Workers: 10

Heap:
 PSYoungGen      total 8192K, used 7326K [0x00000000d5580000, 0x00000000d6280000, 0x0000000100000000)
  eden space 4608K, 82% used [0x00000000d5580000,0x00000000d5938378,0x00000000d5a00000)
  from space 3584K, 98% used [0x00000000d5f00000,0x00000000d626f620,0x00000000d6280000)
  to   space 4096K, 0% used [0x00000000d5a80000,0x00000000d5a80000,0x00000000d5e80000)
 ParOldGen       total 387584K, used 387226K [0x0000000080000000, 0x0000000097a80000, 0x00000000d5580000)
  object space 387584K, 99% used [0x0000000080000000,0x0000000097a26a00,0x0000000097a80000)
 Metaspace       used 76417K, committed 78080K, reserved 1179648K
  class space    used 8487K, committed 9216K, reserved 1048576K

Card table byte_map: [0x000001873e460000,0x000001873e870000] _byte_map_base: 0x000001873e060000

Marking Bits: (ParMarkBitMap*) 0x00007ffef2d9a340
 Begin Bits: [0x0000018750f60000, 0x0000018752f60000)
 End Bits:   [0x0000018752f60000, 0x0000018754f60000)

Polling page: 0x000001873c770000

Metaspace:

Usage:
  Non-class:     66.34 MB used.
      Class:      8.29 MB used.
       Both:     74.63 MB used.

Virtual space:
  Non-class space:      128.00 MB reserved,      67.25 MB ( 53%) committed,  2 nodes.
      Class space:        1.00 GB reserved,       9.00 MB ( <1%) committed,  1 nodes.
             Both:        1.12 GB reserved,      76.25 MB (  7%) committed. 

Chunk freelists:
   Non-Class:  12.50 MB
       Class:  7.01 MB
        Both:  19.51 MB

MaxMetaspaceSize: unlimited
CompressedClassSpaceSize: 1.00 GB
Initial GC threshold: 21.00 MB
Current GC threshold: 97.31 MB
CDS: on
 - commit_granule_bytes: 65536.
 - commit_granule_words: 8192.
 - virtual_space_node_default_size: 8388608.
 - enlarge_chunks_in_place: 1.
 - use_allocation_guard: 0.


Internal statistics:

num_allocs_failed_limit: 9.
num_arena_births: 1454.
num_arena_deaths: 32.
num_vsnodes_births: 3.
num_vsnodes_deaths: 0.
num_space_committed: 1220.
num_space_uncommitted: 0.
num_chunks_returned_to_freelist: 45.
num_chunks_taken_from_freelist: 5050.
num_chunk_merges: 14.
num_chunk_splits: 3164.
num_chunks_enlarged: 1856.
num_inconsistent_stats: 0.

CodeHeap 'non-profiled nmethods': size=120000Kb used=9992Kb max_used=9992Kb free=110007Kb
 bounds [0x0000018749780000, 0x000001874a150000, 0x0000018750cb0000]
CodeHeap 'profiled nmethods': size=120000Kb used=31157Kb max_used=31157Kb free=88842Kb
 bounds [0x0000018741cb0000, 0x0000018743b20000, 0x00000187491e0000]
CodeHeap 'non-nmethods': size=5760Kb used=1461Kb max_used=1564Kb free=4298Kb
 bounds [0x00000187491e0000, 0x0000018749450000, 0x0000018749780000]
CodeCache: size=245760Kb, used=42610Kb, max_used=42713Kb, free=203147Kb
 total_blobs=14259, nmethods=13478, adapters=684, full_count=0
Compilation: enabled, stopped_count=0, restarted_count=0

Compilation events (20 events):
Event: 705.505 Thread 0x0000018798450bc0 14260       3       java.util.concurrent.locks.AbstractQueuedSynchronizer$ConditionNode::<init> (5 bytes)
Event: 705.506 Thread 0x0000018798450bc0 nmethod 14260 0x0000018743b19d90 code [0x0000018743b19f40, 0x0000018743b1a108]
Event: 705.506 Thread 0x0000018798450bc0 14261       3       java.util.concurrent.locks.AbstractQueuedSynchronizer$ConditionObject::enableWait (84 bytes)
Event: 705.508 Thread 0x0000018798450bc0 nmethod 14261 0x0000018743b1a210 code [0x0000018743b1a420, 0x0000018743b1aa58]
Event: 745.076 Thread 0x0000018798450bc0 14262       3       java.lang.Module::getClassLoader (20 bytes)
Event: 745.083 Thread 0x0000018798450bc0 nmethod 14262 0x0000018743b1ac90 code [0x0000018743b1ae40, 0x0000018743b1b038]
Event: 775.558 Thread 0x0000018798449940 14263       4       java.util.concurrent.locks.LockSupport::setBlocker (12 bytes)
Event: 775.559 Thread 0x0000018798449940 nmethod 14263 0x000001874a141c90 code [0x000001874a141e00, 0x000001874a141e88]
Event: 825.594 Thread 0x0000018798450bc0 14264       3       java.util.concurrent.ThreadPoolExecutor::workerCountOf (5 bytes)
Event: 825.594 Thread 0x0000018798450bc0 nmethod 14264 0x0000018743b1b110 code [0x0000018743b1b2a0, 0x0000018743b1b398]
Event: 895.640 Thread 0x0000018798450bc0 14265       3       java.util.concurrent.ScheduledThreadPoolExecutor$DelayedWorkQueue::setIndex (16 bytes)
Event: 895.640 Thread 0x0000018798450bc0 nmethod 14265 0x0000018743b1b410 code [0x0000018743b1b5c0, 0x0000018743b1b8c8]
Event: 964.922 Thread 0x0000018798450bc0 14266       1       java.util.concurrent.ThreadPoolExecutor::getQueue (5 bytes)
Event: 964.931 Thread 0x0000018798450bc0 nmethod 14266 0x000001874a141f90 code [0x000001874a142120, 0x000001874a1421e8]
Event: 1144.968 Thread 0x0000018798450bc0 14267       3       java.util.concurrent.ScheduledThreadPoolExecutor$ScheduledFutureTask::getDelay (16 bytes)
Event: 1144.984 Thread 0x0000018798450bc0 nmethod 14267 0x0000018743b1b990 code [0x0000018743b1bb40, 0x0000018743b1bcd8]
Event: 1254.823 Thread 0x0000018798450bc0 14268       3       org.eclipse.core.internal.resources.MarkerAttributeMap::getMap (11 bytes)
Event: 1255.673 Thread 0x0000018798450bc0 nmethod 14268 0x0000018743b1bd90 code [0x0000018743b1bf40, 0x0000018743b1c180]
Event: 1255.693 Thread 0x0000018798450bc0 14269       3       org.eclipse.core.internal.resources.MarkerAttributeMap::shareStrings (92 bytes)
Event: 1256.674 Thread 0x0000018798450bc0 nmethod 14269 0x0000018743b1c290 code [0x0000018743b1c520, 0x0000018743b1d3d0]

GC Heap History (20 events):
Event: 133.326 GC heap before
{Heap before GC invocations=796 (full 3):
 PSYoungGen      total 8704K, used 8313K [0x00000000d5580000, 0x00000000d6000000, 0x0000000100000000)
  eden space 7680K, 100% used [0x00000000d5580000,0x00000000d5d00000,0x00000000d5d00000)
  from space 1024K, 61% used [0x00000000d5f00000,0x00000000d5f9e410,0x00000000d6000000)
  to   space 1024K, 0% used [0x00000000d5d00000,0x00000000d5d00000,0x00000000d5e00000)
 ParOldGen       total 370176K, used 370167K [0x0000000080000000, 0x0000000096980000, 0x00000000d5580000)
  object space 370176K, 99% used [0x0000000080000000,0x000000009697dfc0,0x0000000096980000)
 Metaspace       used 76317K, committed 77952K, reserved 1179648K
  class space    used 8482K, committed 9216K, reserved 1048576K
}
Event: 133.328 GC heap after
{Heap after GC invocations=796 (full 3):
 PSYoungGen      total 8704K, used 713K [0x00000000d5580000, 0x00000000d5f80000, 0x0000000100000000)
  eden space 7680K, 0% used [0x00000000d5580000,0x00000000d5580000,0x00000000d5d00000)
  from space 1024K, 69% used [0x00000000d5d00000,0x00000000d5db2400,0x00000000d5e00000)
  to   space 1024K, 0% used [0x00000000d5e80000,0x00000000d5e80000,0x00000000d5f80000)
 ParOldGen       total 370688K, used 370223K [0x0000000080000000, 0x0000000096a00000, 0x00000000d5580000)
  object space 370688K, 99% used [0x0000000080000000,0x000000009698bfc0,0x0000000096a00000)
 Metaspace       used 76317K, committed 77952K, reserved 1179648K
  class space    used 8482K, committed 9216K, reserved 1048576K
}
Event: 133.389 GC heap before
{Heap before GC invocations=797 (full 3):
 PSYoungGen      total 8704K, used 8393K [0x00000000d5580000, 0x00000000d5f80000, 0x0000000100000000)
  eden space 7680K, 100% used [0x00000000d5580000,0x00000000d5d00000,0x00000000d5d00000)
  from space 1024K, 69% used [0x00000000d5d00000,0x00000000d5db2400,0x00000000d5e00000)
  to   space 1024K, 0% used [0x00000000d5e80000,0x00000000d5e80000,0x00000000d5f80000)
 ParOldGen       total 370688K, used 370223K [0x0000000080000000, 0x0000000096a00000, 0x00000000d5580000)
  object space 370688K, 99% used [0x0000000080000000,0x000000009698bfc0,0x0000000096a00000)
 Metaspace       used 76324K, committed 77952K, reserved 1179648K
  class space    used 8482K, committed 9216K, reserved 1048576K
}
Event: 133.392 GC heap after
{Heap after GC invocations=797 (full 3):
 PSYoungGen      total 8704K, used 857K [0x00000000d5580000, 0x00000000d5f80000, 0x0000000100000000)
  eden space 7680K, 0% used [0x00000000d5580000,0x00000000d5580000,0x00000000d5d00000)
  from space 1024K, 83% used [0x00000000d5e80000,0x00000000d5f56410,0x00000000d5f80000)
  to   space 1024K, 0% used [0x00000000d5d00000,0x00000000d5d00000,0x00000000d5e00000)
 ParOldGen       total 371200K, used 370776K [0x0000000080000000, 0x0000000096a80000, 0x00000000d5580000)
  object space 371200K, 99% used [0x0000000080000000,0x0000000096a163f0,0x0000000096a80000)
 Metaspace       used 76324K, committed 77952K, reserved 1179648K
  class space    used 8482K, committed 9216K, reserved 1048576K
}
Event: 133.430 GC heap before
{Heap before GC invocations=798 (full 3):
 PSYoungGen      total 8704K, used 8537K [0x00000000d5580000, 0x00000000d5f80000, 0x0000000100000000)
  eden space 7680K, 100% used [0x00000000d5580000,0x00000000d5d00000,0x00000000d5d00000)
  from space 1024K, 83% used [0x00000000d5e80000,0x00000000d5f56410,0x00000000d5f80000)
  to   space 1024K, 0% used [0x00000000d5d00000,0x00000000d5d00000,0x00000000d5e00000)
 ParOldGen       total 371200K, used 370776K [0x0000000080000000, 0x0000000096a80000, 0x00000000d5580000)
  object space 371200K, 99% used [0x0000000080000000,0x0000000096a163f0,0x0000000096a80000)
 Metaspace       used 76341K, committed 78016K, reserved 1179648K
  class space    used 8482K, committed 9216K, reserved 1048576K
}
Event: 133.433 GC heap after
{Heap after GC invocations=798 (full 3):
 PSYoungGen      total 8704K, used 873K [0x00000000d5580000, 0x00000000d5f00000, 0x0000000100000000)
  eden space 7680K, 0% used [0x00000000d5580000,0x00000000d5580000,0x00000000d5d00000)
  from space 1024K, 85% used [0x00000000d5d00000,0x00000000d5dda400,0x00000000d5e00000)
  to   space 1024K, 0% used [0x00000000d5e00000,0x00000000d5e00000,0x00000000d5f00000)
 ParOldGen       total 371712K, used 371460K [0x0000000080000000, 0x0000000096b00000, 0x00000000d5580000)
  object space 371712K, 99% used [0x0000000080000000,0x0000000096ac1040,0x0000000096b00000)
 Metaspace       used 76341K, committed 78016K, reserved 1179648K
  class space    used 8482K, committed 9216K, reserved 1048576K
}
Event: 133.460 GC heap before
{Heap before GC invocations=799 (full 3):
 PSYoungGen      total 8704K, used 8553K [0x00000000d5580000, 0x00000000d5f00000, 0x0000000100000000)
  eden space 7680K, 100% used [0x00000000d5580000,0x00000000d5d00000,0x00000000d5d00000)
  from space 1024K, 85% used [0x00000000d5d00000,0x00000000d5dda400,0x00000000d5e00000)
  to   space 1024K, 0% used [0x00000000d5e00000,0x00000000d5e00000,0x00000000d5f00000)
 ParOldGen       total 371712K, used 371460K [0x0000000080000000, 0x0000000096b00000, 0x00000000d5580000)
  object space 371712K, 99% used [0x0000000080000000,0x0000000096ac1040,0x0000000096b00000)
 Metaspace       used 76341K, committed 78016K, reserved 1179648K
  class space    used 8482K, committed 9216K, reserved 1048576K
}
Event: 133.464 GC heap after
{Heap after GC invocations=799 (full 3):
 PSYoungGen      total 8704K, used 832K [0x00000000d5580000, 0x00000000d5f00000, 0x0000000100000000)
  eden space 7680K, 0% used [0x00000000d5580000,0x00000000d5580000,0x00000000d5d00000)
  from space 1024K, 81% used [0x00000000d5e00000,0x00000000d5ed0020,0x00000000d5f00000)
  to   space 1024K, 0% used [0x00000000d5d00000,0x00000000d5d00000,0x00000000d5e00000)
 ParOldGen       total 372736K, used 372272K [0x0000000080000000, 0x0000000096c00000, 0x00000000d5580000)
  object space 372736K, 99% used [0x0000000080000000,0x0000000096b8c3f0,0x0000000096c00000)
 Metaspace       used 76341K, committed 78016K, reserved 1179648K
  class space    used 8482K, committed 9216K, reserved 1048576K
}
Event: 133.495 GC heap before
{Heap before GC invocations=800 (full 3):
 PSYoungGen      total 8704K, used 8512K [0x00000000d5580000, 0x00000000d5f00000, 0x0000000100000000)
  eden space 7680K, 100% used [0x00000000d5580000,0x00000000d5d00000,0x00000000d5d00000)
  from space 1024K, 81% used [0x00000000d5e00000,0x00000000d5ed0020,0x00000000d5f00000)
  to   space 1024K, 0% used [0x00000000d5d00000,0x00000000d5d00000,0x00000000d5e00000)
 ParOldGen       total 372736K, used 372272K [0x0000000080000000, 0x0000000096c00000, 0x00000000d5580000)
  object space 372736K, 99% used [0x0000000080000000,0x0000000096b8c3f0,0x0000000096c00000)
 Metaspace       used 76348K, committed 78016K, reserved 1179648K
  class space    used 8482K, committed 9216K, reserved 1048576K
}
Event: 133.497 GC heap after
{Heap after GC invocations=800 (full 3):
 PSYoungGen      total 8704K, used 937K [0x00000000d5580000, 0x00000000d5f00000, 0x0000000100000000)
  eden space 7680K, 0% used [0x00000000d5580000,0x00000000d5580000,0x00000000d5d00000)
  from space 1024K, 91% used [0x00000000d5d00000,0x00000000d5dea400,0x00000000d5e00000)
  to   space 1024K, 0% used [0x00000000d5e00000,0x00000000d5e00000,0x00000000d5f00000)
 ParOldGen       total 373248K, used 372969K [0x0000000080000000, 0x0000000096c80000, 0x00000000d5580000)
  object space 373248K, 99% used [0x0000000080000000,0x0000000096c3a420,0x0000000096c80000)
 Metaspace       used 76348K, committed 78016K, reserved 1179648K
  class space    used 8482K, committed 9216K, reserved 1048576K
}
Event: 133.526 GC heap before
{Heap before GC invocations=801 (full 3):
 PSYoungGen      total 8704K, used 8617K [0x00000000d5580000, 0x00000000d5f00000, 0x0000000100000000)
  eden space 7680K, 100% used [0x00000000d5580000,0x00000000d5d00000,0x00000000d5d00000)
  from space 1024K, 91% used [0x00000000d5d00000,0x00000000d5dea400,0x00000000d5e00000)
  to   space 1024K, 0% used [0x00000000d5e00000,0x00000000d5e00000,0x00000000d5f00000)
 ParOldGen       total 373248K, used 372969K [0x0000000080000000, 0x0000000096c80000, 0x00000000d5580000)
  object space 373248K, 99% used [0x0000000080000000,0x0000000096c3a420,0x0000000096c80000)
 Metaspace       used 76352K, committed 78016K, reserved 1179648K
  class space    used 8483K, committed 9216K, reserved 1048576K
}
Event: 133.530 GC heap after
{Heap after GC invocations=801 (full 3):
 PSYoungGen      total 8704K, used 592K [0x00000000d5580000, 0x00000000d5f00000, 0x0000000100000000)
  eden space 7680K, 0% used [0x00000000d5580000,0x00000000d5580000,0x00000000d5d00000)
  from space 1024K, 57% used [0x00000000d5e00000,0x00000000d5e94030,0x00000000d5f00000)
  to   space 1024K, 0% used [0x00000000d5d00000,0x00000000d5d00000,0x00000000d5e00000)
 ParOldGen       total 374272K, used 373762K [0x0000000080000000, 0x0000000096d80000, 0x00000000d5580000)
  object space 374272K, 99% used [0x0000000080000000,0x0000000096d00850,0x0000000096d80000)
 Metaspace       used 76352K, committed 78016K, reserved 1179648K
  class space    used 8483K, committed 9216K, reserved 1048576K
}
Event: 137.037 GC heap before
{Heap before GC invocations=802 (full 3):
 PSYoungGen      total 8704K, used 8231K [0x00000000d5580000, 0x00000000d5f00000, 0x0000000100000000)
  eden space 7680K, 99% used [0x00000000d5580000,0x00000000d5cf5c38,0x00000000d5d00000)
  from space 1024K, 57% used [0x00000000d5e00000,0x00000000d5e94030,0x00000000d5f00000)
  to   space 1024K, 0% used [0x00000000d5d00000,0x00000000d5d00000,0x00000000d5e00000)
 ParOldGen       total 374272K, used 373762K [0x0000000080000000, 0x0000000096d80000, 0x00000000d5580000)
  object space 374272K, 99% used [0x0000000080000000,0x0000000096d00850,0x0000000096d80000)
 Metaspace       used 76372K, committed 78016K, reserved 1179648K
  class space    used 8484K, committed 9216K, reserved 1048576K
}
Event: 137.043 GC heap after
{Heap after GC invocations=802 (full 3):
 PSYoungGen      total 8704K, used 1013K [0x00000000d5580000, 0x00000000d6700000, 0x0000000100000000)
  eden space 7680K, 0% used [0x00000000d5580000,0x00000000d5580000,0x00000000d5d00000)
  from space 1024K, 99% used [0x00000000d5d00000,0x00000000d5dfd7b0,0x00000000d5e00000)
  to   space 5120K, 0% used [0x00000000d6200000,0x00000000d6200000,0x00000000d6700000)
 ParOldGen       total 377344K, used 377047K [0x0000000080000000, 0x0000000097080000, 0x00000000d5580000)
  object space 377344K, 99% used [0x0000000080000000,0x0000000097035c90,0x0000000097080000)
 Metaspace       used 76372K, committed 78016K, reserved 1179648K
  class space    used 8484K, committed 9216K, reserved 1048576K
}
Event: 137.457 GC heap before
{Heap before GC invocations=803 (full 3):
 PSYoungGen      total 8704K, used 8653K [0x00000000d5580000, 0x00000000d6700000, 0x0000000100000000)
  eden space 7680K, 99% used [0x00000000d5580000,0x00000000d5cf5cc0,0x00000000d5d00000)
  from space 1024K, 99% used [0x00000000d5d00000,0x00000000d5dfd7b0,0x00000000d5e00000)
  to   space 5120K, 0% used [0x00000000d6200000,0x00000000d6200000,0x00000000d6700000)
 ParOldGen       total 377344K, used 377047K [0x0000000080000000, 0x0000000097080000, 0x00000000d5580000)
  object space 377344K, 99% used [0x0000000080000000,0x0000000097035c90,0x0000000097080000)
 Metaspace       used 76373K, committed 78016K, reserved 1179648K
  class space    used 8484K, committed 9216K, reserved 1048576K
}
Event: 137.463 GC heap after
{Heap after GC invocations=803 (full 3):
 PSYoungGen      total 9728K, used 5111K [0x00000000d5580000, 0x00000000d6d00000, 0x0000000100000000)
  eden space 4608K, 0% used [0x00000000d5580000,0x00000000d5580000,0x00000000d5a00000)
  from space 5120K, 99% used [0x00000000d6200000,0x00000000d66fdde0,0x00000000d6700000)
  to   space 8192K, 0% used [0x00000000d5a00000,0x00000000d5a00000,0x00000000d6200000)
 ParOldGen       total 379392K, used 379021K [0x0000000080000000, 0x0000000097280000, 0x00000000d5580000)
  object space 379392K, 99% used [0x0000000080000000,0x0000000097223518,0x0000000097280000)
 Metaspace       used 76373K, committed 78016K, reserved 1179648K
  class space    used 8484K, committed 9216K, reserved 1048576K
}
Event: 137.553 GC heap before
{Heap before GC invocations=804 (full 3):
 PSYoungGen      total 9728K, used 8995K [0x00000000d5580000, 0x00000000d6d00000, 0x0000000100000000)
  eden space 4608K, 84% used [0x00000000d5580000,0x00000000d594b180,0x00000000d5a00000)
  from space 5120K, 99% used [0x00000000d6200000,0x00000000d66fdde0,0x00000000d6700000)
  to   space 8192K, 0% used [0x00000000d5a00000,0x00000000d5a00000,0x00000000d6200000)
 ParOldGen       total 379392K, used 379021K [0x0000000080000000, 0x0000000097280000, 0x00000000d5580000)
  object space 379392K, 99% used [0x0000000080000000,0x0000000097223518,0x0000000097280000)
 Metaspace       used 76373K, committed 78016K, reserved 1179648K
  class space    used 8484K, committed 9216K, reserved 1048576K
}
Event: 137.558 GC heap after
{Heap after GC invocations=804 (full 3):
 PSYoungGen      total 8192K, used 3288K [0x00000000d5580000, 0x00000000d6400000, 0x0000000100000000)
  eden space 4608K, 0% used [0x00000000d5580000,0x00000000d5580000,0x00000000d5a00000)
  from space 3584K, 91% used [0x00000000d5a00000,0x00000000d5d363c8,0x00000000d5d80000)
  to   space 5120K, 0% used [0x00000000d5f00000,0x00000000d5f00000,0x00000000d6400000)
 ParOldGen       total 384512K, used 384124K [0x0000000080000000, 0x0000000097780000, 0x00000000d5580000)
  object space 384512K, 99% used [0x0000000080000000,0x000000009771f3e8,0x0000000097780000)
 Metaspace       used 76373K, committed 78016K, reserved 1179648K
  class space    used 8484K, committed 9216K, reserved 1048576K
}
Event: 137.624 GC heap before
{Heap before GC invocations=805 (full 3):
 PSYoungGen      total 8192K, used 7896K [0x00000000d5580000, 0x00000000d6400000, 0x0000000100000000)
  eden space 4608K, 100% used [0x00000000d5580000,0x00000000d5a00000,0x00000000d5a00000)
  from space 3584K, 91% used [0x00000000d5a00000,0x00000000d5d363c8,0x00000000d5d80000)
  to   space 5120K, 0% used [0x00000000d5f00000,0x00000000d5f00000,0x00000000d6400000)
 ParOldGen       total 384512K, used 384124K [0x0000000080000000, 0x0000000097780000, 0x00000000d5580000)
  object space 384512K, 99% used [0x0000000080000000,0x000000009771f3e8,0x0000000097780000)
 Metaspace       used 76379K, committed 78016K, reserved 1179648K
  class space    used 8484K, committed 9216K, reserved 1048576K
}
Event: 137.629 GC heap after
{Heap after GC invocations=805 (full 3):
 PSYoungGen      total 8192K, used 3517K [0x00000000d5580000, 0x00000000d6280000, 0x0000000100000000)
  eden space 4608K, 0% used [0x00000000d5580000,0x00000000d5580000,0x00000000d5a00000)
  from space 3584K, 98% used [0x00000000d5f00000,0x00000000d626f620,0x00000000d6280000)
  to   space 4096K, 0% used [0x00000000d5a80000,0x00000000d5a80000,0x00000000d5e80000)
 ParOldGen       total 387584K, used 387226K [0x0000000080000000, 0x0000000097a80000, 0x00000000d5580000)
  object space 387584K, 99% used [0x0000000080000000,0x0000000097a26a00,0x0000000097a80000)
 Metaspace       used 76379K, committed 78016K, reserved 1179648K
  class space    used 8484K, committed 9216K, reserved 1048576K
}

Dll operation events (14 events):
Event: 0.020 Loaded shared library c:\Users\ADMIN\.vscode\extensions\redhat.java-1.45.0-win32-x64\jre\21.0.8-win32-x86_64\bin\java.dll
Event: 0.261 Loaded shared library c:\Users\ADMIN\.vscode\extensions\redhat.java-1.45.0-win32-x64\jre\21.0.8-win32-x86_64\bin\zip.dll
Event: 0.312 Loaded shared library C:\Users\ADMIN\.vscode\extensions\redhat.java-1.45.0-win32-x64\jre\21.0.8-win32-x86_64\bin\instrument.dll
Event: 0.327 Loaded shared library C:\Users\ADMIN\.vscode\extensions\redhat.java-1.45.0-win32-x64\jre\21.0.8-win32-x86_64\bin\net.dll
Event: 0.332 Loaded shared library C:\Users\ADMIN\.vscode\extensions\redhat.java-1.45.0-win32-x64\jre\21.0.8-win32-x86_64\bin\nio.dll
Event: 0.340 Loaded shared library C:\Users\ADMIN\.vscode\extensions\redhat.java-1.45.0-win32-x64\jre\21.0.8-win32-x86_64\bin\zip.dll
Event: 0.413 Loaded shared library C:\Users\ADMIN\.vscode\extensions\redhat.java-1.45.0-win32-x64\jre\21.0.8-win32-x86_64\bin\jimage.dll
Event: 0.822 Loaded shared library c:\Users\ADMIN\.vscode\extensions\redhat.java-1.45.0-win32-x64\jre\21.0.8-win32-x86_64\bin\verify.dll
Event: 10.840 Loaded shared library C:\Users\ADMIN\AppData\Roaming\Code\User\globalStorage\redhat.java\1.45.0\config_win\org.eclipse.equinox.launcher\org.eclipse.equinox.launcher.win32.win32.x86_64_1.2.1400.v20250801-0854\eclipse_11916.dll
Event: 49.645 Loaded shared library C:\Users\ADMIN\AppData\Local\Temp\jna-62130991\jna571134251041209347.dll
Event: 64.215 Loaded shared library C:\Users\ADMIN\.gradle\native\1def1411415f61bf3af743bc5b6707747c0891f09f0c88961ee8f79bc544acac\windows-amd64\native-platform.dll
Event: 66.929 Loaded shared library C:\Users\ADMIN\.vscode\extensions\redhat.java-1.45.0-win32-x64\jre\21.0.8-win32-x86_64\bin\management.dll
Event: 66.935 Loaded shared library C:\Users\ADMIN\.vscode\extensions\redhat.java-1.45.0-win32-x64\jre\21.0.8-win32-x86_64\bin\management_ext.dll
Event: 73.656 Loaded shared library C:\Users\ADMIN\.vscode\extensions\redhat.java-1.45.0-win32-x64\jre\21.0.8-win32-x86_64\bin\sunmscapi.dll

Deoptimization events (20 events):
Event: 133.456 Thread 0x000001879fff8890 Uncommon trap: trap_request=0xffffffd6 fr.pc=0x000001874a0e5bec relative=0x000000000000048c
Event: 133.456 Thread 0x000001879fff8890 Uncommon trap: reason=array_check action=maybe_recompile pc=0x000001874a0e5bec method=org.eclipse.jdt.internal.compiler.lookup.UnresolvedReferenceBinding.addWrapper(Lorg/eclipse/jdt/internal/compiler/lookup/HotSwappable;Lorg/eclipse/jdt/internal/compiler/
Event: 133.456 Thread 0x000001879fff8890 DEOPT PACKING pc=0x000001874a0e5bec sp=0x0000003d10afcf20
Event: 133.456 Thread 0x000001879fff8890 DEOPT UNPACKING pc=0x0000018749233aa2 sp=0x0000003d10afced0 mode 2
Event: 133.466 Thread 0x000001879fff8890 Uncommon trap: trap_request=0xffffff76 fr.pc=0x000001874a0a18d8 relative=0x0000000000001818
Event: 133.466 Thread 0x000001879fff8890 Uncommon trap: reason=predicate action=maybe_recompile pc=0x000001874a0a18d8 method=lombok.eclipse.Eclipse.nameEquals([[CLjava/lang/String;)Z @ 85 c2
Event: 133.466 Thread 0x000001879fff8890 DEOPT PACKING pc=0x000001874a0a18d8 sp=0x0000003d10afd270
Event: 133.466 Thread 0x000001879fff8890 DEOPT UNPACKING pc=0x0000018749233aa2 sp=0x0000003d10afd160 mode 2
Event: 137.619 Thread 0x00000187a05d0ac0 Uncommon trap: trap_request=0xffffffc6 fr.pc=0x000001874a104978 relative=0x0000000000000638
Event: 137.619 Thread 0x00000187a05d0ac0 Uncommon trap: reason=bimorphic_or_optimized_type_check action=maybe_recompile pc=0x000001874a104978 method=org.eclipse.jdt.internal.compiler.parser.Parser.consumeRule(I)V @ 5930 c2
Event: 137.619 Thread 0x00000187a05d0ac0 DEOPT PACKING pc=0x000001874a104978 sp=0x0000003d0fefe4b0
Event: 137.619 Thread 0x00000187a05d0ac0 DEOPT UNPACKING pc=0x0000018749233aa2 sp=0x0000003d0fefe440 mode 2
Event: 137.619 Thread 0x00000187a05d0ac0 Uncommon trap: trap_request=0xffffffc6 fr.pc=0x000001874a1049c0 relative=0x0000000000000680
Event: 137.619 Thread 0x00000187a05d0ac0 Uncommon trap: reason=bimorphic_or_optimized_type_check action=maybe_recompile pc=0x000001874a1049c0 method=org.eclipse.jdt.internal.compiler.parser.Parser.consumeRule(I)V @ 4918 c2
Event: 137.619 Thread 0x00000187a05d0ac0 DEOPT PACKING pc=0x000001874a1049c0 sp=0x0000003d0fefe4b0
Event: 137.619 Thread 0x00000187a05d0ac0 DEOPT UNPACKING pc=0x0000018749233aa2 sp=0x0000003d0fefe440 mode 2
Event: 137.621 Thread 0x00000187a05d0ac0 Uncommon trap: trap_request=0xffffffd6 fr.pc=0x000001874a0f0e90 relative=0x0000000000004db0
Event: 137.621 Thread 0x00000187a05d0ac0 Uncommon trap: reason=array_check action=maybe_recompile pc=0x000001874a0f0e90 method=org.eclipse.jdt.internal.compiler.lookup.UnresolvedReferenceBinding.addWrapper(Lorg/eclipse/jdt/internal/compiler/lookup/HotSwappable;Lorg/eclipse/jdt/internal/compiler/
Event: 137.621 Thread 0x00000187a05d0ac0 DEOPT PACKING pc=0x000001874a0f0e90 sp=0x0000003d0fefda30
Event: 137.621 Thread 0x00000187a05d0ac0 DEOPT UNPACKING pc=0x0000018749233aa2 sp=0x0000003d0fefd7a8 mode 2

Classes loaded (20 events):
Event: 74.216 Loading class sun/security/util/ArrayUtil
Event: 74.217 Loading class sun/security/util/ArrayUtil done
Event: 74.281 Loading class java/util/AbstractList$RandomAccessSubList
Event: 74.283 Loading class java/util/AbstractList$SubList
Event: 74.283 Loading class java/util/AbstractList$SubList done
Event: 74.283 Loading class java/util/AbstractList$RandomAccessSubList done
Event: 74.283 Loading class java/util/AbstractList$SubList$1
Event: 74.284 Loading class java/util/AbstractList$SubList$1 done
Event: 74.350 Loading class java/util/zip/CheckedInputStream
Event: 74.351 Loading class java/util/zip/CheckedInputStream done
Event: 74.550 Loading class java/util/zip/GZIPInputStream$1
Event: 74.550 Loading class java/util/zip/GZIPInputStream$1 done
Event: 86.353 Loading class java/util/stream/ReduceOps$4
Event: 86.355 Loading class java/util/stream/ReduceOps$4 done
Event: 86.355 Loading class java/util/stream/ReduceOps$4ReducingSink
Event: 86.355 Loading class java/util/stream/ReduceOps$4ReducingSink done
Event: 87.694 Loading class jdk/internal/ref/CleanerImpl$InnocuousThreadFactory
Event: 87.696 Loading class jdk/internal/ref/CleanerImpl$InnocuousThreadFactory done
Event: 93.062 Loading class java/nio/file/Files$2
Event: 93.063 Loading class java/nio/file/Files$2 done

Classes unloaded (16 events):
Event: 51.875 Thread 0x000001873eb7e7e0 Unloading class 0x00000187571aa800 'java/lang/invoke/LambdaForm$MH+0x00000187571aa800'
Event: 51.876 Thread 0x000001873eb7e7e0 Unloading class 0x00000187571aa400 'java/lang/invoke/LambdaForm$MH+0x00000187571aa400'
Event: 51.876 Thread 0x000001873eb7e7e0 Unloading class 0x00000187571aa000 'java/lang/invoke/LambdaForm$MH+0x00000187571aa000'
Event: 51.876 Thread 0x000001873eb7e7e0 Unloading class 0x00000187571a9c00 'java/lang/invoke/LambdaForm$MH+0x00000187571a9c00'
Event: 51.876 Thread 0x000001873eb7e7e0 Unloading class 0x00000187571a9800 'java/lang/invoke/LambdaForm$BMH+0x00000187571a9800'
Event: 51.876 Thread 0x000001873eb7e7e0 Unloading class 0x00000187571a9400 'java/lang/invoke/LambdaForm$DMH+0x00000187571a9400'
Event: 51.876 Thread 0x000001873eb7e7e0 Unloading class 0x00000187571a8000 'java/lang/invoke/LambdaForm$DMH+0x00000187571a8000'
Event: 54.800 Thread 0x000001873eb7e7e0 Unloading class 0x00000187572ff800 'java/lang/invoke/LambdaForm$DMH+0x00000187572ff800'
Event: 54.800 Thread 0x000001873eb7e7e0 Unloading class 0x00000187572f7400 'java/lang/invoke/LambdaForm$MH+0x00000187572f7400'
Event: 54.800 Thread 0x000001873eb7e7e0 Unloading class 0x00000187572f6c00 'java/lang/invoke/LambdaForm$MH+0x00000187572f6c00'
Event: 54.800 Thread 0x000001873eb7e7e0 Unloading class 0x00000187572f6400 'java/lang/invoke/LambdaForm$MH+0x00000187572f6400'
Event: 54.800 Thread 0x000001873eb7e7e0 Unloading class 0x00000187572f5c00 'java/lang/invoke/LambdaForm$MH+0x00000187572f5c00'
Event: 54.800 Thread 0x000001873eb7e7e0 Unloading class 0x00000187572f5400 'java/lang/invoke/LambdaForm$MH+0x00000187572f5400'
Event: 54.800 Thread 0x000001873eb7e7e0 Unloading class 0x00000187572f4c00 'java/lang/invoke/LambdaForm$MH+0x00000187572f4c00'
Event: 54.800 Thread 0x000001873eb7e7e0 Unloading class 0x00000187572f4800 'java/lang/invoke/LambdaForm$MH+0x00000187572f4800'
Event: 54.800 Thread 0x000001873eb7e7e0 Unloading class 0x00000187572ecc00 'java/lang/invoke/LambdaForm$DMH+0x00000187572ecc00'

Classes redefined (0 events):
No events

Internal exceptions (20 events):
Event: 116.881 Thread 0x00000187a05d17e0 Exception <a 'sun/nio/fs/WindowsException'{0x00000000d559d158}> (0x00000000d559d158) 
thrown [s\src\hotspot\share\prims\jni.cpp, line 520]
Event: 116.881 Thread 0x00000187a05d17e0 Exception <a 'sun/nio/fs/WindowsException'{0x00000000d559da38}> (0x00000000d559da38) 
thrown [s\src\hotspot\share\prims\jni.cpp, line 520]
Event: 117.298 Thread 0x00000187a05d17e0 Exception <a 'sun/nio/fs/WindowsException'{0x00000000d5a774a0}> (0x00000000d5a774a0) 
thrown [s\src\hotspot\share\prims\jni.cpp, line 520]
Event: 117.300 Thread 0x00000187a05d17e0 Exception <a 'sun/nio/fs/WindowsException'{0x00000000d5a77d80}> (0x00000000d5a77d80) 
thrown [s\src\hotspot\share\prims\jni.cpp, line 520]
Event: 118.135 Thread 0x00000187a05d17e0 Implicit null exception at 0x0000018749f2eec6 to 0x0000018749f2ef44
Event: 120.297 Thread 0x00000187a05d17e0 Exception <a 'sun/nio/fs/WindowsException'{0x00000000d5745038}> (0x00000000d5745038) 
thrown [s\src\hotspot\share\prims\jni.cpp, line 520]
Event: 120.298 Thread 0x00000187a05d17e0 Exception <a 'sun/nio/fs/WindowsException'{0x00000000d5a54b20}> (0x00000000d5a54b20) 
thrown [s\src\hotspot\share\prims\jni.cpp, line 520]
Event: 127.053 Thread 0x00000187a05d0ac0 Exception <a 'sun/nio/fs/WindowsException'{0x00000000d5a6c4f8}> (0x00000000d5a6c4f8) 
thrown [s\src\hotspot\share\prims\jni.cpp, line 520]
Event: 127.057 Thread 0x00000187a05d0ac0 Exception <a 'sun/nio/fs/WindowsException'{0x00000000d5a6cdd8}> (0x00000000d5a6cdd8) 
thrown [s\src\hotspot\share\prims\jni.cpp, line 520]
Event: 127.325 Thread 0x00000187a05d0ac0 Exception <a 'sun/nio/fs/WindowsException'{0x00000000d5904e70}> (0x00000000d5904e70) 
thrown [s\src\hotspot\share\prims\jni.cpp, line 520]
Event: 127.325 Thread 0x00000187a05d0ac0 Exception <a 'sun/nio/fs/WindowsException'{0x00000000d5905750}> (0x00000000d5905750) 
thrown [s\src\hotspot\share\prims\jni.cpp, line 520]
Event: 127.934 Thread 0x00000187a05d0ac0 Exception <a 'sun/nio/fs/WindowsException'{0x00000000d5b922a8}> (0x00000000d5b922a8) 
thrown [s\src\hotspot\share\prims\jni.cpp, line 520]
Event: 127.934 Thread 0x00000187a05d0ac0 Exception <a 'sun/nio/fs/WindowsException'{0x00000000d5b92b88}> (0x00000000d5b92b88) 
thrown [s\src\hotspot\share\prims\jni.cpp, line 520]
Event: 128.019 Thread 0x00000187a05d0ac0 Exception <a 'sun/nio/fs/WindowsException'{0x00000000d5b802e0}> (0x00000000d5b802e0) 
thrown [s\src\hotspot\share\prims\jni.cpp, line 520]
Event: 128.019 Thread 0x00000187a05d0ac0 Exception <a 'sun/nio/fs/WindowsException'{0x00000000d5b80bc0}> (0x00000000d5b80bc0) 
thrown [s\src\hotspot\share\prims\jni.cpp, line 520]
Event: 128.415 Thread 0x00000187a05d0ac0 Exception <a 'sun/nio/fs/WindowsException'{0x00000000d5818358}> (0x00000000d5818358) 
thrown [s\src\hotspot\share\prims\jni.cpp, line 520]
Event: 128.415 Thread 0x00000187a05d0ac0 Exception <a 'sun/nio/fs/WindowsException'{0x00000000d5818c38}> (0x00000000d5818c38) 
thrown [s\src\hotspot\share\prims\jni.cpp, line 520]
Event: 128.858 Thread 0x00000187a05d0ac0 Exception <a 'sun/nio/fs/WindowsException'{0x00000000d5aa6860}> (0x00000000d5aa6860) 
thrown [s\src\hotspot\share\prims\jni.cpp, line 520]
Event: 128.858 Thread 0x00000187a05d0ac0 Exception <a 'sun/nio/fs/WindowsException'{0x00000000d5aa7140}> (0x00000000d5aa7140) 
thrown [s\src\hotspot\share\prims\jni.cpp, line 520]
Event: 629.540 Thread 0x00000187a05cfda0 Exception <a 'java/lang/IncompatibleClassChangeError'{0x00000000d59331d8}: Found class java.lang.Object, but interface was expected> (0x00000000d59331d8) 
thrown [s\src\hotspot\share\interpreter\linkResolver.cpp, line 840]

ZGC Phase Switch (0 events):
No events

VM Operations (20 events):
Event: 841.766 Executing VM operation: RendezvousGCThreads
Event: 841.766 Executing VM operation: RendezvousGCThreads done
Event: 902.027 Executing VM operation: HandshakeAllThreads (HandshakeForDeflation)
Event: 902.028 Executing VM operation: HandshakeAllThreads (HandshakeForDeflation) done
Event: 902.028 Executing VM operation: RendezvousGCThreads
Event: 902.028 Executing VM operation: RendezvousGCThreads done
Event: 962.132 Executing VM operation: HandshakeAllThreads (HandshakeForDeflation)
Event: 962.132 Executing VM operation: HandshakeAllThreads (HandshakeForDeflation) done
Event: 962.132 Executing VM operation: RendezvousGCThreads
Event: 962.132 Executing VM operation: RendezvousGCThreads done
Event: 1142.457 Executing VM operation: HandshakeAllThreads (HandshakeForDeflation)
Event: 1142.460 Executing VM operation: HandshakeAllThreads (HandshakeForDeflation) done
Event: 1142.460 Executing VM operation: RendezvousGCThreads
Event: 1142.460 Executing VM operation: RendezvousGCThreads done
Event: 1255.595 Executing VM operation: Cleanup
Event: 1255.689 Executing VM operation: Cleanup done
Event: 1262.996 Executing VM operation: HandshakeAllThreads (HandshakeForDeflation)
Event: 1263.274 Executing VM operation: HandshakeAllThreads (HandshakeForDeflation) done
Event: 1263.275 Executing VM operation: RendezvousGCThreads
Event: 1263.276 Executing VM operation: RendezvousGCThreads done

Memory protections (0 events):
No events

Nmethod flushes (20 events):
Event: 69.977 Thread 0x000001873eb7e7e0 flushing  nmethod 0x000001874260a590
Event: 69.977 Thread 0x000001873eb7e7e0 flushing  nmethod 0x000001874260a910
Event: 69.977 Thread 0x000001873eb7e7e0 flushing  nmethod 0x000001874260ae90
Event: 69.977 Thread 0x000001873eb7e7e0 flushing  nmethod 0x000001874260b290
Event: 69.977 Thread 0x000001873eb7e7e0 flushing  nmethod 0x000001874260b810
Event: 69.977 Thread 0x000001873eb7e7e0 flushing  nmethod 0x000001874260c310
Event: 69.977 Thread 0x000001873eb7e7e0 flushing  nmethod 0x000001874261c390
Event: 69.977 Thread 0x000001873eb7e7e0 flushing  nmethod 0x000001874261c990
Event: 69.977 Thread 0x000001873eb7e7e0 flushing  nmethod 0x000001874261e310
Event: 69.977 Thread 0x000001873eb7e7e0 flushing  nmethod 0x000001874261f510
Event: 69.977 Thread 0x000001873eb7e7e0 flushing  nmethod 0x000001874261fc10
Event: 69.977 Thread 0x000001873eb7e7e0 flushing  nmethod 0x0000018742620110
Event: 69.977 Thread 0x000001873eb7e7e0 flushing  nmethod 0x0000018742621010
Event: 69.977 Thread 0x000001873eb7e7e0 flushing  nmethod 0x0000018742629710
Event: 69.977 Thread 0x000001873eb7e7e0 flushing  nmethod 0x0000018742629f10
Event: 69.977 Thread 0x000001873eb7e7e0 flushing  nmethod 0x0000018742668f10
Event: 69.977 Thread 0x000001873eb7e7e0 flushing  nmethod 0x000001874266a690
Event: 69.977 Thread 0x000001873eb7e7e0 flushing  nmethod 0x000001874266ac90
Event: 69.977 Thread 0x000001873eb7e7e0 flushing osr nmethod 0x0000018742672e10
Event: 69.977 Thread 0x000001873eb7e7e0 flushing  nmethod 0x0000018742699210

Events (20 events):
Event: 190.942 Thread 0x000001879fff6e50 Thread exited: 0x000001879fff6e50
Event: 200.069 Thread 0x00000187a05d0ac0 Thread exited: 0x00000187a05d0ac0
Event: 253.017 Thread 0x000001879d5c8c70 Thread exited: 0x000001879d5c8c70
Event: 253.018 Thread 0x000001879d5ca6b0 Thread exited: 0x000001879d5ca6b0
Event: 260.082 Thread 0x00000187a05d17e0 Thread exited: 0x00000187a05d17e0
Event: 310.817 Thread 0x000001879fff8890 Thread added: 0x00000187adeb2bf0
Event: 310.824 Thread 0x00000187adeb2bf0 Thread added: 0x00000187adeb3910
Event: 310.826 Thread 0x000001879fff8890 Thread added: 0x00000187adead010
Event: 375.025 Thread 0x00000187a05cd640 Thread exited: 0x00000187a05cd640
Event: 410.188 Thread 0x00000187adeb2bf0 Thread exited: 0x00000187adeb2bf0
Event: 410.194 Thread 0x000001879fff8890 Thread exited: 0x000001879fff8890
Event: 410.199 Thread 0x000001879d5c9990 Thread exited: 0x000001879d5c9990
Event: 435.045 Thread 0x00000187a05d1150 Thread exited: 0x00000187a05d1150
Event: 495.047 Thread 0x00000187a0f3d5e0 Thread exited: 0x00000187a0f3d5e0
Event: 555.051 Thread 0x00000187a05d2500 Thread exited: 0x00000187a05d2500
Event: 615.274 Thread 0x00000187a05ce9f0 Thread exited: 0x00000187a05ce9f0
Event: 675.078 Thread 0x000001879d5c7f50 Thread exited: 0x000001879d5c7f50
Event: 735.099 Thread 0x00000187a05d1e70 Thread exited: 0x00000187a05d1e70
Event: 795.092 Thread 0x00000187a05d4c60 Thread exited: 0x00000187a05d4c60
Event: 855.103 Thread 0x00000187a05d0430 Thread exited: 0x00000187a05d0430


Dynamic libraries:
0x00007ff62ec50000 - 0x00007ff62ec5e000 	c:\Users\ADMIN\.vscode\extensions\redhat.java-1.45.0-win32-x64\jre\21.0.8-win32-x86_64\bin\java.exe
0x00007fff4d290000 - 0x00007fff4d4a4000 	C:\Windows\SYSTEM32\ntdll.dll
0x00007fff4baa0000 - 0x00007fff4bb62000 	C:\Windows\System32\KERNEL32.DLL
0x00007fff4ad00000 - 0x00007fff4b09c000 	C:\Windows\System32\KERNELBASE.dll
0x00007fff4a6d0000 - 0x00007fff4a7e1000 	C:\Windows\System32\ucrtbase.dll
0x00007fff0b390000 - 0x00007fff0b3ae000 	c:\Users\ADMIN\.vscode\extensions\redhat.java-1.45.0-win32-x64\jre\21.0.8-win32-x86_64\bin\VCRUNTIME140.dll
0x00007fff0a220000 - 0x00007fff0a238000 	c:\Users\ADMIN\.vscode\extensions\redhat.java-1.45.0-win32-x64\jre\21.0.8-win32-x86_64\bin\jli.dll
0x00007fff4bb70000 - 0x00007fff4bd1b000 	C:\Windows\System32\USER32.dll
0x00007fff32e80000 - 0x00007fff3310e000 	C:\Windows\WinSxS\amd64_microsoft.windows.common-controls_6595b64144ccf1df_6.0.22621.317_none_a9434687c10c9fa2\COMCTL32.dll
0x00007fff4ac50000 - 0x00007fff4ac76000 	C:\Windows\System32\win32u.dll
0x00007fff4cd60000 - 0x00007fff4ce07000 	C:\Windows\System32\msvcrt.dll
0x00007fff4ce10000 - 0x00007fff4ce39000 	C:\Windows\System32\GDI32.dll
0x00007fff4a7f0000 - 0x00007fff4a902000 	C:\Windows\System32\gdi32full.dll
0x00007fff4aa80000 - 0x00007fff4ab1a000 	C:\Windows\System32\msvcp_win.dll
0x00007fff4b0a0000 - 0x00007fff4b0d1000 	C:\Windows\System32\IMM32.DLL
0x00007fff34790000 - 0x00007fff3479c000 	c:\Users\ADMIN\.vscode\extensions\redhat.java-1.45.0-win32-x64\jre\21.0.8-win32-x86_64\bin\vcruntime140_1.dll
0x00007ffefe360000 - 0x00007ffefe3ed000 	c:\Users\ADMIN\.vscode\extensions\redhat.java-1.45.0-win32-x64\jre\21.0.8-win32-x86_64\bin\msvcp140.dll
0x00007ffef20e0000 - 0x00007ffef2e77000 	c:\Users\ADMIN\.vscode\extensions\redhat.java-1.45.0-win32-x64\jre\21.0.8-win32-x86_64\bin\server\jvm.dll
0x00007fff4ccb0000 - 0x00007fff4cd5e000 	C:\Windows\System32\ADVAPI32.dll
0x00007fff4c4a0000 - 0x00007fff4c544000 	C:\Windows\System32\sechost.dll
0x00007fff4bd20000 - 0x00007fff4be35000 	C:\Windows\System32\RPCRT4.dll
0x00007fff4c9e0000 - 0x00007fff4ca51000 	C:\Windows\System32\WS2_32.dll
0x00007fff4a340000 - 0x00007fff4a38d000 	C:\Windows\SYSTEM32\POWRPROF.dll
0x00007fff42fc0000 - 0x00007fff42ff4000 	C:\Windows\SYSTEM32\WINMM.dll
0x00007fff43d70000 - 0x00007fff43d7a000 	C:\Windows\SYSTEM32\VERSION.dll
0x00007fff4a060000 - 0x00007fff4a073000 	C:\Windows\SYSTEM32\UMPDC.dll
0x00007fff49710000 - 0x00007fff49728000 	C:\Windows\SYSTEM32\kernel.appcore.dll
0x00007fff345a0000 - 0x00007fff345aa000 	c:\Users\ADMIN\.vscode\extensions\redhat.java-1.45.0-win32-x64\jre\21.0.8-win32-x86_64\bin\jimage.dll
0x00007fff3c1d0000 - 0x00007fff3c3fe000 	C:\Windows\SYSTEM32\DBGHELP.DLL
0x00007fff4ceb0000 - 0x00007fff4d239000 	C:\Windows\System32\combase.dll
0x00007fff4be40000 - 0x00007fff4bf17000 	C:\Windows\System32\OLEAUT32.dll
0x00007fff32c00000 - 0x00007fff32c32000 	C:\Windows\SYSTEM32\dbgcore.DLL
0x00007fff4ac80000 - 0x00007fff4acfb000 	C:\Windows\System32\bcryptPrimitives.dll
0x00007fff34810000 - 0x00007fff3481f000 	c:\Users\ADMIN\.vscode\extensions\redhat.java-1.45.0-win32-x64\jre\21.0.8-win32-x86_64\bin\instrument.dll
0x00007fff16410000 - 0x00007fff1642f000 	c:\Users\ADMIN\.vscode\extensions\redhat.java-1.45.0-win32-x64\jre\21.0.8-win32-x86_64\bin\java.dll
0x00007fff4b210000 - 0x00007fff4b9eb000 	C:\Windows\System32\SHELL32.dll
0x00007fff486e0000 - 0x00007fff48f95000 	C:\Windows\SYSTEM32\windows.storage.dll
0x00007fff485a0000 - 0x00007fff486dd000 	C:\Windows\SYSTEM32\wintypes.dll
0x00007fff4c550000 - 0x00007fff4c641000 	C:\Windows\System32\SHCORE.dll
0x00007fff4c440000 - 0x00007fff4c49e000 	C:\Windows\System32\shlwapi.dll
0x00007fff4a600000 - 0x00007fff4a621000 	C:\Windows\SYSTEM32\profapi.dll
0x00007fff108b0000 - 0x00007fff108c8000 	c:\Users\ADMIN\.vscode\extensions\redhat.java-1.45.0-win32-x64\jre\21.0.8-win32-x86_64\bin\zip.dll
0x00007fff344b0000 - 0x00007fff344c0000 	C:\Users\ADMIN\.vscode\extensions\redhat.java-1.45.0-win32-x64\jre\21.0.8-win32-x86_64\bin\net.dll
0x00007fff43a70000 - 0x00007fff43b9f000 	C:\Windows\SYSTEM32\WINHTTP.dll
0x00007fff49b60000 - 0x00007fff49bc9000 	C:\Windows\system32\mswsock.dll
0x00007fff0aad0000 - 0x00007fff0aae6000 	C:\Users\ADMIN\.vscode\extensions\redhat.java-1.45.0-win32-x64\jre\21.0.8-win32-x86_64\bin\nio.dll
0x00007fff34800000 - 0x00007fff34810000 	c:\Users\ADMIN\.vscode\extensions\redhat.java-1.45.0-win32-x64\jre\21.0.8-win32-x86_64\bin\verify.dll
0x00007fff075a0000 - 0x00007fff075e4000 	C:\Users\ADMIN\AppData\Roaming\Code\User\globalStorage\redhat.java\1.45.0\config_win\org.eclipse.equinox.launcher\org.eclipse.equinox.launcher.win32.win32.x86_64_1.2.1400.v20250801-0854\eclipse_11916.dll
0x00007fff4c840000 - 0x00007fff4c9dc000 	C:\Windows\System32\ole32.dll
0x00007fff49e70000 - 0x00007fff49e8b000 	C:\Windows\SYSTEM32\CRYPTSP.dll
0x00007fff49680000 - 0x00007fff496b5000 	C:\Windows\system32\rsaenh.dll
0x00007fff49c00000 - 0x00007fff49c28000 	C:\Windows\SYSTEM32\USERENV.dll
0x00007fff4a030000 - 0x00007fff4a058000 	C:\Windows\SYSTEM32\bcrypt.dll
0x00007fff49e50000 - 0x00007fff49e5c000 	C:\Windows\SYSTEM32\CRYPTBASE.dll
0x00007fff491e0000 - 0x00007fff4920d000 	C:\Windows\SYSTEM32\IPHLPAPI.DLL
0x00007fff4bfa0000 - 0x00007fff4bfa9000 	C:\Windows\System32\NSI.dll
0x00007ffefe490000 - 0x00007ffefe4d9000 	C:\Users\ADMIN\AppData\Local\Temp\jna-62130991\jna571134251041209347.dll
0x00007fff4b200000 - 0x00007fff4b208000 	C:\Windows\System32\PSAPI.DLL
0x00007fff43d80000 - 0x00007fff43d99000 	C:\Windows\SYSTEM32\dhcpcsvc6.DLL
0x00007fff432f0000 - 0x00007fff4330f000 	C:\Windows\SYSTEM32\dhcpcsvc.DLL
0x00007fff1b920000 - 0x00007fff1b947000 	C:\Users\ADMIN\.gradle\native\1def1411415f61bf3af743bc5b6707747c0891f09f0c88961ee8f79bc544acac\windows-amd64\native-platform.dll
0x00007fff347f0000 - 0x00007fff347fa000 	C:\Users\ADMIN\.vscode\extensions\redhat.java-1.45.0-win32-x64\jre\21.0.8-win32-x86_64\bin\management.dll
0x00007fff347e0000 - 0x00007fff347eb000 	C:\Users\ADMIN\.vscode\extensions\redhat.java-1.45.0-win32-x64\jre\21.0.8-win32-x86_64\bin\management_ext.dll
0x00007fff347d0000 - 0x00007fff347de000 	C:\Users\ADMIN\.vscode\extensions\redhat.java-1.45.0-win32-x64\jre\21.0.8-win32-x86_64\bin\sunmscapi.dll
0x00007fff4a910000 - 0x00007fff4aa76000 	C:\Windows\System32\CRYPT32.dll
0x00007fff49ff0000 - 0x00007fff4a01d000 	C:\Windows\SYSTEM32\ncrypt.dll
0x00007fff49fa0000 - 0x00007fff49fd7000 	C:\Windows\SYSTEM32\NTASN1.dll

JVMTI agents:
c:\Users\ADMIN\.vscode\extensions\redhat.java-1.45.0-win32-x64\lombok\lombok-1.18.39-4050.jar path:c:\Users\ADMIN\.vscode\extensions\redhat.java-1.45.0-win32-x64\jre\21.0.8-win32-x86_64\bin\instrument.dll, loaded, initialized, instrumentlib options:none

dbghelp: loaded successfully - version: 4.0.5 - missing functions: none
symbol engine: initialized successfully - sym options: 0x614 - pdb path: .;c:\Users\ADMIN\.vscode\extensions\redhat.java-1.45.0-win32-x64\jre\21.0.8-win32-x86_64\bin;C:\Windows\SYSTEM32;C:\Windows\WinSxS\amd64_microsoft.windows.common-controls_6595b64144ccf1df_6.0.22621.317_none_a9434687c10c9fa2;c:\Users\ADMIN\.vscode\extensions\redhat.java-1.45.0-win32-x64\jre\21.0.8-win32-x86_64\bin\server;C:\Users\ADMIN\AppData\Roaming\Code\User\globalStorage\redhat.java\1.45.0\config_win\org.eclipse.equinox.launcher\org.eclipse.equinox.launcher.win32.win32.x86_64_1.2.1400.v20250801-0854;C:\Users\ADMIN\AppData\Local\Temp\jna-62130991;C:\Users\ADMIN\.gradle\native\1def1411415f61bf3af743bc5b6707747c0891f09f0c88961ee8f79bc544acac\windows-amd64

VM Arguments:
jvm_args: --add-modules=ALL-SYSTEM --add-opens=java.base/java.util=ALL-UNNAMED --add-opens=java.base/java.lang=ALL-UNNAMED --add-opens=java.base/sun.nio.fs=ALL-UNNAMED -Declipse.application=org.eclipse.jdt.ls.core.id1 -Dosgi.bundles.defaultStartLevel=4 -Declipse.product=org.eclipse.jdt.ls.core.product -Djava.import.generatesMetadataFilesAtProjectRoot=false -DDetectVMInstallationsJob.disabled=true -Dfile.encoding=utf8 -XX:+UseParallelGC -XX:GCTimeRatio=4 -XX:AdaptiveSizePolicyWeight=90 -Dsun.zip.disableMemoryMapping=true -Xmx2G -Xms100m -Xlog:disable -javaagent:c:\Users\ADMIN\.vscode\extensions\redhat.java-1.45.0-win32-x64\lombok\lombok-1.18.39-4050.jar -XX:+HeapDumpOnOutOfMemoryError -XX:HeapDumpPath=c:\Users\ADMIN\AppData\Roaming\Code\User\workspaceStorage\5b60343a8681c96c8985cc75f6cf486d\redhat.java -Daether.dependencyCollector.impl=bf 
java_command: c:\Users\ADMIN\.vscode\extensions\redhat.java-1.45.0-win32-x64\server\plugins\org.eclipse.equinox.launcher_1.7.0.v20250519-0528.jar -configuration c:\Users\ADMIN\AppData\Roaming\Code\User\globalStorage\redhat.java\1.45.0\config_win -data c:\Users\ADMIN\AppData\Roaming\Code\User\workspaceStorage\5b60343a8681c96c8985cc75f6cf486d\redhat.java\jdt_ws --pipe=\\.\pipe\lsp-5c955f391232367c339c9c6ed80f4871-sock
java_class_path (initial): c:\Users\ADMIN\.vscode\extensions\redhat.java-1.45.0-win32-x64\server\plugins\org.eclipse.equinox.launcher_1.7.0.v20250519-0528.jar
Launcher Type: SUN_STANDARD

[Global flags]
    uintx AdaptiveSizePolicyWeight                 = 90                                        {product} {command line}
     intx CICompilerCount                          = 4                                         {product} {ergonomic}
    uintx GCTimeRatio                              = 4                                         {product} {command line}
     bool HeapDumpOnOutOfMemoryError               = true                                   {manageable} {command line}
    ccstr HeapDumpPath                             = c:\Users\ADMIN\AppData\Roaming\Code\User\workspaceStorage\5b60343a8681c96c8985cc75f6cf486d\redhat.java         {manageable} {command line}
   size_t InitialHeapSize                          = 104857600                                 {product} {command line}
   size_t MaxHeapSize                              = 2147483648                                {product} {command line}
   size_t MaxNewSize                               = 715653120                                 {product} {ergonomic}
   size_t MinHeapDeltaBytes                        = 524288                                    {product} {ergonomic}
   size_t MinHeapSize                              = 104857600                                 {product} {command line}
   size_t NewSize                                  = 34603008                                  {product} {ergonomic}
    uintx NonNMethodCodeHeapSize                   = 5839372                                {pd product} {ergonomic}
    uintx NonProfiledCodeHeapSize                  = 122909434                              {pd product} {ergonomic}
   size_t OldSize                                  = 70254592                                  {product} {ergonomic}
    uintx ProfiledCodeHeapSize                     = 122909434                              {pd product} {ergonomic}
    uintx ReservedCodeCacheSize                    = 251658240                              {pd product} {ergonomic}
     bool SegmentedCodeCache                       = true                                      {product} {ergonomic}
   size_t SoftMaxHeapSize                          = 2147483648                             {manageable} {ergonomic}
     bool UseCompressedOops                        = true                           {product lp64_product} {ergonomic}
     bool UseLargePagesIndividualAllocation        = false                                  {pd product} {ergonomic}
     bool UseParallelGC                            = true                                      {product} {command line}

Logging:
Log output configuration:
 #0: stdout all=off uptime,level,tags foldmultilines=false
 #1: stderr all=off uptime,level,tags foldmultilines=false

Environment Variables:
JAVA_HOME=C:\Program Files\Java\jdk-21
PATH=C:\Program Files\Common Files\Oracle\Java\javapath;C:\Program Files (x86)\Common Files\Oracle\Java\javapath;C:\Program Files\Java\jdk-21\bin;C:\Windows\system32;C:\Windows;C:\Windows\System32\Wbem;C:\Windows\System32\WindowsPowerShell\v1.0\;C:\Windows\System32\OpenSSH\;C:\Program Files\Git\cmd;C:\Program Files\Docker\Docker\resources\bin;C:\Users\ADMIN\AppData\Roaming\nvm;C:\Program Files\nodejs;C:\Program Files\Java\jdk1.8.0_211\bin;C:\Program Files\k6\;C:\Program Files\PowerShell\7\;C:\Users\ADMIN\AppData\Local\Programs\Python\Python313\Scripts\;C:\Users\ADMIN\AppData\Local\Programs\Python\Python313\;C:\Users\ADMIN\AppData\Local\Programs\Python\Launcher\;C:\Program Files\MySQL\MySQL Shell 8.0\bin\;C:\Users\ADMIN\AppData\Local\Microsoft\WindowsApps;C:\Users\ADMIN\AppData\Roaming\npm;C:\Users\ADMIN\AppData\Roaming\nvm;C:\Program Files\nodejs;C:\Program Files\Java\jdk1.8.0_211\bin;C:\Users\ADMIN\AppData\Local\Coursier\data\bin;C:\hadoop-2.6.0\bin;C:\hadoop-2.6.0\sbin;C:\Users\ADMIN\AppData\Local\Programs\cursor\resources\app\bin;C:\Users\ADMIN\AppData\Local\Programs\Microsoft VS Code\bin
USERNAME=ADMIN
OS=Windows_NT
PROCESSOR_IDENTIFIER=AMD64 Family 23 Model 104 Stepping 1, AuthenticAMD
TMP=C:\Users\ADMIN\AppData\Local\Temp
TEMP=C:\Users\ADMIN\AppData\Local\Temp




Periodic native trim disabled

---------------  S Y S T E M  ---------------

OS:
 Windows 11 , 64 bit Build 22621 (10.0.22621.457)
OS uptime: 0 days 3:57 hours
Hyper-V role detected

CPU: total 12 (initial active 12) (12 cores per cpu, 2 threads per core) family 23 model 104 stepping 1 microcode 0x0, cx8, cmov, fxsr, ht, mmx, 3dnowpref, sse, sse2, sse3, ssse3, sse4a, sse4.1, sse4.2, popcnt, lzcnt, tsc, tscinvbit, avx, avx2, aes, clmul, bmi1, bmi2, adx, sha, fma, vzeroupper, clflush, clflushopt, hv, rdtscp, rdpid, f16c
Processor Information for the first 12 processors :
  Max Mhz: 2100, Current Mhz: 2100, Mhz Limit: 2100

Memory: 4k page, system-wide physical 7528M (56M free)
TotalPageFile size 25146M (AvailPageFile size 77M)
current process WorkingSet (physical memory assigned to process): 5M, peak: 545M
current process commit charge ("private bytes"): 752M, peak: 760M

vm_info: OpenJDK 64-Bit Server VM (21.0.8+9-LTS) for windows-amd64 JRE (21.0.8+9-LTS), built on 2025-07-15T00:00:00Z by "admin" with MS VC++ 17.7 (VS2022)

END.
